00:07 [AEU | 10: Conquest Status] An AEU pilot corps liaison transmits, "Come on, we can reach our performance goals if we try!"

00:17 [Tactical Communication] Morris Corlew transmits, "Ok. Need one warm body for morninstar beacons."

00:30 Shine the big white glowing felo wanders in from the north.

00:34 Shine the big white glowing felo bats at a small red ball containing a realistic Bari horde noisemaker.

00:46 Shine the big white glowing felo wanders out.

01:07 [AEU | 10: Conquest Status] An AEU pilot corps liaison transmits, "I see some activity underway, but no performance goals reached yet! Let's keep going!"

01:23 Lily Kaise, Phoenix Dissident kisses you.

01:23 Lily Kaise, Phoenix Dissident snuggles up to your shoulder.

01:23 Lily Kaise, Phoenix Dissident frowns at a metallic gold touch einrophone.

01:24 Lily Kaise, Phoenix Dissident navigates her metallic gold touch einrophone to a news application.

01:24 Lily Kaise, Phoenix Dissident returns her metallic gold touch einrophone to the main screen.

02:08 [Tactical Communication] Erik Goodwin transmits, "Missions, anyone?"

02:08 [Tactical Communication] Kert On'Marr transmits, "Me."

02:09 [AEU | 10: Conquest Status] An AEU pilot corps liaison transmits, "Looks like we've got some things going, but we haven't met any performance goals yet!"

02:09 [Tactical Communication] Erik Goodwin transmits, "How about at least two more."

02:26 A metallic gold touch einrophone beeps quietly for attention, indicating a new post in General/Trading.

02:26 A metallic silver metachannel FTL communicator chimes softly as it receives a new notice.

02:52 You kiss Lily Kaise, Phoenix Dissident.

02:52 **

02:52  Welcome back to Star Conquest!
**
 Consider voting for Star Conquest at MUD listing sites! Votes help keep new players coming to the game!
 The Mud Connector: http://www.mudconnect.com/mud-bin/vote_rank.cgi?mud=Star+Conquest
 Top Mud Sites:     http://www.topmudsites.com/vote-sc.html
**
 TIP: Is someone you just met asking for your Skype or Twitter information? Just say "No thanks!" Roleplaying can't occur outside of the game!
**

02:52 You glance at your communicator's screen.

02:52 There is one board post.
There are four headlines.

02:52 Lily Kaise, Phoenix Dissident kisses you.

02:53 Your number: 0010-18113

02:53 What would you like to do with your metallic gold touch einrophone?

[1] Dial
[2] Manage Contacts (21/32)
[3] Register on Directory
[4] View Missed Calls (0)
[5] Listen to Voicemail (2)
[6] Set Voicemail Greeting
[7] Read Message Boards
[8] Clear Unread Message Board Posts
[9] Newsreader
[10] Space Station Reference
[11] Space Market
[12] Activate Holovid
[13] Silence
[14] Nothing

Enter your selection:

02:53 You navigate your metallic gold touch einrophone to a news application.

02:53 =================================================
Affiliated Interalliance Press Services Newsfeeds
=================================================
[1] Unread
[2] Recent
[3] Interalliance
[4] AEU
[5] EAOS
[6] Fringe
[7] League
[8] Mutuality
[9] Economy
[10] Sports
[11] Entertainment
[12] Tabloid
[13] Exit

Enter your selection:

02:53 ==============================

02:53 Recent Interalliance Headlines
==============================
* Confederation of Fringe Worlds Send Replacement Ambassadorial Team to Old Earth in Order to Reaffirm Relations [ 7 January 2318] (ISN)

====================
Recent AEU Headlines
====================
* National Patriots Ask Confederation: Does Even Half the Military Follow New Junta Yet? [ 7 January 2318] (NEN)
* Union Forces Follow Alliance Ideals Not Idols, States NAPA Spokesman [ 7 January 2318] (VET)

=======================
Recent Fringe Headlines
=======================
* Statement Released from Battle Barge: Confederation's Goal is Stability by Strengthening all Humanity, Not Making it Weaker [ 6 January 2318] (CPC)
* Battle Barge Responds to Union: If Confederation Needs Untested Flitter Pilots, We Know Where To Go [ 7 January 2318] (CPC)

Return to the category menu? [Enter `yes' or `no']

02:53 Lily Kaise, Phoenix Dissident wraps her arms around you, pulling you close.

02:53 You return your metallic gold touch einrophone to the main screen.

02:53 You wrap your arms around Lily Kaise, Phoenix Dissident, pulling her close.

02:53 You say to Lily, "Hi love."

02:53 Lily says to you, "Hi love!"

03:07 A hairy yellow eight-legged ArachnoPal named Higgins skitters into the area.

03:10 [AEU | 10: Conquest Status] An AEU pilot corps liaison transmits, "I see some activity underway, but no performance goals reached yet! Let's keep going!"

03:13 A hairy yellow eight-legged ArachnoPal named Higgins wiggles his hairy palps endearingly.

03:23 A hairy yellow eight-legged ArachnoPal named Higgins skitters out.

03:23 Lily Kaise, Phoenix Dissident cuddles up to you.

03:25 You cuddle up to Lily Kaise, Phoenix Dissident.

03:25 Lily Kaise, Phoenix Dissident cuddles up to you.

03:25 You gently caress Lily Kaise, Phoenix Dissident's back and waist.

03:25 [Starship "William Dove"; Living Quarters One]

03:25 This is a small room designed to give crew members a place to sleep while on long journeys, and it isn't large enough to do much else. A long counter is bolted to the wall opposite the entryway, and two narrow bunks have been bolted to the two remaining walls. A small keypad is next to the door, controlling a simple lock. The status lights overhead are currently not receiving power. Looking through the windows, you see that the ship is in a garage.
You see a dusky pink rattan cabinet, a small red ball containing a realistic Bari horde noisemaker, a glossy pale purple ceramic felo chow bowl, a large oval dark purple and light purple cloth rug, a small oval turquoise rattan table with a glass top, a white four poster rattan bed with a heart-shaped headboard and filmy deep purple hangings with a soft periwinkle cashmere blanket, a set of lavender silk sheets, a large periwinkle bed pillow, a hand-made purple and amethyst flower quilt, and a large periwinkle bed pillow on it, and a black plastic tray of spider chow here.
Lily Kaise, Phoenix Dissident is lying on a white four poster rattan bed.
You can go out.
(You are lying on a white four poster rattan bed with a heart-shaped headboard and filmy deep purple hangings with a soft periwinkle cashmere blanket, a set of lavender silk sheets, a large periwinkle bed pillow, a hand-made purple and amethyst flower quilt, and a large periwinkle bed pillow on it.)

03:25 Lily gently rubs your back and strokes your hair.

03:25 You smile at Lily Kaise, Phoenix Dissident.

03:26 Lily Kaise, Phoenix Dissident tunes a neon purple metachannel FTL communicator.

03:26 Lily Kaise, Phoenix Dissident navigates her metallic gold touch einrophone to a market application and peers at the screen.

03:26 [Notification from Space Explorers Amidst The Stars] Lily Kaise, Phoenix Dissident has automatically contributed 15,762,238.06 AEU credits.

03:27 Lily Kaise, Phoenix Dissident says, "Oh."

03:27 Lily Kaise, Phoenix Dissident exclaims, "I sold an egg!"

03:27 Lily Kaise, Phoenix Dissident laughs.

03:27 Lily Kaise, Phoenix Dissident says, "So leme test the waters."

03:27 Lily Kaise, Phoenix Dissident stands up from a white four poster rattan bed with a heart-shaped headboard and filmy deep purple hangings with a soft periwinkle cashmere blanket, a set of lavender silk sheets, a large periwinkle bed pillow, a hand-made purple and amethyst flower quilt, and a large periwinkle bed pillow on it.

03:27 Lily Kaise, Phoenix Dissident kisses you.

03:27 Lily Kaise, Phoenix Dissident removes a small suitcase from a lavender silk backpack embroidered with brightly hued butterflies.

03:27 Lily Kaise, Phoenix Dissident removes a light purple shipsuit with purple trim around the collar and cuffs from a small suitcase.

03:27 Lily Kaise, Phoenix Dissident steps into a light purple shipsuit with purple trim around the collar and cuffs and pulls it over her arms.

03:27 You smile at Lily Kaise, Phoenix Dissident.

03:27 Lily Kaise, Phoenix Dissident removes a pair of shiny buttercup yellow patent leather clogs from a small suitcase.

03:27 Lily Kaise, Phoenix Dissident tugs a pair of shiny buttercup yellow patent leather clogs onto her feet.

03:27 Lily Kaise, Phoenix Dissident says, "Be right back."

03:28 Lily Kaise, Phoenix Dissident glides out.

03:28 You nod.

03:28 I don't see "lily" here.

03:31 Lily Kaise, Phoenix Dissident glides in from the north.

03:31 Lily Kaise, Phoenix Dissident removes a small suitcase from a lavender silk backpack embroidered with brightly hued butterflies.

03:31 Lily Kaise, Phoenix Dissident removes all of her clothing, placing it carefully in a small suitcase.

03:31 Lily Kaise, Phoenix Dissident puts a small suitcase in a lavender silk backpack embroidered with brightly hued butterflies.

03:31 Lily Kaise, Phoenix Dissident lies down on a white four poster rattan bed with a heart-shaped headboard and filmy deep purple hangings with a soft periwinkle cashmere blanket, a set of lavender silk sheets, a large periwinkle bed pillow, a hand-made purple and amethyst flower quilt, and a large periwinkle bed pillow on it.

03:31 Lily Kaise, Phoenix Dissident kisses you.

03:32 You kiss Lily Kaise, Phoenix Dissident.

03:32 You kiss Lily Kaise, Phoenix Dissident on the lips.

04:13 [AEU | 10: Conquest Status] An AEU pilot corps liaison transmits, "Looks like we've got some things going, but we haven't met any performance goals yet!"

04:13 Lily Kaise, Phoenix Dissident navigates her metallic gold touch einrophone to a market application and peers at the screen.

04:13 Lily Kaise, Phoenix Dissident makes a selection on her space market interface.

04:13 Lily Kaise, Phoenix Dissident says, "Woo."

04:14 Lily Kaise, Phoenix Dissident navigates her metallic gold touch einrophone to a market application and peers at the screen.

04:14 Lily Kaise, Phoenix Dissident navigates her metallic gold touch einrophone to a market application and peers at the screen.

04:18 Shine the big white glowing felo wanders in from the north.

04:20 You smile at Lily Kaise, Phoenix Dissident.

04:26 Shine the big white glowing felo wanders out.

04:29 Lily Kaise, Phoenix Dissident cuddles up to you.

04:39 You cuddle up to Lily Kaise, Phoenix Dissident.

04:40 Lily Kaise, Phoenix Dissident tunes a neon purple metachannel FTL communicator.

04:40 You say to Lily, "I love you."

04:43 Lily says to you, "I love you too. Rest well and sweet dreams."

04:43 Lily Kaise, Phoenix Dissident kisses you on the lips.

04:44 You say to Lily, "Night. Rest well and sweet dreams."

04:44 You kiss Lily Kaise, Phoenix Dissident on the lips.

04:44 Lily says to you, "Nite Love!"

04:44 Lily Kaise, Phoenix Dissident cuddles up to you.

04:45 You cuddle up to Lily Kaise, Phoenix Dissident.

04:45 You say to Lily, "Night love."

04:45 Lily Kaise, Phoenix Dissident squeezes you affectionately.

04:45 Lily Kaise, Phoenix Dissident kisses you on the lips.

04:46 Shine the big white glowing felo wanders in from the north.

04:46 Lily Kaise, Phoenix Dissident strokes the soft fur of Shine the big white glowing felo.

04:46 Shine the big white glowing felo purrs and rubs its head against Lily's hand, looking up at her adoringly.

04:46 You squeeze Lily Kaise, Phoenix Dissident affectionately.

04:46 You kiss Lily Kaise, Phoenix Dissident on the lips.

04:46 Lily Kaise, Phoenix Dissident squeezes you affectionately.

05:06 Shine the big white glowing felo wanders out.

05:15 [AEU | 10: Conquest Status] An AEU pilot corps liaison transmits, "Come on, we can reach our performance goals if we try!"

05:41 [Tactical Communication] Michael Kennedy transmits, "1 for a nest?"

05:41 [Tactical Communication] Tanny Hill transmits, "Let this cadet beat me at Horrible People first then I'll consider it."

06:17 [AEU | 10: Conquest Status] An AEU pilot corps liaison transmits, "Looks like we've got some things going, but we haven't met any performance goals yet!"

07:18 [AEU | 10: Conquest Status] An AEU pilot corps liaison transmits, "I see some activity underway, but no performance goals reached yet! Let's keep going!"

07:58 Mischief the old large black felo hums melodically to itself as it wanders in from the north.

08:02 Mischief the old large black felo hums melodically to itself as it wanders out.

08:18 [AEU | 10: Conquest Status] An AEU pilot corps liaison transmits, "I see some activity underway, but no performance goals reached yet! Let's keep going!"

09:21 [AEU | 10: Conquest Status] An AEU pilot corps liaison transmits, "I see some activity underway, but no performance goals reached yet! Let's keep going!"

09:34 Mischief the old large black felo hums melodically to itself as it wanders in from the north.

09:42 Mischief the old large black felo hums melodically to itself as it wanders out.

10:21 [AEU | 10: Conquest Status] An AEU pilot corps liaison transmits, "Come on, we can reach our performance goals if we try!"

11:22 [AEU | 10: Conquest Status] An AEU pilot corps liaison transmits, "Looks like we've got some things going, but we haven't met any performance goals yet!"

11:57 Lily Kaise, Phoenix Dissident navigates her metallic gold touch einrophone to a market application and peers at the screen.

12:01 Lily Kaise, Phoenix Dissident stands up from a white four poster rattan bed with a heart-shaped headboard and filmy deep purple hangings with a soft periwinkle cashmere blanket, a set of lavender silk sheets, a large periwinkle bed pillow, a hand-made purple and amethyst flower quilt, and a large periwinkle bed pillow on it.

12:01 Lily Kaise, Phoenix Dissident glides out.

12:16 Lily Kaise, Phoenix Dissident glides in from the north.

12:16 Lily Kaise, Phoenix Dissident kisses you.

12:16 Lily Kaise, Phoenix Dissident sits down on a white four poster rattan bed with a heart-shaped headboard and filmy deep purple hangings with a soft periwinkle cashmere blanket, a set of lavender silk sheets, a large periwinkle bed pillow, a hand-made purple and amethyst flower quilt, and a large periwinkle bed pillow on it.

12:16 Lily Kaise, Phoenix Dissident wraps her arms around you, pulling you close.

12:16 Lily Kaise, Phoenix Dissident stands up from a white four poster rattan bed with a heart-shaped headboard and filmy deep purple hangings with a soft periwinkle cashmere blanket, a set of lavender silk sheets, a large periwinkle bed pillow, a hand-made purple and amethyst flower quilt, and a large periwinkle bed pillow on it.

12:16 Lily Kaise, Phoenix Dissident glides out.

12:23 [AEU | 10: Conquest Status] An AEU pilot corps liaison transmits, "Looks like we've got some things going, but we haven't met any performance goals yet!"

13:24 [AEU | 10: Conquest Status] An AEU pilot corps liaison transmits, "Come on, we can reach our performance goals if we try!"

14:04 Your metallic gold touch einrophone trills quietly, indicating a new story has been posted under "Interalliance."

14:04 A metallic silver metachannel FTL communicator dings politely as it receives a new notice.

14:24 [AEU | 10: Conquest Status] An AEU pilot corps liaison transmits, "Looks like we've got some things going, but we haven't met any performance goals yet!"

14:40 [Notification from Space Explorers Amidst The Stars] The organization has received 1,341,745.33 EAOS credits from a toll payment to League Rift Accelerating Battery-Powered Toll Station in Home Beacon Alpha 270.

15:24 [AEU | 10: Conquest Status] An AEU pilot corps liaison transmits, "Looks like we've got some things going, but we haven't met any performance goals yet!"

16:24 [AEU | 10: Conquest Status] An AEU pilot corps liaison transmits, "Come on, we can reach our performance goals if we try!"

16:41 [AEU | 10: Conquest Status] An AEU pilot corps liaison transmits, "Come on, we can reach our performance goals if we try!"
