00:33 A hairy yellow eight-legged ArachnoPal named Higgins skitters into the area.

00:35 A hairy yellow eight-legged ArachnoPal named Higgins spins webbing, gathering it into a ball with his back feet, then eats it.

00:47 A hairy yellow eight-legged ArachnoPal named Higgins crouches down for a moment.

00:52 A hairy yellow eight-legged ArachnoPal named Higgins skitters out.

01:00 [Notification from Space Explorers Amidst The Stars] 160,000,000.00 credits have been deducted from the starship support fund.

01:00 [AEU | 10: Conquest Status] An AEU pilot corps liaison transmits, "The results are in!"

01:01 [AEU | 10: Conquest Status] An AEU pilot corps liaison transmits, "We did not achieve any of our performance goals."

01:01 [AEU | 10: Conquest Status] An AEU pilot corps liaison transmits, "Our performance was down 37.6% from the last Conquest period."

01:08 A hairy yellow eight-legged ArachnoPal named Higgins skitters into the area.

01:18 A hairy yellow eight-legged ArachnoPal named Higgins's unblinking eyes stare into the middle distance.

01:23 A hairy yellow eight-legged ArachnoPal named Higgins skitters out.

01:34 Mischief the old large black felo hums melodically to itself as it wanders in from the north.

01:38 Mischief the old large black felo hums melodically to itself as it wanders out.

02:39 [Tactical Communication] Elaine Moreau transmits, "Bari Pod in Barnham's Belt."

02:40 [Tactical Communication] Melinda Michaels transmits, "Y'all have it?"

02:40 [Tactical Communication] Morris Corlew transmits, "On it."

02:43 [Tactical Communication] Morris Corlew transmits, "Pod in barnham's down."

02:49 [Tactical Communication] Morris Corlew transmits, "Pod in sector 11. Gettin it now."

02:51 [Tactical Communication] Morris Corlew transmits, "Sector 11 pod down."

02:54 [Tactical Communication] Damien Alexander transmits, "Fringe sectors clear."

02:54 [Tactical Communication] Morris Corlew transmits, "Thanks."

02:54 [Tactical Communication] Morris Corlew transmits, "Currently League sectors clear unless somethin's jumped in since I left it."

02:55 [Tactical Communication] Morris Corlew transmits, "Startin EAOS, Accord and Unclaimed now. Anybody checkin AEU space or do they need us?"

02:57 [Tactical Communication] Montgomery de la Corona transmits, "I can try. What should I do?"

02:57 [Tactical Communication] Morris Corlew transmits, "I'll get it. You'd need felo Montgomery. And potentially bombs."

02:57 [Tactical Communication] Montgomery de la Corona transmits, "I have a cargo hauler."

02:58 [Tactical Communication] Morris Corlew transmits, "If you can get a hold of your SDC, that would be especially helpful."

02:59 [Tactical Communication] Morris Corlew transmits, "As for this moment, just if you're flyin around, check the starmap for bari pods or bari spreaders and alert us as to where they are."

03:05 [Tactical Communication] Morris Corlew transmits, "Gotta come in to charge, but looks like EAOS, Accord, and Unclaimed sectors all clear."

03:13 [Tactical Communication] Morris Corlew transmits, "Far's I can tell everythin's clear."

03:30 [AEU | 4: Sector Status] A Merry Band siege force is enroute to Frontier Cluster!

03:30 Lily Kaise, Phoenix Dissident glides in from the north.

03:30 Lily Kaise, Phoenix Dissident removes a small suitcase from a lavender silk backpack embroidered with brightly hued butterflies.

03:30 Lily Kaise, Phoenix Dissident removes all of her clothing, placing it carefully in a small suitcase.

03:30 Lily Kaise, Phoenix Dissident puts a small suitcase in a lavender silk backpack embroidered with brightly hued butterflies.

03:30 Lily Kaise, Phoenix Dissident lies down on a white four poster rattan bed with a heart-shaped headboard and filmy deep purple hangings with a soft periwinkle cashmere blanket, a set of lavender silk sheets, a large periwinkle bed pillow, a hand-made purple and amethyst flower quilt, and a large periwinkle bed pillow on it.

03:30 Lily Kaise, Phoenix Dissident snuggles up to your shoulder.

03:30 Lily Kaise, Phoenix Dissident kisses you.

03:31 Lily Kaise, Phoenix Dissident kisses you on the lips.

03:31 Lily Kaise, Phoenix Dissident blinks heavily and then dozes off.

03:57 Lily Kaise, Phoenix Dissident blinks heavily and then dozes off.

05:07 Shine the big white glowing felo wanders in from the north.

05:11 Shine the big white glowing felo wanders out.

05:51 Shine the big white glowing felo wanders in from the north.

06:03 Shine the big white glowing felo wanders out.

06:18 A Tardick lizard named Asteria trundles slowly into the area.

06:24 A Tardick lizard named Asteria flicks its tongue out.

06:34 A Tardick lizard named Asteria trundles slowly out.

07:16 Minor Change: Starship first aid kits have been modified to be kinder to the server. The new way to use them is with the USE command!

07:27 Shine the big white glowing felo wanders in from the north.

07:35 Shine the big white glowing felo suddenly jumps onto a white four poster rattan bed with a heart-shaped headboard and filmy deep purple hangings with a soft periwinkle cashmere blanket, a set of lavender silk sheets, a large periwinkle bed pillow, a hand-made purple and amethyst flower quilt, and a large periwinkle bed pillow on it.

07:55 Shine the big white glowing felo wanders out.

08:04 [AEU | 4: Sector Status] The Merry Band siege of Frontier Cluster has been broken!

08:23 Shine the big white glowing felo wanders in from the north.

08:27 Shine the big white glowing felo rears up and plants both pairs of forelegs on your leg, then rubs its head against you, purring softly.

08:47 Shine the big white glowing felo wanders out.

09:01 [AEU | 10: Conquest Status] An AEU pilot corps liaison transmits, "Come on, we can reach our performance goals if we try!"

09:59 Mischief the old large black felo hums melodically to itself as it wanders in from the north.

10:04 [AEU | 10: Conquest Status] An AEU pilot corps liaison transmits, "I see some activity underway, but no performance goals reached yet! Let's keep going!"

10:11 Mischief the old large black felo hums melodically to itself as it wanders out.

11:04 [AEU | 10: Conquest Status] An AEU pilot corps liaison transmits, "I see some activity underway, but no performance goals reached yet! Let's keep going!"

12:05 [AEU | 10: Conquest Status] An AEU pilot corps liaison transmits, "Come on, we can reach our performance goals if we try!"

12:59 Lily Kaise, Phoenix Dissident kisses you.

13:00 Lily Kaise, Phoenix Dissident wraps her arms around you, pulling you close.

13:01 Lily Kaise, Phoenix Dissident cuddles up to you.

13:03 Lily Kaise, Phoenix Dissident kisses you on the lips.

13:03 Lily Kaise, Phoenix Dissident stands up from a white four poster rattan bed with a heart-shaped headboard and filmy deep purple hangings with a soft periwinkle cashmere blanket, a set of lavender silk sheets, a large periwinkle bed pillow, a hand-made purple and amethyst flower quilt, and a large periwinkle bed pillow on it.

13:03 Lily Kaise, Phoenix Dissident glides out.

13:08 [AEU | 10: Conquest Status] An AEU pilot corps liaison transmits, "Looks like we've got some things going, but we haven't met any performance goals yet!"

13:23 Shine the big white glowing felo wanders in from the north.

13:35 Shine the big white glowing felo wanders out.

14:03 A hairy yellow eight-legged ArachnoPal named Higgins skitters into the area.

14:08 [AEU | 10: Conquest Status] An AEU pilot corps liaison transmits, "Come on, we can reach our performance goals if we try!"

14:10 A hairy yellow eight-legged ArachnoPal named Higgins spins webbing, gathering it into a ball with his back feet, then eats it.

14:21 A hairy yellow eight-legged ArachnoPal named Higgins skitters out.

14:39 Shine the big white glowing felo wanders in from the north.

14:47 Shine the big white glowing felo rears up and plants both pairs of forelegs on your leg, then rubs its head against you, purring softly.

14:51 Shine the big white glowing felo wanders out.

14:55 Shine the big white glowing felo wanders in from the north.

14:59 Shine the big white glowing felo rears up and plants both pairs of forelegs on your leg, then rubs its head against you, purring softly.

15:03 Shine the big white glowing felo rears up and plants both pairs of forelegs on your leg, then rubs its head against you, purring softly.

15:07 Shine the big white glowing felo wanders out.

15:09 [AEU | 10: Conquest Status] An AEU pilot corps liaison transmits, "Come on, we can reach our performance goals if we try!"

16:13 [AEU | 10: Conquest Status] An AEU pilot corps liaison transmits, "Come on, we can reach our performance goals if we try!"

17:14 [AEU | 10: Conquest Status] An AEU pilot corps liaison transmits, "Looks like we've got some things going, but we haven't met any performance goals yet!"

17:56 [Tactical Communication] Michael Kennedy transmits, "Merry band heading to merida crewing on chet."

17:57 [Tactical Communication] Melinda Michaels transmits, "Also to Belt of Crias."

18:00 Minor Change: Fixed an issue where certain enemies would siege where not intended. It's best to consider this a retcon.

18:15 [AEU | 10: Conquest Status] An AEU pilot corps liaison transmits, "I see some activity underway, but no performance goals reached yet! Let's keep going!"

19:21 [AEU | 10: Conquest Status] An AEU pilot corps liaison transmits, "Come on, we can reach our performance goals if we try!"

19:31 Mischief the old large black felo hums melodically to itself as it wanders in from the north.

19:47 Mischief the old large black felo rubs up against your leg with a quiet "Mrrp.".

19:49 Lily Kaise, Phoenix Dissident glides in from the north.

19:49 Lily Kaise, Phoenix Dissident strokes the soft fur of Mischief the old large black felo.

19:50 Mischief the old large black felo purrs and rubs its head against Lily's hand, looking up at her adoringly.

19:50 Lily Kaise, Phoenix Dissident wraps her arms around Mischief the old large black felo.

19:50 Lily Kaise, Phoenix Dissident kisses you on the lips.

19:50 Lily Kaise, Phoenix Dissident wraps her arms around you, pulling you close.

19:50 Lily Kaise, Phoenix Dissident glides out.

19:51 Mischief the old large black felo rubs up against your leg with a quiet "Mrrp.".

19:55 Mischief the old large black felo hums melodically to itself as it wanders out.

20:22 [AEU | 10: Conquest Status] An AEU pilot corps liaison transmits, "Looks like we've got some things going, but we haven't met any performance goals yet!"

21:22 [AEU | 10: Conquest Status] An AEU pilot corps liaison transmits, "I see some activity underway, but no performance goals reached yet! Let's keep going!"

22:24 [AEU | 10: Conquest Status] An AEU pilot corps liaison transmits, "I see some activity underway, but no performance goals reached yet! Let's keep going!"

22:59 Mischief the old large black felo hums melodically to itself as it wanders in from the north.

23:03 Mischief the old large black felo suddenly jumps onto a white four poster rattan bed with a heart-shaped headboard and filmy deep purple hangings with a soft periwinkle cashmere blanket, a set of lavender silk sheets, a large periwinkle bed pillow, a hand-made purple and amethyst flower quilt, and a large periwinkle bed pillow on it.

23:11 Mischief the old large black felo suddenly jumps onto a white four poster rattan bed with a heart-shaped headboard and filmy deep purple hangings with a soft periwinkle cashmere blanket, a set of lavender silk sheets, a large periwinkle bed pillow, a hand-made purple and amethyst flower quilt, and a large periwinkle bed pillow on it.

23:15 Mischief the old large black felo rubs up against your leg with a quiet "Mrrp.".

23:24 [AEU | 10: Conquest Status] An AEU pilot corps liaison transmits, "Looks like we've got some things going, but we haven't met any performance goals yet!"

23:27 Mischief the old large black felo rubs up against your leg with a quiet "Mrrp.".

23:35 Mischief the old large black felo rubs up against your leg with a quiet "Mrrp.".

23:43 Mischief the old large black felo bats at a small red ball containing a realistic Bari horde noisemaker.

23:55 Mischief the old large black felo hums melodically to itself as it wanders out.

