00:19 [AEU | 10: Conquest Status] An AEU pilot corps liaison transmits, "Looks like we've got some things going, but we haven't met any performance goals yet!"

01:05 [Tactical Communication] Erik Goodwin transmits, "Do people need help with shallow assaults?"

01:06 Your number: 0010-18113

01:06 What would you like to do with your metallic gold touch einrophone?

[1] Dial
[2] Manage Contacts (21/32)
[3] Register on Directory
[4] View Missed Calls (0)
[5] Listen to Voicemail (2)
[6] Set Voicemail Greeting
[7] Read Message Boards
[8] Clear Unread Message Board Posts
[9] Newsreader
[10] Space Station Reference
[11] Space Market
[12] Activate Holovid
[13] Silence
[14] Nothing

Enter your selection:

01:06 You navigate your metallic gold touch einrophone to a news application.

01:06 =================================================
Affiliated Interalliance Press Services Newsfeeds
=================================================
[1] Unread
[2] Recent
[3] Interalliance
[4] AEU
[5] EAOS
[6] Fringe
[7] League
[8] Mutuality
[9] Economy
[10] Sports
[11] Entertainment
[12] Tabloid
[13] Exit

Enter your selection:

01:06 ====================

01:06 Recent AEU Headlines
====================
* Late Night Comedian James O'Brady Visits Hyperionese Slums; Exposes Laziness, Misuse of Government Aid Funds [13 January 2318] (EFX)

Return to the category menu? [Enter `yes' or `no']

01:06 **

01:06  Welcome back to Star Conquest!
**
 One new post to the changelog since you were last connected. Type CHANGELOG NEW to read it.
**
 Consider voting for Star Conquest at MUD listing sites! Votes help keep new players coming to the game!
 The Mud Connector: http://www.mudconnect.com/mud-bin/vote_rank.cgi?mud=Star+Conquest
 Top Mud Sites:     http://www.topmudsites.com/vote-sc.html
**
 TIP: Is your command not matching the right object? Try using the OTHER modifier. If that still isn't right, try THIRD and so on!
**

01:07 [Tactical Communication] Anfisa of Marzore transmits, "I "an#assi~t with o?e, if required."

01:07 >> Command Aborted <<

01:10 A metallic silver metachannel FTL communicator beeps quietly, indicating that it has unread notices.

01:19 [AEU | 10: Conquest Status] An AEU pilot corps liaison transmits, "Come on, we can reach our performance goals if we try!"

01:55 You glance at your communicator's screen.

01:55 There is one headline.

02:18 A hairy yellow eight-legged ArachnoPal named Higgins skitters into the area.

02:19 [AEU | 10: Conquest Status] An AEU pilot corps liaison transmits, "Come on, we can reach our performance goals if we try!"

02:27 A hairy yellow eight-legged ArachnoPal named Higgins spins webbing, gathering it into a ball with his back feet, then eats it.

02:35 A hairy yellow eight-legged ArachnoPal named Higgins skitters out.

02:46 Lily Kaise, Phoenix Dissident cuddles up to you.

02:46 Lily Kaise, Phoenix Dissident kisses you.

02:47 Lily Kaise, Phoenix Dissident navigates her metallic gold touch einrophone to a market application and peers at the screen.

02:47 Lily Kaise, Phoenix Dissident navigates her metallic gold touch einrophone to a market application and peers at the screen.

02:48 Lily Kaise, Phoenix Dissident says, "Yeah tired of buying empty dispensers even though I need several eventually."

02:49 You kiss Lily Kaise, Phoenix Dissident.

02:49 You cuddle up to Lily Kaise, Phoenix Dissident.

02:49 Lily Kaise, Phoenix Dissident kisses you on the lips.

02:49 You say, "Yeah, I should get some to someday."

02:49 You kiss Lily Kaise, Phoenix Dissident on the lips.

02:50 Lily Kaise, Phoenix Dissident says, "I have half a dozen but I'd like to get a 10 or 12 so I couldput a few in each ship but means we'd have to start doing bari raids."

02:51 You nod.

02:51 You say, "Yeah."

03:19 [AEU | 10: Conquest Status] An AEU pilot corps liaison transmits, "I see some activity underway, but no performance goals reached yet! Let's keep going!"

04:21 [AEU | 10: Conquest Status] An AEU pilot corps liaison transmits, "I see some activity underway, but no performance goals reached yet! Let's keep going!"

05:21 [AEU | 10: Conquest Status] An AEU pilot corps liaison transmits, "I see some activity underway, but no performance goals reached yet! Let's keep going!"

06:23 [AEU | 10: Conquest Status] An AEU pilot corps liaison transmits, "I see some activity underway, but no performance goals reached yet! Let's keep going!"

07:23 [AEU | 10: Conquest Status] An AEU pilot corps liaison transmits, "I see some activity underway, but no performance goals reached yet! Let's keep going!"

07:41 A Tardick lizard named Asteria trundles slowly into the area.

07:47 A Tardick lizard named Asteria's spine ridges flicker blue for a brief moment.

07:57 A Tardick lizard named Asteria trundles slowly out.

08:23 [AEU | 10: Conquest Status] An AEU pilot corps liaison transmits, "Looks like we've got some things going, but we haven't met any performance goals yet!"

09:23 [AEU | 10: Conquest Status] An AEU pilot corps liaison transmits, "Come on, we can reach our performance goals if we try!"

10:23 [AEU | 10: Conquest Status] An AEU pilot corps liaison transmits, "I see some activity underway, but no performance goals reached yet! Let's keep going!"

11:23 [AEU | 10: Conquest Status] An AEU pilot corps liaison transmits, "Come on, we can reach our performance goals if we try!"

12:23 [AEU | 10: Conquest Status] An AEU pilot corps liaison transmits, "Come on, we can reach our performance goals if we try!"

13:15 Lily Kaise, Phoenix Dissident navigates her metallic gold touch einrophone to a news application.

13:15 Lily Kaise, Phoenix Dissident returns her metallic gold touch einrophone to the main screen.

13:15 Lily Kaise, Phoenix Dissident navigates her metallic gold touch einrophone to a market application and peers at the screen.

13:23 [AEU | 10: Conquest Status] An AEU pilot corps liaison transmits, "Come on, we can reach our performance goals if we try!"

14:24 [AEU | 10: Conquest Status] An AEU pilot corps liaison transmits, "Come on, we can reach our performance goals if we try!"

14:25 Lily Kaise, Phoenix Dissident says, "Wow i'm just stuck there."

14:25 Lily Kaise, Phoenix Dissident stands up from a white four poster rattan bed with a heart-shaped headboard and filmy deep purple hangings with a soft periwinkle cashmere blanket, a set of lavender silk sheets, a large periwinkle bed pillow, a hand-made purple and amethyst flower quilt, and a large periwinkle bed pillow on it.

14:25 Lily Kaise, Phoenix Dissident glides out.

15:24 [AEU | 10: Conquest Status] An AEU pilot corps liaison transmits, "I see some activity underway, but no performance goals reached yet! Let's keep going!"

16:12 Mischief the old large black felo hums melodically to itself as it wanders in from the north.

16:16 Mischief the old large black felo hums melodically to itself as it wanders out.

16:24 [AEU | 10: Conquest Status] An AEU pilot corps liaison transmits, "I see some activity underway, but no performance goals reached yet! Let's keep going!"

17:16 A Tardick lizard named Asteria trundles slowly into the area.

17:22 A Tardick lizard named Asteria flicks its tongue out.

17:26 [AEU | 10: Conquest Status] An AEU pilot corps liaison transmits, "Come on, we can reach our performance goals if we try!"

17:32 A Tardick lizard named Asteria flicks its tail.

17:33 A Tardick lizard named Asteria trundles slowly out.

17:51 A Tardick lizard named Asteria trundles slowly into the area.

17:55 A Tardick lizard named Asteria's spine ridges flicker blue for a brief moment.

18:06 A Tardick lizard named Asteria flicks its tongue out.

18:06 A Tardick lizard named Asteria trundles slowly out.

18:17 [Tactical Communication] Erik Goodwin transmits, "Four for gunship beacons in five minutes."

18:17 [Tactical Communication] Bryan Stout transmits, "Sure."

18:17 [Tactical Communication] Erik Goodwin transmits, "Meeting at the old Earth lounge. Be there if you want to go."

18:17 [Tactical Communication] Hank Marvelstine transmits, "Ok I am in. Just going to make one a delivery real quick."

18:18 [Tactical Communication] Hank Marvelstine transmits, "Never mind. I don't want to misss it."

18:22 [Tactical Communication] Erik Goodwin transmits, "Two more."

18:30 [AEU | 10: Conquest Status] An AEU pilot corps liaison transmits, "I see some activity underway, but no performance goals reached yet! Let's keep going!"

19:31 [AEU | 10: Conquest Status] An AEU pilot corps liaison transmits, "I see some activity underway, but no performance goals reached yet! Let's keep going!"

19:50 Lily Kaise, Phoenix Dissident glides in from the north.

19:50 Lily Kaise, Phoenix Dissident glides out.

20:24 [Tactical Communication] Alko Delovega transmits, "I need 2 more defenders."

20:24 [Tactical Communication] Bryan Stout transmits, "Use the wing."

20:24 I don't understand that.

20:24 You stand up from a white four poster rattan bed with a heart-shaped headboard and filmy deep purple hangings with a soft periwinkle cashmere blanket, a set of lavender silk sheets, a large periwinkle bed pillow, a hand-made purple and amethyst flower quilt, and a large periwinkle bed pillow on it.

20:24 **

20:24  Welcome back to Star Conquest!
**
 Consider voting for Star Conquest at MUD listing sites! Votes help keep new players coming to the game!
 The Mud Connector: http://www.mudconnect.com/mud-bin/vote_rank.cgi?mud=Star+Conquest
 Top Mud Sites:     http://www.topmudsites.com/vote-sc.html
**
 TIP: Have a party in your pilots' lounge once in a while. You'll definitely feel inspired to earn more points afterward!
**

20:24 You remove a small suitcase from a leather briefcase.

20:25 A small suitcase is already open.

20:25 You remove a pair of white cotton briefs from a small suitcase.

20:25 You slide a pair of white cotton briefs on.

20:25 You remove a stormy pair of trousers from a small suitcase.

20:25 You pull a stormy pair of trousers on over your legs.

20:25 You remove a long-sleeved dark green tee appliqued with small silver stars from a small suitcase.

20:25 You pull a long-sleeved dark green tee appliqued with small silver stars on over your head.

20:25 You remove a pair of gray canvas sneakers from a small suitcase.

20:25 You pull a pair of gray canvas sneakers onto your feet.

20:25 You close a small suitcase.

20:25 You put a small suitcase in a leather briefcase.

20:25 I don't understand that.

20:25 There appear to be 17 pilots recently active.

20:25 The communicator network detects:
Shule Elemmire, Phoenix Dissident  (A) [m]
Lily Kaise, Phoenix Dissident  (A)
Sean Sloan  (L)
Melinda Michaels  (L)
Brunhilda Schreiber  (L)
Wendy Arroyo  (L)
Johann Schraft  (L)
Ariela Night  (L) [c]
Kert On'Marr  (L)
Nissi Valdaire  (L) [a]
Bryan Stout  (L)
Ali Candan  (L)
Tamra Swenson  (F)
Hank Marvelstine  (F) [c]
Alko Delovega  (F)
Kani Kahakai  (F) [c]
Elaine Moreau  (F)
Additionally, there are 12 pilots who appear to have their communicators on but have not recently been active.
Final total: 29 pilots.
Want to know if anyone's relaxing in a public venue? Check WHERE!

20:25 [Starship "William Dove"; Observation Deck]

20:25 You see a large round light purple and dark purple cloth rug, an antique oak table from Old Earth, a textured plasteel floor lamp with a cream shade (casting a white-colored glow), a violet leather sectional sofa, a glossy lilac ceramic felo chow bowl, a wall-sized bubbling coral pink-lit aquarium containing violet and white aquatic life and coral rocks, a rainbow-colored portable hot tub with silver star accents, and a black plastic tray of spider chow here.
You can go north, east, south, west, up, and down.

20:25 I don't understand that.

20:25 You sniff at yourself. You smell the fresh fragrance of a sun-warmed grassy meadow.

20:25 I see no "lily" here.

20:25 [Starship "William Dove"; Base Block]

20:25 You see a soft round ocean blue rug with a design of coral and turquoise seashells, a blueberry rattan bench with a long white and coral pink flowered cushion on it, a round white rattan dining table with a glass top, a blueberry rattan bench with a long white and coral pink flowered cushion on it, a rattan floor lamp with a coral lotus shade, a blueberry rattan pantry cabinet, a small dusky pink trash bin, a glossy azure blue ceramic felo chow bowl, a black plastic tray of spider chow, a hairy yellow eight-legged ArachnoPal named Higgins, and Mischief the old large black felo here.
You can go north, east, south, west, up, and down.

20:25 [Starship "William Dove"; Control Room]

20:25 You see a sleek metal quantum entanglement communication device, a rattan floor lamp with a light purple lotus shade (casting a white-colored glow), a wormhole drive tracer, a dark purple leather captain's chair, a large oval white and black cloth rug, a rare black EAOSian contoured couch with a hand-made white and sapphire star quilt on it, a round white rattan coffee table with a glass top, a glossy silver ceramic felo chow bowl, a small purple ball containing a dingling bell, a wall-sized bubbling neon purple-lit aquarium containing red and gold aquatic life and coral rocks, a festive holiday tree made entirely of sparkling ice decorated with an ornamental rendering of Icy the Snowfish's Holiday Ice Castle o' Wonders and a gold ornament etched with the year 2317, a black plastic tray of spider chow, a small dusky pink trash bin, Magellan the arachnoid security robot, Purr the humanoid service robot, and a Tardick lizard named Asteria here.
Lily Kaise, Phoenix Dissident is sitting on a rare black EAOSian contoured couch.
You can go south and out.

20:26 You sit down on a rare black EAOSian contoured couch with a hand-made white and sapphire star quilt on it.

20:26 You kiss Lily Kaise, Phoenix Dissident.

20:26 Lily Kaise, Phoenix Dissident wraps her arms around you, pulling you close.

20:26 Lily Kaise, Phoenix Dissident kisses you.

20:26 You wrap your arms around Lily Kaise, Phoenix Dissident, pulling her close.

20:26 You say to Lily, "Hi my love."

20:27 A Tardick lizard named Asteria flicks its tongue out.

