00:14 [AEU | 10: Conquest Status] An AEU pilot corps liaison transmits, "I see some activity underway, but no performance goals reached yet! Let's keep going!"

01:14 [AEU | 10: Conquest Status] An AEU pilot corps liaison transmits, "Come on, we can reach our performance goals if we try!"

02:06 [Tactical Communication] Evenia Callseah transmits, "Can we get a fifth to help people get their shallow raids please. Tier 2 or 3."

02:14 [AEU | 10: Conquest Status] An AEU pilot corps liaison transmits, "Looks like we've got some things going, but we haven't met any performance goals yet!"

02:34 Lily Kaise, Phoenix Dissident kisses you on the lips.

02:35 Lily Kaise, Phoenix Dissident navigates her metallic gold touch einrophone to a news application.

02:35 Lily Kaise, Phoenix Dissident returns her metallic gold touch einrophone to the main screen.

02:35 Lily Kaise, Phoenix Dissident sighs.

02:37 Lily Kaise, Phoenix Dissident stands up from a white four poster rattan bed with a heart-shaped headboard and filmy deep purple hangings with a soft periwinkle cashmere blanket, a set of lavender silk sheets, a large periwinkle bed pillow, a hand-made purple and amethyst flower quilt, and a large periwinkle bed pillow on it.

02:37 Lily Kaise, Phoenix Dissident glides out.

02:42 Lily Kaise, Phoenix Dissident glides in from the north.

02:42 Lily Kaise, Phoenix Dissident lies down on a white four poster rattan bed with a heart-shaped headboard and filmy deep purple hangings with a soft periwinkle cashmere blanket, a set of lavender silk sheets, a large periwinkle bed pillow, a hand-made purple and amethyst flower quilt, and a large periwinkle bed pillow on it.

02:43 Lily Kaise, Phoenix Dissident navigates her metallic gold touch einrophone to a market application and peers at the screen.

02:43 [Notification from Space Explorers Amidst The Stars] Lily Kaise, Phoenix Dissident has automatically contributed 15,799,121.84 AEU credits.

02:44 Lily Kaise, Phoenix Dissident navigates her metallic gold touch einrophone to a market application and peers at the screen.

02:44 Lily Kaise, Phoenix Dissident navigates her metallic gold touch einrophone to a market application and peers at the screen.

02:47 [Tactical Communication] Alko Delovega transmits, "Nest?"

02:47 [Tactical Communication] Erik Goodwin transmits, "Sure."

02:49 [Tactical Communication] Alko Delovega transmits, "Anyone else...?"

03:22 [AEU | 10: Conquest Status] An AEU pilot corps liaison transmits, "Come on, we can reach our performance goals if we try!"

03:44 Announcement: Don't forget that Fashion Fair 2318 is currently ongoing! Check the recent entertainment headline or ask a knowledgeable friend for where you can find the details! We're planning to try to get everything out by the weekend, so if you haven't submitted your request yet, please do so within the next couple of days. Thanks!

03:46 Lily Kaise, Phoenix Dissident says, "Hell I don't feel comfortable with going over there with all of the nay-sayers."

04:15 A metallic gold touch einrophone beeps quietly for attention, indicating a new post in OOC/Messages To The Staff.

04:15 A metallic silver metachannel FTL communicator chimes softly as it receives a new notice.

04:15 Lily Kaise, Phoenix Dissident navigates her metallic gold touch einrophone to a text-heavy application and peers at the screen.

04:16 You wrap your arms around Lily Kaise, Phoenix Dissident, pulling her close.

04:16 You kiss Lily Kaise, Phoenix Dissident.

04:16 **

04:16  Welcome back to Star Conquest!
**
 One new announcement since you were last connected. Type ANN NEW to read it.
 One new post to the changelog since you were last connected. Type CHANGELOG NEW to read it.
**
 Consider voting for Star Conquest at MUD listing sites! Votes help keep new players coming to the game!
 The Mud Connector: http://www.mudconnect.com/mud-bin/vote_rank.cgi?mud=Star+Conquest
 Top Mud Sites:     http://www.topmudsites.com/vote-sc.html
**
 TIP: IFS stands for Interstellar Federation of Species! They are a collection of aliens who have been fighting with humans since before the Outsider War.
**

04:16 Lily Kaise, Phoenix Dissident kisses you.

04:16 Lily Kaise, Phoenix Dissident wraps her arms around you, pulling you close.

04:16 A metallic gold touch einrophone beeps quietly for attention, indicating a new post in OOC/Messages To The Staff.

04:17 A metallic gold touch einrophone beeps quietly for attention, indicating a new post in OOC/Messages To The Staff.

04:17 A metallic gold touch einrophone beeps quietly for attention, indicating a new post in OOC/Messages To The Staff.

04:20 A metallic gold touch einrophone beeps quietly for attention, indicating a new post in OOC/Messages To The Staff.

04:22 [AEU | 10: Conquest Status] An AEU pilot corps liaison transmits, "I see some activity underway, but no performance goals reached yet! Let's keep going!"

04:38 Mischief the old large black felo hums melodically to itself as it wanders in from the north.

04:40 You kiss Lily Kaise, Phoenix Dissident.

04:40 You gently caress Lily Kaise, Phoenix Dissident's back and waist.

04:42 Mischief the old large black felo bats at a small red ball containing a realistic Bari horde noisemaker.

04:46 Mischief the old large black felo hums melodically to itself as it wanders out.

04:50 [Tactical Communication] Melinda Michaels transmits, "One for Morningstar beacons?"

04:50 [Tactical Communication] Morris Corlew transmits, "Yes!"

04:50 [Tactical Communication] Kani Kahakai transmits, "Come! Fly wasp into glorious combat!"

04:54 Mischief the old large black felo hums melodically to itself as it wanders in from the north.

04:58 Mischief the old large black felo rubs up against Lily Kaise, Phoenix Dissident's leg with a quiet "Mrrp."

05:02 Mischief the old large black felo rubs up against Lily Kaise, Phoenix Dissident's leg with a quiet "Mrrp."

05:10 Mischief the old large black felo hums melodically to itself as it wanders out.

05:18 A metallic silver metachannel FTL communicator beeps quietly, indicating that it has unread notices.

05:22 [AEU | 10: Conquest Status] An AEU pilot corps liaison transmits, "I see some activity underway, but no performance goals reached yet! Let's keep going!"

05:40 A hairy yellow eight-legged ArachnoPal named Higgins skitters into the area.

05:49 A hairy yellow eight-legged ArachnoPal named Higgins spins webbing, gathering it into a ball with his back feet, then eats it.

05:56 A hairy yellow eight-legged ArachnoPal named Higgins skitters out.

06:22 [AEU | 10: Conquest Status] An AEU pilot corps liaison transmits, "Come on, we can reach our performance goals if we try!"

06:38 Mischief the old large black felo hums melodically to itself as it wanders in from the north.

06:42 Mischief the old large black felo hums melodically to itself as it wanders out.

07:24 [AEU | 10: Conquest Status] An AEU pilot corps liaison transmits, "Looks like we've got some things going, but we haven't met any performance goals yet!"

08:25 [AEU | 10: Conquest Status] An AEU pilot corps liaison transmits, "Looks like we've got some things going, but we haven't met any performance goals yet!"

09:06 Shine the big white glowing felo wanders in from the north.

09:14 Shine the big white glowing felo rubs up against a white four poster rattan bed with a heart-shaped headboard and filmy deep purple hangings with a soft periwinkle cashmere blanket, a set of lavender silk sheets, a large periwinkle bed pillow, a hand-made purple and amethyst flower quilt, and a large periwinkle bed pillow on it, purring softly.

09:18 Shine the big white glowing felo rears up and plants both pairs of forelegs on Lily Kaise, Phoenix Dissident's leg, then rubs its head against her, purring softly.

09:26 Shine the big white glowing felo wanders out.

09:27 [AEU | 10: Conquest Status] An AEU pilot corps liaison transmits, "Looks like we've got some things going, but we haven't met any performance goals yet!"

09:30 Shine the big white glowing felo wanders in from the north.

09:38 Shine the big white glowing felo rears up and plants both pairs of forelegs on your leg, then rubs its head against you, purring softly.

09:42 Mischief the old large black felo hums melodically to itself as it wanders in from the north.

09:46 Mischief the old large black felo hums melodically to itself as it wanders out.

09:50 Shine the big white glowing felo wanders out.

09:54 A metallic gold touch einrophone beeps quietly for attention, indicating a new post in OOC/Messages To The Staff.

09:54 A metallic silver metachannel FTL communicator chimes softly as it receives a new notice.

09:54 Shine the big white glowing felo wanders in from the north.

09:58 Shine the big white glowing felo wanders out.

10:17 A Tardick lizard named Asteria trundles slowly into the area.

10:23 A Tardick lizard named Asteria flicks its tongue out.

10:27 [AEU | 10: Conquest Status] An AEU pilot corps liaison transmits, "Looks like we've got some things going, but we haven't met any performance goals yet!"

10:32 A Tardick lizard named Asteria trundles slowly out.

11:27 [AEU | 10: Conquest Status] An AEU pilot corps liaison transmits, "Looks like we've got some things going, but we haven't met any performance goals yet!"

12:27 [AEU | 10: Conquest Status] An AEU pilot corps liaison transmits, "I see some activity underway, but no performance goals reached yet! Let's keep going!"

13:14 Shine the big white glowing felo wanders in from the north.

13:26 Shine the big white glowing felo rears up and plants both pairs of forelegs on Lily Kaise, Phoenix Dissident's leg, then rubs its head against her, purring softly.

13:28 [AEU | 10: Conquest Status] An AEU pilot corps liaison transmits, "I see some activity underway, but no performance goals reached yet! Let's keep going!"

13:38 Shine the big white glowing felo rears up and plants both pairs of forelegs on your leg, then rubs its head against you, purring softly.

13:42 Shine the big white glowing felo wanders out.

14:28 [AEU | 10: Conquest Status] An AEU pilot corps liaison transmits, "Come on, we can reach our performance goals if we try!"

15:28 [AEU | 10: Conquest Status] An AEU pilot corps liaison transmits, "Looks like we've got some things going, but we haven't met any performance goals yet!"

15:48 [Tactical Communication] Glen Tomson transmits, "I seem to be stuck on the belt of Orion, with Interdictors at (10, 16, 8), (11, 15, 8) My lazers are down."

15:48 [Tactical Communication] Erik Goodwin transmits, "What are you being attacked by?"

15:48 [Tactical Communication] Morris Corlew transmits, "Are there other ships in the sector?"

15:49 [Tactical Communication] Glen Tomson transmits, "There are two peacekeepers."

15:49 [Tactical Communication] Erik Goodwin transmits, "Help is on the way."

15:49 [Tactical Communication] Morris Corlew transmits, "Hank's on his way to help ya out Glen."

15:58 Mischief the old large black felo hums melodically to itself as it wanders in from the north.

16:01 There appear to be 13 pilots recently active.

16:01 The communicator network detects:
Constantine Stone  (A)
Ariela Night  (L) [c]
Wendy Arroyo  (L)
Erik Goodwin  (L)
Katina Faye  (L)
Jada Nelson  (L)
Nissi Valdaire  (L) [a]
Melinda Michaels  (L)
Morris Corlew  (L)
Ted Warburton  (F)
Glen Tomson  (F) [c]
Hank Marvelstine  (F) [c]
Kani Kahakai  (F) [c]
Additionally, there are 13 pilots who appear to have their communicators on but have not recently been active.
Final total: 26 pilots.
Want to know if anyone's relaxing in a public venue? Check WHERE!

16:02 Mischief the old large black felo hums melodically to itself as it wanders out.

16:09 There appear to be 10 pilots recently active.

16:09 The communicator network detects:
Constantine Stone  (A)
Ariela Night  (L) [c]
Erik Goodwin  (L)
Katina Faye  (L)
Nissi Valdaire  (L) [a]
Melinda Michaels  (L)
Morris Corlew  (L)
Ali Candan  (L)
Ted Warburton  (F)
Hank Marvelstine  (F) [c]
Additionally, there are 15 pilots who appear to have their communicators on but have not recently been active.
Final total: 25 pilots.
Want to know if anyone's relaxing in a public venue? Check WHERE!

16:29 [AEU | 10: Conquest Status] An AEU pilot corps liaison transmits, "Come on, we can reach our performance goals if we try!"

17:29 [AEU | 10: Conquest Status] An AEU pilot corps liaison transmits, "I see some activity underway, but no performance goals reached yet! Let's keep going!"

18:25 Lily Kaise, Phoenix Dissident navigates her metallic gold touch einrophone to a market application and peers at the screen.

18:26 Lily Kaise, Phoenix Dissident cuddles up to you.

18:29 [AEU | 10: Conquest Status] An AEU pilot corps liaison transmits, "I see some activity underway, but no performance goals reached yet! Let's keep going!"

18:36 Lily Kaise, Phoenix Dissident stands up from a white four poster rattan bed with a heart-shaped headboard and filmy deep purple hangings with a soft periwinkle cashmere blanket, a set of lavender silk sheets, a large periwinkle bed pillow, a hand-made purple and amethyst flower quilt, and a large periwinkle bed pillow on it.

18:36 Lily Kaise, Phoenix Dissident glides out.

18:41 Lily Kaise, Phoenix Dissident glides in from the north.

18:41 Lily Kaise, Phoenix Dissident kisses you on the lips.

18:41 Lily Kaise, Phoenix Dissident glides out.

19:15 Mischief the old large black felo hums melodically to itself as it wanders in from the north.

19:19 Mischief the old large black felo suddenly jumps onto a small oval turquoise rattan table with a glass top.

19:23 Mischief the old large black felo hums melodically to itself as it wanders out.

19:29 [AEU | 10: Conquest Status] An AEU pilot corps liaison transmits, "I see some activity underway, but no performance goals reached yet! Let's keep going!"

20:26 I don't understand that.

