00:11 [AEU | 10: Conquest Status] An AEU pilot corps liaison transmits, "Come on, we can reach our performance goals if we try!"

01:12 [AEU | 10: Conquest Status] An AEU pilot corps liaison transmits, "Come on, we can reach our performance goals if we try!"

01:22 [Tactical Communication] Michael Kennedy transmits, "Any for beacons?"

01:22 [Tactical Communication] Hank Marvelstine transmits, "Yeah sure why not."

01:23 [Tactical Communication] Michael Kennedy transmits, "Awesome, 2 more."

01:25 [Tactical Communication] Michael Kennedy transmits, "1 for beacons now?"

01:25 [Tactical Communication] Kert On'Marr transmits, "Me after I see this picture. I just got out of doing the other thing."

01:27 [Tactical Communication] Kert On'Marr transmits, "Where we starting from."

01:27 [Tactical Communication] Evenia Callseah transmits, "I believe he said Chetumal."

01:31 [Tactical Communication] Michael Kennedy transmits, "1 for cruisers?"

01:32 [Tactical Communication] Evenia Callseah transmits, "One person? Just one?"

01:32 [Tactical Communication] Melinda Michaels transmits, "Sure."

01:33 [Tactical Communication] Hank Marvelstine transmits, "You will iwn the beacon lottery of who shoots the best outsider, do not delay today!"

01:33 [Tactical Communication] Erik Goodwin transmits, "Sure."

01:33 [Tactical Communication] Erik Goodwin transmits, "Oh."

01:33 [Tactical Communication] Melinda Michaels transmits, "Go ahead Erik."

01:33 [Tactical Communication] Michael Kennedy transmits, "Awesome chetumal."

01:33 [Tactical Communication] Erik Goodwin transmits, "Okay, will be there in a second."

02:16 [AEU | 10: Conquest Status] An AEU pilot corps liaison transmits, "I see some activity underway, but no performance goals reached yet! Let's keep going!"

02:59 Lily Kaise suddenly awakens.

