00:02 Announcement: A quick reminder that the views of non-player characters are not necessarily shared by the staff.

00:18 A metallic gold touch einrophone beeps quietly for attention, indicating a new post in General/Name Changes.
A metallic silver metachannel FTL communicator chimes softly as it receives a new notice.

01:00 [Notification from Space Explorers Amidst The Stars] 160,000,000.00 credits have been deducted from the starship support fund.

01:00 [AEU | 10: Conquest Status] An AEU pilot corps liaison transmits, "The results are in!"

01:00 [AEU | 10: Conquest Status] An AEU pilot corps liaison transmits, "We did not achieve any of our performance goals."

01:00 [AEU | 10: Conquest Status] An AEU pilot corps liaison transmits, "Our performance was down 76.4% from the last Conquest period."

01:12 [Tactical Communication] Damien Goss transmits, "I need one plasma suit for a deep megapod raid."

01:40 A metallic gold touch einrophone beeps quietly for attention, indicating a new post in General/General.

01:40 A metallic silver metachannel FTL communicator chimes softly as it receives a new notice.

01:41 Shine the big white glowing felo wanders in from the north.

01:41 A metallic gold touch einrophone beeps quietly for attention, indicating a new post in General/General.

01:41 A metallic silver metachannel FTL communicator chimes softly as it receives a new notice.

01:45 Shine the big white glowing felo rears up and plants both pairs of forelegs on your leg, then rubs its head against you, purring softly.

01:49 Shine the big white glowing felo rubs up against a white four poster rattan bed with a heart-shaped headboard and filmy deep purple hangings with a soft periwinkle cashmere blanket, a set of lavender silk sheets, a large periwinkle bed pillow, a hand-made purple and amethyst flower quilt, and a large periwinkle bed pillow on it, purring softly.

01:57 Shine the big white glowing felo rears up and plants both pairs of forelegs on your leg, then rubs its head against you, purring softly.

02:00 Your metallic gold touch einrophone trills quietly, indicating a new story has been posted under "Fringe."

02:00 A metallic silver metachannel FTL communicator dings politely as it receives a new notice.

02:01 Shine the big white glowing felo suddenly jumps onto a white four poster rattan bed with a heart-shaped headboard and filmy deep purple hangings with a soft periwinkle cashmere blanket, a set of lavender silk sheets, a large periwinkle bed pillow, a hand-made purple and amethyst flower quilt, and a large periwinkle bed pillow on it.

02:05 Shine the big white glowing felo wanders out.

02:13 Shine the big white glowing felo wanders in from the north.

02:21 Shine the big white glowing felo bats at a small red ball containing a realistic Bari horde noisemaker.

02:33 Shine the big white glowing felo wanders out.

03:34 A metallic gold touch einrophone beeps quietly for attention, indicating a new post in General/General.

03:34 A metallic silver metachannel FTL communicator chimes softly as it receives a new notice.

03:36 A metallic gold touch einrophone beeps quietly for attention, indicating a new post in General/General.

03:36 A metallic silver metachannel FTL communicator chimes softly as it receives a new notice.

03:55 A hairy yellow eight-legged ArachnoPal named Higgins skitters into the area.

03:57 [Tactical Communication] Hank Marvelstine transmits, "2 for shallow?"

03:58 [Tactical Communication] Hank Marvelstine transmits, "One for a shallow?"

04:00 A hairy yellow eight-legged ArachnoPal named Higgins wiggles his hairy palps endearingly.

