00:03 A large semi-transparent perfectly round creature with medium-length dangling tendrils and a violet glowing interior drifts slowly past a string of light purple plastic kelp.

00:09 Lily Kaise suddenly awakens.

00:19 A small thickly-shelled creature with a yellow shell and four small claws creeps across the bottom of the tank, snapping its many claws rapidly.

00:22 Lily Kaise navigates her metallic gold touch einrophone to a market application and peers at the screen.

00:23 Lily Kaise removes Lily Kaise's workbench from a lavender silk backpack embroidered with brightly hued butterflies.

00:23 Lily Kaise takes a wormhole microprocessor module from Lily Kaise's workbench.

00:24 Lily Kaise puts a wormhole microprocessor module on Lily Kaise's workbench.

00:24 Lily Kaise adds a wormhole microprocessor module to the workbench's supplies, for a total of ten.

00:25 Lily Kaise puts Lily Kaise's workbench in a lavender silk backpack embroidered with brightly hued butterflies.

00:26 Lily Kaise stands up from a rare black EAOSian contoured couch with a hand-made white and sapphire star quilt on it.

00:26 Lily Kaise glides south.

00:31 Lily Kaise glides in from the south.

00:31 Lily Kaise sits down on a rare black EAOSian contoured couch with a hand-made white and sapphire star quilt on it.

00:33 A long violet soft-bodied creature with many claw-tipped tentacles swims around a string of light purple plastic kelp.

00:35 A long yellow soft-bodied creature with many claw-tipped tentacles propels itself through the tank, stirring up tiny particles.

00:42 [Tactical Communication] Michael Kennedy transmits, "Recount, who all wanted in on this op?"

00:42 [Tactical Communication] Lorenah Mayfield transmits, "I would like too."

00:42 [Tactical Communication] Hank Marvelstine transmits, "Me for salvaging."

00:44 [Tactical Communication] Elaine Moreau transmits, "How many more you need?"

00:44 Your metallic gold touch einrophone trills quietly, indicating a new story has been posted under "Interalliance."

00:44 A metallic silver metachannel FTL communicator dings politely as it receives a new notice.

00:45 [Tactical Communication] Michael Kennedy transmits, "We are 5, so that settles us for a destroyer, 2 more for a gunship."

00:45 Lily Kaise navigates her metallic gold touch einrophone to a news application.

00:45 [Tactical Communication] Bryan Stout transmits, "I don't think league can participate can we?"

00:45 [Tactical Communication] Elaine Moreau transmits, "No more salvagers?"

00:45 Lily Kaise returns her metallic gold touch einrophone to the main screen.

00:45 Your number: 0010-18113

00:45 What would you like to do with your metallic gold touch einrophone?

[1] Dial
[2] Manage Contacts (21/32)
[3] Register on Directory
[4] View Missed Calls (1)
[5] Listen to Voicemail (1)
[6] Set Voicemail Greeting
[7] Read Message Boards
[8] Clear Unread Message Board Posts
[9] Newsreader
[10] Space Station Reference
[11] Space Market
[12] Activate Holovid
[13] Silence
[14] Nothing

Enter your selection:

00:45 You navigate your metallic gold touch einrophone to a news application.

00:45 =================================================
Affiliated Interalliance Press Services Newsfeeds
=================================================
[1] Unread
[2] Recent
[3] Interalliance
[4] AEU
[5] EAOS
[6] Fringe
[7] League
[8] Mutuality
[9] Economy
[10] Sports
[11] Entertainment
[12] Tabloid
[13] Exit

Enter your selection:

00:45 Lily Kaise exclaims, "Well Maggie had more than one life form!"

00:45 ==============================
Recent Interalliance Headlines
==============================
* A Pirate's Life For Die(trich); League Diplomatic Party Sent To Mutuality Space Station Tandem For Official Meeting With 'Merry Band' Representatives [13 March 2318] (ENN)
* Conservatives Get Friendly With Allied Pirates, Attempt To Hide Negotiations By Using Mutuality Station [13 March 2318] (NAO)
* Accord Officer Accuses AEU of Misappropriating Accord Intelligence for Steel Phoenix Project: "Their Testudinidae Battleship Assault Mission Profile is Dangerous, [They] Should Let the Professionals Handle It" [16 March 2318] (ISN)
* Pilot Elections Conclude After Busy Term - Fringe Voice: Newcomer Dunn Surprises with Upset Win After Promising Reform. League Voice: Vocal Merry Band Ceasefire Proponent Arroyo Carries Second Term. AEU Voice: Status Quo. [18 March 2318] (ISN)
* Civilian Pilots Mourn the Loss of Maggie, a Felo Who Lived a Really Long Time [19 March 2318] (DNA)

====================
Recent AEU Headlines
====================
* President Best Pleased With Increased Strength Of Steel Phoenix After Confederation Negotiations, But States That Upcoming Unrevealed NAPA Plan Will 'More Than Double' Union Capabilities [13 March 2318] (ISN)

=======================
Recent Fringe Headlines
=======================
* Confederation of Fringe Worlds Removes Civilian Pilots From Non-Fringe Organizations; 'The Alliance Comes First, Not Organizations' [17 
00:45 March 2318] (CPC)

=======================
Recent League Headlines
=======================
* Maximilian Gavrilenko Wins Liberal Nomination For Second Time; 'I Am Thankful For Your Faith In Me' [17 March 2318] (LCR)
* Republican Party Convention In Full Swing; Jackson, Potter Pull Out Of Nomination Race While Goldstein, Jennings, And Wallace Give Powell Trouble [17 March 2318] (NAO)

Return to the category menu? [Enter `yes' or `no']

00:45 **

00:45  Welcome back to Star Conquest!
**
 Consider voting for Star Conquest at MUD listing sites! Votes help keep new players coming to the game!
 The Mud Connector: http://www.mudconnect.com/mud-bin/vote_rank.cgi?mud=Star+Conquest
 Top Mud Sites:     http://www.topmudsites.com/vote-sc.html
**
 TIP: Need to hand somebody fifty million credits? Don't count zeroes, just type "50m" for an amount! "k" and "b" also serve as modifiers for much smaller or much larger amounts!
**

00:45 Lily Kaise laughs.

00:45 [Tactical Communication] Michael Kennedy transmits, "If you all are interested, we can switch things around, to make sure that everyone could get involved."

00:46 Lily Kaise exclaims, "That was obviously Melinda's but yeah anything for attention!"

00:46 You return your metallic gold touch einrophone to the main screen.

00:46 Your number: 0010-18113

00:46 What would you like to do with your metallic gold touch einrophone?

[1] Dial
[2] Manage Contacts (21/32)
[3] Register on Directory
[4] View Missed Calls (1)
[5] Listen to Voicemail (1)
[6] Set Voicemail Greeting
[7] Read Message Boards
[8] Clear Unread Message Board Posts
[9] Newsreader
[10] Space Station Reference
[11] Space Market
[12] Activate Holovid
[13] Silence
[14] Nothing

Enter your selection:

00:46 You navigate your metallic gold touch einrophone to a news application.

00:46 =================================================
Affiliated Interalliance Press Services Newsfeeds
=================================================
[1] Unread
[2] Recent
[3] Interalliance
[4] AEU
[5] EAOS
[6] Fringe
[7] League
[8] Mutuality
[9] Economy
[10] Sports
[11] Entertainment
[12] Tabloid
[13] Exit

Enter your selection:

00:46 =================
Economy Headlines
=================
* Area Man Attempts to Purchase One Hundred and Eighty Personal Corporate Runabouts, Later Downgrades Order to Two Personal Corporate Runabouts [15 February 2318] (NAO)
* "Revolutionary" NapBot 4000 Found to be Ordinary Robot With No Power Supply; Venture Capitalists Threaten Legal Action Against RobCo [13 February 2318] (DNA)
* Merchant Activity Down 7% As AEU Pilots Steer Traffic Away From Their Worlds [23 August 2317] (ISN)
* Week In Review: Auroch Meat Prices Plummet to 30 Year Low After Recent Horse Meat Scandal [17 August 2317] (DNA)
* Independent Survey Reveals 'Significant' Amounts of Horse Meat in 5 Different Farm Fresh Brands Claiming to Contain '100% Auroch Meat' [ 5 August 2317] (DNA)
* Union Credit Plummets In Wake of News of Possible Accord Withdrawal [ 6 July 2317] (ISN)
* Lawmakers to Draft New Civilian Pilot Finance Regulations After Bando Case Reveals Loopholes [ 7 April 2317] (ISN)
* Undercover Agents from League CFB Show How Easy It Is to Open an Anonymous Corporation in Mutuality Space; Official States "Another Centauri Seven in the Works, If You Ask Me" [13 February 2317] (ISN)
* Miniaturized Graviton Detector Powers New Early Warning Space Defense Device, Designed to Alert Spacewalking Crew in the Event of Enemy Attack [ 2 October 2316] (DNA)
* Jeans New Formalwear Trend in Chetumal High Fashion After Awards Ceremony [16 September 2316] (VAR)
* Retired Pi
00:46 lot Orders Six Billion Credits Worth of Commemorative Paper Credits, Reportedly to Create Most Expensive Bed Ever [11 September 2316] (NEN)

Would you like to see the full archive of Economy headlines? [Enter `yes' or `no']

00:46 Return to the category menu? [Enter `yes' or `no']

00:46 You return your metallic gold touch einrophone to the main screen.

00:46 The navigation systems are nonfunctional until their power is restored.

00:46 Your number: 0010-18113

00:46 What would you like to do with your metallic gold touch einrophone?

[1] Dial
[2] Manage Contacts (21/32)
[3] Register on Directory
[4] View Missed Calls (1)
[5] Listen to Voicemail (1)
[6] Set Voicemail Greeting
[7] Read Message Boards
[8] Clear Unread Message Board Posts
[9] Newsreader
[10] Space Station Reference
[11] Space Market
[12] Activate Holovid
[13] Silence
[14] Nothing

Enter your selection:

00:46 You navigate your metallic gold touch einrophone to a news application.

00:46 =================================================
Affiliated Interalliance Press Services Newsfeeds
=================================================
[1] Unread
[2] Recent
[3] Interalliance
[4] AEU
[5] EAOS
[6] Fringe
[7] League
[8] Mutuality
[9] Economy
[10] Sports
[11] Entertainment
[12] Tabloid
[13] Exit

Enter your selection:

00:46 No unread headlines found!

00:46 Return to the category menu? [Enter `yes' or `no']

00:46 =================================================

00:46 Affiliated Interalliance Press Services Newsfeeds
=================================================
[1] Unread
[2] Recent
[3] Interalliance
[4] AEU
[5] EAOS
[6] Fringe
[7] League
[8] Mutuality
[9] Economy
[10] Sports
[11] Entertainment
[12] Tabloid
[13] Exit

Enter your selection:

00:46 ================
Recent Headlines
================
(Interalliance)     Civilian Pilots Mourn the Loss of Maggie, a Felo Who Lived a Really Long Time [19 March 2318] (DNA)
(AEU)               President Best Pleased With Increased Strength Of Steel Phoenix After Confederation Negotiations, But States That Upcoming Unrevealed NAPA Plan Will 'More Than Double' Union Capabilities [13 March 2318] (ISN)
(EAOS)              Induction: Alliance of ExtraSolar Unions Explorer Jonathan Gray has Accepted Induction into the Egalitarian Alliance of Sentients [ 8 March 2318] (ESR)
(Fringe)            Confederation of Fringe Worlds Removes Civilian Pilots From Non-Fringe Organizations; 'The Alliance Comes First, Not Organizations' [17 March 2318] (CPC)
(League)            Republican Party Convention In Full Swing; Jackson, Potter Pull Out Of Nomination Race While Goldstein, Jennings, And Wallace Give Powell Trouble [17 March 2318] (NAO)
(Mutuality)         Space Bus Company Begins Installing Ship's Heads in Living Quarters Block Following What Company Representative Insists on Referring Cryptically to as "The Incident of February the 17th" [17 February 2318] (DFP)
(Economy)           Area Man Attempts to Purchase One Hundred and Eighty Personal Corporate Runabouts, Later Downgrades Order to Two Personal Corporate Runabouts [15 February 2318] (NAO)
(Sports)            Upset Victory in the HypAc EuroGP as Rookie Racer from "Antai" Mutuality Protectora
00:46 te Station Brings Home First Place [13 August 2317] (IAS)
(Entertainment)     What is Oubliettes and Outsiders, and Why Are Your Kids Obsessed With It? Publisher Strategic Tuition Regulations Denies Claims of Outsider Indoctrination [14 January 2318] (TPR)
(Tabloid)           OUTSIDER DEATH SPHERE POISED TO DESTROY ALL YOU LOVE WITH NO HOPE OF ESCAPE; PROOF FROM EAOS ITSELF INSIDE! [23 February 2318] (TBX)

Return to the category menu? [Enter `yes' or `no']

00:47 [Tactical Communication] Elaine Moreau transmits, "If you're full, I'll just go next time."

00:50 [AEU | 10: Conquest Status] An AEU pilot corps liaison transmits, "I see some activity underway, but no performance goals reached yet! Let's keep going!"

00:51 Lily Kaise stands up from a rare black EAOSian contoured couch with a hand-made white and sapphire star quilt on it.

00:51 Lily Kaise laughs.

00:51 Lily Kaise presses a button to cancel the current autopilot program.

00:51 A firmly rooted animal with dozens of rough yellow tendrils slowly waves its many tendrils.

00:52 Lily Kaise sits down on a rare black EAOSian contoured couch with a hand-made white and sapphire star quilt on it.

00:55 A small thickly-shelled creature with a yellow shell and four small claws beats its claws together.

01:00 Purr the humanoid service robot spasmodically shakes a container of fish food over a wall-sized bubbling neon purple-lit aquarium containing yellow and violet aquatic life and coral rocks.

01:00 Purr the humanoid service robot clomps south.

01:01 Purr the humanoid service robot clomps into the room.

01:03 A short gold soft-bodied creature with many claw-tipped tentacles rears up suddenly from behind a plastic shipwreck flying a pirate flag and wraps its tentacles around it as if trying to drag it into the deep.

01:11 A large semi-transparent perfectly round creature with long dangling tendrils and a violet glowing interior drifts slowly past a plastic flower with red petals.

01:21 Lily Kaise navigates her metallic gold touch einrophone to a text-heavy application and peers at the screen.

01:24 You return your metallic gold touch einrophone to the main screen.

01:24 You kiss Lily Kaise.

01:24 Lily Kaise kisses you.

01:35 A large semi-transparent spherical creature with long dangling tendrils and a yellow glowing interior drifts slowly past a plastic frond of light green sea fern.

01:43 A long red soft-bodied creature with many claw-tipped tentacles swims around a plastic frond of light green sea fern.

01:47 A metallic silver metachannel FTL communicator beeps quietly, indicating that it has unread notices.

01:55 [AEU | 10: Conquest Status] An AEU pilot corps liaison transmits, "Looks like we've got some things going, but we haven't met any performance goals yet!"

01:59 A long amethyst soft-bodied creature with many claw-tipped tentacles swims around a plastic flower with red petals.

02:03 A large semi-transparent perfectly round creature with medium-length dangling tendrils and a violet glowing interior drifts slowly across the tank.

02:07 A large thickly-shelled creature with a red shell and four small claws snaps its claws menacingly at a plastic frond of light green sea fern.

02:08 [Tactical Communication] Alko Delovega transmits, "Nest?"

02:08 [Tactical Communication] Hawthorn Dunn transmits, "I only got a tier 1 but sure."

02:08 Shine the big white glowing felo wanders in from the south.

02:08 [Tactical Communication] Hank Marvelstine transmits, "After the op is over then sure."

02:09 Lily Kaise strokes the soft fur of Shine the big white glowing felo.

02:09 Shine the big white glowing felo purrs and rubs its head against Lily's hand, looking up at her adoringly.

02:09 A long amber soft-bodied creature with many claw-tipped tentacles propels itself through the tank, stirring up tiny particles.

02:09 You stroke the soft fur of Shine the big white glowing felo.

02:09 Shine the big white glowing felo purrs and rubs its head against your hand, looking up at you adoringly.

02:09 You pet Lily Kaise on the head.

02:12 Shine the big white glowing felo rubs up against a festive holiday tree made entirely of sparkling ice decorated with an ornamental rendering of Icy the Snowfish's Holiday Ice Castle o' Wonders and a gold ornament etched with the year 2317, purring softly.

02:16 Shine the big white glowing felo jumps into Lily Kaise's lap and settles in, purring.

02:16 You grin at Lily Kaise.

02:28 Shine the big white glowing felo jumps down from Lily Kaise's lap.

02:28 Shine the big white glowing felo seems to be hungry.
Shine the big white glowing felo approaches a glossy silver ceramic felo chow bowl, glances around, then begins shoveling low-grade dry Felo Chow into its mouth.

02:28 Lily Kaise strokes the soft fur of Shine the big white glowing felo.

02:28 Shine the big white glowing felo purrs and rubs its head against Lily's hand, looking up at her adoringly.

02:29 Lily Kaise says, "Oh I need to put that tree in storage."

02:29 Lily Kaise laughs.

02:29 Lily Kaise picks up a festive holiday tree made entirely of sparkling ice decorated with an ornamental rendering of Icy the Snowfish's Holiday Ice Castle o' Wonders and a gold ornament etched with the year 2317.

02:30 Lily Kaise puts a festive holiday tree made entirely of sparkling ice decorated with an ornamental rendering of Icy the Snowfish's Holiday Ice Castle o' Wonders and a gold ornament etched with the year 2317 on a round white rattan coffee table with a glass top.

02:30 Lily Kaise says, "Oh interesting."

02:36 Shine the big white glowing felo wanders south.

02:39 You grin at Lily Kaise.

02:44 There appear to be about 27 pilots recently active.

02:44 The communicator network and Accord QE comm detect:
Pierre-Louis Tremblay-du-Lys  (E)
Michael Kennedy  (E)
Melinda Michaels  (E)
Lily Kaise  (A)
Shule Elemmire  (A) [m]
Cataleya Sandes  (L) [c]
Sean Sloan  (L)
Jada Nelson  (L)
Bryan Stout  (L)
Tanny Hill  (L)
Petra Summers  (L)
Brunhilda Schreiber  (L)
Morris Corlew  (L)
%Nissi Valdaire  (L) [a]
Clarina Taylor  (F)
Hank Marvelstine  (F)
Blake Madison  (F)
Alko Delovega  (F)
Kani Kahakai  (F)
Hawthorn Dunn  (F)
Evenia Callseah  (F)
Lorenah Mayfield  (F)
Elaine Moreau  (F)
Keegan Wantz  (F)

% == Detected via Quantum Entanglement comm
Your communicator also reports that there are 4 pilots who were active but dropped out of communications.
Additionally, there are 10 pilots who appear to have their communicators on but have not recently been active.
Final total: 37 pilots.
Want to know if anyone's relaxing in a public venue? Check WHERE!

02:47 A metallic silver metachannel FTL communicator beeps quietly, indicating that it has unread notices.

02:47 You glance at your communicator's screen.

02:47 There is one headline.

02:49 A firmly rooted animal with dozens of smooth green tendrils slowly waves its many tendrils.

02:55 [AEU | 10: Conquest Status] An AEU pilot corps liaison transmits, "I see some activity underway, but no performance goals reached yet! Let's keep going!"

02:56 [Tactical Communication] Hank Marvelstine transmits, "Anyone want beacons, nests, something?"

02:57 A large thickly-shelled creature with a red shell and four small claws rears up against the glass and snaps its claws at the outside world.

02:59 A large semi-transparent spherical creature with narrow dangling tendrils and an orange glowing interior drifts slowly past a plastic wrecked EAOS Defender.

03:09 A large semi-transparent perfectly round creature with medium-length dangling tendrils and a violet glowing interior drifts slowly past a plastic flower with red petals.

03:13 A large thickly-shelled creature with a red shell and four small claws snaps its claws menacingly at a string of light purple plastic kelp.

03:15 A long gold soft-bodied creature with many claw-tipped tentacles propels itself through the tank, stirring up tiny particles.

03:27 A firmly rooted animal with dozens of rough yellow tendrils slowly waves its many tendrils.

03:37 A small thickly-shelled creature with a yellow shell and four small claws snaps its claws menacingly at a string of light purple plastic kelp.

03:43 A small thickly-shelled creature with a yellow shell and four small claws raises its claws at a small plastic statue of a Jinu and snaps them menacingly while dancing around it.

03:47 A large semi-transparent perfectly round creature with long dangling tendrils and a violet glowing interior pulsates gently.

03:53 A firmly rooted animal with dozens of smooth green tendrils slowly waves its many tendrils.

03:56 [AEU | 10: Conquest Status] An AEU pilot corps liaison transmits, "Looks like we've got some things going, but we haven't met any performance goals yet!"

03:57 A short gold soft-bodied creature with many claw-tipped tentacles abruptly flings itself at the side of the tank, its tentacles tapping at the glass, then it withdraws.

04:11 A long red soft-bodied creature with many claw-tipped tentacles propels itself through the tank, stirring up tiny particles.

04:14 Your metallic gold touch einrophone trills quietly, indicating a new story has been posted under "Interalliance."
A metallic silver metachannel FTL communicator dings politely as it receives a new notice.

04:15 Your number: 0010-18113

04:15 What would you like to do with your metallic gold touch einrophone?

[1] Dial
[2] Manage Contacts (21/32)
[3] Register on Directory
[4] View Missed Calls (1)
[5] Listen to Voicemail (1)
[6] Set Voicemail Greeting
[7] Read Message Boards
[8] Clear Unread Message Board Posts
[9] Newsreader
[10] Space Station Reference
[11] Space Market
[12] Activate Holovid
[13] Silence
[14] Nothing

Enter your selection:

04:15 You navigate your metallic gold touch einrophone to a news application.

04:15 =================================================
Affiliated Interalliance Press Services Newsfeeds
=================================================
[1] Unread
[2] Recent
[3] Interalliance
[4] AEU
[5] EAOS
[6] Fringe
[7] League
[8] Mutuality
[9] Economy
[10] Sports
[11] Entertainment
[12] Tabloid
[13] Exit

Enter your selection:

04:15 ==============================
Recent Interalliance Headlines
==============================
* Local Temporary Space Station Soon to Shut Down - Will Be Replaced By Identical Temporary Space Station [20 March 2318] (DNA)

Return to the category menu? [Enter `yes' or `no']

04:15 Lily Kaise navigates her metallic gold touch einrophone to a news application.

04:15 A large semi-transparent perfectly round creature with long dangling tendrils and a violet glowing interior drifts slowly past a plastic shipwreck flying a pirate flag.

04:15 >> Command Aborted <<

04:15 Lily Kaise returns her metallic gold touch einrophone to the main screen.

04:15 Lily Kaise says, "Huh so what does that mean."

04:16 You say, "I was just about to ask."

04:16 You laugh.

04:16 Lily Kaise laughs.

04:16 Lily Kaise exclaims, "That sounds so like a non-statment!"

04:16 You say, "Yeah, I know."

04:16 Lily Kaise says, "Statemtnt."

04:16 Lily Kaise says, "Wow and I sure can't talk."

04:16 You tickle Lily Kaise!

04:16 You laugh.

04:16 Lily Kaise laughs.

04:16 Lily Kaise exclaims, "Anyway Love I think I'm ready for bed!"

04:16 You say, "Me too."

04:16 You stand up from a rare black EAOSian contoured couch with a hand-made white and sapphire star quilt on it.

04:17 You kiss Lily Kaise on the lips.

04:17 [Starship "William Dove"; Base Block]

04:17 You see a soft round ocean blue rug with a design of coral and turquoise seashells, a blueberry rattan bench with a long white and coral pink flowered cushion on it, a round white rattan dining table with a glass top, a blueberry rattan bench with a long white and coral pink flowered cushion on it, a rattan floor lamp with a coral lotus shade, a blueberry rattan pantry cabinet, a small dusky pink trash bin, a glossy azure blue ceramic felo chow bowl, a black plastic tray of spider chow, a Tardick lizard named Asteria, and Shine the big white glowing felo here.
You can go north, east, south, west, up, and down.

04:17 [Starship "William Dove"; Observation Deck]

04:17 You see a large round light purple and dark purple cloth rug, an antique oak table from Old Earth, a textured plasteel floor lamp with a cream shade (casting a white-colored glow), a violet leather sectional sofa, a glossy lilac ceramic felo chow bowl, a wall-sized bubbling coral pink-lit aquarium containing violet and white aquatic life and coral rocks, a rainbow-colored portable hot tub with silver star accents, a black plastic tray of spider chow, Sunshine the light yellow long-haired felo kitten, and a hairy yellow eight-legged ArachnoPal named Higgins here.
You can go north, east, south, west, up, and down.

04:17 [Starship "William Dove"; Living Quarters One]

04:17 You see a dusky pink rattan cabinet, a small red ball containing a realistic Bari horde noisemaker, a glossy pale purple ceramic felo chow bowl, a large oval dark purple and light purple cloth rug, a small oval turquoise rattan table with a glass top, a white four poster rattan bed with a heart-shaped headboard and filmy deep purple hangings with a soft periwinkle cashmere blanket, a set of lavender silk sheets, a large periwinkle bed pillow, a hand-made purple and amethyst flower quilt, and a large periwinkle bed pillow on it, and a small hot beverage dispenser here.
You can go out.

04:17 You remove all of your clothing, placing it carefully in a small suitcase.

04:17 You lie down on a white four poster rattan bed with a heart-shaped headboard and filmy deep purple hangings with a soft periwinkle cashmere blanket, a set of lavender silk sheets, a large periwinkle bed pillow, a hand-made purple and amethyst flower quilt, and a large periwinkle bed pillow on it.

04:18  You are wearing nothing. You are also wearing a keychain, a solid silver ring engraved with dolphins, and a gold wrist-mounted chronometer. You are concealing a metallic silver metachannel FTL communicator, a black flightbag with a red shooting star on the side, a leather briefcase, a large expandable telescoping xenology container, a scorched metal thigh holster, a golden Feng Wo coin purse, a camera bag, a flight control scanner, a black engineering tool case, a metallic gold touch einrophone, and a backpack. Your head, face, both eyes, neck, both shoulders, chest, back, both biceps, both elbows, abdomen, both forearms, both wrists, both hands, waist, both hips, groin, both thighs, both knees, both calves, both ankles, and both feet are left uncovered.

04:18 You are carrying nothing.

04:19  You are wearing nothing. You are also wearing a keychain, a solid silver ring engraved with dolphins, and a gold wrist-mounted chronometer. You are concealing a metallic silver metachannel FTL communicator, a black flightbag with a red shooting star on the side, a leather briefcase, a large expandable telescoping xenology container, a scorched metal thigh holster, a golden Feng Wo coin purse, a camera bag, a flight control scanner, a black engineering tool case, a metallic gold touch einrophone, and a backpack. Your head, face, both eyes, neck, both shoulders, chest, back, both biceps, both elbows, abdomen, both forearms, both wrists, both hands, waist, both hips, groin, both thighs, both knees, both calves, both ankles, and both feet are left uncovered.

04:19 You are carrying nothing.

04:19 Lily Kaise glides in from the north.

04:19 Lily Kaise says, "Had to feed the lizie."

04:19 You grin at Lily Kaise.

04:20 Lily Kaise removes a small suitcase from a lavender silk backpack embroidered with brightly hued butterflies.

04:20 Lily Kaise removes all of her clothing, placing it carefully in a small suitcase.

04:20 Lily Kaise puts a small suitcase in a lavender silk backpack embroidered with brightly hued butterflies.

04:20 Lily Kaise lies down on a white four poster rattan bed with a heart-shaped headboard and filmy deep purple hangings with a soft periwinkle cashmere blanket, a set of lavender silk sheets, a large periwinkle bed pillow, a hand-made purple and amethyst flower quilt, and a large periwinkle bed pillow on it.

04:20 You wrap your arms around Lily Kaise, pulling her close.

04:20 Lily Kaise cuddles up to you.

04:20 You cuddle up to Lily Kaise.

04:20 You say to Lily, "I love you."

04:20 Lily says to you, "I love you too!"

04:20 You smile at Lily Kaise.

04:20 Lily Kaise kisses you on the lips.

04:20 You kiss Lily Kaise on the lips.

04:20 Lily Kaise navigates her metallic gold touch einrophone to a market application and peers at the screen.

04:21 Lily says to you, "Nite Love, rest well and sweet dreams."

04:22 Lily Kaise squeezes you affectionately.

04:22 You say to Lily, "Night love. Rest well and sweet dreams to you as well. I love you."

04:22 Lily says to you, "I love you too."

04:22 You gently caress Lily Kaise's back and waist.

04:22 Lily gently rubs your back.

04:22 You smile at Lily Kaise. "Night."

04:22 "Nite!" Lily Kaise smiles at you.

04:57 [AEU | 10: Conquest Status] An AEU pilot corps liaison transmits, "Come on, we can reach our performance goals if we try!"

05:17 A metallic silver metachannel FTL communicator beeps quietly, indicating that it has unread notices.

05:58 [AEU | 10: Conquest Status] An AEU pilot corps liaison transmits, "Looks like we've got some things going, but we haven't met any performance goals yet!"

06:42 [Tactical Communication] Evenia Callseah transmits, "I have company one sector west of second battle. It's a loan corvette, but I am in a mod transport. Could someone give an assist? Thanks."

06:42 [Tactical Communication] Gonzales Bourne transmits, "Coming."

06:43 [Tactical Communication] Evenia Callseah transmits, "Thanks. I am safely landed."

06:44 [Tactical Communication] Lorenah Mayfield transmits, "Just as a warning, we have an ares in The belt of Orion."

06:44 [Tactical Communication] Gonzales Bourne transmits, "Will be there once this is done."

06:44 [Tactical Communication] Melinda Michaels transmits, "We are going there now."

06:48 [Tactical Communication] Melinda Michaels transmits, "Orion is clear."

06:48 [Tactical Communication] Evenia Callseah transmits, "West of second battle is too."

06:49 [Tactical Communication] Lorenah Mayfield transmits, "Thanks."

06:59 [AEU | 10: Conquest Status] An AEU pilot corps liaison transmits, "Come on, we can reach our performance goals if we try!"

07:59 [AEU | 10: Conquest Status] An AEU pilot corps liaison transmits, "Come on, we can reach our performance goals if we try!"

08:59 [AEU | 10: Conquest Status] An AEU pilot corps liaison transmits, "I see some activity underway, but no performance goals reached yet! Let's keep going!"

10:00 [AEU | 10: Conquest Status] An AEU pilot corps liaison transmits, "I see some activity underway, but no performance goals reached yet! Let's keep going!"

11:01 [AEU | 10: Conquest Status] An AEU pilot corps liaison transmits, "I see some activity underway, but no performance goals reached yet! Let's keep going!"

12:08 [AEU | 10: Conquest Status] An AEU pilot corps liaison transmits, "Looks like we've got some things going, but we haven't met any performance goals yet!"

13:10 A Tardick lizard named Asteria trundles slowly into the area.

13:11 [AEU | 10: Conquest Status] An AEU pilot corps liaison transmits, "Looks like we've got some things going, but we haven't met any performance goals yet!"

13:20 A Tardick lizard named Asteria flicks its tail.

13:20 Lily Kaise strokes a Tardick lizard named Asteria's warm scaly skin.

13:20 Lily Kaise navigates her metallic gold touch einrophone to a market application and peers at the screen.

13:27 A Tardick lizard named Asteria trundles slowly out.

14:09 There appear to be about 11 pilots recently active.

14:09 The communicator network and Accord QE comm detect:
Michael Kennedy  (E)
Melinda Michaels  (E)
Lily Kaise  (A)
Jada Nelson  (L)
Morris Corlew  (L)
%Wendy Arroyo  (L)
%Nissi Valdaire  (L) [a]
Hawthorn Dunn  (F)
Gonzales Bourne  (F)

% == Detected via Quantum Entanglement comm
Your communicator also reports that there are 4 pilots who were active but dropped out of communications.
Additionally, there are 19 pilots who appear to have their communicators on but have not recently been active.
Final total: 30 pilots.
Want to know if anyone's relaxing in a public venue? Check WHERE!

14:09 You kiss Lily Kaise.

14:09 You wrap your arms around Lily Kaise, pulling her close.

14:09 **
 Welcome back to Star Conquest!
**

14:09  Consider voting for Star Conquest at MUD listing sites! Votes help keep new players coming to the game!
 The Mud Connector: http://www.mudconnect.com/mud-bin/vote_rank.cgi?mud=Star+Conquest
 Top Mud Sites:     http://www.topmudsites.com/vote-sc.html
**
 TIP: IFS stands for Interstellar Federation of Species! They are a collection of aliens who have been fighting with humans since before the Outsider War.
**

14:09 I don't see that here.

14:10 You cuddle up to Lily Kaise.

14:11 [AEU | 10: Conquest Status] An AEU pilot corps liaison transmits, "Come on, we can reach our performance goals if we try!"

14:12 A metallic silver metachannel FTL communicator beeps quietly, indicating that it has unread notices.

14:54 Lily Kaise cuddles up to you.

14:54 Lily Kaise says, "Off to do a little work for a change."

14:55 Lily says to you, "See you later Love!"

14:55 Lily Kaise kisses you.

14:55 Lily Kaise stands up from a white four poster rattan bed with a heart-shaped headboard and filmy deep purple hangings with a soft periwinkle cashmere blanket, a set of lavender silk sheets, a large periwinkle bed pillow, a hand-made purple and amethyst flower quilt, and a large periwinkle bed pillow on it.

14:55 Lily Kaise glides out.

15:06 [Tactical Communication] Alko Delovega transmits, "One for a nest?"

15:06 [Tactical Communication] Hawthorn Dunn transmits, "What tier?"

15:07 [Tactical Communication] Alko Delovega transmits, "What do you have?"

15:07 [Tactical Communication] Hawthorn Dunn transmits, "Tier one rental."

15:11 [AEU | 10: Conquest Status] An AEU pilot corps liaison transmits, "I see some activity underway, but no performance goals reached yet! Let's keep going!"

15:16 [Tactical Communication] Alko Delovega transmits, "Mel?"

15:16 [Tactical Communication] Melinda Michaels transmits, "Yes?"

15:16 [Tactical Communication] Alko Delovega transmits, "Turtle 2, league 3, AEU 3, could add rental one?"

15:17 [Tactical Communication] Melinda Michaels transmits, "Should work, just be careful. He can play a backup rep role too."

15:17 [Tactical Communication] Alko Delovega transmits, "Good to kno that, thanks."

15:18 [Tactical Communication] Melinda Michaels transmits, "Alko, are you tanking in League?"

15:18 [Tactical Communication] Alko Delovega transmits, "Yes."

15:18 [Tactical Communication] Melinda Michaels transmits, "I ad\ise that the turtle\s~ay=away from rage and bob unless &_u go over say 60% damage."

15:19 [Tactical Communication] Melinda Michaels transmits, "Did you get (hat?"

15:19 [Tactical Communication] Melinda Michaels transmits, "Did you copy?"

15:19 [Tactical Communication] Alko Delovega transmits, "Think not."

15:19 [Tactical Communication] Ryan Thomas transmits, "You advise the turtles to stay away from rage and bob unless the AEU is over 60 percent."

15:20 [Tactical Communication] Melinda Michaels transmits, "Thanks."

15:20 [Tactical Communication] Alko Delovega transmits, "Aha, I don't know what the turtle could do, that's why I didn't understand."

15:27 [Tactical Communication] Michael Kennedy transmits, "I know there be a nest already, but anyone up for a second? Would need 2."

16:12 [AEU | 10: Conquest Status] An AEU pilot corps liaison transmits, "I see some activity underway, but no performance goals reached yet! Let's keep going!"

16:37 [Tactical Communication] Michael Kennedy transmits, "1 for a nest?"

17:15 [AEU | 10: Conquest Status] An AEU pilot corps liaison transmits, "I see some activity underway, but no performance goals reached yet! Let's keep going!"

17:42 Sunshine the light yellow long-haired felo kitten wanders in from the north.

17:46 [Tactical Communication] Michael Kennedy transmits, "1 for a nest?"

17:46 [Tactical Communication] Sean Sloan transmits, "Yes."

17:46 [Tactical Communication] Alko Delovega transmits, "I can."

17:46 [Tactical Communication] Michael Kennedy transmits, "What you have 3 or around there, sean?"

17:47 [Tactical Communication] Sean Sloan transmits, "Fringe 3 eaos 3 and turtle 3!"

17:47 [Tactical Communication] Sean Sloan transmits, "Wait turtle 2."

17:49 [Tactical Communication] Michael Kennedy transmits, "One moment, switching around suits to accomidate!"

17:52 [Tactical Communication] Michael Kennedy transmits, "You can bring hmm fringe?"

17:53 [Tactical Communication] Sean Sloan transmits, "Ok."

17:53 [Tactical Communication] Michael Kennedy transmits, "Will meet on chetumal."

17:54 Sunshine the light yellow long-haired felo kitten stares curiously up at you.

17:58 Sunshine the light yellow long-haired felo kitten wanders out.

18:03 [Tactical Communication] Keegan Wantz transmits, "Anyone with a high tier healy suit care to hit a Turtle ship?"

18:04 [Tactical Communication] Kerry Rodriguez transmits, "Yes."

18:04 [Tactical Communication] Keegan Wantz transmits, "Which variety have you got?"

18:04 [Tactical Communication] Kerry Rodriguez transmits, "A league 5."

18:05 [Tactical Communication] Alko Delovega transmits, "Heal, kerry."

18:05 [Tactical Communication] Keegan Wantz transmits, "Ah, not quite healy enough. Do you have a tier 4 AEU or Bari?"

18:05 [Tactical Communication] Kerry Rodriguez transmits, "No, sorry."

18:17 [AEU | 10: Conquest Status] An AEU pilot corps liaison transmits, "Looks like we've got some things going, but we haven't met any performance goals yet!"

19:17 [AEU | 10: Conquest Status] An AEU pilot corps liaison transmits, "Looks like we've got some things going, but we haven't met any performance goals yet!"

19:26 Sunshine the light yellow long-haired felo kitten wanders in from the north.

19:34 Sunshine the light yellow long-haired felo kitten rubs up against a white four poster rattan bed with a heart-shaped headboard and filmy deep purple hangings with a soft periwinkle cashmere blanket, a set of lavender silk sheets, a large periwinkle bed pillow, a hand-made purple and amethyst flower quilt, and a large periwinkle bed pillow on it, purring softly.

19:38 Sunshine the light yellow long-haired felo kitten wanders out.

20:06 Sunshine the light yellow long-haired felo kitten wanders in from the north.

20:18 Sunshine the light yellow long-haired felo kitten wanders out.

20:21 [AEU | 10: Conquest Status] An AEU pilot corps liaison transmits, "I see some activity underway, but no performance goals reached yet! Let's keep going!"

20:22 Sunshine the light yellow long-haired felo kitten wanders in from the north.

20:23 [Notification from Space Explorers Amidst The Stars] A load of salvage has been received at AEU Salvage Processing Nuclear Temporary Station from the two-person light transport "Salvagari Lettuce". The organization has earned 373,265.80 credits.

20:26 Sunshine the light yellow long-haired felo kitten suddenly jumps onto a small oval turquoise rattan table with a glass top.

20:50 Sunshine the light yellow long-haired felo kitten wanders out.

20:56 Shine the big white glowing felo wanders in from the north.

21:12 Shine the big white glowing felo wanders out.

21:18 Sunshine the light yellow long-haired felo kitten wanders in from the north.

21:22 Sunshine the light yellow long-haired felo kitten wanders out.

21:22 [AEU | 10: Conquest Status] An AEU pilot corps liaison transmits, "Looks like we've got some things going, but we haven't met any performance goals yet!"

22:16 [Tactical Communication] Damien Goss transmits, "Two for a nest?"

22:16 [Tactical Communication] Lorenah Mayfield transmits, "Yes."

22:23 [AEU | 10: Conquest Status] An AEU pilot corps liaison transmits, "Come on, we can reach our performance goals if we try!"

22:46 [Notification from Space Explorers Amidst The Stars] Lily Kaise has automatically contributed 4,770,000.00 AEU credits.

23:24 [AEU | 10: Conquest Status] An AEU pilot corps liaison transmits, "Looks like we've got some things going, but we haven't met any performance goals yet!"

