01:15 Sunshine the light yellow long-haired felo wanders in from the north.

01:19 Sunshine the light yellow long-haired felo wanders out.

01:31 Sunshine the light yellow long-haired felo wanders in from the north.

01:39 Sunshine the light yellow long-haired felo stares curiously up at you.

01:59 Sunshine the light yellow long-haired felo stares curiously up at you.

02:07 Sunshine the light yellow long-haired felo wanders out.

02:17 Shine the big white glowing felo wanders in from the north.

02:25 Shine the big white glowing felo wanders out.

02:29 Shine the big white glowing felo wanders in from the north.

02:33 Shine the big white glowing felo rears up and plants both pairs of forelegs on your leg, then rubs its head against you, purring softly.

02:37 Shine the big white glowing felo rears up and plants both pairs of forelegs on your leg, then rubs its head against you, purring softly.

02:41 Shine the big white glowing felo wanders out.

03:01 Shine the big white glowing felo wanders in from the north.

03:05 Shine the big white glowing felo suddenly jumps onto a white four poster rattan bed with a heart-shaped headboard and filmy deep purple hangings with a soft periwinkle cashmere blanket, a set of lavender silk sheets, a hand-made purple and amethyst flower quilt, a large periwinkle bed pillow, and a large periwinkle bed pillow on it.

03:13 Shine the big white glowing felo wanders out.

03:14 A metallic silver metachannel FTL communicator beeps insistently as it receives a new notice.

03:17 Shine the big white glowing felo wanders in from the north.

03:25 Shine the big white glowing felo rears up and plants both pairs of forelegs on your leg, then rubs its head against you, purring softly.

03:29 Shine the big white glowing felo rears up and plants both pairs of forelegs on your leg, then rubs its head against you, purring softly.

03:33 [Notification from Space Explorers Amidst The Stars] Lily Kaise, Phoenix Dissident has automatically contributed 9,580,002.34 AEU credits.

03:37 Shine the big white glowing felo wanders out.

03:57 Shine the big white glowing felo wanders in from the north.

04:05 Shine the big white glowing felo wanders out.

04:10 Lily Kaise, Phoenix Dissident walks in from the north.

04:11 Lily Kaise, Phoenix Dissident walks out.

04:11 Lily Kaise, Phoenix Dissident walks in from the north.

04:11 Lily Kaise, Phoenix Dissident removes a small suitcase from a lavender silk backpack embroidered with brightly hued butterflies.

04:11 Lily Kaise, Phoenix Dissident removes all of her clothing, placing it carefully in a small suitcase.

04:11 Lily Kaise, Phoenix Dissident puts a small suitcase in a lavender silk backpack embroidered with brightly hued butterflies.

04:11 Lily Kaise, Phoenix Dissident lies down on a white four poster rattan bed with a heart-shaped headboard and filmy deep purple hangings with a soft periwinkle cashmere blanket, a set of lavender silk sheets, a hand-made purple and amethyst flower quilt, a large periwinkle bed pillow, and a large periwinkle bed pillow on it.

04:11 Lily Kaise, Phoenix Dissident blinks heavily and then dozes off.

04:45 You kiss Lily Kaise, Phoenix Dissident.

04:45 You blink heavily and then doze off.

04:45 **

04:45  Welcome back to Star Conquest!
**

04:45  Two thousand four hundred eighty-five new posts to the changelog since you were last connected. Type CHANGELOG NEW to read them.

04:45 **
 Star Conquest takes a lot of money to run. Please consider donating to offset those costs.
 Type HELP DONATIONS for more information.
**
 TIP: IFS stands for Interstellar Federation of Species! They are a collection of aliens who have been fighting with humans since before the Outsider War.
**

05:19 [AEU | 1: Alliance Communication] Casen Thale transmits, "Hello, Emmelie. Welcome to the corps."

05:19 [AEU | 1: Alliance Communication] Emmelie Princeton transmits, "Hi. And thank you."

05:28 [Tactical Communication] Hank Marvelstine transmits, "Anyone want some beacons?"

05:29 [Tactical Communication] Hank Marvelstine transmits, "Ok so who'd like to gun and eng on some gunship beacons?"

05:38 You blink heavily and then doze off.

06:35 Sunshine the light yellow long-haired felo wanders in from the north.

06:43 Sunshine the light yellow long-haired felo wanders out.

06:55 Sunshine the light yellow long-haired felo wanders in from the north.

06:59 Sunshine the light yellow long-haired felo wanders out.

09:35 Sunshine the light yellow long-haired felo wanders in from the north.

09:39 Sunshine the light yellow long-haired felo wanders out.

10:58 [Newbie Help] Morris Corlew transmits, "Can ships be unlocked from inside an emergency bubble?"

10:59 [Newbie Help] Morris Corlew transmits, "Never mind."

12:09 Shine the big white glowing felo wanders in from the north.

12:13 Shine the big white glowing felo wanders out.

12:40 Lily Kaise, Phoenix Dissident navigates her metallic gold touch einrophone to a market application and peers at the screen.

13:03 Lily Kaise, Phoenix Dissident lies back on a white four poster rattan bed with a heart-shaped headboard and filmy deep purple hangings with a soft periwinkle cashmere blanket, a set of lavender silk sheets, a hand-made purple and amethyst flower quilt, a large periwinkle bed pillow, and a large periwinkle bed pillow on it and goes to sleep.

13:43 [Tactical Communication] Hank Marvelstine transmits, "Beacons?"

13:43 [Tactical Communication] Kert On'Marr transmits, "Me."

13:43 [Tactical Communication] Hank Marvelstine transmits, "One more for wing?"

13:44 [Tactical Communication] Hank Marvelstine transmits, "Hey kert, you want to tandem? We can convene at the BAS and go from there."

13:45 [Tactical Communication] Kert On'Marr transmits, "Yes."

13:45 [Tactical Communication] Hank Marvelstine transmits, "K I'll go west and letcha now when they arrive."

13:50 [Tactical Communication] Kert On'Marr transmits, "Start in the upper northwest corner of something hank, I'll be coming in at bottom southeast."

13:50 [Tactical Communication] Hank Marvelstine transmits, "I am directly west. Letcha know when I get company."

13:53 [Tactical Communication] Hank Marvelstine transmits, "Company."

13:57 Shine the big white glowing felo wanders in from the north.

14:01 Shine the big white glowing felo jumps onto a white four poster rattan bed with a heart-shaped headboard and filmy deep purple hangings with a soft periwinkle cashmere blanket, a set of lavender silk sheets, a hand-made purple and amethyst flower quilt, a large periwinkle bed pillow, and a large periwinkle bed pillow on it and immediately settles in.

14:01 Shine the big white glowing felo lies down and curls up into a tight ball, closes its eyes, and appears to sleep.

14:20 [Tactical Communication] Kert On'Marr transmits, "Heh whoops."

15:33 Shine the big white glowing felo jumps down from a white four poster rattan bed with a heart-shaped headboard and filmy deep purple hangings with a soft periwinkle cashmere blanket, a set of lavender silk sheets, a hand-made purple and amethyst flower quilt, a large periwinkle bed pillow, and a large periwinkle bed pillow on it.

15:37 Shine the big white glowing felo seems to be hungry.

15:37 Shine the big white glowing felo approaches a glossy pale purple ceramic felo chow bowl, glances around, then begins shoveling low-grade dry Felo Chow into its mouth.

15:43 Sunshine the light yellow long-haired felo wanders in from the north.

15:57 Shine the big white glowing felo wanders out.

15:59 Sunshine the light yellow long-haired felo stares curiously up at you.

16:19 Sunshine the light yellow long-haired felo wanders out.

16:35 Sunshine the light yellow long-haired felo wanders in from the north.

16:39 Sunshine the light yellow long-haired felo wanders out.

17:02 Lily Kaise, Phoenix Dissident suddenly awakens.

17:03 Sunshine the light yellow long-haired felo wanders in from the north.

17:03 Lily Kaise, Phoenix Dissident strokes the soft fur of Sunshine the light yellow long-haired felo.

17:03 Sunshine the light yellow long-haired felo purrs and rubs its head against Lily's hand, looking up at her adoringly.

17:04 Lily Kaise, Phoenix Dissident wraps her arms around you, pulling you close.

17:04 Lily Kaise, Phoenix Dissident kisses you.

17:04 Lily Kaise, Phoenix Dissident stands up from a white four poster rattan bed with a heart-shaped headboard and filmy deep purple hangings with a soft periwinkle cashmere blanket, a set of lavender silk sheets, a hand-made purple and amethyst flower quilt, a large periwinkle bed pillow, and a large periwinkle bed pillow on it.

17:04 Lily Kaise, Phoenix Dissident walks out.

17:07 Sunshine the light yellow long-haired felo wanders out.

17:27 Sunshine the light yellow long-haired felo wanders in from the north.

17:47 Sunshine the light yellow long-haired felo wanders out.

18:42 Shine the big white glowing felo wanders in from the north.

19:10 Shine the big white glowing felo rears up and plants both pairs of forelegs on your leg, then rubs its head against you, purring softly.

19:14 Shine the big white glowing felo rears up and plants both pairs of forelegs on your leg, then rubs its head against you, purring softly.

19:28 Sunshine the light yellow long-haired felo wanders in from the north.

19:30 Shine the big white glowing felo rubs up against Sunshine the light yellow long-haired felo, and both animals purr softly.

19:32 Sunshine the light yellow long-haired felo rubs up against a white four poster rattan bed with a heart-shaped headboard and filmy deep purple hangings with a soft periwinkle cashmere blanket, a set of lavender silk sheets, a hand-made purple and amethyst flower quilt, a large periwinkle bed pillow, and a large periwinkle bed pillow on it, purring softly.

19:34 Shine the big white glowing felo wanders out.

19:36 Sunshine the light yellow long-haired felo stares curiously up at you.

19:44 Sunshine the light yellow long-haired felo wanders out.

20:36 Sunshine the light yellow long-haired felo wanders in from the north.

20:40 Sunshine the light yellow long-haired felo wanders out.

20:48 A metallic gold touch einrophone beeps quietly for attention, indicating a new post in General/Name Changes.

20:48 A metallic silver metachannel FTL communicator chimes softly as it receives a new notice.

22:30 You stand up from a white four poster rattan bed with a heart-shaped headboard and filmy deep purple hangings with a soft periwinkle cashmere blanket, a set of lavender silk sheets, a hand-made purple and amethyst flower quilt, a large periwinkle bed pillow, and a large periwinkle bed pillow on it.

22:30 **

22:30  Welcome back to Star Conquest!
**
 Consider voting for Star Conquest at MUD listing sites! Votes help keep new players coming to the game!
 The Mud Connector: http://www.mudconnect.com/mud-bin/vote_rank.cgi?mud=Star+Conquest
 Top Mud Sites:     http://www.topmudsites.com/vote-sc.html
**
 TIP: There are many other pockets of humanity, small factions, and assorted oddities in deep space. Talk to your fellow pilots to learn more about the universe!
**

22:30 I see no "get suit" here.

22:30 You remove a small suitcase from a leather briefcase.

22:30 You open a small suitcase.

22:30 You don't have a pair of skimpy white cherry-flavored briefs.

22:30 You remove a pair of white cotton briefs from a small suitcase.

22:30 You slide a pair of white cotton briefs on.

22:30 You remove a pair of blue corduroy jeans from a small suitcase.

22:30 You pull a pair of blue corduroy jeans on over your legs.

22:31 You remove a soft red heather cotton polo from a small suitcase.

22:31 You pull a soft red heather cotton polo on over your head.

22:31 You remove a pair of gray canvas sneakers from a small suitcase.

22:31 You pull a pair of gray canvas sneakers onto your feet.

22:31 You close a small suitcase.

22:31 You put a small suitcase in a leather briefcase.

22:31 You glance at your communicator's screen.

22:31 Notice from the Ground Squad Leader: Greetings! I regret to inform you, that due to the recent actions of the AEU Government, once the current income-producing Temporary Space Stations go offline, SEAS will not participate in the establishment of replacement Stations. Additionally, I urge all of you to seriously consider your work and unless you need to pay for essential needs, that you do not engage in work whish supports a government who tolerates criminals. [01:14  8 May 2318 GST]
There is one board post.
There is one headline.

22:31 Your number: 0010-18113

22:31 What would you like to do with your metallic gold touch einrophone?

[1] Dial
[2] Manage Contacts (22/32)
[3] Register on Directory
[4] View Missed Calls (1)
[5] Listen to Voicemail (1)
[6] Set Voicemail Greeting
[7] Read Message Boards
[8] Clear Unread Message Board Posts
[9] Newsreader
[10] Space Station Reference
[11] Space Market
[12] Activate Holovid
[13] Silence
[14] Nothing

Enter your selection:

22:31 You navigate your metallic gold touch einrophone to a news application.

22:31 =================================================
Affiliated Interalliance Press Services Newsfeeds
=================================================
[1] Unread
[2] Recent
[3] Interalliance
[4] AEU
[5] EAOS
[6] Fringe
[7] League
[8] Mutuality
[9] Economy
[10] Sports
[11] Entertainment
[12] Tabloid
[13] Exit

Enter your selection:

22:31 ====================

22:31 Recent AEU Headlines
====================
* MetalliSynth Pulls Out of CPP Ground-Based Operations Bidding; Who Will Outbid The Other, Precision Technologies Or Applied Automation? [ 4 May 2318] (VET)
* Surprise Bid Withdraw of Travelyon Interstellar Leaves LMA, Emergent Vying for CPP Exploration Arm [ 4 May 2318] (VET)
* CPP Starship Rights/Ownership Offers Whittled Down to Fifteen Corporations at Second Round Completion [ 4 May 2318] (VET)
* Offers Down to Thirty Seven Entities as Current High Bid Reaches Five Trillion Credits for CPP Industrial Operations  [ 4 May 2318] (VET)
* President Best Has Outdoor Barbecue; Thanks Foreign Pilot For 'Giving Me The Idea' [ 7 May 2318] (NEN)

Return to the category menu? [Enter `yes' or `no']

22:31 You return your metallic gold touch einrophone to the main screen.

22:31 [Starship "William Dove"; Observation Deck]

22:31 You see a large round light purple and dark purple cloth rug, an antique oak table from Old Earth, a textured plasteel floor lamp with a cream shade (casting a white-colored glow), a violet leather sectional sofa, a glossy slate blue ceramic felo chow bowl, a black plastic tray of spider chow, and a wall-sized bubbling coral pink-lit aquarium containing white and violet aquatic life and coral rocks here.
You can go north, east, south, west, up, and down.

22:31 [Starship "William Dove"; Base Block]

22:31 You see a soft round ocean blue rug with a design of coral and turquoise seashells, a blueberry rattan bench with a long white and coral pink flowered cushion on it, a round white rattan dining table with a glass top, a blueberry rattan bench with a long white and coral pink flowered cushion on it, a rattan floor lamp with a coral lotus shade, a blueberry rattan pantry cabinet, a small dusky pink trash bin, a glossy sky blue ceramic felo chow bowl, a black plastic tray of spider chow, a small yellow ball containing a realistic Bari horde noisemaker, a Tardick lizard named Asteria, and a hairy yellow eight-legged ArachnoPal named Higgins here.
You can go north, east, south, west, up, and down.

22:31 [Starship "William Dove"; Control Room]
You see a sleek metal quantum entanglement communication device, a rattan floor lamp with a light purple lotus shade (casting a white-colored glow), a wormhole drive tracer, a dark purple leather captain's chair, a large oval white and black cloth rug, a rare black EAOSian contoured couch with a hand-made white and sapphire star quilt on it, a round white rattan coffee table with a glass top, a small dusky pink trash bin, a glossy ruby red ceramic felo chow bowl, a black plastic tray of spider chow, a wall-sized bubbling neon purple-lit aquarium containing yellow and gold aquatic life and coral rocks, a small red ball containing a realistic Bari horde noisemaker, a silver holo projector, and Purr the humanoid service robot here.
Lily Kaise, Phoenix Dissident is sleeping on a rare black EAOSian contoured couch.
You can go south and out.

22:31 You can't go that way.

22:31 [Starship "William Dove"; Airlock]

22:31 You see a large secure xenology storage container, a row of flightlockers, Magellan the arachnoid security robot, a glossy silver ceramic felo chow bowl, and a small mystic purple bioplastic crate here.
You can go out and enter into the ship.

22:31 You exit the ship.

22:31 [The Torus; Garage]
You see a large number of stored starships here.
You can go up.

22:31 [Starship "Deadly Strike"; Airlock]

22:31 You can go out and enter into the ship.
You hear a sharp click as the ship's hatch is locked.

22:31 [Starship "Deadly Strike"; Control Room]

22:31 You see a decoy beacon launcher, a wormhole drive tracer, a small hot coffee dispenser, an overstuffed dark green chair, and a small hot beverage dispenser here.
You can go east, southeast, and out.

22:32 You grasp a large lever on the control board and push it slowly away from you.

22:32 Status lights blink on all around you as faint hums and beeps begin to emanate from the various starship systems.

22:32 You use the ship's radio to ask flight control for launch clearance.

22:32 There appear to be 21 pilots recently active.

22:32 The communicator network detects:
Melinda Michaels  (E)
Casen Thale  (A)
Shule Elemmire, Phoenix Dissident  (A) [m]
Larcen Kincaid  (L) [c]
Tanny Hill  (L)
Katina Faye  (L)
Sean Sloan  (L)
Cataleya Sandes  (L)
Wendy Arroyo  (L)
Tobias Hawthorne  (L)
Brunhilda Schreiber  (L)
Jack Aubrey  (L)
Morris Corlew  (L)
Nissi Valdaire  (L) [a]
Johann Schraft  (L)
Hawthorn Dunn  (F)
Alex Johnson  (F)
Elaine Moreau  (F)
Steven Timothy  (F)
Evenia Callseah  (F)
Aisling the Fox  (M)
Additionally, there are 7 pilots who appear to have their communicators on but have not recently been active.
Final total: 28 pilots.
Want to know if anyone's relaxing in a public venue? Check WHERE!

22:32 A voice comes over the speaker and says, "Deadly Strike, you are given undock clearance under the AEU-EAOS non-aggression pact."

22:32 You feel mild acceleration as the ship lifts off smoothly.

22:32 The ship is already moving.

22:32 The mild vibration of acceleration eases off and is replaced by the firm pull of artificial gravity as the ship pulls into clear space.

22:32 The computer says, "Destination selected. Two jumps to New Earth Orbit. Initializing quantum wormhole selection sequence."

22:32 You hear a sharp electronic whine as power suddenly flows into the wormhole drive.

22:32 The computer says, "Convergent wormhole located. Expanding wormhole and jumping to Providence Gate."

22:32 The starship vibrates slightly as it nears the wormhole mouth.

22:32 The windows automatically dim as space outside dissolves into a bright flash of light.

22:32 The bright light fades and is once again replaced by the black vacuum and stars of a different sector of space.  The vibrations slowly ease off as the wormhole shrinks and disappears.

22:32 Providence Station shines brightly in the dark, one of the few stations that bothers to illuminate its outer hull. The gleaming hull of the station is bathed with bright white floodlights.
The computer says, "Continuing jump sequence. One jump remaining."
You hear a sharp electronic whine as power suddenly flows into the wormhole drive.

22:32 The computer reports that the two-person medium transport "Registered Merchant 659" has jumped out of the sector.

22:32 The computer says, "Final convergent wormhole located. Expanding wormhole and jumping to New Earth Orbit."

22:32 The starship vibrates slightly as it nears the wormhole mouth.

22:32 The windows automatically dim as space outside dissolves into a bright flash of light.

22:32 The bright light fades and is once again replaced by the black vacuum and stars of a different sector of space.  The vibrations slowly ease off as the wormhole shrinks and disappears.

22:32 New Earth rotates through space before you, a startingly verdant planet, colored in greens and blues with pure white clouds.
The computer announces, "Autolander beacon detected. The ship will automatically proceed to New Earth in thirty seconds unless aborted or another navigation order is entered."

22:32 Via general sector communication, New Earth transmits, "Hello there, Deadly Strike! Welcome to home space!"

22:32 AutoStar detects 3 possible destinations.  Assembling destination list.  Please wait.

22:32 --
AutoStar (general-purpose starship autopilot) Version 9.1
--
Destinations in this sector:

   Planets:
[1] New Earth                                               
   Space Stations:
[2] Space Station Alpha                                     
   Space Markets:
[3] Space Market                                            
--

Enter your destination:
[Type a line of input or `@abort' to abort the command.]

22:32 A destination appears on the ship's navigation controls: New Earth.

22:32 You detect a faint rumbling as the starship begins to move through space.

22:32 The sound of the engines slowly fades away as the starship stops moving.

22:32 The ship's computer automatically requests landing clearance.

22:32 A voice comes over the speaker and says, "Hello, Deadly Strike. We read your AEU transponder. You are cleared to land at the city of New Phoenix."

22:32 You feel mild acceleration as the ship descends toward a planet.

22:33 The mild vibration of acceleration eases off and is replaced by the firm pull of gravity as the ship touches down smoothly on the planet's ground.

22:33 You pull a large lever towards you.

22:33 The faint sounds and status lights of the starship's systems slowly fade away, leaving you in a dim silence.

22:33 The computer sounds a notification indicating that the ship has been fully charged.

22:33 [Starship "Deadly Strike"; Airlock]

22:33 You can go out and enter into the ship.

22:33 You exit the ship.
[New Earth; Spaceport Landing Pad]
The two-person flare "Deadly Strike" is landed here.
You see an automatic teller machine and a small trash can here.
You can go north, south, west, and down.

22:33 [New Earth; Spaceport Bridge]

22:33 You see a trash can and a long white plasteel bench here.
You can go east and west.

22:33 [New Earth; Spaceport East]
You can go northeast, east, southeast, south, southwest, and west.

22:33 [New Earth; Spaceport East]

22:33 You see a trash can here.
You can go north, northeast, east, southeast, south, southwest, west, northwest, and down.

22:33 [New Earth; Spaceport East]

22:33 You see a sanitation drone here.
You can go north, east, south, and west.

22:33 You can't go that way.

22:33 [New Earth; Spaceport East]

22:33 You see a trash can here.
You can go north, northeast, east, southeast, south, southwest, west, northwest, and down.

22:33 [New Earth; Spaceport Mail Room]
You can go northwest and down.

22:33 The postal machine informs you that you have no mail waiting.

22:33 [New Earth; Spaceport East]

22:33 You see a trash can here.
You can go north, northeast, east, southeast, south, southwest, west, northwest, and down.

22:33 [New Earth; Spaceport East]

22:33 You can go northeast, east, southeast, south, southwest, and west.

22:33 [New Earth; Spaceport Bridge]
You see a trash can and a long white plasteel bench here.
You can go east and west.

22:33 [New Earth; Spaceport Landing Pad]

22:33 The two-person flare "Deadly Strike" is landed here.
You see an automatic teller machine and a small trash can here.
You can go north, south, west, and down.

22:33 You can't go that way.

22:33 The two-person flare "Deadly Strike" is loaded onto an automated flatbed and slowly moved into a large garage.

22:33 Your ship 'Deadly Strike' has been automatically moved into a garage.

22:33 You key in a transport of Deadly Strike to your location.

22:33 The two-person flare "Deadly Strike" is slowly brought in aboard an automated flatbed, then lowered to the floor.
[Starship "Deadly Strike"; Airlock]
You can go out and enter into the ship.
You hear a sharp click as the ship's hatch is locked.

22:33 [Starship "Deadly Strike"; Control Room]

22:33 You see a decoy beacon launcher, a wormhole drive tracer, a small hot coffee dispenser, an overstuffed dark green chair, and a small hot beverage dispenser here.
You can go east, southeast, and out.

23:09 [Tactical Communication] Morris Corlew transmits, "Johann, Eve. And one other. Morninstar beacons?"

23:10 [Tactical Communication] Evenia Callseah transmits, "He's gone for a nap, but I can go."

23:10 [Tactical Communication] Morris Corlew transmits, "Two for morninstar beacons then?"

23:53 [Tactical Communication] Johann Schraft transmits, "Need one for a morningstar. Preferrably able to fly wasps."

23:53 [Tactical Communication] Hawthorn Dunn transmits, "I've never done it before!"

23:53 [Tactical Communication] Johann Schraft transmits, "Can you fly a fighter?"

23:54 [Tactical Communication] Hawthorn Dunn transmits, "I'm a little rusty but I probably would be alright."

23:54 [Tactical Communication] Johann Schraft transmits, "Earth lounge."

23:54 [Tactical Communication] Hawthorn Dunn transmits, "On my way."

