00:27 [Tactical Communication] Johann Schraft transmits, "One for morningstar beacons?"

00:28 [Tactical Communication] Cataleya Sandes transmits, "I'll go I need to wake up."

00:52 [Tactical Communication] Morris Corlew transmits, "One for beacons."

01:19 [Tactical Communication] Morris Corlew transmits, "Anyone interested in a beacon or two before midnight?"

01:20 [Tactical Communication] Alex Johnson transmits, "I'd love some sadly I won't be able to until after midnight because of other commitments."

01:20 [Tactical Communication] Morris Corlew transmits, "Ok."

02:00 [Notification from Space Explorers Amidst The Stars] 160,000,000.00 credits have been deducted from the starship support fund.

02:00 A metallic silver metachannel FTL communicator beeps insistently as it receives a new notice.

02:00 [Notification from Space Explorers Amidst The Stars] Shule Elemmire, Phoenix Dissident has automatically contributed 1,120,392.35 AEU credits.

02:13 A metallic gold touch einrophone beeps quietly for attention, indicating a new post in General/Name Changes.

02:13 A metallic silver metachannel FTL communicator chimes softly as it receives a new notice.

02:16 [Tactical Communication] Melinda Michaels transmits, "Last call, one for a deep."

04:48 [Tactical Communication] Hawthorn Dunn transmits, "Can I get three for a megapod shallow?"

07:00 [Newbie Help] Cataleya Sandes transmits, "Dumb question, but what is the command to open the pa again?"

07:00 [Newbie Help] Evenia Callseah transmits, "Pa on."

07:00 [Newbie Help] Cataleya Sandes transmits, "Thanks, I kept looking in the commands for the room and it wasn't in there, so I was confused."

07:11 A metallic gold touch einrophone beeps quietly for attention, indicating a new post in General/Trading.

07:11 A metallic silver metachannel FTL communicator chimes softly as it receives a new notice.

07:22 [Tactical Communication] Larcen Kincaid transmits, "Beacon going hot two sectors east of tha Tarus. Mind your hats."

07:22 [Tactical Communication] Larcen Kincaid transmits, "Or three.. might be three."

07:28 [Tactical Communication] Larcen Kincaid transmits, "Ok, without further ado, beacon going hot two sectors west of Tarus, one west of the BAS. Mind your hats."

07:29 [Tactical Communication] Cataleya Sandes transmits, "And that was just forwarning and a curtsy call, even though the station tells us otherwise."

15:47 [Newbie Help] Agnes Porter transmits, "Where's the starship store on Old Earth?"

15:47 [Newbie Help] Morris Corlew transmits, "You can use the find command to find things like that. Or talk to the cadet orientation officer."

16:01 [Newbie Help] Agnes Porter transmits, "I see some eggs at the space market and I'm interested in buying. What do I need to take care of them?"

16:01 [Newbie Help] Morris Corlew transmits, "An aquarium and fish food."

16:02 [Newbie Help] Agnes Porter transmits, "Where do I find those?"

16:02 [Newbie Help] Morris Corlew transmits, "Aquariums are crafted or sold in a shop that your fellow pilots can tell you about if you ask them. Fish food is sold in the same shop."

16:03 [Newbie Help] Agnes Porter transmits, "I want to get started on my profile. Any tips on creating a character people want to play with?"

16:04 [Newbie Help] Morris Corlew transmits, "That's a highly individualized choice. I recommend reading the various helpfiles and perhaps getting a mentor."

20:18 Your metallic gold touch einrophone trills quietly, indicating a new story has been posted under "League."

20:18 A metallic silver metachannel FTL communicator dings politely as it receives a new notice.

22:16 [AEU | 1: Alliance Communication] Casen Thale transmits, "Ather, are you there?"

23:34 [Tactical Communication] Katina Faye transmits, "Anybody up for gunship beacons?"

23:34 [Tactical Communication] Kert On'Marr transmits, "Me."

23:35 [Tactical Communication] Katina Faye transmits, "May I have 3 more people for gunship beacons?"

23:36 [Tactical Communication] Katina Faye transmits, "Will you settle for a beacon in a corvette then, Kert?"

23:36 [Tactical Communication] Kert On'Marr transmits, "I will."

23:36 [Tactical Communication] Katina Faye transmits, "Old Earth lounge."

