00:34 Sunshine the light yellow long-haired felo wanders in from the north.

00:42 Sunshine the light yellow long-haired felo rubs up against a white four poster rattan bed with a heart-shaped headboard and filmy deep purple hangings with a soft periwinkle cashmere blanket, a set of lavender silk sheets, a hand-made purple and amethyst flower quilt, a large periwinkle bed pillow, and a large periwinkle bed pillow on it, purring softly.

00:46 [Tactical Communication] Kert On'Marr transmits, "Elaine, tier 2 or 3."

00:47 [Tactical Communication] Saralynn Timothy transmits, "We need to postpone a bit if that's okay, Kert."

00:47 [Tactical Communication] Kert On'Marr transmits, "Ok. Does elaine know?"

00:47 [Tactical Communication] Kert On'Marr transmits, "She might have her communicator off."

00:47 [Tactical Communication] Saralynn Timothy transmits, "I'm not sure, I tried to tell her."

00:50 Sunshine the light yellow long-haired felo stares curiously up at you.

00:54 Sunshine the light yellow long-haired felo wanders out.

01:59 I don't understand that.

01:59 I don't understand that.

01:59 I don't understand that.

01:59 **

01:59  Welcome back to Star Conquest!
**
 Consider voting for Star Conquest at MUD listing sites! Votes help keep new players coming to the game!
 The Mud Connector: http://www.mudconnect.com/mud-bin/vote_rank.cgi?mud=Star+Conquest
 Top Mud Sites:     http://www.topmudsites.com/vote-sc.html
**
 TIP: RATS are Replicating Autonomous Transmigratory Spacecraft -- von Neumann machines that reproduce and adapt like living creatures.
**

02:02 A metallic silver metachannel FTL communicator beeps quietly, indicating that it has unread notices.

02:17 You glance at your communicator's screen.

02:17 There are four board posts.

02:17 You blink heavily and then doze off.

02:19 [Tactical Communication] Elaine Moreau transmits, "Need one person with a tier three repair suit for a camp."

02:25 [Tactical Communication] Elaine Moreau transmits, "Correction: need one person with a tier two or three repair suit for a tesla camp."

03:16 A Tardick lizard named Asteria trundles slowly into the area.

03:19 A Tardick lizard named Asteria blinks its yellow eyes slowly, utterly indifferent to its surroundings.

03:31 A Tardick lizard named Asteria flicks its tail.

03:33 A Tardick lizard named Asteria trundles slowly out.

03:50 Sunshine the light yellow long-haired felo wanders in from the north.

03:54 Sunshine the light yellow long-haired felo rubs up against a white four poster rattan bed with a heart-shaped headboard and filmy deep purple hangings with a soft periwinkle cashmere blanket, a set of lavender silk sheets, a hand-made purple and amethyst flower quilt, a large periwinkle bed pillow, and a large periwinkle bed pillow on it, purring softly.

03:58 Sunshine the light yellow long-haired felo wanders out.

04:35 [Tactical Communication] Larcen Kincaid transmits, "Twin IFS warships in belt of orion.. ow, bugger all that hurt."

04:35 [Tactical Communication] Morris Corlew transmits, "I'll come chase 'em out."

04:35 [Tactical Communication] Morris Corlew transmits, "In the meantime, might wanna jump outta the sector."

04:36 [Tactical Communication] Larcen Kincaid transmits, "Working on it."

04:36 [Tactical Communication] Morris Corlew transmits, "Clear."

04:54 Sunshine the light yellow long-haired felo wanders in from the north.

04:58 Sunshine the light yellow long-haired felo wanders out.

05:02 A Tardick lizard named Asteria trundles slowly into the area.

05:05 A Tardick lizard named Asteria flicks its tongue out.

05:15 A Tardick lizard named Asteria's spine ridges flicker blue for a brief moment.

05:17 Lily Kaise, Phoenix Dissident walks in from the north.

05:18 Lily Kaise, Phoenix Dissident removes a small suitcase from a lavender silk backpack embroidered with brightly hued butterflies.

05:18 Lily Kaise, Phoenix Dissident removes all of her clothing, placing it carefully in a small suitcase.

05:18 Lily Kaise, Phoenix Dissident puts a small suitcase in a lavender silk backpack embroidered with brightly hued butterflies.

05:18 Lily Kaise, Phoenix Dissident lies down on a white four poster rattan bed with a heart-shaped headboard and filmy deep purple hangings with a soft periwinkle cashmere blanket, a set of lavender silk sheets, a hand-made purple and amethyst flower quilt, a large periwinkle bed pillow, and a large periwinkle bed pillow on it.

05:18 Lily Kaise, Phoenix Dissident kisses you.

05:18 Lily Kaise, Phoenix Dissident cuddles up to you.

05:18 A Tardick lizard named Asteria trundles slowly out.

05:19 Lily Kaise, Phoenix Dissident blinks heavily and then dozes off.

05:30 Sunshine the light yellow long-haired felo wanders in from the north.

05:34 Sunshine the light yellow long-haired felo wanders out.

06:27 A hairy yellow eight-legged ArachnoPal named Higgins skitters into the area.

06:28 A hairy yellow eight-legged ArachnoPal named Higgins taps his claws on the floor.

06:39 A hairy yellow eight-legged ArachnoPal named Higgins taps his claws on the floor.

06:43 A hairy yellow eight-legged ArachnoPal named Higgins skitters out.

08:05 A hairy yellow eight-legged ArachnoPal named Higgins skitters into the area.

08:14 A hairy yellow eight-legged ArachnoPal named Higgins's unblinking eyes stare into the middle distance.

08:21 A hairy yellow eight-legged ArachnoPal named Higgins skitters out.

11:08 A Tardick lizard named Asteria trundles slowly into the area.

11:12 A Tardick lizard named Asteria flicks its tail.

11:23 A Tardick lizard named Asteria trundles slowly out.

12:17 Lily Kaise, Phoenix Dissident stands up from a white four poster rattan bed with a heart-shaped headboard and filmy deep purple hangings with a soft periwinkle cashmere blanket, a set of lavender silk sheets, a hand-made purple and amethyst flower quilt, a large periwinkle bed pillow, and a large periwinkle bed pillow on it.

12:17 Lily Kaise, Phoenix Dissident kisses you.

12:17 Lily leans down and tenderly embraces you.

12:18 Lily Kaise, Phoenix Dissident walks out.

12:45 Shine the big white glowing felo wanders in from the north.

12:49 Shine the big white glowing felo wanders out.

12:56 A Tardick lizard named Asteria trundles slowly into the area.

13:03 A Tardick lizard named Asteria flicks its tail.

13:05 Your metallic gold touch einrophone trills quietly, indicating a new story has been posted under "AEU."

13:05 A metallic silver metachannel FTL communicator dings politely as it receives a new notice.

13:12 A Tardick lizard named Asteria trundles slowly out.

14:48 [Tactical Communication] Hawthorn Dunn transmits, "I need 3 to four for a megapod shallow if anyone is available."

14:48 [Tactical Communication] Hank Marvelstine transmits, "Available. Whoo."

14:48 [Tactical Communication] Hawthorn Dunn transmits, "Can I get two to three more?"

14:50 [Tactical Communication] Hawthorn Dunn transmits, "Need 1 to two more for a megapod shallow."

15:17 [Newbie Help] Juliana Kass transmits, "My god this one sentence character concept is really hard for me! I write on a semi-professional basis and I am having a hard te distilling Kass down to one sentence."

15:20 [Newbie Help] Jack Aubrey transmits, "Did you look at the Help Character Concept?"

15:20 [Newbie Help] Juliana Kass transmits, "Yes."

15:21 [Newbie Help] Jack Aubrey transmits, "All I can suggest is you try to write it in the style of the examples shown there. It is hard, I know."

20:05 [Tactical Communication] Hawthorn Dunn transmits, "Is there three people up for a nest?"

20:05 [Tactical Communication] Kert On'Marr transmits, "Me."

20:05 [Tactical Communication] Hawthorn Dunn transmits, "Two more?"

20:05 [Tactical Communication] Katina Faye transmits, "Okay."

20:05 [Tactical Communication] Tobias Hawthorne transmits, "Sure."

20:05 [Tactical Communication] Kert On'Marr transmits, "Excellent!"

20:05 [Tactical Communication] Hawthorn Dunn transmits, "Alright Katina what suits do you have?"

20:06 [Tactical Communication] Katina Faye transmits, "Rental 2."

20:06 [Tactical Communication] Hawthorn Dunn transmits, "Tobias?"

20:06 [Tactical Communication] Tobias Hawthorne transmits, "League and Mutuality 3, Bari and EAOS 2."

20:06 [Tactical Communication] Kert On'Marr transmits, "Bari2, bari3, testudinidae3, muty3, eaos3, league5."

20:07 [Tactical Communication] Hawthorn Dunn transmits, "Tobias league three kert bari three I'll bring fringe 2 and uh, Katina Rental 2. Sound good?"

20:07 [Tactical Communication] Kert On'Marr transmits, "Yep."

20:08 [Tactical Communication] Hawthorn Dunn transmits, "Kert can we use your mule please?"

20:08 [Tactical Communication] Kert On'Marr transmits, "Sure."

20:08 [Tactical Communication] Hawthorn Dunn transmits, "Everyone to chet."

20:10 [Tactical Communication] Kert On'Marr transmits, "If you crewed at old earth, you'd be the only one have to go anywhere hawthorn."

20:10 [Tactical Communication] Hawthorn Dunn transmits, "I just thought of that a little late. But Tobias is here."

20:10 [Tactical Communication] Kert On'Marr transmits, "No biggie."

20:41 [Tactical Communication] Larcen Kincaid transmits, "Ares class Warship engaging Peacekeeper forces in Orion."

20:41 [Tactical Communication] Ali Candan transmits, "I'll go take care of it."

20:42 [Tactical Communication] Larcen Kincaid transmits, "They bugger out rather quick."

20:45 Shine the big white glowing felo wanders in from the north.

21:01 Shine the big white glowing felo wanders out.

22:27 [Tactical Communication] Damien Goss transmits, "Two for a deep assault?"

22:28 [Tactical Communication] Kert On'Marr transmits, "I'll fill a spot if it makes the difference."

23:32 [Tactical Communication] Steven Timothy transmits, "Ares in Belt of Orion."

23:32 [Tactical Communication] Morris Corlew transmits, "What're y'all in?"

23:32 [Tactical Communication] Hank Marvelstine transmits, "I can go chase it away."

23:32 [Tactical Communication] Steven Timothy transmits, "My transport."

23:32 [Tactical Communication] Morris Corlew transmits, "Aj."

23:32 [Tactical Communication] Morris Corlew transmits, "Ah."

23:33 [Tactical Communication] Hank Marvelstine transmits, "Engaging."

23:45 [Tactical Communication] Steven Timothy transmits, "Ares in Belt of Orion again."

23:45 [Tactical Communication] Lorenah Mayfield transmits, "It's the same one land for now."

23:46 [Tactical Communication] Morris Corlew transmits, "Y'all need somebody to chase it off?"

23:48 [Tactical Communication] Lorenah Mayfield transmits, "Accord is there now, if someone wants to go engage."

23:48 [Tactical Communication] Morris Corlew transmits, "I'll chase it off."

23:51 [Tactical Communication] Morris Corlew transmits, "Clear."

23:53 [Tactical Communication] Hank Marvelstine transmits, "Beacons?"

