01:44 [Starship "Happy"; Living Quarters]

01:44 This is a small room designed to give crew members a place to sleep while on long journeys, and it isn't large enough to do much else. A long counter is bolted to the wall opposite the entryway, and two narrow bunks have been bolted to the two remaining walls. A small keypad is next to the door, controlling a simple lock. The status lights overhead are currently not receiving power. Looking through the windows, you see that the ship is at Starship "Future Crimes"; Docking Bay.
You see a long plasteel counter, a glossy pink ceramic felo chow bowl, a white four poster rattan bed with a heart-shaped headboard and filmy deep purple hangings with a soft periwinkle cashmere blanket, a set of lavender silk sheets, a large periwinkle bed pillow, a hand-made purple and amethyst flower quilt, and a large periwinkle bed pillow on it, a large oval dark purple and light purple cloth rug, a pair of soft mystic purple slippers, and a pair of supple silver flight boots here.
You can go out.
(You are lying on a white four poster rattan bed with a heart-shaped headboard and filmy deep purple hangings with a soft periwinkle cashmere blanket, a set of lavender silk sheets, a large periwinkle bed pillow, a hand-made purple and amethyst flower quilt, and a large periwinkle bed pillow on it.)

01:44 You blink heavily and then doze off.

01:44 **

01:44  Welcome back to Star Conquest!
**
 Consider voting for Star Conquest at MUD listing sites! Votes help keep new players coming to the game!
 The Mud Connector: http://www.mudconnect.com/mud-bin/vote_rank.cgi?mud=Star+Conquest
 Top Mud Sites:     http://www.topmudsites.com/vote-sc.html
**
 TIP: Want to join a private organization run by fellow pilots? Find the organization center in your capital spaceport!
**

04:47 Lily Kaise glides in from the north.

04:48 Lily Kaise kisses you.

04:48 Lily Kaise glides out.

04:48 Lily Kaise glides in from the north.

04:48 Lily Kaise tugs a pair of white leather boots off of her feet.

04:49 Lily Kaise puts down a pair of white leather boots.

04:49 Lily Kaise lies down on a white four poster rattan bed with a heart-shaped headboard and filmy deep purple hangings with a soft periwinkle cashmere blanket, a set of lavender silk sheets, a large periwinkle bed pillow, a hand-made purple and amethyst flower quilt, and a large periwinkle bed pillow on it.

04:49 Lily Kaise cuddles up to you.

07:53 A Tardick lizard named Asteria shifts and then wakes, opening its yellow eyes slowly.

07:55 A Tardick lizard named Asteria flicks its tongue out.

08:06 A Tardick lizard named Asteria's spine ridges flicker blue for a brief moment.

08:20 A Tardick lizard named Asteria flicks its tongue out.

08:32 A Tardick lizard named Asteria flicks its tail.

08:43 A Tardick lizard named Asteria blinks its yellow eyes slowly, utterly indifferent to its surroundings.

08:54 A Tardick lizard named Asteria's spine ridges flicker blue for a brief moment.

09:05 A Tardick lizard named Asteria blinks its yellow eyes slowly, utterly indifferent to its surroundings.

09:16 A Tardick lizard named Asteria blinks its yellow eyes slowly, utterly indifferent to its surroundings.

09:28 A Tardick lizard named Asteria blinks its yellow eyes slowly, utterly indifferent to its surroundings.

09:44 A Tardick lizard named Asteria's spine ridges flicker blue for a brief moment.

09:59 A Tardick lizard named Asteria flicks its tongue out.

10:10 A Tardick lizard named Asteria flicks its tongue out.

10:20 A Tardick lizard named Asteria flicks its tail.

10:36 A Tardick lizard named Asteria flicks its tail.

10:47 A Tardick lizard named Asteria flicks its tail.

10:58 A Tardick lizard named Asteria blinks its yellow eyes slowly, utterly indifferent to its surroundings.

11:09 A Tardick lizard named Asteria flicks its tongue out.

11:21 A Tardick lizard named Asteria blinks its yellow eyes slowly, utterly indifferent to its surroundings.

11:36 A Tardick lizard named Asteria blinks its yellow eyes slowly, utterly indifferent to its surroundings.

11:48 A Tardick lizard named Asteria flicks its tongue out.

11:51 Lily Kaise wraps her arms around you, pulling you close.

11:51 Lily Kaise kisses you.

11:52 Lily Kaise stands up from a white four poster rattan bed with a heart-shaped headboard and filmy deep purple hangings with a soft periwinkle cashmere blanket, a set of lavender silk sheets, a large periwinkle bed pillow, a hand-made purple and amethyst flower quilt, and a large periwinkle bed pillow on it.

11:52 Lily Kaise glides out.

