00:03 A large thickly-shelled creature with a red shell and four small claws creeps across the bottom of the tank, snapping its many claws rapidly.

00:10 [General Communication] Ather Jammoa transmits, "I would like to get a ride to DeMargas station! I shall pay well for this ride. Note: I require a carrier or something capable of taking a medium transport."

00:11 [General Communication] Erik Goodwin transmits, "I don't mind doing it in like 10 minutes, if you don't find anyone sooner."

00:11 [General Communication] Ather Jammoa transmits, "10 minutes works! I will wait."

00:11 A firmly rooted animal with dozens of smooth green tendrils slowly waves its many tendrils.

00:13 Lily Kaise stands up from a rare black EAOSian contoured couch with a hand-made white and sapphire star quilt on it.

00:13 Lily Kaise glides south.

00:19 A large semi-transparent bell-shaped creature with long dangling tendrils and a sienna glowing interior drifts slowly across the tank.

00:25 [General Communication] Erik Goodwin transmits, "Almost done."

00:25 Lily Kaise glides in from the south.

00:26 Lily Kaise strokes the soft fur of Prissy the old big violet long-haired felo.

00:26 Prissy the old big violet long-haired felo purrs and rubs its head against Lily's hand, looking up at her adoringly.

00:26 Lily Kaise puts down Prissy the old big violet long-haired felo.

00:26 Lily Kaise helps herself to a small Bari-shaped tidbit.

00:26 Lily Kaise puts down a small Bari-shaped tidbit.

00:26 Lily Kaise helps herself to a small Bari-shaped tidbit.

00:26 Lily Kaise puts down a small Bari-shaped tidbit.

00:26 Lily Kaise removes a thin pole with a dancing yellow feather on the end from a round white rattan coffee table with a glass top.

00:26 Lily Kaise flips a thin pole with a dancing yellow feather on the end around near Prissy the old big violet long-haired felo.

00:26 Prissy the old big violet long-haired felo leaps after the feather.

00:26 Lily Kaise sits down on a rare black EAOSian contoured couch with a hand-made white and sapphire star quilt on it.

00:26 Lily Kaise flicks a thin pole with a dancing yellow feather on the end in the air around Prissy the old big violet long-haired felo.

00:26 Prissy the old big violet long-haired felo leaps after the feather.

00:27 Lily Kaise strokes the soft fur of Prissy the old big violet long-haired felo.

00:27 Prissy the old big violet long-haired felo purrs and rubs its head against Lily's hand, looking up at her adoringly.

00:27 Lily Kaise flips a thin pole with a dancing yellow feather on the end around near Prissy the old big violet long-haired felo.

00:27 Prissy the old big violet long-haired felo snatches at the feather.

00:27 Lily Kaise looks at Prissy the old big violet long-haired felo and smiles.

00:27 Lily Kaise puts a thin pole with a dancing yellow feather on the end away.

00:27 Lily Kaise puts a thin pole with a dancing yellow feather on the end on a round white rattan coffee table with a glass top.

00:27 Lily Kaise strokes the soft fur of Prissy the old big violet long-haired felo.

00:27 Prissy the old big violet long-haired felo purrs and rubs its head against Lily's hand, looking up at her adoringly.

00:28 Lily Kaise wraps her arms around Prissy the old big violet long-haired felo.

00:28 [General Communication] Erik Goodwin transmits, "Sucky Earth is where I'm meeting you, I assume?"

00:28 Prissy the old big violet long-haired felo wanders south.

00:28 [General Communication] Ather Jammoa transmits, "Super new earth, yep!"

00:28 Lily Kaise laughs.

00:33 A large semi-transparent cylindrical creature with medium-length dangling tendrils and a fuchsia glowing interior drifts slowly past a plastic frond of light green sea fern.

00:34 [Notification from Space Explorers Amidst The Stars] A load of salvage has been received at League Salvage Processing Nuclear Temporary Station from the two-person medium transport "Hoover". The organization has earned 1,463,343.10 credits.

00:45 A long yellow soft-bodied creature with many claw-tipped tentacles abruptly flings itself at the side of the tank, its tentacles tapping at the glass, then it withdraws.

00:53 [General Communication] Katina Faye transmits, "The wall is your friend."

00:53 [General Communication] Katina Faye transmits, "Um, wrong button."

00:53 [General Communication] Michael Kennedy transmits, "Lessons on button pushing."

00:53 [General Communication] Katina Faye transmits, "Cool it."

00:54 [General Communication] Damien Alexander transmits, "Button pushing 101: don't push that one."

01:00 [Notification from Space Explorers Amidst The Stars] 160,000,000.00 credits have been deducted from the starship support fund.

01:00 Purr the humanoid service robot spasmodically shakes a container of fish food over a wall-sized bubbling neon purple-lit aquarium containing red and yellow aquatic life and coral rocks.

01:00 [AEU | 10: Conquest Status] An AEU pilot corps liaison transmits, "The results are in!"

01:00 [Notification from Space Explorers Amidst The Stars] Lily Kaise has automatically contributed 238,894,270.28 AEU credits.

01:00 A metallic silver metachannel FTL communicator beeps insistently as it receives a new notice.
[Notification from Space Explorers Amidst The Stars] Shule Elemmire has automatically contributed 127,550,665.54 AEU credits.

01:00 Purr the humanoid service robot clomps south.

01:01 [AEU | 10: Conquest Status] An AEU pilot corps liaison transmits, "We achieved our first tier performance goal! Good job! Let's go for all of them next time!"

01:01 [AEU | 10: Conquest Status] An AEU pilot corps liaison transmits, "Our performance was up 301.5% from the last Conquest period."

01:01 [General Communication] Katina Faye transmits, "Who sent me mail."

01:01 [General Communication] Ather Jammoa transmits, "Insurance."

01:01 [General Communication] Michael Kennedy transmits, "I bet it's that insurance guy."

01:01 Purr the humanoid service robot clomps into the room.

01:01 [General Communication] Katina Faye transmits, "I don't have time for you mail. I'm bubbling."

01:01 A long gold soft-bodied creature with many claw-tipped tentacles propels itself through the tank, stirring up tiny particles.

01:04 Lily Kaise speaks into her neon purple metachannel FTL communicator:

01:04 [AEU | 1: Alliance Communication] Lily Kaise transmits, "Holy cow!"

01:07 Lily Kaise stands up from a rare black EAOSian contoured couch with a hand-made white and sapphire star quilt on it.

01:07 Lily Kaise glides south.

01:07 Lily Kaise glides in from the south.

01:07 Lily Kaise sits down on a rare black EAOSian contoured couch with a hand-made white and sapphire star quilt on it.

01:07 A large thickly-shelled creature with a yellow shell and four small claws snaps its claws menacingly at a plastic frond of light green sea fern.

01:11 A large semi-transparent bell-shaped creature with medium-length dangling tendrils and a red glowing interior drifts slowly past a plastic shipwreck flying a pirate flag.

01:14 Cheri-Pye the large light violet felo hums melodically to itself as it wanders in from the south.

01:17 You cuddle up to Lily Kaise.

01:17 Lily Kaise cuddles up to you.

01:18 Lily says to you, "Hey checkout your payout from trust fund."

01:22 Cheri-Pye the large light violet felo seems to be hungry.

01:22 Cheri-Pye the large light violet felo enthusiastically gobbles up a small Bari-shaped tidbit.

01:26 Cheri-Pye the large light violet felo hums melodically to itself as it wanders south.

01:31 [Notification from Space Explorers Amidst The Stars] The organization has received 238,256.59 EAOS credits from a toll payment to Fringe Rift Accelerating Solar Toll Station in The Belt of Orion.

01:34 Lily Kaise stands up from a rare black EAOSian contoured couch with a hand-made white and sapphire star quilt on it.

01:34 Lily Kaise glides south.

01:36 Lily Kaise glides in from the south.

01:36 Lily Kaise sits down on a rare black EAOSian contoured couch with a hand-made white and sapphire star quilt on it.

01:37 A long amethyst soft-bodied creature with many claw-tipped tentacles swims around a small plastic statue of a shark.

01:41 A large semi-transparent bell-shaped creature with long dangling tendrils and a sienna glowing interior drifts slowly past a string of light purple plastic kelp.

01:43 A long orange soft-bodied creature with many claw-tipped tentacles swims around a plastic flower with red petals.

01:51 A short red soft-bodied creature with many claw-tipped tentacles rears up suddenly from behind a plastic shipwreck flying a pirate flag and wraps its tentacles around it as if trying to drag it into the deep.

01:55 You wrap your arms around Lily Kaise, pulling her close.

01:55 You kiss Lily Kaise.

01:55 Lily Kaise kisses you.

01:56 Lily Kaise smiles at you.

01:57 A long yellow soft-bodied creature with many claw-tipped tentacles propels itself through the tank, stirring up tiny particles.

01:59 You gently caress Lily Kaise's back and waist.

01:59 There appear to be about 19 pilots recently active.

01:59 The communicator network and Accord QE comm detect:
Shule Elemmire  (A) [m]
Lily Kaise  (A)
Ather Jammoa  (A) [am]
%Eli Grey  (A)
Sean Sloan  (L)
Erik Goodwin  (L)
Sarah Bellamy  (L)
Katina Faye  (L)
Tobias Hawthorne  (L)
%Wendy Arroyo  (L)
%Nicolette Lawrence  (L)
%Melinda Michaels  (L)
%Nissi Valdaire  (L) [a]
%Morris Corlew  (L)
Michael Kennedy  (F)
Whine Lit  (F) [c]
%Kani Kahakai  (F) [c]
%Evenia Callseah  (F)
%Elaine Moreau  (F)

% == Detected via Quantum Entanglement comm
Your communicator also reports that there are 9 pilots who were active but dropped out of communications.
Additionally, there are 8 pilots who appear to have their communicators on but have not recently been active.
Final total: 27 pilots.
Want to know if anyone's relaxing in a public venue? Check WHERE!

02:03 A large thickly-shelled creature with a yellow shell and four small claws creeps across the bottom of the tank, snapping its many claws rapidly.

02:04 [General Communication] Erik Goodwin transmits, "Thanks for that though, Ather."

02:04 [General Communication] Ather Jammoa transmits, "Yep."

02:05 A metallic silver metachannel FTL communicator beeps quietly, indicating that it has unread notices.

02:06 You glance at your communicator's screen.

02:06 850,337,770.29 AEU credits from your trust fund have been released to you. [00:00 26 November 2317 GST]

02:06 [AEU | 1: Alliance Communication] Jacob Shields transmits, "Howdy all."

02:06 Cheri-Pye the large light violet felo hums melodically to itself as it wanders in from the south.

02:07 A large semi-transparent cylindrical creature with medium-length dangling tendrils and a fuchsia glowing interior drifts slowly past a plastic flower with red petals.

02:10 Cheri-Pye the large light violet felo seems to be hungry.

02:10 Cheri-Pye the large light violet felo enthusiastically gobbles up a small Bari-shaped tidbit.

02:11 Lily Kaise laughs at Cheri-Pye the large light violet felo.

02:11 Lily oinks at chery-pye.

02:12 You chuckle at Lily Kaise.

02:14 Cheri-Pye the large light violet felo rubs up against Lily Kaise's leg with a quiet "Mrrp."

02:18 Cheri-Pye the large light violet felo rubs up against your leg with a quiet "Mrrp.".

02:19 A short red soft-bodied creature with many claw-tipped tentacles rears up suddenly from behind a plastic wrecked EAOS Defender and wraps its tentacles around it as if trying to drag it into the deep.

02:21 A long orange soft-bodied creature with many claw-tipped tentacles propels itself through the tank, stirring up tiny particles.

02:25 A long yellow soft-bodied creature with many claw-tipped tentacles abruptly flings itself at the side of the tank, its tentacles tapping at the glass, then it withdraws.

02:26 [General Communication] Erik Goodwin transmits, "Welcome to life as a pilot, Whine."

02:27 Lily Kaise says, "Says a constant whiner and complainer like Earache Goodwin."

02:28 You nod to Lily Kaise.

02:34 Cheri-Pye the large light violet felo jumps into Lily Kaise's lap and settles in, purring.

02:35 Lily Kaise strokes the soft fur of Cheri-Pye the large light violet felo.

02:35 Cheri-Pye the large light violet felo purrs and rubs its head against Lily's hand, looking up at her adoringly.

02:41 A large thickly-shelled creature with a yellow shell and four small claws raises its claws at a small plastic statue of a shark and snaps them menacingly while dancing around it.

02:45 A long yellow soft-bodied creature with many claw-tipped tentacles propels itself through the tank, stirring up tiny particles.

02:47 A large thickly-shelled creature with a yellow shell and four small claws snaps its claws menacingly at a plastic flower with red petals.

03:01 [General Communication] Keegan Wantz transmits, "Life as a pilot is not about whining, it is about LIVING AND BEING THE MOST ALIVE YOU CAN EVER BEEEEEEEE."

03:01 [General Communication] Keegan Wantz transmits, "Or something like that."

03:01 [General Communication] Ather Jammoa transmits, "Whine."

03:01 [General Communication] Ather Jammoa transmits, "Everyone whine."

03:01 [General Communication] Erik Goodwin transmits, "Where'd my list go?"

03:01 A firmly rooted animal with dozens of smooth green tendrils slowly waves its many tendrils.

03:02 [General Communication] Erik Goodwin transmits, "How the fuck can I be expected to whine if I lost my list?"

03:02 Lily Kaise keys her neon purple metachannel FTL communicator:

03:02 [General Communication] Lily whines and whines and whines!

03:02 [General Communication] Ather Jammoa transmits, "They took it with them when they went to find Alko."

03:02 [General Communication] Erik Goodwin transmits, "What the fuck is wrong with you for having such high expectations?"

03:02 [General Communication] Erik Goodwin transmits, "Fuck this."

03:02 [General Communication] Erik Goodwin transmits, "I think my interpretation of whining is flawed."

03:02 [General Communication] Ather Jammoa transmits, "It is. I think you're throwing a full tantrum here."

03:03 Lily Kaise speaks into her neon purple metachannel FTL communicator:

03:03 [General Communication] Lily Kaise transmits, "What else is new?"

03:03 Lily Kaise keys her neon purple metachannel FTL communicator:

03:03 [General Communication] Lily Kaise chuckles.

03:03 [General Communication] Erik Goodwin transmits, "Well, looks like we've got the expert here to demonstrate."

03:03 [General Communication] Ather Jammoa transmits, "Erik: do wha tyou gotta do."

03:03 A large semi-transparent bell-shaped creature with medium-length dangling tendrils and a cerulean glowing interior drifts slowly across the tank.

03:03 Lily Kaise speaks into her neon purple metachannel FTL communicator:

03:03 [AEU | 1: Alliance Communication] Lily Kaise transmits, "Yup Erik I mean Earache is the expert whiner."

03:04 Lily Kaise keys her neon purple metachannel FTL communicator:

03:04 [AEU | 1: Alliance Communication] Lily Kaise laughs.

03:09 Lily Kaise says, "Hmm I guess I should go check on what's in the warehouses between sEAS and starseekers."

03:09 Lily Kaise grasps a large lever on the control board and pushes it slowly away from her.

03:09 Status lights blink on all around you as faint hums and beeps begin to emanate from the various starship systems.

03:09 Lily Kaise uses the ship's radio to ask flight control for launch clearance.

03:09 A voice comes over the speaker and says, "William Dove, you are given undock clearance under the AEU-EAOS non-aggression pact."

03:09 You feel mild acceleration as the ship lifts off smoothly.

03:09 The computer reports that the three-person cannoneer "EAOS Ion Rider Omicron" has jumped out of the sector.

03:09 A large semi-transparent bell-shaped creature with long dangling tendrils and a sienna glowing interior pulsates gently.

03:10 The mild vibration of acceleration eases off and is replaced by the firm pull of artificial gravity as the ship pulls into clear space.

03:10 Lily Kaise presses a button and brings up the FTL flight control board.

03:10 The computer says, "Destination selected. Two jumps to New Earth Orbit. Initializing quantum wormhole selection sequence."
You hear a sharp electronic whine as power suddenly flows into the wormhole drive.

03:10 The computer says, "Convergent wormhole located. Expanding wormhole and jumping to Providence Gate."

03:10 The starship vibrates slightly as it nears the wormhole mouth.

03:10 The windows automatically dim as space outside dissolves into a bright flash of light.

03:10 The bright light fades and is once again replaced by the black vacuum and stars of a different sector of space.  The vibrations slowly ease off as the wormhole shrinks and disappears.

03:10 Providence Station shines brightly in the dark, one of the few stations that bothers to illuminate its outer hull. The gleaming hull of the station is bathed with bright white floodlights.
The computer says, "Continuing jump sequence. One jump remaining."
You hear a sharp electronic whine as power suddenly flows into the wormhole drive.

03:10 The computer says, "Final convergent wormhole located. Expanding wormhole and jumping to New Earth Orbit."

03:10 The starship vibrates slightly as it nears the wormhole mouth.

03:10 The windows automatically dim as space outside dissolves into a bright flash of light.

03:10 The bright light fades and is once again replaced by the black vacuum and stars of a different sector of space.  The vibrations slowly ease off as the wormhole shrinks and disappears.

03:10 New Earth rotates through space before you, a startingly verdant planet, colored in greens and blues with pure white clouds.
The computer announces, "Autolander beacon detected. The ship will automatically proceed to New Earth in thirty seconds unless aborted or another navigation order is entered."

03:10 Lily Kaise presses a button and brings up the starship's navigation controls.

03:10 Via general sector communication, New Earth transmits, "Hello there, William Dove! Welcome to home space!"

03:10 A destination appears on the ship's navigation controls: New Earth.

03:10 You detect a faint rumbling as the starship begins to move through space.

03:10 The computer reports that the two-person light transport "Registered Merchant 507" has jumped into the sector.

03:10 The computer reports that the two-person light transport "Registered Merchant 507" has landed on the planet New Earth.

03:10 Via general sector communication, New Earth transmits, "Greetings, Registered Merchant 507! Welcome to New Earth Orbit!"

03:10 The sound of the engines slowly fades away as the starship stops moving.

03:10 The ship's computer automatically requests landing clearance.

03:11 A voice comes over the speaker and says, "Hello, William Dove. We read your AEU transponder. You are cleared to land at the city of New Phoenix."

03:11 You feel mild acceleration as the ship descends toward a planet.

03:11 The mild vibration of acceleration eases off and is replaced by the firm pull of gravity as the ship touches down smoothly on the planet's ground.

03:11 Lily Kaise says, "Will check on the office too but it's been pretty quiet."

03:11 The computer sounds a notification indicating that the ship has been fully charged.

03:11 Lily Kaise pulls a large lever towards her.

03:11 The faint sounds and status lights of the starship's systems slowly fade away, leaving you in a dim silence.

03:11 Lily Kaise kisses you.

03:11 Lily Kaise stands up from a rare black EAOSian contoured couch with a hand-made white and sapphire star quilt on it.

03:11 Cheri-Pye the large light violet felo slides to the floor.

03:11 Lily Kaise strokes the soft fur of Cheri-Pye the large light violet felo.

03:11 Cheri-Pye the large light violet felo purrs and rubs its head against Lily's hand, looking up at her adoringly.

03:11 Lily Kaise glides out.

03:11 The airlock hatch chimes quietly.

03:11 A large semi-transparent ovoid creature with medium-length dangling tendrils and an amethyst glowing interior drifts slowly across the tank.

03:17 [AEU | 1: Alliance Communication] Lily Kaise transmits, "Ow poor rats battlesuit!"

03:18 Cheri-Pye the large light violet felo suddenly jumps onto a round white rattan coffee table with a glass top.

03:22 Cheri-Pye the large light violet felo jumps into your lap and settles in, purring.

03:23 [General Communication] Jason Turner transmits, "Greetings all."

03:23 [General Communication] Michael Kennedy transmits, "Heya."

03:23 A long gold soft-bodied creature with many claw-tipped tentacles wraps its tentacles tightly around a small plastic statue of a shark, then loses interest and jets off.

03:25 A long yellow soft-bodied creature with many claw-tipped tentacles swims around a string of light purple plastic kelp.

03:29 A long red soft-bodied creature with many claw-tipped tentacles propels itself through the tank, stirring up tiny particles.

03:31 A large thickly-shelled creature with a yellow shell and four small claws raises its claws at a small plastic statue of a shark and snaps them menacingly while dancing around it.

03:33 A long yellow soft-bodied creature with many claw-tipped tentacles wraps its tentacles tightly around a small plastic statue of a Jinu, then loses interest and jets off.

03:34 [General Communication] Jason Turner transmits, "Hmm, I am only curiouos of this, but does anyone know where there might be hosted a sim to practice combat piloting? I'd like to refine my skills."

03:34 The airlock hatch chimes quietly.

03:34 [General Communication] Ather Jammoa transmits, "AFW command."

03:34 [General Communication] Ather Jammoa transmits, "Command ring."

03:34 Lily Kaise just entered the ship.

03:34 [General Communication] Jason Turner transmits, "Thanks much."

03:34 Lily Kaise cuddles up to you.

03:34 [General Communication] Jason Turner transmits, "I'll go look for it."

03:34 Lily Kaise sits down on a rare black EAOSian contoured couch with a hand-made white and sapphire star quilt on it.

03:34 You cuddle up to Lily Kaise.

03:35 Lily Kaise says, "Did you check your office Love as we're here on New earth."

03:35 You say, "I did earlier."

03:35 You smile.

03:35 Lily Kaise says, "Ok then I'll head back to the torrus."

03:35 Lily Kaise grasps a large lever on the control board and pushes it slowly away from her.

03:35 Status lights blink on all around you as faint hums and beeps begin to emanate from the various starship systems.

03:36 Lily Kaise uses the ship's radio to ask flight control for launch clearance.

03:36 A voice comes over the speaker and says, "William Dove, you have clearance to launch. Good luck and come back to us safely."

03:36 You feel mild acceleration as the ship lifts off smoothly.
You smile at Lily Kaise.

03:36 Lily Kaise smiles at you.

03:36 The mild vibration of acceleration eases off and is replaced by the firm pull of artificial gravity as the ship pulls into clear space.

03:36 Lily Kaise presses a button and brings up the FTL flight control board.

03:36 The computer says, "Destination selected. Two jumps to The Torus. Initializing quantum wormhole selection sequence."
You hear a sharp electronic whine as power suddenly flows into the wormhole drive.

03:36 The computer says, "Convergent wormhole located. Expanding wormhole and jumping to Torus Corridor."

03:36 The starship vibrates slightly as it nears the wormhole mouth.

03:36 The windows automatically dim as space outside dissolves into a bright flash of light.

03:36 The bright light fades and is once again replaced by the black vacuum and stars of a different sector of space.  The vibrations slowly ease off as the wormhole shrinks and disappears.

03:36 The computer says, "Continuing jump sequence. One jump remaining."
You hear a sharp electronic whine as power suddenly flows into the wormhole drive.

03:36 The computer says, "Final convergent wormhole located. Expanding wormhole and jumping to The Torus."

03:36 The starship vibrates slightly as it nears the wormhole mouth.

03:36 The windows automatically dim as space outside dissolves into a bright flash of light.

03:36 The bright light fades and is once again replaced by the black vacuum and stars of a different sector of space.  The vibrations slowly ease off as the wormhole shrinks and disappears.

03:36 The perfect ring of The Torus spins serenely nearby.
The computer announces, "Autolander beacon detected. The ship will automatically proceed to The Torus (Dock Alpha) in thirty seconds unless aborted or another navigation order is entered."

03:36 Via general sector communication, The Torus transmits, "Greetings, William Dove! Welcome to The Torus!"

03:36 Lily Kaise presses a button and brings up the starship's navigation controls.

03:36 A destination appears on the ship's navigation controls: The Torus (Dock Alpha).

03:36 You detect a faint rumbling as the starship begins to move through space.

03:37 The sound of the engines slowly fades away as the starship stops moving.

03:37 The ship's computer automatically requests docking clearance.

03:37 A voice comes over the speaker and says, "We detect you to be an AEU ship, William Dove. The EAOS welcomes you under the non-aggression pact."

03:37 You feel mild acceleration as the ship moves toward a space station.

03:37 The mild vibration of acceleration eases off and is replaced by the firm pull of the space station's local artificial gravity.

03:37 Lily Kaise pulls a large lever towards her.

03:37 The faint sounds and status lights of the starship's systems slowly fade away, leaving you in a dim silence.

03:37 The computer sounds a notification indicating that the ship has been fully charged.

03:37 You wrap your arms around Lily Kaise, pulling her close.

03:38 Lily Kaise wraps her arms around you, pulling you close.

03:59 You gently caress Lily Kaise's back and waist.

03:59 Lily Kaise gently caresses your shoulders and neck.

03:59 Lily Kaise kisses you.

03:59 A large semi-transparent cylindrical creature with medium-length dangling tendrils and a fuchsia glowing interior drifts slowly across the tank.

04:07 A large semi-transparent bell-shaped creature with medium-length dangling tendrils and a cerulean glowing interior drifts slowly past a plastic flower with red petals.

04:10 Cheri-Pye the large light violet felo jumps down from your lap.

04:14 Cheri-Pye the large light violet felo hums melodically to itself as it wanders out.

04:17 A long orange soft-bodied creature with many claw-tipped tentacles propels itself through the tank, stirring up tiny particles.

04:18 Cheri-Pye the large light violet felo hums melodically to itself as it wanders in from the airlock.

04:19 You kiss Lily Kaise.

04:21 A firmly rooted animal with dozens of rough yellow tendrils slowly waves its many tendrils.

04:22 Cheri-Pye the large light violet felo suddenly jumps onto a dark purple leather captain's chair.

04:23 A large semi-transparent bell-shaped creature with long dangling tendrils and an orange glowing interior pulsates gently.

04:25 A Tardick lizard named Asteria trundles slowly into the area.

04:25 A long orange soft-bodied creature with many claw-tipped tentacles propels itself through the tank, stirring up tiny particles.

04:26 Cheri-Pye the large light violet felo hums melodically to itself as it wanders south.

04:26 Shine the big white glowing felo wanders in from the south.

04:27 A Tardick lizard named Asteria flicks its tail.

04:30 Shine the big white glowing felo rears up and plants both pairs of forelegs on your leg, then rubs its head against you, purring softly.

04:34 Shine the big white glowing felo wanders out.

04:37 A Tardick lizard named Asteria flicks its tail.

04:41 A large thickly-shelled creature with a yellow shell and four small claws grips a plastic wrecked EAOS Defender firmly in its claws, then gives up when it can't break the toy.

04:43 A long amber soft-bodied creature with many claw-tipped tentacles abruptly flings itself at the side of the tank, its tentacles tapping at the glass, then it withdraws.

04:44 A Tardick lizard named Asteria trundles slowly south.

04:45 A long yellow soft-bodied creature with many claw-tipped tentacles swims around a string of light purple plastic kelp.

04:47 A large semi-transparent bell-shaped creature with long dangling tendrils and an orange glowing interior drifts slowly over a white plastic undersea castle.

04:49 A hairy yellow eight-legged ArachnoPal named Higgins skitters into the area.

04:51 A long yellow soft-bodied creature with many claw-tipped tentacles abruptly flings itself at the side of the tank, its tentacles tapping at the glass, then it withdraws.

04:52 A hairy yellow eight-legged ArachnoPal named Higgins jerks his limbs, springing into the air briefly.

04:52 Prissy the old big violet long-haired felo wanders in from the south.

04:58 Cheri-Pye the large light violet felo hums melodically to itself as it wanders in from the south.

05:02 Shine the big white glowing felo wanders in from the airlock.

05:03 A large semi-transparent bell-shaped creature with medium-length dangling tendrils and a cerulean glowing interior drifts slowly across the tank.

05:04 A hairy yellow eight-legged ArachnoPal named Higgins skitters south.

05:04 Prissy the old big violet long-haired felo wanders out.

05:10 Cheri-Pye the large light violet felo hums melodically to itself as it wanders south.

05:10 Shine the big white glowing felo rears up and plants both pairs of forelegs on Lily Kaise's leg, then rubs its head against her, purring softly.

05:12 Prissy the old big violet long-haired felo wanders in from the airlock.

05:14 Shine the big white glowing felo jumps into your lap and settles in, purring.

05:20 Prissy the old big violet long-haired felo wanders out.

05:21 [General Communication] Aisling the Fox transmits, "What is Alcohol Delta Vega and why is a courier from Fang Wood stopping by to tell us it is at Fang Wood?"

05:23 [General Communication] Aisling the Fox transmits, "And where has everyone gone already after just returning?"

05:24 [General Communication] Michael Kennedy transmits, "Think alko was misplaced, lost whatever so they gone to get him that much I know."

05:25 [General Communication] Aisling the Fox transmits, "Oh. Well. I think he is on Fang Wood."

05:25 [General Communication] Michael Kennedy transmits, "Yeah, it's there they are going I believe."

05:27 [General Communication] Aisling the Fox transmits, "I am skimming and then heading to send QE message to let them know for sure that it seems he is there."

05:35 [General Communication] Aisling the Fox transmits, "I need two people to approve message."

05:36 [General Communication] Aisling the Fox transmits, "Anyone?"

05:37 A large semi-transparent bell-shaped creature with medium-length dangling tendrils and a cerulean glowing interior drifts slowly past a small plastic statue of a shark.

05:39 [General Communication] Aisling the Fox sighs.

05:42 Lily Kaise kisses you.

05:42 Lily Kaise stands up from a rare black EAOSian contoured couch with a hand-made white and sapphire star quilt on it.

05:42 Lily Kaise says, "Well Love I think it's time to sleep1."

05:42 Say to whom?

05:42 You stand up from a rare black EAOSian contoured couch with a hand-made white and sapphire star quilt on it.

05:42 Shine the big white glowing felo slides to the floor.

05:42 I don't see "kitty" here.

05:42 You kiss Lily Kaise.

05:42 Lily Kaise says, "Sec."

05:42 Lily Kaise glides out.

05:42 [General Communication] Aisling the Fox transmits, "Shule, can you come and be a vote to approve message on QE?"

05:42 Lily Kaise just entered the ship.

05:43 [Starship "William Dove"; Base Block]

05:43 You see a soft round ocean blue rug with a design of coral and turquoise seashells, a blueberry rattan bench with a long white and coral pink flowered cushion on it, a round white rattan dining table with a glass top, a blueberry rattan bench with a long white and coral pink flowered cushion on it, a rattan floor lamp with a coral lotus shade, a blueberry rattan pantry cabinet, a small dusky pink trash bin, a glossy azure blue ceramic felo chow bowl, a black plastic tray of spider chow, and a hairy yellow eight-legged ArachnoPal named Higgins here.
You can go north, east, south, west, up, and down.

05:43 You turn general communication off.

05:43 Lily Kaise glides in from the north.

05:43 Lily Kaise glides south.

05:43 [Starship "William Dove"; Observation Deck]

05:43 You see a large round light purple and dark purple cloth rug, an antique oak table from Old Earth, a textured plasteel floor lamp with a cream shade (casting a white-colored glow), a violet leather sectional sofa, a glossy lilac ceramic felo chow bowl, a black plastic tray of spider chow, a wall-sized bubbling coral pink-lit aquarium containing fuchsia and gold aquatic life and coral rocks, and a Tardick lizard named Asteria here.
You can go north, east, south, west, up, and down.

05:43 [Starship "William Dove"; Living Quarters One]
You see a dusky pink rattan cabinet, a small red ball containing a realistic Bari horde noisemaker, a glossy pale purple ceramic felo chow bowl, a black plastic tray of spider chow, a large oval dark purple and light purple cloth rug, a small oval turquoise rattan table with a glass top, a white four poster rattan bed with a heart-shaped headboard and filmy deep purple hangings with a soft periwinkle cashmere blanket, a set of lavender silk sheets, a large periwinkle bed pillow, a hand-made purple and amethyst flower quilt, and a large periwinkle bed pillow on it, and Prissy the old big violet long-haired felo here.
Lily Kaise is standing here.
You can go out.

05:43 Lily Kaise removes a small suitcase from a lavender silk backpack embroidered with brightly hued butterflies.

05:43 You remove all of your clothing, placing it carefully in a small suitcase.

05:43 You lie down on a white four poster rattan bed with a heart-shaped headboard and filmy deep purple hangings with a soft periwinkle cashmere blanket, a set of lavender silk sheets, a large periwinkle bed pillow, a hand-made purple and amethyst flower quilt, and a large periwinkle bed pillow on it.

05:43 Lily Kaise removes all of her clothing, placing it carefully in a small suitcase.

05:43 Lily Kaise puts a small suitcase in a lavender silk backpack embroidered with brightly hued butterflies.

05:43 Lily Kaise lies down on a white four poster rattan bed with a heart-shaped headboard and filmy deep purple hangings with a soft periwinkle cashmere blanket, a set of lavender silk sheets, a large periwinkle bed pillow, a hand-made purple and amethyst flower quilt, and a large periwinkle bed pillow on it.

05:43 Lily Kaise tunes a neon purple metachannel FTL communicator.

05:43 You wrap your arms around Lily Kaise, pulling her close.

05:43 Lily Kaise wraps her arms around you, pulling you close.

05:48 A Tardick lizard named Asteria trundles slowly into the area.

05:48 Lily Kaise strokes a Tardick lizard named Asteria's warm scaly skin.

05:48 Prissy the old big violet long-haired felo wanders out.

05:49 Lily says to you, "Nite Love. Rest well and sweet dreams. I love you."

05:49 Lily Kaise blinks heavily and then dozes off.

05:51 You say to Lily, "Night my love."

05:58 A Tardick lizard named Asteria's spine ridges flicker blue for a brief moment.

05:58 Mischief the large black felo hums melodically to itself as it wanders in from the north.

06:04 A Tardick lizard named Asteria trundles slowly out.

06:06 Mischief the large black felo hums melodically to itself as it wanders out.

09:01 [AEU | 10: Conquest Status] An AEU pilot corps liaison transmits, "I see some activity underway, but no performance goals reached yet! Let's keep going!"

10:02 [AEU | 10: Conquest Status] An AEU pilot corps liaison transmits, "I see some activity underway, but no performance goals reached yet! Let's keep going!"

10:13 Prissy the old big violet long-haired felo wanders in from the north.

10:17 Prissy the old big violet long-haired felo bats at a small red ball containing a realistic Bari horde noisemaker.

10:25 Prissy the old big violet long-haired felo bats at a small red ball containing a realistic Bari horde noisemaker.

10:29 Prissy the old big violet long-haired felo wanders out.

11:02 [AEU | 10: Conquest Status] An AEU pilot corps liaison transmits, "Looks like we've got some things going, but we haven't met any performance goals yet!"

11:33 Prissy the old big violet long-haired felo wanders in from the north.

11:45 Prissy the old big violet long-haired felo wanders out.

11:57 Prissy the old big violet long-haired felo wanders in from the north.

12:01 Prissy the old big violet long-haired felo rears up and plants both pairs of forelegs on Lily Kaise's leg, then rubs its head against her, purring softly.

12:02 [AEU | 10: Conquest Status] An AEU pilot corps liaison transmits, "Come on, we can reach our performance goals if we try!"

12:05 Prissy the old big violet long-haired felo wanders out.

13:06 [AEU | 10: Conquest Status] An AEU pilot corps liaison transmits, "Looks like we've got some things going, but we haven't met any performance goals yet!"

14:07 [AEU | 10: Conquest Status] An AEU pilot corps liaison transmits, "Come on, we can reach our performance goals if we try!"

14:23 A hairy yellow eight-legged ArachnoPal named Higgins skitters into the area.

14:31 A hairy yellow eight-legged ArachnoPal named Higgins spins webbing, gathering it into a ball with his back feet, then eats it.

14:38 A hairy yellow eight-legged ArachnoPal named Higgins skitters out.

15:00 Lily Kaise wraps her arms around you, pulling you close.

15:00 Lily Kaise kisses you.

15:00 Lily Kaise stands up from a white four poster rattan bed with a heart-shaped headboard and filmy deep purple hangings with a soft periwinkle cashmere blanket, a set of lavender silk sheets, a large periwinkle bed pillow, a hand-made purple and amethyst flower quilt, and a large periwinkle bed pillow on it.

15:00 Lily Kaise glides out.

15:10 [AEU | 10: Conquest Status] An AEU pilot corps liaison transmits, "Looks like we've got some things going, but we haven't met any performance goals yet!"

15:33 You stand up from a white four poster rattan bed with a heart-shaped headboard and filmy deep purple hangings with a soft periwinkle cashmere blanket, a set of lavender silk sheets, a large periwinkle bed pillow, a hand-made purple and amethyst flower quilt, and a large periwinkle bed pillow on it.

15:33 You remove a small suitcase from a leather briefcase.

15:33 **

15:33  Welcome back to Star Conquest!
**
 Consider voting for Star Conquest at MUD listing sites! Votes help keep new players coming to the game!
 The Mud Connector: http://www.mudconnect.com/mud-bin/vote_rank.cgi?mud=Star+Conquest
 Top Mud Sites:     http://www.topmudsites.com/vote-sc.html
**
 TIP: If you see a strange person, see if you can TALK to them.
**

15:33 You sniff at yourself. You smell the fresh fragrance of a sun-warmed grassy meadow.

15:33 A small suitcase is already open.

15:33 You remove a pair of white cotton briefs from a small suitcase.

15:33 You slide a pair of white cotton briefs on.

15:33 You remove a pair of blue corduroy jeans from a small suitcase.

15:33 You pull a pair of blue corduroy jeans on over your legs.

15:33 You remove a long-sleeved dark green tee appliqued with small silver stars from a small suitcase.

15:33 You pull a long-sleeved dark green tee appliqued with small silver stars on over your head.

15:33 You remove a pair of gray canvas sneakers from a small suitcase.

15:33 You pull a pair of gray canvas sneakers onto your feet.

15:33 You close a small suitcase.

15:33 You put a small suitcase in a leather briefcase.

15:33 [Starship "William Dove"; Observation Deck]

15:33 You see a large round light purple and dark purple cloth rug, an antique oak table from Old Earth, a textured plasteel floor lamp with a cream shade (casting a white-colored glow), a violet leather sectional sofa, a glossy lilac ceramic felo chow bowl, a black plastic tray of spider chow, and a wall-sized bubbling coral pink-lit aquarium containing fuchsia and gold aquatic life and coral rocks here.
You can go north, east, south, west, up, and down.

15:33 [Starship "William Dove"; Base Block]

15:33 You see a soft round ocean blue rug with a design of coral and turquoise seashells, a blueberry rattan bench with a long white and coral pink flowered cushion on it, a round white rattan dining table with a glass top, a blueberry rattan bench with a long white and coral pink flowered cushion on it, a rattan floor lamp with a coral lotus shade, a blueberry rattan pantry cabinet, a small dusky pink trash bin, a glossy azure blue ceramic felo chow bowl, a black plastic tray of spider chow, a Tardick lizard named Asteria, Mischief the large black felo, and Shine the big white glowing felo here.
You can go north, east, south, west, up, and down.

15:33 [Starship "William Dove"; Control Room]
You see a sleek metal quantum entanglement communication device, a rattan floor lamp with a light purple lotus shade (casting a white-colored glow), a wormhole drive tracer, a dark purple leather captain's chair, a large oval white and black cloth rug, a rare black EAOSian contoured couch with a hand-made white and sapphire star quilt and Cheri-Pye the sleeping large light violet felo on it, a round white rattan coffee table with a glass top, a glossy silver ceramic felo chow bowl, a small white trash bin, a black plastic tray of spider chow, a wall-sized bubbling neon purple-lit aquarium containing red and yellow aquatic life and coral rocks, a robotic chef named Nellie, a small red insulated cooler, and Purr the humanoid service robot here.
Lily Kaise is sitting on a rare black EAOSian contoured couch.
You can go south and out.

15:34 I can't find "sofa."

15:34 You sit down on a rare black EAOSian contoured couch with a hand-made white and sapphire star quilt and Cheri-Pye the sleeping large light violet felo on it.

15:34 You smile at Lily Kaise.

15:34 You wrap your arms around Lily Kaise, pulling her close.

15:34 Lily Kaise smiles at you.

15:34 Lily Kaise wraps her arms around you, pulling you close.

15:34 You say to Lily, "Hi my love."

15:34 Lily says to you, "Hey Love!"

15:34 Not much to see out there.

15:34 There appear to be about 10 pilots recently active.

15:34 The communicator network and Accord QE comm detect:
Isaac Strickland  (A) [c]
Shule Elemmire  (A) [m]
Lily Kaise  (A)
Katina Faye  (L)
Ali Candan  (L)
%Wendy Arroyo  (L)
%Melinda Michaels  (L)
Whine Lit  (F) [c]
Michael Kennedy  (F)

% == Detected via Quantum Entanglement comm
Your communicator also reports that there are 3 pilots who were active but dropped out of communications.
Additionally, there are 10 pilots who appear to have their communicators on but have not recently been active.
Final total: 20 pilots.
Want to know if anyone's relaxing in a public venue? Check WHERE!

15:37 Prissy the old big violet long-haired felo curls up and closes its eyes.

15:37 Lily Kaise strokes the soft fur of Prissy the old sleeping big violet long-haired felo.

15:37 Prissy the old sleeping big violet long-haired felo bats at Lily Kaise in its sleep.

15:37 I don't see that here.

15:37 I don't see that here.

15:37 Lily Kaise laughs.

15:37 You laugh.

15:38 [Notification from Space Explorers Amidst The Stars] The organization has gained 9,398,828.12 credits from a xenology submission.

15:40 A large thickly-shelled creature with a red shell and four small claws raises its claws at a small plastic statue of a shark and snaps them menacingly while dancing around it.

15:52 A long yellow soft-bodied creature with many claw-tipped tentacles rears up suddenly from behind a plastic wrecked EAOS Defender and wraps its tentacles around it as if trying to drag it into the deep.

15:56 A large thickly-shelled creature with a yellow shell and four small claws creeps across the bottom of the tank, snapping its many claws rapidly.

15:58 A long violet soft-bodied creature with many claw-tipped tentacles wraps its tentacles tightly around a small plastic statue of a shark, then loses interest and jets off.

16:00 A large semi-transparent bell-shaped creature with long dangling tendrils and a sienna glowing interior pulsates gently.

16:02 A long amber soft-bodied creature with many claw-tipped tentacles abruptly flings itself at the side of the tank, its tentacles tapping at the glass, then it withdraws.

16:10 [AEU | 10: Conquest Status] An AEU pilot corps liaison transmits, "I see some activity underway, but no performance goals reached yet! Let's keep going!"

16:11 Mischief the large black felo hums melodically to itself as it wanders in from the south.

16:15 Mischief the large black felo hums melodically to itself as it wanders out.

16:26 A large semi-transparent bell-shaped creature with medium-length dangling tendrils and a red glowing interior drifts slowly past a plastic flower with red petals.

16:27 Cheri-Pye the large light violet felo jumps down from a rare black EAOSian contoured couch with a hand-made white and sapphire star quilt on it.

16:30 A large thickly-shelled creature with a red shell and four small claws grips a white plastic undersea castle firmly in its claws, then gives up when it can't break the toy.

16:31 Mischief the large black felo hums melodically to itself as it wanders in from the airlock.

16:31 Cheri-Pye the large light violet felo hums melodically to itself as it wanders south.

16:35 Mischief the large black felo hums melodically to itself as it wanders south.

16:36 A large thickly-shelled creature with a yellow shell and four small claws grips a plastic wrecked EAOS Defender firmly in its claws, then gives up when it can't break the toy.

16:49 [Tactical Communication] Michael Kennedy transmits, "Anyone for beacons?"

16:49 [Tactical Communication] Katina Faye transmits, "Sure."

16:50 You press a button to cancel the current autopilot program.

16:50 The navigation systems are nonfunctional until their power is restored.

16:51 Lily Kaise laughs at you.

16:51 [Tactical Communication] Damien Alexander transmits, "I guess I could."

16:51 Lily Kaise asks, "You having a dream about artifacting again?"

16:51 Lily Kaise laughs.

16:51 [Tactical Communication] Michael Kennedy transmits, "Oh good 2 more if not destroyer?"

16:52 [Tactical Communication] Damien Alexander transmits, "I'll eng for ya, Michael."

16:52 You laugh.

16:52 You say, "I guess."

16:58 You wrap your arms around Lily Kaise, pulling her close.

16:59 Lily Kaise wraps her arms around you, pulling you close.

17:00 A large semi-transparent bell-shaped creature with medium-length dangling tendrils and a cerulean glowing interior drifts slowly across the tank.

17:06 A large semi-transparent ovoid creature with medium-length dangling tendrils and an amethyst glowing interior drifts slowly across the tank.

17:10 [AEU | 10: Conquest Status] An AEU pilot corps liaison transmits, "I see some activity underway, but no performance goals reached yet! Let's keep going!"

17:11 [Notification from Space Explorers Amidst The Stars] The organization has gained 4,351,851.85 credits for a submission from a battle analysis scanner on AEU Battle-Scanning Nuclear Temporary Station involving the three-person flying wing "Three Times The Charm".

17:12 A large semi-transparent cylindrical creature with medium-length dangling tendrils and a fuchsia glowing interior drifts slowly past a plastic frond of light green sea fern.

17:14 A large semi-transparent cylindrical creature with medium-length dangling tendrils and a fuchsia glowing interior pulsates gently.

17:20 An oversized semi-transparent ovoid creature with long dangling tendrils and a blue glowing interior drifts slowly past a plastic wrecked EAOS Defender.

17:22 A large semi-transparent perfectly round creature with long dangling tendrils and a cerulean glowing interior pulsates gently.

17:34 A firmly rooted animal with dozens of smooth green tendrils slowly waves its many tendrils.

17:34 [Notification from Space Explorers Amidst The Stars] The organization has gained 4,351,851.85 credits for a submission from a battle analysis scanner on AEU Battle-Scanning Nuclear Temporary Station involving the three-person flying wing "Three Times The Charm".

17:45 Prissy the old big violet long-haired felo jumps down from Lily Kaise's lap.

17:45 Lily Kaise strokes the soft fur of Prissy the old big violet long-haired felo.

17:45 Prissy the old big violet long-haired felo purrs and rubs its head against Lily's hand, looking up at her adoringly.

17:47 Cheri-Pye the large light violet felo hums melodically to itself as it wanders in from the south.

17:49 Prissy the old big violet long-haired felo wanders out.

17:50 A firmly rooted animal with dozens of rough yellow tendrils slowly waves its many tendrils.

17:51 Cheri-Pye the large light violet felo hums melodically to itself as it wanders south.

17:52 A large semi-transparent bell-shaped creature with long dangling tendrils and a sienna glowing interior pulsates gently.

17:54 A long gold soft-bodied creature with many claw-tipped tentacles and a long yellow soft-bodied creature with many claw-tipped tentacles suddenly fly toward each other and impact in a tangle of tentacles.

17:57 Prissy the old big violet long-haired felo wanders in from the airlock.

17:57 Lily Kaise strokes the soft fur of Prissy the old big violet long-haired felo.

17:57 Prissy the old big violet long-haired felo purrs and rubs its head against Lily's hand, looking up at her adoringly.

18:00 A long amber soft-bodied creature with many claw-tipped tentacles abruptly flings itself at the side of the tank, its tentacles tapping at the glass, then it withdraws.

18:01 Prissy the old big violet long-haired felo jumps into your lap and settles in, purring.

18:01 Lily Kaise says, "Aww."

18:01 Lily Kaise smiles.

18:04 A firmly rooted animal with dozens of smooth green tendrils slowly waves its many tendrils.

18:10 [AEU | 10: Conquest Status] An AEU pilot corps liaison transmits, "Looks like we've got some things going, but we haven't met any performance goals yet!"

18:18 A large semi-transparent perfectly round creature with long dangling tendrils and a cerulean glowing interior drifts slowly past a plastic flower with red petals.

18:22 A large semi-transparent perfectly round creature with long dangling tendrils and a cerulean glowing interior drifts slowly past a string of light purple plastic kelp.

18:24 A long amber soft-bodied creature with many claw-tipped tentacles swims around a small plastic statue of a shark.

18:28 You stroke the soft fur of Prissy the old big violet long-haired felo.

18:28 Prissy the old big violet long-haired felo purrs and rubs its head against your hand, looking up at you adoringly.

18:28 You say to Prissy the old big violet long-haired felo, "Hey there."

18:31 You say to Lily, "I love you."

18:31 Lily says to you, "I love you too!"

18:31 Lily Kaise smiles at you.

18:33 Prissy the old big violet long-haired felo jumps down from your lap.

18:33 Lily Kaise strokes the soft fur of Prissy the old big violet long-haired felo.

18:33 Prissy the old big violet long-haired felo purrs and rubs its head against Lily's hand, looking up at her adoringly.

18:33 Lily Kaise wraps her arms around Prissy the old big violet long-haired felo.

18:33 Lily Kaise helps herself to a small Bari-shaped tidbit.

18:33 Lily Kaise puts down a small Bari-shaped tidbit.

18:33 Lily Kaise removes a small purple ball containing a dingling bell from a lavender silk backpack embroidered with brightly hued butterflies.

18:33 Lily Kaise tosses a small purple ball containing a dingling bell at Prissy the old big violet long-haired felo.

18:34 Prissy the old big violet long-haired felo bats wildly at the ball.

18:34 Lily Kaise laughs.

18:34 Lily Kaise puts a small purple ball containing a dingling bell away.

18:34 Lily Kaise puts down a small purple ball containing a dingling bell.

18:34 Lily Kaise strokes the soft fur of Prissy the old hungry big violet long-haired felo.

18:34 Prissy the old hungry big violet long-haired felo purrs and rubs its head against Lily's hand, looking up at her adoringly.

18:34 Lily Kaise helps herself to a small Bari-shaped tidbit.

18:34 Lily Kaise puts down a small Bari-shaped tidbit.

18:34 Lily Kaise helps herself to a small Bari-shaped tidbit.

18:34 Lily Kaise puts down a small Bari-shaped tidbit.

18:35 Lily Kaise shows a small Bari-shaped tidbit to Prissy the old hungry big violet long-haired felo.

18:36 Lily Kaise presses a button, calling up a display of the contents of the ship's hold.

18:37 Prissy the old hungry big violet long-haired felo seems to be hungry.

18:37 Prissy the old hungry big violet long-haired felo enthusiastically gobbles up a small Bari-shaped tidbit.

18:37 Lily Kaise strokes the soft fur of Prissy the old big violet long-haired felo.

18:37 Prissy the old big violet long-haired felo purrs and rubs its head against Lily's hand, looking up at her adoringly.

18:41 Prissy the old big violet long-haired felo wanders south.

18:43 You say, "Be right back."

18:43 You stand up from a rare black EAOSian contoured couch with a hand-made white and sapphire star quilt on it.

18:43 [Starship "William Dove"; Airlock]

18:43 You see a large secure xenology storage container, a row of flightlockers, an early warning space defense device, a glossy sky blue ceramic felo chow bowl, and a small mystic purple bioplastic crate here.
You can go out and enter into the ship.

18:43 You exit the ship.
[The Torus; Garage]
You can go up.

18:43 [Starship "Starlight Express"; Airlock]

18:43 You see a glossy blue ceramic felo chow bowl, a big red soldier felo, an obese albino felo, and a hefty light red soldier felo here.
You can go out and enter into the ship.
You hear a sharp click as the ship's hatch is locked.

18:43 You sniff at yourself. You smell the fresh fragrance of a sun-warmed grassy meadow.

18:43 You sniff absently at the air. The air smells like a warm ocean breeze.

18:43 [Starship "Starlight Express"; Control Room]

18:43 You see a glossy pearl gray ceramic felo chow bowl, Mekensie the humanoid service robot, and a hefty white felo kitten here.
You can go south and out.

18:44 Board what?

18:44 Storage hold contents:

18:44 
Name:                                     Units:
                                     --
Low-grade dry felo chow                   4734
                                        
Weight capacity:                          6800
Total weight:                           - 4734
                                          --
Remaining weight capacity:              = 2066


18:44 You say, "Mekensie caretake."

18:44 Mekensie the humanoid service robot says in a synthesized voice, "Caretaking task has been canceled."

18:44 Mekensie the humanoid service robot says in a synthesized voice, "Order confirmed."
Mekensie the humanoid service robot says in a synthesized voice, "I shall watch over the living beings on this ship as if they were my own."

18:44 a glossy pearl gray ceramic felo chow bowl

18:44 The bowl appears to be about two-thirds full.

18:44 [Starship "Starlight Express"; Airlock]

18:44 You see a glossy blue ceramic felo chow bowl, a big red soldier felo, an obese albino felo, and a hefty light red soldier felo here.
You can go out and enter into the ship.

18:44 You exit the ship.
[The Torus; Garage]
You can go up.

18:44 [Starship "William Dove"; Airlock]

18:44 You see a large secure xenology storage container, a row of flightlockers, an early warning space defense device, a glossy sky blue ceramic felo chow bowl, and a small mystic purple bioplastic crate here.
You can go out and enter into the ship.
You hear a sharp click as the ship's hatch is locked.

18:44 [Starship "William Dove"; Control Room]

18:44 You see a sleek metal quantum entanglement communication device, a rattan floor lamp with a light purple lotus shade (casting a white-colored glow), a wormhole drive tracer, a dark purple leather captain's chair, a large oval white and black cloth rug, a rare black EAOSian contoured couch with a hand-made white and sapphire star quilt on it, a round white rattan coffee table with a glass top, a glossy silver ceramic felo chow bowl, a small white trash bin, a black plastic tray of spider chow, a wall-sized bubbling neon purple-lit aquarium containing red and yellow aquatic life and coral rocks, a robotic chef named Nellie, a small red insulated cooler, Purr the humanoid service robot, a small Bari-shaped tidbit, a small purple ball containing a dingling bell, and a small Bari-shaped tidbit here.
Lily Kaise is sitting on a rare black EAOSian contoured couch.
You can go south and out.

18:44 I can't find "sofa."

18:44 You sit down on a rare black EAOSian contoured couch with a hand-made white and sapphire star quilt on it.

18:44 You wrap your arms around Lily Kaise, pulling her close.

18:45 Lily Kaise wraps her arms around you, pulling you close.

18:45 Lily Kaise asks, "Did you reset your robot since we've returned?"

18:45 Lily Kaise smiles at you.

18:48 You say, "I jsut did."

18:48 You say, "Just did."

18:48 Lily Kaise laughs.

18:48 Lily Kaise says, "Oh good."

18:48 You smile.

18:49 I don't understand that.

18:49 You kiss Lily Kaise on the lips.

18:50 You punch a few commands into your personal credit assistant and receive the following display:

18:50 
Your credit summary:

  6,370,391,487.48 EAOS credits
  5,704,332,937.21 AEU credits
  17,870,170,368.46 League credits
  173,343,352.64 Fringe credits
  3,006,129,378.55 Mutuality credits
  1082 Teslabucks

Total if all credits were converted: 35,148,614,208.13 AEU credits

18:52 There appear to be about 12 pilots recently active.

18:52 The communicator network and Accord QE comm detect:
Jacob Shields  (A)
Isaac Strickland  (A) [c]
Shule Elemmire  (A) [m]
Lily Kaise  (A)
Katina Faye  (L)
Ali Candan  (L)
%Tanny Hill  (L)
%Wendy Arroyo  (L)
%Melinda Michaels  (L)
Michael Kennedy  (F)
Damien Alexander  (F)
%Kani Kahakai  (F) [c]

% == Detected via Quantum Entanglement comm
Your communicator also reports that there are 4 pilots who were active but dropped out of communications.
Additionally, there are 12 pilots who appear to have their communicators on but have not recently been active.
Final total: 24 pilots.
Want to know if anyone's relaxing in a public venue? Check WHERE!

18:52 [AEU | 1: Alliance Communication] Shule Elemmire transmits, "Hello AEU."

18:55 [AEU | 1: Alliance Communication] Isaac Strickland transmits, "Hey."

18:55 [AEU | 1: Alliance Communication] Jacob Shields transmits, "Ahoy there."

18:56 A large semi-transparent bell-shaped creature with long dangling tendrils and a sienna glowing interior drifts slowly across the tank.

18:58 A large semi-transparent cylindrical creature with medium-length dangling tendrils and a fuchsia glowing interior drifts slowly past a plastic flower with red petals.

19:00 A large semi-transparent bell-shaped creature with long dangling tendrils and a sienna glowing interior drifts slowly past a plastic wrecked EAOS Defender.

19:06 A long red soft-bodied creature with many claw-tipped tentacles propels itself through the tank, stirring up tiny particles.

19:08 A large semi-transparent cylindrical creature with medium-length dangling tendrils and a fuchsia glowing interior drifts slowly past a plastic frond of light green sea fern.

19:09 You kiss Lily Kaise.

19:10 I don't understand that.

19:14 [AEU | 10: Conquest Status] An AEU pilot corps liaison transmits, "I see some activity underway, but no performance goals reached yet! Let's keep going!"

19:18 A large semi-transparent bell-shaped creature with medium-length dangling tendrils and a cerulean glowing interior drifts slowly past a plastic flower with red petals.

19:20 A long red soft-bodied creature with many claw-tipped tentacles swims around a plastic flower with red petals.

19:23 Cheri-Pye the large light violet felo hums melodically to itself as it wanders in from the south.

19:35 Cheri-Pye the large light violet felo seems to be hungry.

19:35 Cheri-Pye the large light violet felo enthusiastically gobbles up a small Bari-shaped tidbit.

19:39 [AEU | 1: Alliance Communication] Constantine Stone transmits, "So the artifacting trip returned and another expedition left?"

19:39 Cheri-Pye the large light violet felo hums melodically to itself as it wanders out.

19:39 [AEU | 1: Alliance Communication] Ather Jammoa transmits, "Not exactly."

19:39 [AEU | 1: Alliance Communication] Ather Jammoa transmits, "Alko was a complete dumbass and got himself left behind on Feng Wo, and they went to bring his stupid ass back."

19:39 [AEU | 1: Alliance Communication] Constantine Stone transmits, "Oh wow."

19:41 [AEU | 1: Alliance Communication] Ather Jammoa transmits, "Yet, if it were a member of the AEU who had done it, I can't imagine the things that would've been said."

19:41 [AEU | 1: Alliance Communication] Ather Jammoa transmits, "But then you have dickheads like Morris, who tried to blame the crew more than Alko."

19:45 Lily Kaise speaks into her neon purple metachannel FTL communicator:

19:45 [AEU | 1: Alliance Communication] Lily Kaise transmits, "Well, we are all adults and if one doesn't pay attention to what they are told about departure times or alert someone else, then the responsibility lies upon the one who gets left. Evenia tried her damndest to pitch a stink about Shule and I disobeying Johann's request which we did not. I even passed others who were still shopping and whatnot en route back to the ship. I've beenon many trips and have never been left and ifI ever am, it's my fault."

19:46 Lily Kaise speaks into her neon purple metachannel FTL communicator:

19:46 [AEU | 1: Alliance Communication] Lily Kaise transmits, "But yeah, if it had of been us I'm sure nobody would go high-tailing it out there to fetch us."

19:50 A large semi-transparent bell-shaped creature with long dangling tendrils and an orange glowing interior drifts slowly past a small plastic statue of a Jinu.

19:51 Cheri-Pye the large light violet felo hums melodically to itself as it wanders in from the airlock.

19:52 A short red soft-bodied creature with many claw-tipped tentacles wraps its tentacles tightly around a small plastic statue of a Jinu, then loses interest and jets off.

19:55 Cheri-Pye the large light violet felo hums melodically to itself as it wanders out.

20:06 You nod to Lily Kaise.

20:11 Cheri-Pye the large light violet felo hums melodically to itself as it wanders in from the airlock.

20:15 Cheri-Pye the large light violet felo seems to be hungry.

20:15 Cheri-Pye the large light violet felo enthusiastically gobbles up a small Bari-shaped tidbit.

20:15 [AEU | 10: Conquest Status] An AEU pilot corps liaison transmits, "Come on, we can reach our performance goals if we try!"

20:18 A long amber soft-bodied creature with many claw-tipped tentacles propels itself through the tank, stirring up tiny particles.

20:23 Cheri-Pye the large light violet felo hums melodically to itself as it wanders south.

20:29 [Notification from Space Explorers Amidst The Stars] The organization has gained 192,910,937.50 credits from a xenology submission.

20:30 A long amber soft-bodied creature with many claw-tipped tentacles abruptly flings itself at the side of the tank, its tentacles tapping at the glass, then it withdraws.

20:35 Cheri-Pye the large light violet felo hums melodically to itself as it wanders in from the south.

20:38 A short red soft-bodied creature with many claw-tipped tentacles swims around a small plastic statue of a shark.

20:39 Cheri-Pye the large light violet felo hums melodically to itself as it wanders south.

20:44 A large thickly-shelled creature with a red shell and four small claws grips a white plastic undersea castle firmly in its claws, then gives up when it can't break the toy.

20:52 A large semi-transparent bell-shaped creature with long dangling tendrils and a sienna glowing interior drifts slowly past a plastic shipwreck flying a pirate flag.

21:06 A large thickly-shelled creature with a red shell and four small claws grips a plastic shipwreck flying a pirate flag firmly in its claws, then gives up when it can't break the toy.

21:14 A large semi-transparent bell-shaped creature with long dangling tendrils and a sienna glowing interior drifts slowly across the tank.

21:16 An oversized semi-transparent ovoid creature with long dangling tendrils and a blue glowing interior drifts slowly past a string of light purple plastic kelp.

21:16 [AEU | 10: Conquest Status] An AEU pilot corps liaison transmits, "Come on, we can reach our performance goals if we try!"

21:19 Shine the big white glowing felo wanders in from the south.

21:19 [Notification from Space Explorers Amidst The Stars] An asteroid has been received at League Asteroid Processing Nuclear Temporary Station from the two-person hardened asteroid hauler "Blue Eagle". The organization has earned 479,770.62 credits.

21:23 Shine the big white glowing felo wanders out.

21:27 Shine the big white glowing felo wanders in from the airlock.

21:28 [Tactical Communication] Michael Kennedy transmits, "2 for beacons?"

21:28 [Tactical Communication] Ather Jammoa transmits, "Do I get to engineer?"

21:28 [Tactical Communication] Michael Kennedy transmits, "I gave that job away."

21:28 [Tactical Communication] Ather Jammoa transmits, "Aww. Then you're still looking for two more!"

21:29 [Tactical Communication] Michael Kennedy transmits, "1 now."

21:29 [Tactical Communication] Jada Nelson transmits, "Me but hold on."

21:29 [Tactical Communication] Michael Kennedy transmits, "Meet on chet i'll be there in 5."

21:31 [Tactical Communication] Jada Nelson transmits, "I should be there in about 5 as well."

21:35 Shine the big white glowing felo wanders out.

21:35 [Tactical Communication] Jada Nelson transmits, "Landing in 27 seconds."

21:35 [Tactical Communication] Lexie Amarras transmits, "Don't squish me."

21:42 A large thickly-shelled creature with a yellow shell and four small claws snaps its claws menacingly at a plastic flower with red petals.

21:44 A long amethyst soft-bodied creature with many claw-tipped tentacles swims around a plastic flower with red petals.

21:46 A large thickly-shelled creature with a red shell and four small claws snaps its claws menacingly at a plastic frond of light green sea fern.

21:51 [Notification from Space Explorers Amidst The Stars] An asteroid has been received at League Asteroid Processing Nuclear Temporary Station from the two-person hardened asteroid hauler "Blue Eagle". The organization has earned 1,745,342.74 credits.

21:56 A large thickly-shelled creature with a red shell and four small claws grips a white plastic undersea castle firmly in its claws, then gives up when it can't break the toy.

21:58 [Notification from Space Explorers Amidst The Stars] The organization has gained 4,351,851.85 credits for a submission from a battle analysis scanner on AEU Battle-Scanning Nuclear Temporary Station involving the five-person torpedo boat "Fire First, Ask Questions Later".

21:59 Shine the big white glowing felo wanders in from the airlock.

22:00 A large semi-transparent bell-shaped creature with long dangling tendrils and a sienna glowing interior drifts slowly over a white plastic undersea castle.

22:07 Shine the big white glowing felo wanders out.

22:11 Shine the big white glowing felo wanders in from the airlock.

22:16 [AEU | 10: Conquest Status] An AEU pilot corps liaison transmits, "Looks like we've got some things going, but we haven't met any performance goals yet!"

22:16 [Notification from Space Explorers Amidst The Stars] The organization has gained 4,351,851.85 credits for a submission from a battle analysis scanner on AEU Battle-Scanning Nuclear Temporary Station involving the five-person torpedo boat "Fire First, Ask Questions Later".

22:19 Shine the big white glowing felo rubs up against a dark purple leather captain's chair, purring softly.

22:23 Shine the big white glowing felo wanders out.

22:26 A long violet soft-bodied creature with many claw-tipped tentacles abruptly flings itself at the side of the tank, its tentacles tapping at the glass, then it withdraws.

22:38 A large semi-transparent bell-shaped creature with long dangling tendrils and an orange glowing interior pulsates gently.

22:39 Shine the big white glowing felo wanders in from the airlock.

22:44 A long gold soft-bodied creature with many claw-tipped tentacles abruptly flings itself at the side of the tank, its tentacles tapping at the glass, then it withdraws.

22:45 [Notification from Space Explorers Amidst The Stars] An asteroid has been received at League Asteroid Processing Nuclear Temporary Station from the two-person hardened asteroid hauler "Blue Eagle". The organization has earned 1,566,038.69 credits.

22:48 A large semi-transparent cylindrical creature with medium-length dangling tendrils and a fuchsia glowing interior drifts slowly over a white plastic undersea castle.

22:50 A large thickly-shelled creature with a red shell and four small claws rears up against the glass and snaps its claws at the outside world.

22:51 Shine the big white glowing felo wanders out.

22:55 Shine the big white glowing felo wanders in from the airlock.

22:56 A long violet soft-bodied creature with many claw-tipped tentacles abruptly flings itself at the side of the tank, its tentacles tapping at the glass, then it withdraws.

22:59 Shine the big white glowing felo wanders out.

23:02 Lily Kaise says, "Going to go put a scoop together in case I become pressed for time."

23:02 [Notification from Space Explorers Amidst The Stars] The organization has gained 312,070,742.75 credits from a xenology submission.

23:02 Lily Kaise stands up from a rare black EAOSian contoured couch with a hand-made white and sapphire star quilt on it.

23:02 A long gold soft-bodied creature with many claw-tipped tentacles abruptly flings itself at the side of the tank, its tentacles tapping at the glass, then it withdraws.

23:02 Lily Kaise kisses you on the lips.

23:02 Lily Kaise glides out.

23:02 The airlock hatch chimes quietly.

23:04 A large semi-transparent perfectly round creature with long dangling tendrils and a cerulean glowing interior drifts slowly across the tank.

23:05 [Notification from Space Explorers Amidst The Stars] The organization has gained 492,168,750.00 credits from a xenology submission.

23:11 Shine the big white glowing felo wanders in from the airlock.

23:12 A large semi-transparent bell-shaped creature with medium-length dangling tendrils and a red glowing interior drifts slowly past a plastic flower with red petals.

23:13 [Notification from Space Explorers Amidst The Stars] Lily Kaise has used 6 megacredits on a solar panel array module and placed it aboard the four-person space constructor "Herding Cats".

23:14 [Notification from Space Explorers Amidst The Stars] Lily Kaise has used 1 megacredits on a temporary space station core module and placed it aboard the four-person space constructor "Herding Cats".

23:14 [Notification from Space Explorers Amidst The Stars] Lily Kaise has used 1 megacredits on a basic control center module and placed it aboard the four-person space constructor "Herding Cats".

23:15 [Notification from Space Explorers Amidst The Stars] Lily Kaise has used 5 megacredits on an advanced passive hydrogen scoop module and placed it aboard the four-person space constructor "Herding Cats".

23:16 [AEU | 10: Conquest Status] An AEU pilot corps liaison transmits, "Looks like we've got some things going, but we haven't met any performance goals yet!"

23:16 [Notification from Space Explorers Amidst The Stars] Lily Kaise has used 1 megacredits on a storage container unmanned pickup module and placed it aboard the four-person space constructor "Herding Cats".

23:19 [AEU | 1: Alliance Communication] Ather Jammoa transmits, "Hey kim, remember that ridiculous number of papers inside the filing cabinet in the voice office?"

23:19 There appear to be about 22 pilots recently active.

23:19 The communicator network and Accord QE comm detect:
Pete Storm  (A) [c]
Kim Saunders  (A) [m]
Ather Jammoa  (A) [am]
Lily Kaise  (A)
Bryan Stout  (L)
Sean Sloan  (L)
Jada Nelson  (L)
Katina Faye  (L)
Ali Candan  (L)
%Wendy Arroyo  (L)
%Tanny Hill  (L)
%Melinda Michaels  (L)
%Nissi Valdaire  (L) [a]
%Morris Corlew  (L)
Whine Lit  (F) [c]
Ted Warburton  (F)
Michael Kennedy  (F)
%Kani Kahakai  (F) [c]
%Evenia Callseah  (F)
%Elaine Moreau  (F)
%Cheri Lindbergh  (M)

% == Detected via Quantum Entanglement comm
Your communicator also reports that there are 10 pilots who were active but dropped out of communications.
Additionally, there are 9 pilots who appear to have their communicators on but have not recently been active.
Final total: 31 pilots.
Want to know if anyone's relaxing in a public venue? Check WHERE!

23:19 [AEU | 1: Alliance Communication] Shule Elemmire transmits, "Hi Kim."

23:19 **

23:19  Welcome back to Star Conquest!
**
 Consider voting for Star Conquest at MUD listing sites! Votes help keep new players coming to the game!
 The Mud Connector: http://www.mudconnect.com/mud-bin/vote_rank.cgi?mud=Star+Conquest
 Top Mud Sites:     http://www.topmudsites.com/vote-sc.html
**
 TIP: Check your local space market for crafting supplies and informative books!
**

23:19 [AEU | 1: Alliance Communication] Ather Jammoa transmits, "I fucking trashed almost every single piece of it. I don't know what the fuck some of these people were thinking. I mean, why the fuck keep personelle and state of the corps report copies?"

23:20 [AEU | 1: Alliance Communication] Kim Saunders transmits, "I do remember seeing them, but I never put anything in there unless it was of unusual importance."

23:20 [AEU | 1: Alliance Communication] Ather Jammoa transmits, "You will see them no more!"

23:21 [AEU | 1: Alliance Communication] Kim Saunders transmits, "Hahahahaha. Well, that is good."

23:23 [Notification from Space Explorers Amidst The Stars] The organization has gained 1,740,740.74 credits for a submission from a battle analysis scanner on AEU Battle-Scanning Nuclear Temporary Station involving the one-person fighter "Chain Of Melodies".

23:31 Shine the big white glowing felo rears up and plants both pairs of forelegs on your leg, then rubs its head against you, purring softly.

23:33 The airlock hatch chimes quietly.

23:33 Lily Kaise just entered the ship.

23:33 Lily Kaise sits down on a rare black EAOSian contoured couch with a hand-made white and sapphire star quilt on it.

23:33 Lily Kaise suddenly bashes her spacesuit helmet into your face.

23:33 The ship's radio crackles and you hear Lily Kaise say, "Oops."

23:33 Lily Kaise says, "Oops."

23:33 Lily Kaise removes the components of her spacesuit and places them neatly into a light purple flightbag with a pastel kitten on the side.

23:33 I don't understand that.

23:33 Lily Kaise kisses you.

23:33 You chuckle.

23:33 You exclaim, "Ouch!"

23:33 Lily Kaise chuckles.

23:33 You kiss Lily Kaise.

23:33 Lily Kaise says, "Well that's to tell you..."

23:33 Lily Kaise laughs.

23:33 You laugh.

23:34 You say to Lily, "Ok ok. I'm awake!"

23:34 You laugh.

23:34 Lily Kaise says, "The next scoop is ready as the current one will go offline around 2230 or so on Thursday."

23:34 You say, "Ok."

23:34 You say, "I should be around to deploy that."

23:34 Lily Kaise says, "Or maybe it's 2330 anyway it's built and rady to deply and Herding Cats is on New Earth."

23:35 Lily Kaise says, "Yeah ready and deploy."

23:35 Lily Kaise laughs.

23:35 Shine the big white glowing felo wanders south.

23:36 Lily Kaise stands up from a rare black EAOSian contoured couch with a hand-made white and sapphire star quilt on it.

23:36 Lily Kaise glides out.

23:36 Lily Kaise just entered the ship.

23:36 Lily Kaise glides south.

23:38 Lily Kaise glides in from the south.

23:38 Lily Kaise says tearfully I found her wings.

23:38 Lily Kaise shows a small pair of golden butterfly wings to you.

23:39 Lily Kaise sits down on a rare black EAOSian contoured couch with a hand-made white and sapphire star quilt on it.

23:39 Cheri-Pye the large light violet felo hums melodically to itself as it wanders in from the south.

23:40 A short red soft-bodied creature with many claw-tipped tentacles wraps its tentacles tightly around a small plastic statue of a Jinu, then loses interest and jets off.

23:42 You say to Lily, "Awww. At least we got to pet and play with her before she passed away."

23:44 Lily cradles butterfly wings and says: 'we'll miss you sweet Prissy cat'.

23:44 [Notification from Space Explorers Amidst The Stars] The organization has gained 1,740,740.74 credits for a submission from a battle analysis scanner on AEU Battle-Scanning Nuclear Temporary Station involving the one-person fighter "Chain Of Melodies".

23:45 Lily Kaise says, "These wings will live on though as they will help others fly home when they too grow old."

23:45 Lily Kaise removes an engraved silver metal box decorated with enameled amethyst violets from a lavender silk backpack embroidered with brightly hued butterflies.

23:46 Lily Kaise puts a small pair of golden butterfly wings in an engraved silver metal box decorated with enameled amethyst violets.

23:48 Lily Kaise says, "I'll get this one."

23:52 [Notification from Space Explorers Amidst The Stars] The organization has gained 1,740,740.74 credits for a submission from a battle analysis scanner on AEU Battle-Scanning Nuclear Temporary Station involving the one-person fighter "Chain Of Melodies".

23:54 Lily Kaise puts an engraved silver metal box decorated with enameled amethyst violets in a lavender silk backpack embroidered with brightly hued butterflies.

23:55 Cheri-Pye the large light violet felo hums melodically to itself as it wanders south.

23:59 Lily Kaise says into her neon purple metachannel FTL communicator, "Yeah with..."

