00:17 [AEU | 10: Conquest Status] An AEU pilot corps liaison transmits, "Come on, we can reach our performance goals if we try!"

00:26 A Tardick lizard named Asteria trundles slowly into the area.

00:28 Shine the big white glowing felo wanders in from the north.

00:29 A Tardick lizard named Asteria flicks its tongue out.

00:32 Shine the big white glowing felo rears up and plants both pairs of forelegs on your leg, then rubs its head against you, purring softly.

00:39 A Tardick lizard named Asteria flicks its tongue out.

00:43 A Tardick lizard named Asteria trundles slowly out.

00:44 Shine the big white glowing felo wanders out.

01:20 [AEU | 10: Conquest Status] An AEU pilot corps liaison transmits, "We're almost to that first performance goal! Let's keep pushing!"

01:32 [Notification from Space Explorers Amidst The Stars] The organization has received 189,893.61 EAOS credits from a toll payment to Fringe Rift Accelerating Battery-Powered Toll Station in Battle of Mir.

01:44 Cheri-Pye the old large light violet felo hums melodically to itself as it wanders in from the north.

01:52 Cheri-Pye the old large light violet felo bats at a small red ball containing a realistic Bari horde noisemaker.

01:54 [Tactical Communication] Melinda Michaels transmits, "Merryband\dest'oying an\unmov/ng AEU sh(p(at$77?."

01:54 [Tactical Communication] Erik Goodwin transmits, "Say again."

01:55 [Tactical Communication] Melinda Michaels transmits, "Pirate destr*-|ng~AEU shi@."

01:55 [Tactical Communication] Erik Goodwin transmits, "Oh."

01:56 Cheri-Pye the old large light violet felo rubs up against your leg with a quiet "Mrrp.".

01:56 [Tactical Communication] Elaine Moreau transmits, "At 777, I think she said."

01:57 [Tactical Communication] Erik Goodwin transmits, "Is there anything we can do? There's no way anyone'd manage to travel all the way in time to save the ship."

01:58 [Tactical Communication] Melinda Michaels transmits, "Tri}d &o)get it off the ship but .o~dice."

01:58 [Tactical Communication] Melinda Michaels transmits, "It's vern."

02:00 Cheri-Pye the old large light violet felo rubs up against a white four poster rattan bed with a heart-shaped headboard and filmy deep purple hangings with a soft periwinkle cashmere blanket, a set of lavender silk sheets, a large periwinkle bed pillow, a hand-made purple and amethyst flower quilt, and a large periwinkle bed pillow on it, purring softly.

02:04 Cheri-Pye the old large light violet felo hums melodically to itself as it wanders out.

02:16 [Notification from Space Explorers Amidst The Stars] The organization has gained 8,703,703.70 credits for a submission from a battle analysis scanner on AEU Battle-Scanning Nuclear Temporary Station involving the three-person stalwart "I'm Running Out Of Ideas Here".

02:18 [AEU | 1: Alliance Communication] Constantine Stone transmits, "That ship was pretty decent, but it took a lots of hits to sink the corvettes."

02:20 [AEU | 10: Conquest Status] An AEU pilot corps liaison transmits, "Looks like we've got some things going, but we haven't met any performance goals yet!"

02:39 [Notification from Space Explorers Amidst The Stars] The organization has contributed to a new Fringe Salvage Processing Nuclear Transmitter in Artifact Beacon Alpha 777.

02:39 [AEU | 1: Alliance Communication] Constantine Stone transmits, "Hey Eli."

02:40 [AEU | 1: Alliance Communication] Eli Grey transmits, "Hey hey."

02:48 [Notification from Space Explorers Amidst The Stars] The organization has contributed to a new Fringe Repairing Nuclear Long-Range Watchtower in Artifact Beacon Alpha 777.

03:06 [Tactical Communication] Alko Delovega transmits, "Let's do something."

03:21 [AEU | 10: Conquest Status] An AEU pilot corps liaison transmits, "Come on, we can reach our performance goals if we try!"

03:58 A hairy yellow eight-legged ArachnoPal named Higgins skitters into the area.

04:09 A hairy yellow eight-legged ArachnoPal named Higgins taps his claws on the floor.

04:14 A hairy yellow eight-legged ArachnoPal named Higgins skitters out.

04:22 [AEU | 10: Conquest Status] An AEU pilot corps liaison transmits, "Looks like we've got some things going, but we haven't met any performance goals yet!"

04:36 Shine the big white glowing felo wanders in from the north.

04:44 Shine the big white glowing felo bats at a small red ball containing a realistic Bari horde noisemaker.

04:47 Lily Kaise glides in from the north.

04:47 Lily Kaise removes a small suitcase from a lavender silk backpack embroidered with brightly hued butterflies.

04:47 Lily Kaise removes all of her clothing, placing it carefully in a small suitcase.

04:47 Lily Kaise puts a small suitcase in a lavender silk backpack embroidered with brightly hued butterflies.

04:47 Lily Kaise carefully removes a Tardick lizard named Asteria from her shoulder.

04:47 Lily Kaise puts down a Tardick lizard named Asteria.

04:48 Lily Kaise lies down on a white four poster rattan bed with a heart-shaped headboard and filmy deep purple hangings with a soft periwinkle cashmere blanket, a set of lavender silk sheets, a large periwinkle bed pillow, a hand-made purple and amethyst flower quilt, and a large periwinkle bed pillow on it.

04:49 Lily Kaise blinks heavily and then dozes off.

04:52 Shine the big white glowing felo rubs up against a small oval turquoise rattan table with a glass top, purring softly.

04:52 A Tardick lizard named Asteria flicks its tail.

04:56 Shine the big white glowing felo wanders out.

05:00 A Tardick lizard named Asteria trundles slowly out.

05:18 A Tardick lizard named Asteria trundles slowly into the area.

05:23 [AEU | 10: Conquest Status] An AEU pilot corps liaison transmits, "I see some activity underway, but no performance goals reached yet! Let's keep going!"

05:27 A Tardick lizard named Asteria blinks its yellow eyes slowly, utterly indifferent to its surroundings.

05:36 A Tardick lizard named Asteria trundles slowly out.

05:52 A Tardick lizard named Asteria trundles slowly into the area.

05:58 A Tardick lizard named Asteria flicks its tail.

06:09 A Tardick lizard named Asteria blinks its yellow eyes slowly, utterly indifferent to its surroundings.

06:11 A Tardick lizard named Asteria trundles slowly out.

06:24 [AEU | 10: Conquest Status] An AEU pilot corps liaison transmits, "Come on, we can reach our performance goals if we try!"

06:48 Shine the big white glowing felo wanders in from the north.

06:52 Shine the big white glowing felo rears up and plants both pairs of forelegs on your leg, then rubs its head against you, purring softly.

07:04 [Notification from Space Explorers Amidst The Stars] The organization has gained 10,595,312.50 credits from a xenology submission.

07:08 Shine the big white glowing felo rears up and plants both pairs of forelegs on Lily Kaise's leg, then rubs its head against her, purring softly.

07:12 Shine the big white glowing felo wanders out.

07:20 Mischief the large black felo hums melodically to itself as it wanders in from the north.

07:24 [AEU | 10: Conquest Status] An AEU pilot corps liaison transmits, "I see some activity underway, but no performance goals reached yet! Let's keep going!"

07:28 Mischief the large black felo hums melodically to itself as it wanders out.

08:28 [AEU | 10: Conquest Status] An AEU pilot corps liaison transmits, "I see some activity underway, but no performance goals reached yet! Let's keep going!"

09:30 [AEU | 10: Conquest Status] An AEU pilot corps liaison transmits, "Looks like we've got some things going, but we haven't met any performance goals yet!"

10:31 [AEU | 10: Conquest Status] An AEU pilot corps liaison transmits, "Come on, we can reach our performance goals if we try!"

10:39 I don't understand that.

10:40 **

10:40  Welcome back to Star Conquest!
**
 Consider voting for Star Conquest at MUD listing sites! Votes help keep new players coming to the game!
 The Mud Connector: http://www.mudconnect.com/mud-bin/vote_rank.cgi?mud=Star+Conquest
 Top Mud Sites:     http://www.topmudsites.com/vote-sc.html
**
 TIP: As a pilot you want both license points and credits, but most activities focus on one or the other.
**

10:54 Automatic daily maintenance is now underway. This will not affect your connectivity, but the game may feel less responsive for the next few minutes.

11:02 Automatic daily maintenance is complete.

11:33 [AEU | 1: Alliance Communication] Kim Saunders transmits, "Good morning."

11:34 [AEU | 10: Conquest Status] An AEU pilot corps liaison transmits, "Come on, we can reach our performance goals if we try!"

11:51 [Notification from Space Explorers Amidst The Stars] The organization has received 1,315,848.74 EAOS credits from a toll payment to League Rift Accelerating Solar Toll Station in Home Beacon Alpha 270.

12:20 Shine the big white glowing felo wanders in from the north.

12:24 Shine the big white glowing felo rubs up against a small oval turquoise rattan table with a glass top, purring softly.

12:28 Shine the big white glowing felo wanders out.

12:34 [AEU | 10: Conquest Status] An AEU pilot corps liaison transmits, "Come on, we can reach our performance goals if we try!"

12:40 Shine the big white glowing felo wanders in from the north.

12:44 Shine the big white glowing felo wanders out.

13:34 [AEU | 10: Conquest Status] An AEU pilot corps liaison transmits, "I see some activity underway, but no performance goals reached yet! Let's keep going!"

14:34 [AEU | 10: Conquest Status] An AEU pilot corps liaison transmits, "Come on, we can reach our performance goals if we try!"

15:03 A hairy yellow eight-legged ArachnoPal named Higgins skitters into the area.

15:13 A hairy yellow eight-legged ArachnoPal named Higgins jerks his limbs, springing into the air briefly.

15:19 A hairy yellow eight-legged ArachnoPal named Higgins skitters out.

15:36 [AEU | 10: Conquest Status] An AEU pilot corps liaison transmits, "I see some activity underway, but no performance goals reached yet! Let's keep going!"

15:38 Lily Kaise turns on her metallic gold touch einrophone and taps at it briefly.

15:38 Lily Kaise blinks heavily and then dozes off.

16:32 Cheri-Pye the old large light violet felo hums melodically to itself as it wanders in from the north.

16:36 Cheri-Pye the old large light violet felo hums melodically to itself as it wanders out.

16:39 [AEU | 10: Conquest Status] An AEU pilot corps liaison transmits, "Looks like we've got some things going, but we haven't met any performance goals yet!"

17:18 A hairy yellow eight-legged ArachnoPal named Higgins skitters into the area.

17:20 A hairy yellow eight-legged ArachnoPal named Higgins dips his palps into a black plastic tray of spider chow and pushes food into his mouth.

17:25 A hairy yellow eight-legged ArachnoPal named Higgins jerks his limbs, springing into the air briefly.

17:32 Shine the big white glowing felo wanders in from the north.

17:35 A hairy yellow eight-legged ArachnoPal named Higgins skitters out.

17:36 Shine the big white glowing felo wanders out.

17:39 [AEU | 10: Conquest Status] An AEU pilot corps liaison transmits, "Come on, we can reach our performance goals if we try!"

18:19 A Tardick lizard named Asteria trundles slowly into the area.

18:28 A Tardick lizard named Asteria flicks its tail.

18:36 A Tardick lizard named Asteria trundles slowly out.

18:40 [AEU | 10: Conquest Status] An AEU pilot corps liaison transmits, "Looks like we've got some things going, but we haven't met any performance goals yet!"

18:52 Shine the big white glowing felo wanders in from the north.

19:04 Shine the big white glowing felo rears up and plants both pairs of forelegs on your leg, then rubs its head against you, purring softly.

19:12 Shine the big white glowing felo wanders out.

19:37 [Notification from Space Explorers Amidst The Stars] A load of salvage has been received at League Salvage Processing Nuclear Temporary Station from the two-person medium transport "One Debris At A Time". The organization has earned 774,936.31 credits.

19:43 [AEU | 1: Alliance Communication] Constantine Stone transmits, "Hey Pete."

19:43 [AEU | 1: Alliance Communication] Pete Storm transmits, "Hey how's it-t-t-t goiiiing?"

19:43 [AEU | 10: Conquest Status] An AEU pilot corps liaison transmits, "Looks like we've got some things going, but we haven't met any performance goals yet!"

19:43 [AEU | 1: Alliance Communication] Constantine Stone transmits, "Um, I'm okay. How are you? Did you get injured?"

19:44 [AEU | 1: Alliance Communication] Pete Storm transmits, "N-N-N-No more done in the head than usual."

19:44 [AEU | 1: Alliance Communication] Pete Storm laughs.

19:44 [AEU | 1: Alliance Communication] Constantine Stone laughs.

19:44 [AEU | 1: Alliance Communication] Constantine Stone transmits, "Do you know where the medcenter is?"

19:45 [AEU | 1: Alliance Communication] Pete Storm transmits, "I thiiiink iiiit's ner theeee landing pad, I wokeeee up there after falling asleep."

19:45 [AEU | 1: Alliance Communication] Pete Storm transmits, "I m-m-m-maybe a littleeee concust."

19:45 [AEU | 1: Alliance Communication] Constantine Stone transmits, "It's just south of the spaceport's north entrance. It's 4 or 5 blocks west of the landing pad."

19:46 [AEU | 1: Alliance Communication] Pete Storm transmits, "Thanks, might be my next stop."

20:22 [Notification from Space Explorers Amidst The Stars] A load of salvage has been received at League Salvage Processing Nuclear Temporary Station from the two-person medium transport "One Debris At A Time". The organization has earned 991,690.24 credits.

20:43 [AEU | 10: Conquest Status] An AEU pilot corps liaison transmits, "Come on, we can reach our performance goals if we try!"

21:01 [Notification from Space Explorers Amidst The Stars] A load of salvage has been received at League Salvage Processing Nuclear Temporary Station from the two-person medium transport "One Debris At A Time". The organization has earned 977,333.42 credits.

21:45 [AEU | 10: Conquest Status] An AEU pilot corps liaison transmits, "I see some activity underway, but no performance goals reached yet! Let's keep going!"

22:44 Mischief the large black felo hums melodically to itself as it wanders in from the north.

22:45 [AEU | 10: Conquest Status] An AEU pilot corps liaison transmits, "Come on, we can reach our performance goals if we try!"

22:48 Mischief the large black felo hums melodically to itself as it wanders out.

23:24 [Notification from Space Explorers Amidst The Stars] The organization has gained 1,179,687.50 credits from a xenology submission.

