00:00 A large thickly-shelled creature with a red shell and four small claws raises its claws at a small plastic statue of a Jinu and snaps them menacingly while dancing around it.

00:04 A large semi-transparent perfectly round creature with long dangling tendrils and a cerulean glowing interior drifts slowly past a plastic frond of light green sea fern.

00:06 A large semi-transparent ovoid creature with long dangling tendrils and a green glowing interior drifts slowly past a plastic shipwreck flying a pirate flag.

00:12 A long orange soft-bodied creature with many claw-tipped tentacles abruptly flings itself at the side of the tank, its tentacles tapping at the glass, then it withdraws.

00:14 An oversized semi-transparent ovoid creature with long dangling tendrils and a blue glowing interior drifts slowly past a plastic flower with red petals.

00:14 [Tactical Communication] Morris Corlew transmits, "Ok...anybody for beacons?"

00:14 [Tactical Communication] Morris Corlew transmits, "Or a nest?"

00:15 [Tactical Communication] Damien Alexander transmits, "Mmm, nest."

00:15 [Tactical Communication] Melinda Michaels transmits, "Nest."

00:15 [Tactical Communication] Morris Corlew transmits, "One more."

00:15 [Tactical Communication] Tanny Hill transmits, "Sure."

00:21 Mischief the old large black felo hums melodically to itself as it wanders in from the south.

00:25 Mischief the old large black felo rubs up against your leg with a quiet "Mrrp.".

00:29 Mischief the old large black felo hums melodically to itself as it wanders out.

00:33 Mischief the old large black felo hums melodically to itself as it wanders in from the airlock.

00:37 Mischief the old large black felo hums melodically to itself as it wanders south.

00:45 Mischief the old large black felo hums melodically to itself as it wanders in from the south.

00:48 A large semi-transparent ovoid creature with medium-length dangling tendrils and an amethyst glowing interior drifts slowly over a white plastic undersea castle.

00:52 A large semi-transparent perfectly round creature with long dangling tendrils and a cerulean glowing interior drifts slowly across the tank.

00:53 Mischief the old large black felo jumps into your lap and settles in, purring.

00:56 A short gold soft-bodied creature with many claw-tipped tentacles abruptly flings itself at the side of the tank, its tentacles tapping at the glass, then it withdraws.

01:00 [Notification from Space Explorers Amidst The Stars] 160,000,000.00 credits have been deducted from the starship support fund.

01:00 [AEU | 10: Conquest Status] An AEU pilot corps liaison transmits, "The results are in!"

01:00 [AEU | 10: Conquest Status] An AEU pilot corps liaison transmits, "We did not achieve any of our performance goals."

01:00 [AEU | 10: Conquest Status] An AEU pilot corps liaison transmits, "Our performance was down 57.3% from the last Conquest period."

01:01 [Tactical Communication] Melinda Michaels transmits, "Megapod mission in an hour."

01:01 [Tactical Communication] Morris Corlew transmits, "Yes!"

01:01 [Tactical Communication] Alko Delovega transmits, "Yes."

01:01 [Tactical Communication] Sean Sloan transmits, "Yes."

01:01 [Tactical Communication] Damien Alexander transmits, "Hm, yeah."

01:01 [Tactical Communication] Jada Nelson transmits, "Aww I want to go."

01:01 [Tactical Communication] Wesley Burkehead transmits, "Can I try?"

01:01 Lily Kaise, Phoenix Dissident suddenly awakens.

01:02 [Tactical Communication] Melinda Michaels transmits, "I can take three of you. I'll sort it in a bit."

01:02 Lily Kaise, Phoenix Dissident wraps her arms around you, pulling you close.

01:04 A large semi-transparent bell-shaped creature with narrow dangling tendrils and a red glowing interior drifts slowly across the tank.

01:14 A long amber soft-bodied creature with many claw-tipped tentacles abruptly flings itself at the side of the tank, its tentacles tapping at the glass, then it withdraws.

01:16 A large semi-transparent ovoid creature with long dangling tendrils and a green glowing interior drifts slowly across the tank.

01:22 A short gold soft-bodied creature with many claw-tipped tentacles abruptly flings itself at a white plastic undersea castle and clings to it for a moment, then jets off.

01:24 A large thickly-shelled creature with a red shell and four small claws snaps its claws menacingly at a plastic frond of light green sea fern.

01:26 A large thickly-shelled creature with a red shell and four small claws snaps its claws menacingly at a string of light purple plastic kelp.

01:29 Mischief the old large black felo jumps down from your lap.

01:29 Lily Kaise, Phoenix Dissident strokes the soft fur of Mischief the old large black felo.

01:29 Mischief the old large black felo purrs and rubs its head against Lily's hand, looking up at her adoringly.

01:29 Lily Kaise, Phoenix Dissident wraps her arms around Mischief the old large black felo.

01:29 Lily Kaise, Phoenix Dissident kisses you on the lips.

01:29 Lily Kaise, Phoenix Dissident wraps her arms around you, pulling you close.

01:32 A large semi-transparent bell-shaped creature with narrow dangling tendrils and a red glowing interior pulsates gently.

01:40 A short red soft-bodied creature with many claw-tipped tentacles swims around a small plastic statue of a shark.

01:41 Mischief the old large black felo jumps into your lap and settles in, purring.

01:41 Lily Kaise, Phoenix Dissident says, "Aww."

01:48 [Notification from Space Explorers Amidst The Stars] The organization has received 255,932.33 EAOS credits from a toll payment to League Rift Accelerating Solar Toll Station in The Belt of Orion.

01:48 A long amber soft-bodied creature with many claw-tipped tentacles abruptly flings itself at a white plastic undersea castle and clings to it for a moment, then jets off.

01:49 Lily Kaise, Phoenix Dissident stands up from a rare black EAOSian contoured couch with a hand-made white and sapphire star quilt on it.

01:49 Lily Kaise, Phoenix Dissident wraps her arms around you, pulling you close.

01:49 Lily Kaise, Phoenix Dissident kisses you.

01:49 Lily Kaise, Phoenix Dissident glides out.

01:49 The airlock hatch chimes quietly.

01:50 A large semi-transparent cylindrical creature with medium-length dangling tendrils and a fuchsia glowing interior pulsates gently.

01:50 [Tactical Communication] Melinda Michaels transmits, "Okay I will need two damage and a fixer. Tier 3 and lower. Sound off if you have some plasma or repairs. First three to speak gets it."

01:50 [Tactical Communication] Morris Corlew transmits, "Yes."

01:50 [Tactical Communication] Alko Delovega transmits, "Me."

01:51 [Tactical Communication] Tanny Hill transmits, "Does Rental count?"

01:52 [Tactical Communication] Alko Delovega transmits, "I also have rental 2 and league 3, so."

01:52 [Tactical Communication] Damien Alexander transmits, "You doin' a raid, right?"

01:53 [Tactical Communication] Melinda Michaels transmits, "Yes and the rental does count Tanny."

01:53 [Tactical Communication] Damien Alexander transmits, "If ya need a fifth suit I'll come along. I got Rental 2 and... RATS 3."

01:53 [Tactical Communication] Morris Corlew transmits, "I have uh...Mutie 3 or...Rats 3."

01:54 A long chartreuse soft-bodied creature with many claw-tipped tentacles swims around a small plastic statue of a shark.

01:56 A large thickly-shelled creature with a red shell and four small claws grips a plastic shipwreck flying a pirate flag firmly in its claws, then gives up when it can't break the toy.

01:56 The airlock hatch chimes quietly.

01:56 Lily Kaise, Phoenix Dissident just entered the ship.

01:56 Lily Kaise, Phoenix Dissident sits down on a rare black EAOSian contoured couch with a hand-made white and sapphire star quilt on it.

01:56 Lily Kaise, Phoenix Dissident presses a button, calling up a display of the contents of the ship's hold.

02:07 [Notification from Space Explorers Amidst The Stars] An asteroid has been received at Fringe Asteroid Processing Nuclear Temporary Station from the two-person emergency response vessel "Whiskey In The Jar". The organization has earned 438,064.04 credits.

02:12 A large semi-transparent ovoid creature with long dangling tendrils and a blue glowing interior drifts slowly across the tank.

02:16 A long yellow soft-bodied creature with many claw-tipped tentacles rears up suddenly from behind a plastic wrecked EAOS Defender and wraps its tentacles around it as if trying to drag it into the deep.

02:17 [Notification from Space Explorers Amidst The Stars] An asteroid has been received at Fringe Asteroid Processing Nuclear Temporary Station from the two-person emergency response vessel "Whiskey In The Jar". The organization has earned 730,019.50 credits.

02:18 A long violet soft-bodied creature with many claw-tipped tentacles swims around a small plastic statue of a shark.

02:29 Mischief the old large black felo jumps down from your lap.

02:29 [Notification from Space Explorers Amidst The Stars] An asteroid has been received at Fringe Asteroid Processing Nuclear Temporary Station from the two-person emergency response vessel "Whiskey In The Jar". The organization has earned 688,277.31 credits.

02:30 A large semi-transparent bell-shaped creature with narrow dangling tendrils and a red glowing interior pulsates gently.

02:33 Mischief the old large black felo hums melodically to itself as it wanders south.

02:34 A long red soft-bodied creature with many claw-tipped tentacles propels itself through the tank, stirring up tiny particles.

02:47 [Notification from Space Explorers Amidst The Stars] An asteroid has been received at Fringe Asteroid Processing Nuclear Temporary Station from the two-person emergency response vessel "Whiskey In The Jar". The organization has earned 2,561,877.07 credits.

02:56 A long gold soft-bodied creature with many claw-tipped tentacles propels itself through the tank, stirring up tiny particles.

02:59 [Notification from Space Explorers Amidst The Stars] An asteroid has been received at Fringe Asteroid Processing Nuclear Temporary Station from the two-person emergency response vessel "Whiskey In The Jar". The organization has earned 975,874.68 credits.

03:00 A large semi-transparent cylindrical creature with medium-length dangling tendrils and a fuchsia glowing interior pulsates gently.

03:10 A large semi-transparent bell-shaped creature with medium-length dangling tendrils and a cerulean glowing interior drifts slowly across the tank.

03:16 A long gold soft-bodied creature with many claw-tipped tentacles rears up suddenly from behind a plastic shipwreck flying a pirate flag and wraps its tentacles around it as if trying to drag it into the deep.

03:26 A large semi-transparent cylindrical creature with medium-length dangling tendrils and a fuchsia glowing interior drifts slowly past a plastic shipwreck flying a pirate flag.

03:28 A long yellow soft-bodied creature with many claw-tipped tentacles swims around a plastic frond of light green sea fern.

03:35 A Tardick lizard named Asteria trundles slowly into the area.

03:36 A Tardick lizard named Asteria blinks its yellow eyes slowly, utterly indifferent to its surroundings.

03:49 A Tardick lizard named Asteria blinks its yellow eyes slowly, utterly indifferent to its surroundings.

03:50 A Tardick lizard named Asteria trundles slowly south.

04:00 A large semi-transparent cylindrical creature with medium-length dangling tendrils and a fuchsia glowing interior drifts slowly past a plastic wrecked EAOS Defender.

04:22 A large thickly-shelled creature with a yellow shell and four small claws snaps its claws menacingly at a plastic flower with red petals.

04:42 A long orange soft-bodied creature with many claw-tipped tentacles swims around a plastic flower with red petals.

04:49 Mischief the old large black felo hums melodically to itself as it wanders in from the south.

04:49 Lily Kaise, Phoenix Dissident strokes the soft fur of Mischief the old large black felo.

04:49 Mischief the old large black felo purrs and rubs its head against Lily's hand, looking up at her adoringly.

04:52 A large semi-transparent ovoid creature with medium-length dangling tendrils and an amethyst glowing interior pulsates gently.

04:52 Lily Kaise, Phoenix Dissident runs a small silver genetic tester slowly over a wall-sized bubbling neon purple-lit aquarium containing red and gold aquatic life and coral rocks as the device blinks a light and beeps softly.

04:52 Lily Kaise, Phoenix Dissident studies a small screen on the device.

04:53 Lily Kaise, Phoenix Dissident opens a wall-sized bubbling neon purple-lit aquarium containing red and gold aquatic life and coral rocks.

04:53 Lily Kaise, Phoenix Dissident removes a black egg from a wall-sized bubbling neon purple-lit aquarium containing red and gold aquatic life and coral rocks.

04:53 Lily Kaise, Phoenix Dissident removes a neon purple efficient round egg storage container from a lavender silk backpack embroidered with brightly hued butterflies for a moment.

04:53 Lily Kaise, Phoenix Dissident puts a black egg in a neon purple efficient round egg storage container.

04:53 Lily Kaise, Phoenix Dissident closes a wall-sized bubbling neon purple-lit aquarium containing red and gold aquatic life and coral rocks.

04:57 Mischief the old large black felo hums melodically to itself as it wanders out.

05:02 You stand up from a rare black EAOSian contoured couch with a hand-made white and sapphire star quilt on it.

05:02 I don't see "lilhy" here.

05:02 **

05:02  Welcome back to Star Conquest!
**
 There are new Conquest results! Type CONQUEST to see them.
**
 Consider voting for Star Conquest at MUD listing sites! Votes help keep new players coming to the game!
 The Mud Connector: http://www.mudconnect.com/mud-bin/vote_rank.cgi?mud=Star+Conquest
 Top Mud Sites:     http://www.topmudsites.com/vote-sc.html
**
 TIP: Is someone you just met asking for your Skype or Twitter information? Just say "No thanks!" Roleplaying can't occur outside of the game!
**

05:02 You kiss Lily Kaise, Phoenix Dissident.

05:03 You say to Lily Kaise, Phoenix Dissident, "I'm going to go lie down."

05:03 [Starship "William Dove"; Base Block]

05:03 You see a soft round ocean blue rug with a design of coral and turquoise seashells, a blueberry rattan bench with a long white and coral pink flowered cushion on it, a round white rattan dining table with a glass top, a blueberry rattan bench with a long white and coral pink flowered cushion on it, a rattan floor lamp with a coral lotus shade, a blueberry rattan pantry cabinet, a small dusky pink trash bin, a glossy azure blue ceramic felo chow bowl, a black plastic tray of spider chow, and Shine the big white glowing felo here.
You can go north, east, south, west, up, and down.

05:03 [Starship "William Dove"; Observation Deck]

05:03 You see a large round light purple and dark purple cloth rug, an antique oak table from Old Earth, a textured plasteel floor lamp with a cream shade (casting a white-colored glow), a violet leather sectional sofa, a glossy lilac ceramic felo chow bowl, a wall-sized bubbling coral pink-lit aquarium containing white and violet aquatic life and coral rocks, a rainbow-colored portable hot tub with silver star accents, and a black plastic tray of spider chow here.
You can go north, east, south, west, up, and down.

05:03 [Starship "William Dove"; Living Quarters One]

05:03 You see a dusky pink rattan cabinet, a small red ball containing a realistic Bari horde noisemaker, a glossy pale purple ceramic felo chow bowl, a large oval dark purple and light purple cloth rug, a small oval turquoise rattan table with a glass top, and a white four poster rattan bed with a heart-shaped headboard and filmy deep purple hangings with a soft periwinkle cashmere blanket, a set of lavender silk sheets, a large periwinkle bed pillow, a hand-made purple and amethyst flower quilt, and a large periwinkle bed pillow on it here.
You can go out.

05:03 You can't go that way.

05:03 You lie down on a white four poster rattan bed with a heart-shaped headboard and filmy deep purple hangings with a soft periwinkle cashmere blanket, a set of lavender silk sheets, a large periwinkle bed pillow, a hand-made purple and amethyst flower quilt, and a large periwinkle bed pillow on it.

05:05 A metallic silver metachannel FTL communicator beeps quietly, indicating that it has unread notices.

05:05 You glance at your communicator's screen.

05:05 There is one board post.

05:09 You stand up from a white four poster rattan bed with a heart-shaped headboard and filmy deep purple hangings with a soft periwinkle cashmere blanket, a set of lavender silk sheets, a large periwinkle bed pillow, a hand-made purple and amethyst flower quilt, and a large periwinkle bed pillow on it.

05:09 [Starship "William Dove"; Observation Deck]

05:09 You see a large round light purple and dark purple cloth rug, an antique oak table from Old Earth, a textured plasteel floor lamp with a cream shade (casting a white-colored glow), a violet leather sectional sofa, a glossy lilac ceramic felo chow bowl, a wall-sized bubbling coral pink-lit aquarium containing white and violet aquatic life and coral rocks, a rainbow-colored portable hot tub with silver star accents, and a black plastic tray of spider chow here.
You can go north, east, south, west, up, and down.

05:09 [Starship "William Dove"; Base Block]

05:09 You see a soft round ocean blue rug with a design of coral and turquoise seashells, a blueberry rattan bench with a long white and coral pink flowered cushion on it, a round white rattan dining table with a glass top, a blueberry rattan bench with a long white and coral pink flowered cushion on it, a rattan floor lamp with a coral lotus shade, a blueberry rattan pantry cabinet, a small dusky pink trash bin, a glossy azure blue ceramic felo chow bowl, and a black plastic tray of spider chow here.
You can go north, east, south, west, up, and down.

05:09 [Starship "William Dove"; Control Room]
You see a sleek metal quantum entanglement communication device, a rattan floor lamp with a light purple lotus shade (casting a white-colored glow), a wormhole drive tracer, a dark purple leather captain's chair, a large oval white and black cloth rug, a rare black EAOSian contoured couch with a hand-made white and sapphire star quilt on it, a round white rattan coffee table with a glass top, a glossy silver ceramic felo chow bowl, a small purple ball containing a dingling bell, a wall-sized bubbling neon purple-lit aquarium containing red and gold aquatic life and coral rocks, a sheet of white paper, a festive holiday tree made entirely of sparkling ice decorated with an ornamental rendering of Icy the Snowfish's Holiday Ice Castle o' Wonders and a gold ornament etched with the year 2317, Purr the humanoid service robot, and a black plastic tray of spider chow here.
Lily Kaise, Phoenix Dissident is sitting on a rare black EAOSian contoured couch.
You can go south and out.

05:09 You hold Lily Kaise, Phoenix Dissident's hand, taking her into your group.

05:09 You pull Lily Kaise, Phoenix Dissident to her feet.

05:09 [Starship "William Dove"; Base Block]

05:09 You see a soft round ocean blue rug with a design of coral and turquoise seashells, a blueberry rattan bench with a long white and coral pink flowered cushion on it, a round white rattan dining table with a glass top, a blueberry rattan bench with a long white and coral pink flowered cushion on it, a rattan floor lamp with a coral lotus shade, a blueberry rattan pantry cabinet, a small dusky pink trash bin, a glossy azure blue ceramic felo chow bowl, and a black plastic tray of spider chow here.
You can go north, east, south, west, up, and down.
Lily Kaise, Phoenix Dissident followed you.

05:09 [Starship "William Dove"; Observation Deck]

05:09 You see a large round light purple and dark purple cloth rug, an antique oak table from Old Earth, a textured plasteel floor lamp with a cream shade (casting a white-colored glow), a violet leather sectional sofa, a glossy lilac ceramic felo chow bowl, a wall-sized bubbling coral pink-lit aquarium containing white and violet aquatic life and coral rocks, a rainbow-colored portable hot tub with silver star accents, and a black plastic tray of spider chow here.
You can go north, east, south, west, up, and down.
Lily Kaise, Phoenix Dissident followed you.

05:10 [Starship "William Dove"; Living Quarters One]

05:10 You see a dusky pink rattan cabinet, a small red ball containing a realistic Bari horde noisemaker, a glossy pale purple ceramic felo chow bowl, a large oval dark purple and light purple cloth rug, a small oval turquoise rattan table with a glass top, and a white four poster rattan bed with a heart-shaped headboard and filmy deep purple hangings with a soft periwinkle cashmere blanket, a set of lavender silk sheets, a large periwinkle bed pillow, a hand-made purple and amethyst flower quilt, and a large periwinkle bed pillow on it here.
You can go out.
Lily Kaise, Phoenix Dissident followed you.

05:10 You lie down on a white four poster rattan bed with a heart-shaped headboard and filmy deep purple hangings with a soft periwinkle cashmere blanket, a set of lavender silk sheets, a large periwinkle bed pillow, a hand-made purple and amethyst flower quilt, and a large periwinkle bed pillow on it.

05:10 [Starship "William Dove"; Living Quarters One]

05:10 This is a small room designed to give crew members a place to sleep while on long journeys, and it isn't large enough to do much else. A long counter is bolted to the wall opposite the entryway, and two narrow bunks have been bolted to the two remaining walls. A small keypad is next to the door, controlling a simple lock. The status lights overhead are currently not receiving power. Looking through the windows, you see that the ship is in a garage.
You see a dusky pink rattan cabinet, a small red ball containing a realistic Bari horde noisemaker, a glossy pale purple ceramic felo chow bowl, a large oval dark purple and light purple cloth rug, a small oval turquoise rattan table with a glass top, and a white four poster rattan bed with a heart-shaped headboard and filmy deep purple hangings with a soft periwinkle cashmere blanket, a set of lavender silk sheets, a large periwinkle bed pillow, a hand-made purple and amethyst flower quilt, and a large periwinkle bed pillow on it here.
Lily Kaise, Phoenix Dissident is standing here.
You can go out.
(You are lying on a white four poster rattan bed with a heart-shaped headboard and filmy deep purple hangings with a soft periwinkle cashmere blanket, a set of lavender silk sheets, a large periwinkle bed pillow, a hand-made purple and amethyst flower quilt, and a large periwinkle bed pillow on it.)

05:10 You grin at Lily Kaise, Phoenix Dissident.

05:10 Lily Kaise, Phoenix Dissident grins at you.

05:10 Lily Kaise, Phoenix Dissident wraps her arms around you, pulling you close.

05:10 Lily Kaise, Phoenix Dissident kisses you.

05:10 Lily Kaise, Phoenix Dissident removes a small suitcase from a lavender silk backpack embroidered with brightly hued butterflies.

05:10 Lily Kaise, Phoenix Dissident removes all of her clothing, placing it carefully in a small suitcase.

05:10 Lily Kaise, Phoenix Dissident puts a small suitcase in a lavender silk backpack embroidered with brightly hued butterflies.

05:11 Lily Kaise, Phoenix Dissident lies down on a white four poster rattan bed with a heart-shaped headboard and filmy deep purple hangings with a soft periwinkle cashmere blanket, a set of lavender silk sheets, a large periwinkle bed pillow, a hand-made purple and amethyst flower quilt, and a large periwinkle bed pillow on it.

05:17 Lily Kaise, Phoenix Dissident blinks heavily and then dozes off.

05:28 [Notification from Space Explorers Amidst The Stars] The organization has gained 4,351,851.85 credits for a submission from a battle analysis scanner on AEU Battle-Scanning Nuclear Temporary Station involving the one-person bastille "Stricken".

08:13 Shine the big white glowing felo wanders in from the north.

08:21 Shine the big white glowing felo wanders out.

08:53 Mischief the old large black felo hums melodically to itself as it wanders in from the north.

09:01 Mischief the old large black felo hums melodically to itself as it wanders out.

09:04 [AEU | 10: Conquest Status] An AEU pilot corps liaison transmits, "I see some activity underway, but no performance goals reached yet! Let's keep going!"

09:41 [AEU | 4: Sector Status] AEU Battle-Scanning Nuclear Temporary Station at Exploration Waypoint 37910 is now on emergency power.

09:41 Mischief the old large black felo hums melodically to itself as it wanders in from the north.

09:53 Mischief the old large black felo hums melodically to itself as it wanders out.

10:04 [AEU | 10: Conquest Status] An AEU pilot corps liaison transmits, "Looks like we've got some things going, but we haven't met any performance goals yet!"

10:41 [AEU | 4: Sector Status] AEU Battle-Scanning Nuclear Temporary Station at Exploration Waypoint 37910 is shutting down.

10:49 Mischief the old large black felo hums melodically to itself as it wanders in from the north.

10:53 Mischief the old large black felo hums melodically to itself as it wanders out.

11:04 [AEU | 10: Conquest Status] An AEU pilot corps liaison transmits, "Looks like we've got some things going, but we haven't met any performance goals yet!"

12:09 [AEU | 10: Conquest Status] An AEU pilot corps liaison transmits, "Looks like we've got some things going, but we haven't met any performance goals yet!"

