00:02 From a thick white leather utility belt with several loops on it, you hear a red flight control scanner announce, "Flight control in Bellerophon, we're reading an explosion. Looks like a Commonwealth starship just got destroyed."

00:02 #$#hjelp

00:06 #$#hjelp

00:09 #$#hjelp

00:13 #$#hjelp

00:15 From a thick white leather utility belt with several loops on it, you hear a red flight control scanner announce, "Flight control in Outreach, we're getting all kinds of funny readings up here. I'm guessing EM fire is being exchanged."

00:16 #$#hjelp

00:19 [General Communication] Emily Mcmanomy transmits, "Any missions."

00:20 [General Communication] Emily Mcmanomy transmits, "I would go if there was."

00:20 #$#hjelp

00:23 #$#hjelp

00:27 #$#hjelp

00:27 From a thick white leather utility belt with several loops on it, you hear a red flight control scanner announce, "Flight control in Bellerophon, we're detecting an EM energy spike."

00:30 #$#hjelp

00:34 #$#hjelp

00:37 #$#hjelp

00:41 #$#hjelp

00:44 #$#hjelp

00:48 #$#hjelp

00:51 [Private | Tiberius Black] Tiberius Black transmits, "mods"

00:51 #$#hjelp

00:55 #$#hjelp

00:58 #$#hjelp

01:01 From a thick white leather utility belt with several loops on it, you hear a red flight control scanner announce, "Charon to Savius flight control, we're reading shots fired by a Commonwealth starship at a Courier starship!"

01:02 #$#hjelp

01:04 From a thick white leather utility belt with several loops on it, you hear a red flight control scanner announce, "Flight control in Savius, somebody's shooting out there."

01:04 A message board reader beeps quietly, indicating to you that there is a new message in General / General. It was posted by Rothque Torraske with the subject "Re: To jason harkness".

01:05 A message board reader beeps quietly, indicating to you that there is a new message in General / General. It was posted by Emily Mcmanomy with the subject "Re: To jason harkness".

01:05 #$#hjelp

01:06 From a thick white leather utility belt with several loops on it, you hear a red flight control scanner announce, "Neptune to Savius flight control, weapons have been discharged up there!"

01:06 [Short-range Communication] Renee Chance sneezes.

01:06 #$#soundpack social | sneezes | female

01:08 From a thick white leather utility belt with several loops on it, you hear a red flight control scanner announce, "Flight control in Savius, somebody's shooting out there."

01:09 #$#hjelp

01:10 From a thick white leather utility belt with several loops on it, you hear a red flight control scanner announce, "Neptune to Savius flight control, we detect shots fired!"

01:11 From a thick white leather utility belt with several loops on it, you hear a red flight control scanner announce, "Pluto to Savius flight control, a Hale starship has launched combat drones."

01:12 #$#hjelp

01:13 [General Communication] Cria Blur transmits, "5 spots, mods."

01:13 [General Communication] Cassie Knight transmits, "Eng."

01:13 [General Communication] Alayna Cantrell transmits, "Me and Bri will go after this roid."

01:13 [General Communication] Cria Blur transmits, "1 spot then."

01:14 [General Communication] Cria Blur transmits, "Lets go guys lets d osome mods before I lost my sentinel!"

01:14 [General Communication] Michael Calaway transmits, "I'll go!"

01:14 [General Communication] Gage Vieraah transmits, "Someone buy me a backpack."

01:14 [General Communication] Gage Vieraah transmits, "Miss."

01:15 [General Communication] Cria Blur transmits, "Beta."

01:16 #$#hjelp

01:16 [General Communication] Cria Blur transmits, "New bay is alpha."

01:17 [General Communication] Alayna Cantrell transmits, "You guys go on without us. It's going to be a while."

01:17 [General Communication] Michael Calaway sniffles.
#$#soundpack social | sniffle | male

01:17 [General Communication] Alayna Cantrell transmits, "Sorry."

01:18 [General Communication] Cria Blur transmits, "Doing roborants."

01:18 [General Communication] Michael Calaway transmits, "Hit me with new bay then!"

01:18 [General Communication] Gage Vieraah transmits, "Alpha."

01:19 #$#hjelp

01:23 From a thick white leather utility belt with several loops on it, you hear a red flight control scanner announce, "Rolukssica to Bellerophon flight control, we're detecting shots fired on an AIE starship by a Commonwealth starship."

01:23 #$#hjelp

01:26 [Newbie] Beatrice McPhee: Does anyone know if the fish that you fish for on augustus expireafter a time?

01:26 [Newbie] Amy Draksen: I think they rot or something.

01:26 [Newbie] Chet Daniels: I believe they do, yes.

01:26 #$#hjelp

01:27 From a thick white leather utility belt with several loops on it, you hear a red flight control scanner announce, "Flight control in Bellerophon, somebody's shooting at something out there."

01:27 [Newbie] Doraleigh Soto: You can put them in a fridge or cooler or load them into your food bott if it's the kind that takes food.

01:30 #$#hjelp

01:33 [Newbie] Emily Mcmanomy: How do you use the cards.

01:33 [Newbie] Anton Navarro: Which ones? Narrow it down a bit.

01:33 #$#hjelp

01:33 [Newbie] Emily Mcmanomy: The one for the funds.

01:33 [Newbie] Emily Mcmanomy: Sorry.

01:36 [Newbie] Emily Mcmanomy: Got it.

01:37 [General Communication] Cria Blur transmits, "6 spots, difs!"

01:37 [General Communication] Emily Mcmanomy transmits, "Eng."

01:37 [General Communication] Cria Blur transmits, "Nope, no eng."

01:37 [General Communication] Gage Vieraah transmits, "Already taken."

01:37 #$#hjelp

01:37 [General Communication] Emily Mcmanomy transmits, "I can gun."

01:37 [General Communication] Gage Vieraah transmits, "Or two spots destroyers."

01:38 [General Communication] Gage Vieraah transmits, "1 spot mods, 5 spots difs."

01:38 [General Communication] Emily Mcmanomy transmits, "I will come and gun."

01:39 [General Communication] Cria Blur transmits, "Alpha."

01:40 [General Communication] Cria Blur transmits, "Alpha."

01:40 [General Communication] Alayna Cantrell transmits, "Do you have two spots?"

01:40 [General Communication] Jessie Vargus transmits, "Me."

01:40 [General Communication] Cria Blur transmits, "Ok, 1 spot, difs."

01:40 [General Communication] Cria Blur transmits, "Sure, alayna."

01:40 [General Communication] Alayna Cantrell transmits, "Me and Bri."

01:40 [General Communication] Cria Blur transmits, "Counted already."

01:40 [General Communication] Cria Blur transmits, "1 spot, difs."

01:40 #$#hjelp

01:40 [General Communication] Emily Mcmanomy transmits, "Here onn alpha."

01:41 [General Communication] Cria Blur transmits, "1 spot, noone?"

01:43 [Private | Emily Mcmanomy] Emily Mcmanomy transmits, "mods"

01:44 #$#hjelp

01:44 [General Communication] Cria Blur transmits, "1 spot, difs."

01:44 [General Communication] Renee Chance transmits, "Me."

01:44 [General Communication] Cria Blur transmits, "Delta."

01:47 #$#hjelp

01:51 #$#hjelp

01:54 #$#hjelp

01:58 #$#hjelp

02:01 #$#hjelp

02:04 [General Communication] Cria Blur transmits, "1 spot, difs."

02:05 [General Communication] Cria Blur transmits, "1 spot, difs, new one!"

02:05 #$#hjelp

02:05 [General Communication] Michael Calaway transmits, "New spot? Or new difs?"

02:05 [General Communication] Gage Vieraah transmits, "Both I believe."

02:05 [General Communication] Chet Daniels transmits, "I'd go on a diff."

02:05 [General Communication] Cria Blur transmits, "Beta, then!"

02:08 #$#hjelp

02:09 [Private | Auction Service] Auction Service transmits, "A new item is up for bid: A rotting bucket of thick green slop (u39). Bids will start at 100,000.00 credits and the auction will end in 1 minute. Good luck!"

02:11 [Private | Auction Service] Auction Service transmits, "A new item is up for bid: A rotting bucket of thick green slop (s40). Bids will start at 100,000.00 credits and the auction will end in 30 seconds. Good luck!"

02:12 #$#hjelp

02:14 [Private | Auction Service] Auction Service transmits, "A new item is up for bid: A rotting bucket of thick green slop (t87). Bids will start at 100,000.00 credits and the auction will end in 15 seconds. Good luck!"

02:15 [General Communication] Allen Robinson transmits, "Any spots open?"

02:15 #$#hjelp

02:18 [Private | Auction Service] Auction Service transmits, "A new item is up for bid: A rotting bucket of thick green slop (x51). Bids will start at 100,000.00 credits and the auction will end in 10 seconds. Good luck!"

02:19 #$#hjelp

02:22 #$#hjelp

02:24 [TSS] Scott Franklin laughs and transmits, "Imagine if someone paid like. 100 mill for that."

02:24 #$#soundpack social | laugh | male

02:24 [TSS] Scott Franklin cackles.

02:24 #$#soundpack social | cackles | male

02:24 [General Communication] Cria Blur transmits, "3 spots, difs?"

02:25 [General Communication] Allen Robinson transmits, "Sure."

02:25 [General Communication] Leeann Blade transmits, "Me."

02:25 [General Communication] Cria Blur transmits, "1 more."

02:25 [General Communication] Olivia Cantrell transmits, "Me."

02:25 [General Communication] Cria Blur transmits, "Hmm, another spot."

02:25 [General Communication] Allen Robinson transmits, "Are these old or new?"

02:25 [TSS] Scott Franklin screams, "1177 SECTORS DISTANT."

02:25 #$#soundpack social | scream | male

02:25 [General Communication] Cria Blur transmits, "2 more spots!"

02:25 [TSS] Scott Franklin transmits, "Er 1117."

02:26 #$#hjelp

02:27 [General Communication] Cria Blur transmits, "Alpha."

02:28 [General Communication] Cria Blur transmits, "2 spots, noone?"

02:29 #$#hjelp

02:30 [General Communication] Cria Blur transmits, "2 spots, , last call."

02:31 [General Communication] Cria Blur transmits, "1 spot, maybe?"

02:32 [General Communication] Joseph Navarro transmits, "Diffs suck."

02:32 [General Communication] Joseph Navarro boos.

02:32 #$#soundpack social | boos | male

02:32 [General Communication] Cria Blur transmits, "Come joseph come!"

02:32 [General Communication] Joseph Navarro transmits, "Well, I have 5 people here, but we don't like to be separated. So kick 4 people off your crew and you've got a deal!"

02:33 [General Communication] Alayna Cantrell laughs.

02:33 #$#soundpack social | laugh | female

02:33 [General Communication] Cria Blur transmits, "Oy."

02:33 #$#hjelp

02:35 [General Communication] Gage Vieraah transmits, "One spot mods."

02:36 [General Communication] Gage Vieraah transmits, "Full."

02:36 #$#hjelp

02:40 #$#hjelp

02:43 #$#hjelp

02:47 #$#hjelp

02:48 [General Communication] Gage Vieraah transmits, "4 spots mods."

02:48 [General Communication] Gage Vieraah transmits, "3 spots."

02:49 [General Communication] Michael Calaway transmits, "Amy draksen, link?"

02:50 [General Communication] Gage Vieraah transmits, "Three lovely people want to shoot at stuff?"

02:50 #$#hjelp

02:52 [General Communication] Gage Vieraah transmits, "Come on people, don't be lazy."

02:54 #$#hjelp

02:55 [1] General

02:55 [2] Chatter
[3] Organization
[4] Private
[5] Alliance
[6] Newbie
[7] Tss (Channel 107.9)

Enter your selection:
[Type a line of input or `@abort' to abort the command.]

02:55 Last recorded transmissions for the private communication channel:
   (05/20/2363 4:44 p.m.) [Private | Auction Service] Auction Service transmits, "A new item is up for bid: A bucket of thick green slop (y85). Bids will start at 1.00 credit and the auction will end in 30 seconds. Good luck!"
   (05/20/2363 6:49 p.m.) [Private | Joseph Navarro] Joseph Navarro transmits, "Mods?"
   (05/20/2363 7:59 p.m.) [Private | Alayna Cantrell] Alayna Cantrell transmits, "diffs?"
   (1:06 p.m.) [Private | Auction Service] Auction Service transmits, "A new item is up for bid: A sleek silver gadget case (g26). Bids will start at 20,000,000.00 credits and the auction will end in 2 days. Good luck!"
   (5:51 p.m.) [Private | Tiberius Black] Tiberius Black transmits, "mods"
   (6:43 p.m.) [Private | Emily Mcmanomy] Emily Mcmanomy transmits, "mods"
   (7:09 p.m.) [Private | Auction Service] Auction Service transmits, "A new item is up for bid: A rotting bucket of thick green slop (u39). Bids will start at 100,000.00 credits and the auction will end in 1 minute. Good luck!"
   (7:11 p.m.) [Private | Auction Service] Auction Service transmits, "A new item is up for bid: A rotting bucket of thick green slop (s40). Bids will start at 100,000.00 credits and the auction will end in 30 seconds. Good luck!"
   (7:14 p.m.) [Private | Auction Service] Auction Service transmits, "A new item is up for bid: A rotting bucket of thick green slop (t87). Bids will start at 100,000.00 credits and the auction will end in
02:55  15 seconds. Good luck!"
   (7:18 p.m.) [Private | Auction Service] Auction Service transmits, "A new item is up for bid: A rotting bucket of thick green slop (x51). Bids will start at 100,000.00 credits and the auction will end in 10 seconds. Good luck!"
Done.

02:58 #$#hjelp

03:00 [General Communication] Emily Mcmanomy transmits, "Any spots for links."

03:00 [General Communication] Emily Mcmanomy transmits, "Mods."

03:00 [General Communication] Emily Mcmanomy transmits, "I meant."

03:00 [General Communication] Beatrice McPhee laughs.

03:00 #$#soundpack social | laugh | female

03:00 [General Communication] Emily Mcmanomy laughs.

03:00 #$#soundpack social | laugh | female

03:01 [General Communication] Emily Mcmanomy laughs and transmits, "I don't know where I was at in my mind."

03:01 #$#soundpack social | laugh | female

03:01 [General Communication] Gage Vieraah transmits, "A little late for that now... You just left like 5 minutes ago when I wanted them."

03:01 [General Communication] Emily Mcmanomy transmits, "I was needing to stare my bad."

03:02 From a thick white leather utility belt with several loops on it, you hear a red flight control scanner announce, "Flight control in Bellerophon, we're reading shots fired by a Hale starship at a Commonwealth starship!"

03:02 From a thick white leather utility belt with several loops on it, you hear a red flight control scanner announce, "Rolukssica to Bellerophon flight control, a Hale starship is under attack by a Commonwealth starship!"

03:02 #$#hjelp

03:05 From a thick white leather utility belt with several loops on it, you hear a red flight control scanner announce, "Rolukssica to Bellerophon flight control, a Commonwealth starship is firing at an AIE starship."

03:05 #$#hjelp

03:09 #$#hjelp

03:12 #$#hjelp

03:16 #$#hjelp

03:18 From a thick white leather utility belt with several loops on it, you hear a red flight control scanner announce, "Flight control in Solaris, there's been an attack in the sector."

03:19 #$#hjelp

03:23 #$#hjelp

03:26 #$#hjelp

03:30 #$#hjelp

03:33 #$#hjelp

03:37 #$#hjelp

03:40 #$#hjelp

03:44 #$#hjelp

03:45 [Newbie] Diana West: If you change alliances, how long will it take till you can apply for a specialty starship?

03:45 [Newbie] Jeremiah Mason: 30 days, I think.

03:47 #$#hjelp

03:51 #$#hjelp

03:53 You don't see that here.

03:53 You access a silver portable point unit and note you have 4646.92 license points and 3503.96 combat points.

03:53 You lean in toward Kitty Mars and gently kiss her lips.

03:53 #$#soundpack social | kiss | male

03:56 #$#hjelp

04:00 #$#hjelp

04:00 [Newbie] Allen Robinson: Quick question: is it illegal for someone to fly a ship they don't have the points for all the upgrades of? Say you're on a mission that needs a fighter, and you let someone who doesn't have the points for all the upgrades you have on it fly the thing?

04:02 [Newbie] Diana West: By the way what is the planet where AIE specialty applications can be purchased from?

04:02 [Newbie] Amy Draksen: If they're using it to fight, possibly. If they're, for example, flying it to distract or dock with the potate in an advanced, probably not.

04:02 [Newbie] Beatrice McPhee: That's something that should be asked on the aie channel.

04:02 [Newbie] Jason Harkness: You need to ask in character.

04:02 [Newbie] Diana West: Hmmm, okay.

04:02 [Newbie] Beatrice McPhee: So TR 1 mesage.

04:03 [Newbie] Allen Robinson: So, hypothetically, I could havee a BZZR mission where I basically rent out a fighter or two to pilots who may not have their own ships and be fine?

04:03 #$#hjelp

04:04 [Newbie] Jason Harkness: Yes. People use support fighters all the time and let people use them that probably aren't qualified.

04:04 [Newbie] Amy Draksen: NO, I wouldn't do that if they don't have the points for the upgrades like the lser upgrade and repair upgrade.

04:04 [Newbie] Allen Robinson: Hmmm, thanks.

04:06 [Newbie] Lily Wolf: How do you know how many points you have.

04:06 [Newbie] Beatrice McPhee: Buy a point unit.

04:06 [Newbie] Emily Mcmanomy: Get a point unit.

04:06 [Newbie] Jason Harkness: You can buy a portable point unit and USE it.

04:06 [Newbie] Allen Robinson: There are point units you can buy from a starship supply store.

04:06 [Newbie] Emily Mcmanomy: From the captail planets.

04:06 [Newbie] Amy Draksen: Or you can visit a point center on any capital planet.

04:07 [Newbie] Lily Wolf: Ok thanks.

04:07 #$#hjelp

04:10 #$#hjelp

04:14 #$#hjelp

04:17 #$#hjelp

04:21 #$#hjelp

04:24 #$#hjelp

04:28 #$#hjelp

04:31 #$#hjelp

04:35 #$#hjelp

04:38 #$#hjelp

04:42 #$#hjelp

04:45 #$#hjelp

04:49 #$#hjelp

04:52 #$#hjelp

04:56 #$#hjelp

04:59 #$#hjelp

05:03 #$#hjelp

05:06 #$#hjelp

05:10 #$#hjelp

05:13 #$#hjelp

05:17 #$#soundpack environment station | safe | light

05:17 [Apartment 25490; Bedroom] (lying on a rosewood king pillowtop bed)
You see a cozy little bedroom with carpet floors and drywall walls. The walls are painted white. The walls are covered in pastel wallpaper. You see a poster of a vast green field of clover with a large cloud of yellow and orange monarch butterflies floating above it and an enormous flower-shaped mirror in a smooth ivory frame carved with roses hanging on the wall.
You see an antique teak nightstand with a neon purple lily scented candle sitting on top of it, a wicker dresser, an antique teak chest, a fluffy blue cat, a tall rosewood entertainment center with several shelves surrounding a large central video screen, and a rosewood king pillowtop bed here.
You see Kitty Mars (dozing) (lying on a rosewood king pillowtop bed) here.
You can go northwest, north, and east.

05:17 You lean in toward Kitty Mars and gently kiss her lips.

05:17 #$#soundpack social | kiss | male

05:20 #$#hjelp

05:24 #$#hjelp

05:27 #$#hjelp

05:31 #$#hjelp

05:34 #$#hjelp

05:38 #$#hjelp

05:41 #$#hjelp

05:45 #$#hjelp

05:48 #$#hjelp

05:52 #$#hjelp

05:55 #$#hjelp

05:59 #$#hjelp

06:02 #$#hjelp

06:06 #$#hjelp

06:09 #$#hjelp

06:13 #$#hjelp

06:16 A message board reader beeps quietly, indicating to you that there is a new message in General / Name Changes. It was posted by Starship Registration Office with the subject ""Duality" is now "Passionate Blaze"".

06:16 #$#hjelp

06:20 #$#hjelp

06:23 #$#hjelp

06:27 #$#hjelp

06:30 #$#hjelp

06:34 #$#hjelp

06:37 #$#hjelp

06:41 #$#hjelp

06:44 #$#hjelp

06:48 #$#hjelp

06:49 [Short-range Communication] Karen Terese transmits, "Hi."

06:50 [Short-range Communication] Michael Calaway roars.

06:50 #$#soundpack social | roar | male

06:51 #$#hjelp

06:55 #$#hjelp

06:58 #$#hjelp

07:02 #$#hjelp

07:05 #$#hjelp

07:09 #$#hjelp

07:12 #$#hjelp

07:16 #$#hjelp

07:19 #$#hjelp

07:23 #$#hjelp

07:26 #$#hjelp

07:30 #$#hjelp

07:33 #$#hjelp

07:37 #$#hjelp

07:40 #$#hjelp

07:44 #$#hjelp

07:47 #$#hjelp

07:51 #$#hjelp

07:54 #$#hjelp

07:58 #$#hjelp

08:01 #$#hjelp

08:05 #$#hjelp

08:08 #$#hjelp

08:12 #$#hjelp

08:15 #$#hjelp

08:19 #$#hjelp

08:22 #$#hjelp

08:26 #$#hjelp

08:29 #$#hjelp

08:33 #$#hjelp

08:36 #$#hjelp

08:40 #$#hjelp

08:43 #$#hjelp

08:45 [General Communication] Jessie Vargus transmits, "Any missions?"

08:47 #$#hjelp

08:50 #$#hjelp

08:54 #$#hjelp

08:57 #$#hjelp

09:01 #$#hjelp

09:04 #$#hjelp

09:08 #$#hjelp

09:11 #$#hjelp

09:15 #$#hjelp

09:18 #$#hjelp

09:22 #$#hjelp

09:25 #$#hjelp

09:29 #$#hjelp

09:32 #$#hjelp

09:36 #$#hjelp

09:39 #$#hjelp

09:43 #$#hjelp

09:46 #$#hjelp

09:50 #$#hjelp

09:53 #$#hjelp

09:57 #$#hjelp

10:00 #$#hjelp

10:04 #$#hjelp

10:07 #$#hjelp

10:11 #$#hjelp

10:14 #$#hjelp

10:18 #$#hjelp

10:21 #$#hjelp

10:25 #$#hjelp

10:28 #$#hjelp

10:32 #$#hjelp

10:35 #$#hjelp

10:39 #$#hjelp

10:42 #$#hjelp

10:46 #$#hjelp

10:49 #$#hjelp

10:53 #$#hjelp

10:56 #$#hjelp

11:00 #$#hjelp

11:03 #$#hjelp

11:07 #$#hjelp

11:10 #$#hjelp

11:14 #$#hjelp

11:17 #$#hjelp

11:19 From a thick white leather utility belt with several loops on it, you hear a red flight control scanner announce, "Iclea to Malta flight control, we're detecting weapon signatures out there."

11:20 [General Communication] Anton Navarro transmits, "Anyone want a mission?"

11:21 #$#hjelp

11:24 #$#hjelp

11:26 [General Communication] Anton Navarro transmits, "Spots. Bzzr's."

11:28 #$#hjelp

11:31 #$#hjelp

11:35 #$#hjelp

11:38 #$#hjelp

11:42 #$#hjelp

11:45 #$#hjelp

11:49 #$#hjelp

11:52 #$#hjelp

11:56 #$#hjelp

11:59 #$#hjelp

12:00 [Private | Abigail Starns] Abigail Starns transmits, "modds?"

12:01 A compact gold Lore computer beeps quietly, indicating that its TransLink tracking functionality has been activated.

12:03 [General Communication] Anton Navarro transmits, "Anyone else want a bzzr?"

12:03 #$#hjelp

12:03 [General Communication] Jessie Vargus transmits, "It's fun."

12:06 #$#hjelp

12:10 #$#hjelp

12:13 #$#hjelp

12:17 #$#hjelp

12:20 #$#hjelp

12:24 #$#hjelp

12:27 #$#hjelp

12:31 #$#hjelp

12:34 #$#hjelp

12:38 #$#hjelp

12:41 #$#hjelp

12:45 #$#hjelp

12:48 #$#hjelp

12:52 #$#hjelp

12:55 #$#hjelp

12:59 #$#hjelp

13:02 #$#hjelp

13:04 From a thick white leather utility belt with several loops on it, you hear a red flight control scanner announce, "Zander to Bellerophon flight control, somebody's shooting out there."

13:06 #$#hjelp

13:09 #$#hjelp

13:13 #$#hjelp

13:16 #$#hjelp

13:20 #$#hjelp

13:23 #$#hjelp

13:27 #$#hjelp

13:30 #$#hjelp

13:34 #$#hjelp

13:37 #$#hjelp

13:41 #$#hjelp

13:44 #$#hjelp

13:48 #$#hjelp

13:51 #$#hjelp

13:55 #$#hjelp

13:58 #$#hjelp

14:02 #$#hjelp

14:05 #$#hjelp

14:09 #$#hjelp

14:12 #$#hjelp

14:16 #$#hjelp

14:19 #$#hjelp

14:23 #$#hjelp

14:26 #$#hjelp

14:30 #$#hjelp

14:33 #$#hjelp

14:37 #$#hjelp

14:40 #$#hjelp

14:44 #$#hjelp

14:47 #$#hjelp

14:51 #$#hjelp

14:54 #$#hjelp

14:58 #$#hjelp

15:01 #$#hjelp

15:05 #$#hjelp

15:08 #$#hjelp

15:12 #$#hjelp

15:15 #$#hjelp

15:19 #$#hjelp

15:22 #$#hjelp

15:26 #$#hjelp

15:29 #$#hjelp

15:33 #$#hjelp

15:36 #$#hjelp

15:40 #$#hjelp

15:42 [General Communication] Joseph Navarro transmits, "Spots advanceds."

15:43 #$#hjelp

15:47 #$#hjelp

15:50 #$#hjelp

15:54 #$#hjelp

15:57 #$#hjelp

16:01 #$#hjelp

16:02 A message board reader beeps quietly, indicating to you that there is a new message in General / General. It was posted by Fawkes Fogwell with the subject "Re: Proposal From The Commonwealth".

16:04 #$#hjelp

16:08 #$#hjelp

16:11 #$#hjelp

16:15 #$#hjelp

16:18 #$#hjelp

16:22 #$#hjelp

16:25 #$#hjelp

16:29 #$#hjelp

16:31 A message board reader beeps quietly, indicating to you that there is a new message in OOC / Suggestions/Ideas. It was posted by Joseph Navarro with the subject "Going once, going twice, sold!".

16:32 #$#hjelp

16:36 #$#hjelp

16:39 #$#hjelp

16:43 #$#hjelp

16:46 #$#hjelp

16:50 #$#hjelp

16:53 #$#hjelp

16:57 #$#hjelp

17:00 #$#hjelp

17:04 #$#hjelp

17:07 #$#hjelp

17:09 [Private | Joseph Navarro] Joseph Navarro transmits, "New diffs?"

17:11 #$#hjelp

17:13 [General Communication] Joseph Navarro transmits, "4 spots diffs. I think."

17:13 [General Communication] Cria Blur transmits, "Eng?"

17:13 [General Communication] Joseph Navarro transmits, "No."

17:14 [General Communication] Joseph Navarro transmits, "4 spots new diffs."

17:14 [General Communication] Anton Navarro transmits, "9 spots for eng our way through the galaxy. We win."

17:14 [General Communication] Joseph Navarro coughs and transmits, "Yeah seriously."

17:14 #$#soundpack social | cough | male

17:14 [General Communication] Anton Navarro transmits, "We may not blow any up but at least will not blow up."

17:14 #$#hjelp

17:14 [General Communication] Joseph Navarro transmits, "Alternatively, 2 spots advanceds."

17:15 [TSS] Daniel Smith transmits, "Hi."

17:17 [TSS] Scott Franklin transmits, "Hi, hi, hi hi hi."

17:17 [TSS] Scott Franklin transmits, "Haven't seen you in awhile! Long ass nap, bro."

17:17 [General Communication] Joseph Navarro transmits, "2 spots advanceds."

17:17 [TSS] Daniel Smith transmits, "Indeed."

17:17 [TSS] Daniel Smith transmits, "That's how it goes though."

17:17 [TSS] Scott Franklin cackles.

17:17 #$#soundpack social | cackles | male

17:18 [TSS] Daniel Smith transmits, "How's it going out of locals."

17:18 #$#hjelp

17:18 [TSS] Scott Franklin transmits, "Not bad."

17:18 [TSS] Scott Franklin transmits, "Almost 1.2k ly out."

17:21 #$#hjelp

17:22 [General Communication] Joseph Navarro transmits, "2 spots advanceds."

17:25 #$#hjelp

17:25 [TSS] Scott Franklin screams, "I FOUND A PLANET."

17:25 #$#soundpack social | scream | male

17:25 [TSS] Daniel Smith cheers.

17:25 #$#soundpack social | cheers | male

17:25 [TSS] Scott Franklin laughs.

17:25 #$#soundpack social | laugh | male

17:25 [TSS] Daniel Smith transmits, "Those AIE people stole most of them, so congrats heh."

17:25 [TSS] Scott Franklin laughs.

17:25 #$#soundpack social | laugh | male

17:28 #$#hjelp

17:32 #$#hjelp

17:35 #$#hjelp

17:39 #$#hjelp

17:42 #$#hjelp

17:46 #$#hjelp

17:49 #$#hjelp

17:53 #$#hjelp

17:56 #$#hjelp

18:00 #$#hjelp

18:02 From a thick white leather utility belt with several loops on it, you hear a red flight control scanner announce, "Flight control in Triskaideka, we detect one Ontanka starship inbound!"

18:02 From a thick white leather utility belt with several loops on it, you hear a red flight control scanner announce, "This is Acrylon, Praelor troop transport is forcing a landing! Repeat! Praelor troop transport is forcing a landing!"

18:02 [General Communication] Cria Blur transmits, "Ahem."

18:02 [General Communication] Amy Draksen transmits, "Oh hell."

18:03 [General Communication] Amy Draksen transmits, "Get your armor and praelor mags, people."

18:03 [General Communication] Emily Mcmanomy transmits, "I am here to help."

18:03 [General Communication] Daniel Smith transmits, "Ready if any of you need crew."

18:03 [General Communication] Anthony Danilov transmits, "Ready."

18:03 #$#hjelp

18:03 [General Communication] Lili Shannon transmits, "Who is crewing?"

18:03 [General Communication] Amy Draksen transmits, "I will."

18:03 [General Communication] Michael Calaway transmits, "Be there as fast as I can would take a moment."

18:03 [General Communication] Amy Draksen transmits, "On HG."

18:04 [General Communication] Jessica Yobi transmits, "Rolu?"

18:04 [General Communication] Emily Mcmanomy transmits, "How menny ships."

18:04 [General Communication] Amy Draksen transmits, "Ground only right now."

18:04 [General Communication] Cara West transmits, "Ground praelor."

18:04 [General Communication] Anthony Danilov transmits, "I'm ready for ground."

18:04 [General Communication] Emily Mcmanomy transmits, "Me to on my way."

18:04 [General Communication] Amy Draksen transmits, "Get armor, repair kits, praelor mags."

18:04 [General Communication] Lili Shannon transmits, "On the way there are two here."

18:05 [General Communication] Leeann Blade transmits, "Where do we meet for cruing for ground."

18:05 [General Communication] Amy Draksen transmits, "Beta."

18:05 [General Communication] Amy Draksen transmits, "Enter salvation. Do not board unless you have praelor lethal ammo and armor and repair kits."

18:05 [General Communication] Anthony Danilov transmits, "Where to get reair kits."

18:05 [General Communication] Amy Draksen screams, "HG."

18:05 #$#soundpack social | scream | female
[General Communication] Anthony Danilov transmits, "Repair."

18:06 [General Communication] Emily Mcmanomy transmits, "Got my mags and kits."

18:06 [General Communication] Jessica Yobi transmits, "Beta ?"

18:06 [General Communication] Communication Officer Jamel Jenkins transmits, "Attention alliance pilots: We're receiving a distress call from the Commonwealth colony world Xenesus, galactic coordinates -603225, -104, 271. The AIE has deployed an experimental quantum vacuum accelerator in sector 10 to get a starship most of the way there in a hurry. Complete message as follows: A squadron of Praelor atmospheric combat vehicles has taken up permanent residence here. They've taken the landing pad and most of the spaceport. We've seen quite a few of their ships already. If you have an atmospheric combat vehicle, now would be a great time to assist. Any assistance would be greatly appreciated."

18:06 From a thick white leather utility belt with several loops on it, you hear a red flight control scanner announce, "Acrylon to Triskaideka flight control, an Ontanka starship is outbound."

18:07 #$#hjelp

18:07 [General Communication] Joseph Navarro transmits, "Does anyone have atmo vehicles?"

18:07 [General Communication] Anthony Danilov transmits, "Where to get repair kits."

18:07 [General Communication] Joseph Navarro transmits, "The armory on HG."

18:07 [General Communication] Amy Draksen transmits, "I do."

18:08 [General Communication] Michael Calaway transmits, "Um amy said HG."

18:08 [General Communication] Daniel Smith transmits, "Armory on HG."

18:08 [General Communication] Cara West transmits, "They said it, HG."

18:08 [General Communication] Anthony Danilov transmits, "Yes, but wasn't sure what store."

18:08 [General Communication] Leeann Blade transmits, "Armory."

18:09 [General Communication] Amy Draksen transmits, "I still have room."

18:10 #$#hjelp

18:12 [General Communication] Amy Draksen transmits, "Is anyone else coming before I head for 13."

18:13 [General Communication] Amy Draksen transmits, "Anyone else who wishes to join up, meet us on acrylon."

18:14 #$#hjelp

18:17 #$#hjelp

18:21 #$#hjelp

18:24 #$#hjelp

18:28 #$#hjelp

18:28 [General Communication] Amy Draksen transmits, "If anyone is not helping against the praelor, speak up."

18:31 #$#hjelp

18:35 #$#hjelp

18:38 #$#hjelp

18:42 #$#hjelp

18:45 #$#hjelp

18:49 #$#hjelp

18:52 #$#hjelp

18:56 [General Communication] Amy Draksen transmits, "Off to atmo."

18:56 #$#hjelp

18:56 A message board reader beeps quietly, indicating to you that there is a new message in OOC / Suggestions/Ideas. It was posted by Brice Garrison with the subject "NIRP Clearing Confirmation".

18:56 [General Communication] Ariela Brennar transmits, "Anyone else wants to come on ground? Come to acrylon."

18:59 #$#hjelp

19:03 #$#hjelp

19:06 [General Communication] Ariela Brennar transmits, "Looks like ground is clear."

19:06 [General Communication] Amy Draksen cheers.

19:06 #$#soundpack social | cheer | female
[General Communication] Joseph Navarro cheers.
#$#soundpack social | cheers | male

19:06 [General Communication] Jessie Vargus transmits, "Thanks ariela."

19:06 [General Communication] Michael Calaway transmits, "Could check non fc!"

19:06 [General Communication] Amy Draksen transmits, "That."

19:06 #$#hjelp

19:08 A message board reader beeps quietly, indicating to you that there is a new message in OOC / Suggestions/Ideas. It was posted by Victor with the subject "Re: NIRP Clearing Confirmation".

19:10 #$#hjelp

19:11 [General Communication] Emily Mcmanomy transmits, "Any one need help in the ship clearing."

19:11 [General Communication] Amy Draksen transmits, "We're good."

19:11 [General Communication] Emily Mcmanomy transmits, "I I captain."

19:11 [General Communication] Emily Mcmanomy transmits, "On stand buy if need be."

19:13 #$#hjelp

19:17 #$#hjelp

19:20 #$#hjelp

19:24 #$#hjelp

19:24 [General Communication] Renee Chance transmits, "Any missions going on?"

19:25 [General Communication] Amy Draksen transmits, "Invasion right now."

19:25 [General Communication] Renee Chance transmits, "Ooh would you like me to help?"

19:25 [General Communication] Amy Draksen transmits, "Got it covered."

19:25 [General Communication] Renee Chance transmits, "Okay."

19:27 A message board reader beeps quietly, indicating to you that there is a new message in OOC / Suggestions/Ideas. It was posted by Brice Garrison with the subject "Re: NIRP Clearing Confirmation".

19:27 #$#hjelp

19:31 #$#hjelp

19:34 #$#hjelp

19:38 #$#hjelp

19:41 #$#hjelp

19:44 [General Communication] Amy Draksen transmits, "Xenesus clear."

19:45 #$#hjelp

19:45 [General Communication] Tiberius Black transmits, "On standby if a gunner is needed."

19:45 [General Communication] Amy Draksen transmits, "Everything's clear."

19:45 [General Communication] Michael Calaway transmits, "Think we're all cleared."

19:45 [General Communication] Tiberius Black transmits, "Ok."

19:45 [General Communication] Calyssa Calaway transmits, "What's been up with all the envasions lately."

19:46 [General Communication] Andreas Fierro transmits, "Have not had that many."

19:46 [General Communication] Andreas Fierro transmits, "Only this one and one small the other day."

19:46 [General Communication] David Sisco transmits, "The praelor are suicidal I guess."

19:46 [General Communication] Calyssa Calaway transmits, "Uh there were a few big ones."

19:46 [General Communication] Dorion Hunter transmits, "I think she is talking about the others."

19:46 [General Communication] Dorion Hunter transmits, "Yes those."

19:46 [General Communication] Andreas Fierro transmits, "That huge one a couple weeks ago."

19:46 [General Communication] Daniel Smith transmits, "That was last weekend."

19:46 [General Communication] Ariela Brennar transmits, "Hahahah a couple of week ago was like last weekend."

19:47 [General Communication] Cara West transmits, "Praelor are more active that's for sure."

19:47 [General Communication] Andreas Fierro transmits, "Well yeah last week."

19:47 From a thick white leather utility belt with several loops on it, you hear a red flight control scanner announce, "Jump Hub Station to sector 0 flight control, we detect seven Ontanka starships inbound!"

19:47 [General Communication] Amy Draksen sighs.

19:47 #$#soundpack social | sigh | female

19:47 [General Communication] Andreas Fierro transmits, "I am tired true it was the week of the 13th."

19:47 [General Communication] Cara West transmits, "Uh. I think they heard us."

19:47 [General Communication] David Sisco transmits, "Oh boy."

19:47 [General Communication] Michael Calaway transmits, "I was about to have breakfast."

19:47 [General Communication] Emily Mcmanomy transmits, "Any ore trouble."

19:47 [General Communication] Emily Mcmanomy transmits, "More."

19:48 [General Communication] Cara West transmits, "Emily what do you mean any more trouble. Did you not just hear flight control..."

19:48 [General Communication] David Sisco transmits, "Okay, I'm ready to gun if needed."

19:48 [General Communication] Emily Mcmanomy transmits, "Oh I need a fc sorry."

19:48 [General Communication] Emily Mcmanomy transmits, "Me to mam."

19:48 [General Communication] Alayna Cantrell transmits, "You really should get one like yesterday."

19:48 [General Communication] Cara West transmits, "I suggest you get one."

19:48 #$#hjelp

19:48 [General Communication] Emily Mcmanomy transmits, "I I captain."

19:48 [General Communication] Amy Draksen transmits, "If you wish to gun, head to HG."

19:49 [General Communication] Cara West transmits, "That's something we all get after getting out of pilot training. How on earth have you not."

19:49 [General Communication] Michael Calaway transmits, "Coming sec."

19:50 [General Communication] Amy Draksen transmits, "Beta again."

19:50 [General Communication] David Sisco transmits, "Got it."

19:50 [General Communication] Emily Mcmanomy transmits, "I lost mine to beeing drown 2 years ago."

19:51 [General Communication] Emily Mcmanomy transmits, "In a pool in a bc sorry I did not get one after that."

19:51 [General Communication] Emily Mcmanomy transmits, "I have one now."

19:51 From a thick white leather utility belt with several loops on it, you hear a red flight control scanner announce, "Jump Hub Station to sector 0 flight control, an Ontanka starship is firing at a Hale starship."

19:52 [General Communication] David Sisco transmits, "Praelor in 0."

19:52 [General Communication] Noah Navarro screams, "WOW REALLY?"

19:52 #$#soundpack social | scream | male

19:52 [General Communication] Amy Draksen transmits, "Yeah we all know that."

19:52 [General Communication] Noah Navarro screams, "WOW!"

19:52 #$#soundpack social | scream | male

19:52 [General Communication] Joseph Navarro transmits, "Yeah... That's sort of why we're crewing on HG."

19:52 [General Communication] Amy Draksen transmits, "You should get a flight control scanner."

19:52 #$#hjelp

19:52 [General Communication] Amy Draksen transmits, "2 spots."

19:52 [General Communication] Noah Navarro transmits, "What kind of Praelor are in there?"

19:52 From a thick white leather utility belt with several loops on it, you hear a red flight control scanner announce, "Jump Hub Station to sector 0 flight control, we're reading an explosion. Looks like a Hale starship just got destroyed."

19:53 [General Communication] David Sisco transmits, "And now I ride an escape pod."

19:53 [General Communication] David Sisco transmits, "Woo."

19:53 [General Communication] Amy Draksen transmits, "One spot."

19:53 [General Communication] Ariela Brennar transmits, "Me."

19:53 [General Communication] Amy Draksen transmits, "Full when ariela gets here."

19:55 #$#hjelp

19:58 From a thick white leather utility belt with several loops on it, you hear a red flight control scanner announce, "Flight control in sector 0, an Ontanka starship is firing at a Hale starship."

19:59 [General Communication] Tiberius Black transmits, "Any scans on the types of enemy ships we have in zero yet?"

19:59 [General Communication] Joseph Navarro transmits, "5 ohaxx, 2 muzzano."

19:59 [General Communication] Amy Draksen transmits, "Ohaxx."

19:59 [General Communication] Michael Calaway transmits, "About 4 5 ohaxx I think."

19:59 [General Communication] Daniel Smith transmits, "Ohax and muzano."

19:59 [General Communication] Emily Mcmanomy transmits, "Ohhaxs."

19:59 [General Communication] David Sisco transmits, "Mohax and muz."

19:59 [General Communication] Emily Mcmanomy transmits, "In 6."

19:59 #$#hjelp

19:59 [General Communication] David Sisco transmits, "Ohax."

20:00 From a thick white leather utility belt with several loops on it, you hear a red flight control scanner announce, "Jump Hub Station to sector 0 flight control, biological indicators down here must be on the fritz. They seem to think that Praelor debris from that ship that just blew is still alive."

20:00 From a thick white leather utility belt with several loops on it, you hear a red flight control scanner announce, "Jump Hub Station to sector 0 flight control, an Ontanka starship is under attack by a Hale starship!"

20:01 [General Communication] Leeann Blade transmits, "Should there b a back up crue started?"

20:01 From a thick white leather utility belt with several loops on it, you hear a red flight control scanner announce, "Flight control in sector 0, ohhh say can you seeee! That a Praelor just diiiiied."

20:01 [General Communication] Joseph Navarro transmits, "We only have 5 ships left."

20:02 From a thick white leather utility belt with several loops on it, you hear a red flight control scanner announce, "Flight control in sector 0, a Praelor starship has just been destroyed."

20:02 [General Communication] Cria Blur transmits, "Ok, will crew for sector 6 iff anyone interested."

20:02 #$#hjelp

20:02 From a thick white leather utility belt with several loops on it, you hear a red flight control scanner announce, "Jump Hub Station to sector 0 flight control, somebody's shooting out there."

20:03 [General Communication] Leeann Blade transmits, "I would join you cria."

20:03 [General Communication] Cara West transmits, "As would I."

20:03 [General Communication] David Sisco transmits, "So would I."

20:03 [AIE | Channel 1] Cara West transmits, "Greetings AIE."

20:03 From a thick white leather utility belt with several loops on it, you hear a red flight control scanner announce, "Jump Hub Station to sector 0 flight control, we're reading a rather violent explosion along with high concentrations of organic debris. Looks like a Praelor starship just had an aneurism."

20:03 [AIE | Channel 1] Jason Harkness transmits, "Oh lord help us."

20:04 [AIE | Channel 1] Jessica Yobi transmits, "Hi."

20:04 [AIE | Channel 1] Leeann Blade transmits, "Hi."

20:04 [AIE | Channel 1] Cara West transmits, "It's alright I tend to keep to myself. I just keep out of people's way."

20:04 From a thick white leather utility belt with several loops on it, you hear a red flight control scanner announce, "Flight control in sector 0, we detect shots fired! Repeat, shots fired!"

20:05 [General Communication] Emily Mcmanomy transmits, "3 ships in 6."

20:05 [General Communication] Noah Navarro transmits, "What kind?"

20:05 [General Communication] David Sisco transmits, "I'm willing to join."

20:05 [General Communication] Alayna Cantrell transmits, "1 muzano 2 ohaxx."

20:05 [General Communication] Jessica Yobi transmits, "Who have crew ?"

20:06 [General Communication] Cria Blur transmits, "Alpha, iff I can get."

20:06 #$#hjelp

20:07 From a thick white leather utility belt with several loops on it, you hear a red flight control scanner announce, "Jump Hub Station to sector 0 flight control, a Hale starship is under attack by an Ontanka starship!"

20:07 From a thick white leather utility belt with several loops on it, you hear a red flight control scanner announce, "Flight control in sector 0, we're reading an explosion. Looks like a Hale starship just got destroyed."

20:07 [General Communication] Cria Blur transmits, "Anyone comeing before I go."

20:07 [General Communication] Cody Williams transmits, "Where."

20:07 [General Communication] Cria Blur transmits, "Alpha."

20:08 [General Communication] Cody Williams transmits, "On my way."

20:08 [General Communication] Emily Mcmanomy transmits, "In 0."

20:08 [General Communication] Joseph Navarro transmits, "In 12, idiot."

20:08 [General Communication] Jessica Yobi laughs.

20:08 #$#soundpack social | laugh | female

20:09 From a thick white leather utility belt with several loops on it, you hear a red flight control scanner announce, "Flight control in sector 0, a Hale starship is firing at an Ontanka starship."

20:09 From a thick white leather utility belt with several loops on it, you hear a red flight control scanner announce, "Jump Hub Station to sector 0 flight control, if you like ground beef, you'll love what we're seeing on orbital telescopes from that destroyed Praelor starship."

20:09 [General Communication] Communication Monitor 5374 transmits, "Please reserve your insults for another channel. Thank you."

20:09 #$#hjelp

20:10 From a thick white leather utility belt with several loops on it, you hear a red flight control scanner announce, "Jump Hub Station to sector 0 flight control, we're reading an explosion. Those Praelor sure know how to die!"

20:10 [General Communication] Emily Mcmanomy transmits, "I was talking about the ships jo."

20:11 From a thick white leather utility belt with several loops on it, you hear a red flight control scanner announce, "Flight control in sector 0, somebody just got destroyed out there. Judging by the floating entrails, I'm guessing it wasn't one of ours..."

20:11 From a thick white leather utility belt with several loops on it, you hear a red flight control scanner announce, "Jump Hub Station to sector 0 flight control, we detect shots fired!"

20:11 [General Communication] Amy Draksen transmits, "0 clear."

20:12 [General Communication] Noah Navarro transmits, "Who orignally said stuff was in 6?"

20:12 [General Communication] Daniel Smith transmits, "Emily I believe."

20:12 [General Communication] Noah Navarro transmits, "Originally."

20:12 [General Communication] Noah Navarro transmits, "There is nothing here. She's a liar."

20:12 [General Communication] Calyssa Calaway transmits, "The heck?"

20:12 [General Communication] Cara West transmits, "Lovely."

20:12 [General Communication] Noah Navarro transmits, "She just commed me saying she thought it was in 6, not 0."

20:13 #$#hjelp

20:15 From a thick white leather utility belt with several loops on it, you hear a red flight control scanner announce, "Flight control in Bellerophon, somebody's firing EM weapons up there!"

20:15 From a thick white leather utility belt with several loops on it, you hear a red flight control scanner announce, "Rolukssica to Bellerophon flight control, we're detecting shots fired on a Hale starship by a Hale starship."

20:16 [General Communication] Cria Blur transmits, "4 spots, difs, I suppose."

20:16 [General Communication] Amy Draksen transmits, "Thank you crew, again."

20:16 #$#hjelp

20:17 [General Communication] Cria Blur transmits, "Beta for difs."

20:17 [General Communication] Cria Blur transmits, "3 more spots."

20:17 [General Communication] Joseph Navarro transmits, "Me."

20:18 [General Communication] Cria Blur transmits, "2."

20:19 [General Communication] Cria Blur transmits, "2 spots, lets go!"

20:19 [General Communication] Cria Blur transmits, "New ones!"

20:19 [General Communication] Cria Blur transmits, "1 more spot."

20:20 #$#hjelp

20:21 [General Communication] Daniel Smith transmits, "Just an all-around shout out to everyone who helped out in the invasion, particularly amy, who flew."

20:21 [General Communication] Alayna Cantrell transmits, "Yes, nice flying Amy!"

20:21 [TSS] Scott Franklin transmits, "How bad it was?"

20:21 [TSS] Daniel Smith transmits, "Cake."

20:21 [General Communication] Amy Draksen transmits, "Thank you, and thanks for the good gunning and so on."

20:21 [General Communication] Cria Blur transmits, "1 spot difs, its eng."

20:22 [General Communication] Joseph Navarro transmits, "I'll take eng."

20:22 [General Communication] Cria Blur groans.

20:22 #$#soundpack social | groans | male

20:22 [General Communication] Cria Blur transmits, "1 spot, noone?"

20:23 [General Communication] Amy Draksen transmits, "I'm busy buying ammo or I would."

20:23 #$#hjelp

20:25 A message board reader beeps quietly, indicating to you that there is a new message in OOC / Suggestions/Ideas. It was posted by Jason Harkness with the subject "Re: NIRP Clearing Confirmation".

20:27 #$#hjelp

20:30 [TSS] Michael Calaway transmits, "I need money."

20:30 [TSS] Michael Calaway transmits, "Spent a bil yesterday."

20:30 #$#hjelp

20:30 [TSS] Calyssa Calaway transmits, "On what."

20:31 [TSS] Michael Calaway transmits, "Aquatic landing for the bc and intersecptor."

20:31 [TSS] Michael Calaway transmits, "And 300 on auction."

20:31 [TSS] Calyssa Calaway transmits, "Damn."

20:31 [TSS] Michael Calaway transmits, "So now I'm broke!"

20:31 [TSS] Calyssa Calaway giggles.

20:31 #$#soundpack social | giggles | female

20:31 [TSS] Calyssa Calaway transmits, "I'm only at 100 mill myself."

20:32 [TSS] Michael Calaway transmits, "I don't feel so bad then, 38."

20:34 #$#hjelp

20:34 [General Communication] Lili Shannon transmits, "Is the invasion over?"

20:34 [General Communication] Joseph Navarro transmits, "Yep."

20:34 [General Communication] Jessica Yobi transmits, "Yes."

20:37 #$#hjelp

20:41 #$#hjelp

20:43 [General Communication] Joseph Navarro transmits, "Who would be up for advanceds?"

20:43 [General Communication] David Sisco transmits, "Ground?"

20:43 [General Communication] Calyssa Calaway transmits, "Can I eng?"

20:43 [General Communication] Joseph Navarro transmits, "If you want."

20:44 [General Communication] Michael Calaway transmits, "Can I eng too?"

20:44 [General Communication] Calyssa Calaway snickers.

20:44 #$#soundpack social | snicker | female

20:44 [General Communication] Brianna West giggles.

20:44 #$#soundpack social | giggles | female

20:44 [General Communication] Jessica Yobi transmits, "And eng for me also."

20:44 [General Communication] Joseph Navarro transmits, "I normally make my eng gun anyway so. Like."

20:44 [General Communication] Cara West transmits, "I'd be up for an advanced."

20:44 [General Communication] Joseph Navarro transmits, "You still have to do work other than just sit there."

20:44 [General Communication] Michael Calaway transmits, "I know, hit the repair button."

20:44 #$#hjelp

20:45 [General Communication] Joseph Navarro transmits, "So... Who would be actually up for advanceds? Not counting anyone."

20:45 [General Communication] Cara West transmits, "Me."

20:45 [General Communication] Calyssa Calaway transmits, "I can eng."

20:45 [General Communication] Joseph Navarro transmits, "5 spots."

20:45 [General Communication] Michael Calaway transmits, "I can gun."

20:45 [General Communication] Joseph Navarro transmits, "4."

20:46 [General Communication] Joseph Navarro transmits, "Delta, enter critical for advanceds."

20:48 [General Communication] Joseph Navarro transmits, "Spots advanceds. Delta, enter critical."

20:48 #$#hjelp

20:51 [General Communication] Joseph Navarro transmits, "Amy I missing anyone? 2 spots as of now, though we'll go anyway."

20:51 [General Communication] Joseph Navarro transmits, "Am I, even."

20:51 #$#hjelp

20:53 [General Communication] Joseph Navarro transmits, "Last call, 2 spots."

20:55 #$#hjelp

20:58 #$#hjelp

21:02 #$#hjelp

21:05 #$#hjelp

21:07 [Private | Auction Service] Auction Service transmits, "A new item is up for bid: A pair of black combat gloves (d42). Bids will start at 25,000,000.00 credits and the auction will end in 3 days. Good luck!"

21:07 [General Communication] Joseph Navarro transmits, "2 spots, I think."

21:07 [General Communication] Joseph Navarro transmits, "Advanceds."

21:07 [General Communication] Ariela Brennar transmits, "Yo."

21:08 [General Communication] Jessica Yobi transmits, "Yo!"

21:08 [General Communication] Joseph Navarro transmits, "Hi friends."

21:09 #$#hjelp

21:09 [General Communication] Joseph Navarro transmits, "Last call, one spot now."

21:12 #$#hjelp

21:16 #$#hjelp

21:19 #$#hjelp

21:21 [General Communication] Joseph Navarro transmits, "Spots advanceds."

21:22 [General Communication] Joseph Navarro transmits, "2 spots advanceds?"

21:23 [Newbie] Lili Shannon: Can babies swim at the beach?

21:23 [Newbie] Cody Williams: No, not that I'm away of.

21:23 #$#hjelp

21:23 [Newbie] Cody Williams: Aware.

21:23 [Newbie] Abigail Starns: Ask yourself this. Can baby's swim period?

21:26 #$#hjelp

21:30 #$#hjelp

21:33 #$#hjelp

21:36 [General Communication] Joseph Navarro transmits, "2 spots mods?"

21:36 [General Communication] Joseph Navarro transmits, "One now."

21:37 #$#hjelp

21:37 [General Communication] Joseph Navarro transmits, "One spot now."

21:40 #$#hjelp

21:44 #$#hjelp

21:47 #$#hjelp

21:51 #$#hjelp

21:53 [General Communication] Gage Vieraah transmits, "One spot mod."

21:53 [General Communication] Cria Blur transmits, "Me."

21:54 [General Communication] Gage Vieraah transmits, "Alright, let me get my robo."

21:54 [General Communication] Cria Blur cheers.

21:54 #$#soundpack social | cheers | male

21:54 [General Communication] Emily Mcmanomy transmits, "What about destroyer mods."

21:54 #$#hjelp

21:54 [General Communication] Emily Mcmanomy cheers.

21:54 #$#soundpack social | cheers | female

21:55 [General Communication] Gage Vieraah transmits, "Not enough crew for that."

21:58 #$#hjelp

22:01 #$#hjelp

22:05 #$#hjelp

22:08 #$#hjelp

22:12 #$#hjelp

22:12 A message board reader beeps quietly, indicating to you that there is a new message in OOC / General. It was posted by Beatrice McPhee with the subject "What we love".

22:15 #$#hjelp

22:18 [General Communication] Gage Vieraah transmits, "One spot."

22:18 [General Communication] Emily Mcmanomy transmits, "Me."

22:18 [General Communication] Gage Vieraah transmits, "It's robos, you know that, right?"

22:18 [General Communication] Emily Mcmanomy transmits, "Yes."

22:18 [General Communication] Gage Vieraah transmits, "Beta."

22:19 #$#hjelp

22:20 [General Communication] Emily Mcmanomy transmits, "Landing."

22:20 [General Communication] Emily Mcmanomy transmits, "Here."

22:22 #$#hjelp

22:26 #$#hjelp

22:26 [Newbie] Lilly Oneel: How do you change your account password?

22:26 [Newbie] Victor: From the login menu.

22:26 [Newbie] Lilly Oneel: Oh yeah.

22:27 [Tradesman Market] Cassie Knight has bought one tradesman certificate from Anton Navarro.

22:27 [Tradesman Market] Anton Navarro's sale has completed.

22:29 #$#hjelp

22:33 #$#hjelp

22:36 #$#hjelp

22:39 [General Communication] Gage Vieraah transmits, "One spot, gunning, must not suck."

22:40 [General Communication] Renee Chance transmits, "Me."

22:40 #$#hjelp

22:40 A message board reader beeps quietly, indicating to you that there is a new message in General / General. It was posted by Allen Robinson with the subject "Re: Proposal From The Commonwealth".

22:43 #$#hjelp

22:44 [General Communication] Noah Navarro transmits, "Who wants missions?"

22:47 #$#hjelp

22:49 [General Communication] Olivia Cantrell transmits, "I so do."

22:50 #$#hjelp

22:54 #$#hjelp

22:57 #$#hjelp

23:01 #$#hjelp

23:04 #$#hjelp

23:06 [General Communication] Gage Vieraah transmits, "Anyone want to buy a fighter?"

23:06 [General Communication] Allen Robinson transmits, "What upgrades, and how much?"

23:07 [General Communication] Gage Vieraah transmits, "One second."

23:07 [General Communication] Anton Navarro transmits, "9 spots difs."

23:07 [General Communication] Joseph Navarro transmits, "Me."

23:07 [General Communication] Anton Navarro transmits, "8."

23:07 [General Communication] Renee Chance transmits, "Me."

23:07 [General Communication] Anton Navarro transmits, "7."

23:07 [General Communication] Leeann Blade transmits, "Eng?"

23:07 [General Communication] Michael Calaway transmits, "I can join, need 3 minutes though!"

23:08 [General Communication] Anton Navarro transmits, "5 spots. Leeann is eng."

23:08 #$#hjelp

23:08 [General Communication] Olivia Cantrell transmits, "Me."

23:08 [General Communication] Anton Navarro transmits, "4 spots."

23:08 [General Communication] Aaron Blade transmits, "Me."

23:09 [General Communication] Anton Navarro transmits, "3 spots."

23:09 [General Communication] Juliette Blackthorn transmits, "Me."

23:09 [General Communication] Anton Navarro transmits, "2 spots."

23:09 [General Communication] Anton Navarro transmits, "Beta."

23:10 [General Communication] Anton Navarro transmits, "1 spot."

23:10 [General Communication] Gage Vieraah transmits, "Okay checking worth now but know, the name is amazing, so that will cost you."

23:10 [General Communication] Anton Navarro transmits, "1 spot."

23:11 #$#hjelp

23:11 [General Communication] Gage Vieraah transmits, "It's worth 225 million, but I'll take 200 because like I said, the name is godly."

23:13 [General Communication] Anton Navarro transmits, "Beta you dirty dogs. Enter situation critical. It will be critical if we hit the pod."

23:14 [General Communication] Michael Calaway transmits, "Oh that ship? I'll have to decline."

23:14 [General Communication] Anton Navarro transmits, "I'll decline your face, chop chop now."

23:14 [General Communication] Joseph Navarro transmits, "Don't worry, it's not me flying. Anton's just too lazy to get his bc."

23:14 [General Communication] Anton Navarro transmits, "Full."

23:15 #$#hjelp

23:18 #$#hjelp

23:22 #$#hjelp

23:22 [General Communication] Anton Navarro transmits, "Olivia please hurry up."

23:22 [General Communication] Michael Calaway transmits, "Ok."

23:22 [General Communication] Joseph Navarro transmits, "If you're just going to dig, we can replace you!"

23:24 [General Communication] Olivia Cantrell transmits, "Yes. I'm coming."

23:25 [General Communication] Olivia Cantrell transmits, "On route now."

23:25 #$#hjelp

23:26 [General Communication] Olivia Cantrell transmits, "I'm almost here actually."

23:26 [General Communication] Anton Navarro transmits, "Beta."

23:26 [General Communication] Joseph Navarro transmits, "Finally."

23:26 [General Communication] Olivia Cantrell transmits, "Got it."

23:29 #$#hjelp

23:32 #$#hjelp

23:36 #$#hjelp

23:39 #$#hjelp

23:43 #$#hjelp

23:46 A message board reader beeps quietly, indicating to you that there is a new message in OOC / General. It was posted by Rothque Torraske with the subject "Re: What we love".

23:46 #$#hjelp

23:47 A message board reader beeps quietly, indicating to you that there is a new message in OOC / General. It was posted by Gabriel Brennar with the subject "Re: What we love".

23:48 A message board reader beeps quietly, indicating to you that there is a new message in OOC / General. It was posted by Rothque Torraske with the subject "Re: What we love".

23:49 A message board reader beeps quietly, indicating to you that there is a new message in OOC / General. It was posted by Will Carter with the subject "Re: What we love".

23:50 #$#hjelp

23:52 [General Communication] Anton Navarro transmits, "2 spots."

23:53 [General Communication] Cody Williams transmits, "Sure."

23:53 [General Communication] Anton Navarro transmits, "2 more."

23:53 [General Communication] Joseph Navarro transmits, "Gamma."

23:53 #$#hjelp

23:56 [General Communication] David Arther transmits, "Me also."

23:56 [General Communication] Anton Navarro transmits, "Gamma David."

23:56 [General Communication] Anton Navarro transmits, "1 more."

23:56 A message board reader beeps quietly, indicating to you that there is a new message in OOC / General. It was posted by Ryan Salvatore with the subject "Re: What we love".

23:57 #$#hjelp

23:57 [General Communication] Anton Navarro transmits, "1 spot."

23:58 [General Communication] Calyssa Calaway transmits, "What missions."

23:58 [General Communication] Anton Navarro transmits, "Difs."

23:58 [General Communication] Calyssa Calaway transmits, "Ah can come if eng is open."

23:58 [General Communication] Anton Navarro transmits, "It's closed. Like a nuns legs."

23:59 [General Communication] Calyssa Calaway transmits, "Erm."

23:59 [General Communication] Lia Daniels gasps.

23:59 #$#soundpack social | gasps | female

