00:02 #$#hjelp

00:06 #$#hjelp

00:09 #$#hjelp

00:13 #$#hjelp

00:13 [General Communication] Renee Chance transmits, "Any missions going on?"

00:14 [General Communication] Sarah Lyras transmits, "Combat? I don't realy think I wanted that, I cant figure out what to shoot."

00:14 [General Communication] Sarah Lyras transmits, "Whoops."

00:15 [General Communication] Sarah Lyras transmits, "Miscomm."

00:16 #$#hjelp

00:20 #$#hjelp

00:23 #$#hjelp

00:27 #$#hjelp

00:27 [General Communication] Sarah Lyras transmits, "I'm here."

00:27 [General Communication] Anton Navarro transmits, "I am there."

00:27 [General Communication] Sarah Lyras transmits, "Miscomm."

00:27 [General Communication] Renee Chance transmits, "Hush Anton."

00:28 [General Communication] Abigail Masters transmits, "Where are you Sarah?"

00:28 [General Communication] Anton Navarro transmits, "Here."

00:28 [General Communication] Sarah Lyras transmits, "Why."

00:28 [General Communication] Sarah Lyras transmits, "Stop fricking screwing with me, anton."

00:29 [General Communication] Gabriel Brennar transmits, "You mad?"

00:29 [General Communication] Anton Navarro transmits, "There?"

00:29 [General Communication] Ariela Brennar transmits, "Do you wanna strand him?"

00:30 #$#hjelp

00:34 #$#hjelp

00:37 #$#hjelp

00:41 #$#hjelp

00:44 #$#hjelp

00:48 #$#hjelp

00:51 #$#hjelp

00:55 #$#hjelp

00:58 #$#hjelp

01:02 #$#hjelp

01:05 #$#hjelp

01:09 #$#hjelp

01:12 #$#hjelp

01:16 #$#hjelp

01:19 #$#hjelp

01:23 #$#hjelp

01:26 #$#hjelp

01:30 #$#hjelp

01:33 #$#hjelp

01:37 #$#hjelp

01:40 #$#hjelp

01:44 #$#hjelp

01:44 [General Communication] Ariela Brennar transmits, "4 spots for mods."

01:44 [General Communication] Alayna Cantrell transmits, "I'll go."

01:44 [General Communication] Ariela Brennar transmits, "3."

01:45 [General Communication] Abigail Masters transmits, "Sure."

01:45 [General Communication] Ariela Brennar transmits, "2."

01:45 [General Communication] Ariela Brennar transmits, "1."

01:47 [General Communication] Ariela Brennar transmits, "Beta."

01:47 #$#hjelp

01:48 [General Communication] Ariela Brennar transmits, "1 spot."

01:49 [General Communication] Ariela Brennar transmits, "Final call for 1 spot."

01:49 [Private | Joseph Navarro] Joseph Navarro transmits, "Mods?"

01:51 #$#hjelp

01:54 #$#hjelp

01:58 #$#hjelp

02:01 #$#hjelp

02:01 [General Communication] Ariela Brennar transmits, "1 spot."

02:02 [General Communication] Andreas Fierro transmits, "Bay?"

02:02 [General Communication] Ariela Brennar transmits, "Beta!"

02:05 #$#hjelp

02:08 #$#hjelp

02:12 #$#hjelp

02:13 [Short-range Communication] Aaron Blade transmits, "Skip skip."

02:15 #$#hjelp

02:18 [TSS] Michael Calaway transmits, "Yeash that monkey going for alot of credits."

02:19 [TSS] Scott Franklin transmits, "Right? Christ."

02:19 #$#hjelp

02:19 [TSS] Michael Calaway transmits, "I want the other things though."

02:19 [TSS] Scott Franklin whines.

02:19 #$#soundpack social | whines | male

02:19 [TSS] Scott Franklin cackles.

02:19 #$#soundpack social | cackles | male

02:20 [TSS] Scott Franklin transmits, "971ly out."

02:20 [TSS] Scott Franklin bellows.

02:20 #$#soundpack social | bellows | male

02:20 [TSS] Michael Calaway transmits, "You go."

02:21 [TSS] Scott Franklin transmits, "I go."

02:21 [TSS] Scott Franklin transmits, "I go and go and go."

02:21 [TSS] Scott Franklin transmits, "Maybe even out of comms and/or 5k."

02:21 [TSS] Michael Calaway transmits, "Now you're gone!"

02:21 [TSS] Michael Calaway transmits, "Ooo."

02:21 [TSS] Scott Franklin cackles.

02:21 #$#soundpack social | cackles | male

02:21 [TSS] Michael Calaway transmits, "Bring me back hmmm anything."

02:22 [General Communication] Joseph Navarro transmits, "4 spots to go on Ariela's first diff on her bc!"

02:22 #$#hjelp

02:23 [General Communication] Joseph Navarro transmits, "Wow no one? This is terrible! How will she learn to fly for invasions and such if she can't get crew for diffs?"

02:23 [General Communication] Joseph Navarro transmits, "For shame!"

02:23 [General Communication] Joseph Navarro transmits, "3 spots."

02:23 [General Communication] Nikki Bleu transmits, "I told her I'd go."

02:23 [General Communication] Anny Rain transmits, "I will go."

02:23 [General Communication] Joseph Navarro transmits, "2 now."

02:23 [General Communication] Joseph Navarro transmits, "Counting you, miss."

02:23 [General Communication] Leeann Blade transmits, "I will go on these difs."

02:23 [General Communication] Joseph Navarro transmits, "One spot!"

02:24 [General Communication] Joseph Navarro transmits, "One spot Ariela's first bc diffs!"

02:24 [General Communication] Ariela Brennar transmits, "Full."

02:24 [General Communication] Ariela Brennar transmits, "And 1 more again!"

02:26 #$#hjelp

02:27 [General Communication] Ariela Brennar transmits, "1 spot."

02:27 [General Communication] Michael Calaway transmits, "I need a break from other activities, I'll come."

02:27 [General Communication] Joseph Navarro cheers.

02:27 #$#soundpack social | cheers | male

02:27 [General Communication] Ariela Brennar cheers.

02:27 #$#soundpack social | cheers | female

02:27 [General Communication] Michael Calaway transmits, "Remind me of the bay, so I don't delay."

02:27 [General Communication] Scott Franklin laughs.

02:27 #$#soundpack social | laugh | male

02:27 [General Communication] Ariela Brennar transmits, "Pending."

02:28 [General Communication] Michael Calaway transmits, "Cant find that bay on High Guard, I say."

02:28 [General Communication] Scott Franklin snorts.

02:28 #$#soundpack social | snorts | male

02:29 [General Communication] Ariela Brennar transmits, "Alpha."

02:29 #$#hjelp

02:33 #$#hjelp

02:36 #$#hjelp

02:40 #$#hjelp

02:43 #$#hjelp

02:47 #$#hjelp

02:50 #$#hjelp

02:52 [General Communication] Ariela Brennar transmits, "3 spots."

02:53 [General Communication] Ariela Brennar transmits, "3 spots."

02:53 [General Communication] Ariela Brennar transmits, "2."

02:54 #$#hjelp

02:55 [General Communication] Joseph Navarro transmits, "2 spots Ariela diffs! It's her first ones in her bc, and she ran the last one in 11 minutes and 30 hull! You know you want to join! Help provide this pilot with the practice she needs to go from a great flyer, to an excellent one! Don't delay, join Ariela diffs today!"

02:56 [General Communication] Joseph Navarro transmits, "One spot now!"

02:57 [General Communication] Joseph Navarro transmits, "One spot diffs."

02:57 #$#hjelp

02:59 [Private | Alayna Cantrell] Alayna Cantrell transmits, "diffs?"

03:00 [General Communication] Joseph Navarro transmits, "One spot diffs!"

03:00 [General Communication] Ariela Brennar transmits, "1 spot! Anyone?"

03:01 [General Communication] Brianna West transmits, "Don't delay, come join diffs today!"

03:01 #$#hjelp

03:02 [General Communication] Ariela Brennar transmits, "Full."

03:04 #$#hjelp

03:08 #$#hjelp

03:11 #$#hjelp

03:15 #$#hjelp

03:18 #$#hjelp

03:22 #$#hjelp

03:22 [General Communication] Ariela Brennar transmits, "1 spot."

03:23 [General Communication] Ariela Brennar transmits, "2 spots."

03:25 #$#hjelp

03:26 [General Communication] Ariela Brennar transmits, "Ok 1 spot."

03:29 #$#hjelp

03:31 [General Communication] Ariela Brennar transmits, "1 spot for shooting things!"

03:32 #$#hjelp

03:36 #$#hjelp

03:39 #$#hjelp

03:43 #$#hjelp

03:46 #$#hjelp

03:50 #$#hjelp

03:53 #$#hjelp

03:57 #$#hjelp

04:00 #$#hjelp

04:04 #$#hjelp

04:04 [TSS] Michael Calaway transmits, "Meh 12 more points."

04:04 [TSS] Scott Franklin bellows.

04:04 #$#soundpack social | bellows | male

04:07 #$#hjelp

04:11 #$#hjelp

04:14 #$#hjelp

04:18 #$#hjelp

04:19 [TSS] Scott Franklin sings.

04:19 #$#soundpack social | sings | male

04:21 #$#hjelp

04:25 #$#hjelp

04:28 #$#hjelp

04:32 #$#hjelp

04:35 #$#hjelp

04:39 #$#hjelp

04:42 #$#hjelp

04:46 #$#hjelp

04:49 #$#hjelp

04:53 #$#hjelp

04:56 #$#hjelp

05:00 #$#hjelp

05:03 #$#hjelp

05:07 #$#hjelp

05:10 #$#hjelp

05:14 #$#hjelp

05:17 #$#hjelp

05:21 #$#hjelp

05:24 #$#hjelp

05:28 #$#hjelp

05:31 #$#hjelp

05:35 #$#hjelp

05:36 #$#soundpack environment station | safe | light

05:36 [Apartment 25490; Bedroom] (lying on a rosewood king pillowtop bed)
You see a cozy little bedroom with carpet floors and drywall walls. The walls are painted white. The walls are covered in pastel wallpaper. You see a poster of a vast green field of clover with a large cloud of yellow and orange monarch butterflies floating above it and an enormous flower-shaped mirror in a smooth ivory frame carved with roses hanging on the wall.
You see an antique teak nightstand with a neon purple lily scented candle sitting on top of it, a wicker dresser, an antique teak chest, a fluffy blue cat, a tall rosewood entertainment center with several shelves surrounding a large central video screen, and a rosewood king pillowtop bed here.
You see Kitty Mars (dozing) (lying on a rosewood king pillowtop bed) here.
You can go northwest, north, and east.

05:40 #$#hjelp

05:42 A message board reader beeps quietly, indicating to you that there is a new message in General / Name Changes. It was posted by Starship Registration Office with the subject ""Demestic Dispute" is now "Domestic Dispute"".

05:43 #$#hjelp

05:47 #$#hjelp

05:50 #$#hjelp

05:54 #$#hjelp

05:57 #$#hjelp

06:01 #$#hjelp

06:04 #$#hjelp

06:05 [General Communication] Ryan Salvatore transmits, "Until next time babes."

06:05 [General Communication] Ryan Salvatore transmits, "Um."

06:05 [General Communication] Dorion Hunter laughs.

06:05 #$#soundpack social | laugh | male

06:05 [General Communication] Ryan Salvatore transmits, "Sorry."

06:05 [General Communication] Scott Franklin snorts.

06:05 #$#soundpack social | snorts | male

06:05 [General Communication] Jessie Vargus transmits, "Missions?"

06:05 [General Communication] Renee Chance snickers.

06:05 #$#soundpack social | snicker | female

06:05 [General Communication] Michael Calaway transmits, "Don't talk about me on general like that."

06:08 #$#hjelp

06:10 [General Communication] Michael Calaway transmits, "Tired of planting carrots, 5 spots mods."

06:10 [General Communication] Jessie Vargus transmits, "Me."

06:10 [General Communication] Michael Calaway transmits, "4."

06:10 [General Communication] Cody Williams transmits, "Me."

06:10 [General Communication] Michael Calaway transmits, "3."

06:10 [General Communication] Scott Franklin transmits, "Mic snort."

06:10 [General Communication] Scott Franklin transmits, "Erm miscomm."

06:11 [General Communication] Michael Calaway transmits, "3 spots mods!"

06:11 #$#hjelp

06:13 [General Communication] Jessie Vargus transmits, "Mods?"

06:13 [General Communication] Michael Calaway transmits, "3 spots!"

06:15 #$#hjelp

06:18 #$#hjelp

06:22 #$#hjelp

06:25 #$#hjelp

06:29 #$#hjelp

06:32 #$#hjelp

06:33 From a thick white leather utility belt with several loops on it, you hear a red flight control scanner announce, "Flight control in Bellerophon, I'm showing a disruption in my controls. It must be an EM weapon."

06:36 #$#hjelp

06:39 #$#hjelp

06:43 #$#hjelp

06:46 #$#hjelp

06:50 #$#hjelp

06:53 #$#hjelp

06:57 #$#hjelp

07:00 #$#hjelp

07:04 #$#hjelp

07:05 From a thick white leather utility belt with several loops on it, you hear a red flight control scanner announce, "Zander to Bellerophon flight control, a Hale starship has fired on a Commonwealth starship."

07:05 From a thick white leather utility belt with several loops on it, you hear a red flight control scanner announce, "Zander to Bellerophon flight control, a Commonwealth starship is firing at a Hale starship."

07:07 #$#hjelp

07:11 #$#hjelp

07:14 #$#hjelp

07:18 #$#hjelp

07:21 #$#hjelp

07:25 #$#hjelp

07:28 #$#hjelp

07:32 #$#hjelp

07:32 [TSS] Calyssa Calaway transmits, "I hear my love has reached level 9."

07:32 [TSS] Michael Calaway transmits, "Who told you!"

07:32 [TSS] Calyssa Calaway transmits, "I'm a sockter."

07:32 [TSS] Calyssa Calaway transmits, "Erm."

07:32 [TSS] Calyssa Calaway transmits, "Stalker."

07:33 [TSS] Michael Calaway transmits, "Oooo."

07:34 [TSS] Michael Calaway transmits, "Well if my stalker must know I also sent in my app."

07:34 [TSS] Calyssa Calaway cheers.

07:34 #$#soundpack social | cheers | female

07:34 [TSS] Calyssa Calaway transmits, "Yay."

07:34 [TSS] Calyssa Calaway transmits, "Wanna haul love?"

07:34 [TSS] Michael Calaway transmits, "Of course I do."

07:34 [TSS] Michael Calaway transmits, "The only reason I'm not on kentos."

07:34 [TSS] Calyssa Calaway snickers.

07:34 #$#soundpack social | snicker | female

07:35 #$#hjelp

07:39 #$#hjelp

07:42 #$#hjelp

07:46 #$#hjelp

07:49 #$#hjelp

07:53 #$#hjelp

07:56 #$#hjelp

08:00 #$#hjelp

08:01 [General Communication] Ryan Salvatore transmits, "Asteroid hauler did you wait in the sector to get the first one?"

08:03 #$#hjelp

08:07 #$#hjelp

08:10 #$#hjelp

08:14 #$#hjelp

08:14 [General Communication] David Arther transmits, "Any missions?"

08:14 [General Communication] Gage Vieraah transmits, "No."

08:17 #$#hjelp

08:21 #$#hjelp

08:24 #$#hjelp

08:28 #$#hjelp

08:31 #$#hjelp

08:35 #$#hjelp

08:38 #$#hjelp

08:40 [Newbie] Ryan Salvatore: Hey Harley, I don't know if you can hear me, but try typing USE KIT, it's a much faster way of getting your anchors and line.

08:42 #$#hjelp

08:43 [Newbie] Harley Richardson: My kit has a few spares in it so I need to put my stuff in my kit like that.

08:43 [Newbie] Erik Yobi: Try CONFIG KIT.

08:45 #$#hjelp

08:49 #$#hjelp

08:52 #$#hjelp

08:56 #$#hjelp

08:59 #$#hjelp

09:03 #$#hjelp

09:06 #$#hjelp

09:10 #$#hjelp

09:13 #$#hjelp

09:17 #$#hjelp

09:20 #$#hjelp

09:24 #$#hjelp

09:27 #$#hjelp

09:31 #$#hjelp

09:34 #$#hjelp

09:38 #$#hjelp

09:41 #$#hjelp

09:45 #$#hjelp

09:48 #$#hjelp

09:52 #$#hjelp

09:55 #$#hjelp

09:59 #$#hjelp

10:02 #$#hjelp

10:06 #$#hjelp

10:09 #$#hjelp

10:13 #$#hjelp

10:16 #$#hjelp

10:20 #$#hjelp

10:23 #$#hjelp

10:27 #$#hjelp

10:30 #$#hjelp

10:34 #$#hjelp

10:37 #$#hjelp

10:41 #$#hjelp

10:44 #$#hjelp

10:48 #$#hjelp

10:51 #$#hjelp

10:55 #$#hjelp

10:58 #$#hjelp

11:02 #$#hjelp

11:05 #$#hjelp

11:09 #$#hjelp

11:12 #$#hjelp

11:16 #$#hjelp

11:19 #$#hjelp

11:23 #$#hjelp

11:26 #$#hjelp

11:30 #$#hjelp

11:33 #$#hjelp

11:37 #$#hjelp

11:40 #$#hjelp

11:44 #$#hjelp

11:47 #$#hjelp

11:51 #$#hjelp

11:54 #$#hjelp

11:58 #$#hjelp

12:01 #$#hjelp

12:01 A message board reader beeps quietly, indicating to you that there is a new message in General / General. It was posted by Raj Sanders with the subject "Re: To jason".

12:05 #$#hjelp

12:08 #$#hjelp

12:12 #$#hjelp

12:15 #$#hjelp

12:19 #$#hjelp

12:22 #$#hjelp

12:26 #$#hjelp

12:29 #$#hjelp

12:33 #$#hjelp

12:36 #$#hjelp

12:40 #$#hjelp

12:43 #$#hjelp

12:47 #$#hjelp

12:50 #$#hjelp

12:54 #$#hjelp

12:57 #$#hjelp

13:01 #$#hjelp

13:04 #$#hjelp

13:08 #$#hjelp

13:11 #$#hjelp

13:15 #$#hjelp

13:18 #$#hjelp

13:22 #$#hjelp

13:25 #$#hjelp

13:29 #$#hjelp

13:32 #$#hjelp

13:36 #$#hjelp

13:39 #$#hjelp

13:43 #$#hjelp

13:46 #$#hjelp

13:50 #$#hjelp

13:53 #$#hjelp

13:57 #$#hjelp

14:00 #$#hjelp

14:04 #$#hjelp

14:07 #$#hjelp

14:11 #$#hjelp

14:14 #$#hjelp

14:18 #$#hjelp

14:21 #$#hjelp

14:25 #$#hjelp

14:28 #$#hjelp

14:31 A message board reader beeps quietly, indicating to you that there is a new message in General / General. It was posted by Raj Sanders with the subject "To jason harkness".

14:32 #$#hjelp

14:35 #$#hjelp

14:39 #$#hjelp

14:42 #$#hjelp

14:46 #$#hjelp

14:49 #$#hjelp

14:53 #$#hjelp

14:56 #$#hjelp

15:00 #$#hjelp

15:03 #$#hjelp

15:07 #$#hjelp

15:10 #$#hjelp

15:14 #$#hjelp

15:17 #$#hjelp

15:21 #$#hjelp

15:24 #$#hjelp

15:28 #$#hjelp

15:31 #$#hjelp

15:35 #$#hjelp

15:38 #$#hjelp

15:42 #$#hjelp

15:45 #$#hjelp

15:45 A message board reader beeps quietly, indicating to you that there is a new message in General / General. It was posted by David Sisco with the subject "Re: To jason harkness".

15:49 #$#hjelp

15:49 #$#soundpack environment station | safe | light

15:49 [Apartment 25490; Bedroom] (lying on a rosewood king pillowtop bed)
You see a cozy little bedroom with carpet floors and drywall walls. The walls are painted white. The walls are covered in pastel wallpaper. You see a poster of a vast green field of clover with a large cloud of yellow and orange monarch butterflies floating above it and an enormous flower-shaped mirror in a smooth ivory frame carved with roses hanging on the wall.
You see an antique teak nightstand with a neon purple lily scented candle sitting on top of it, a wicker dresser, an antique teak chest, a fluffy blue cat, a tall rosewood entertainment center with several shelves surrounding a large central video screen, and a rosewood king pillowtop bed here.
You see Kitty Mars (dozing) (lying on a rosewood king pillowtop bed) here.
You can go northwest, north, and east.

15:52 #$#hjelp

15:56 #$#hjelp

15:59 #$#hjelp

16:03 #$#hjelp

16:06 #$#hjelp

16:10 #$#hjelp

16:13 #$#hjelp

16:17 #$#hjelp

16:20 #$#hjelp

16:24 #$#hjelp

16:27 #$#hjelp

16:31 #$#hjelp

16:31 [Newbie] Katherine Sanders: If you bid on an item, does the credits add to your current bid or do you have to bid a certain amount each time.

16:32 [Newbie] Amy Draksen: Each time, you ahve to bid the total amount you wish to bid, it's not adding to your previous bid.

16:32 [Newbie] Katherine Sanders: Ok thanks.

16:34 #$#hjelp

16:38 #$#hjelp

16:41 [General Communication] Joseph Navarro transmits, "Who would be interested in advanceds?"

16:41 #$#hjelp

16:43 [General Communication] Noah Navarro transmits, "Are they 30 minute advanceds?"

16:43 [General Communication] Joseph Navarro transmits, "Guaranteed to be under 30 minutes!"

16:44 [General Communication] Noah Navarro transmits, "I prefer 45 minute advanceds, I'm out."

16:44 [General Communication] Joseph Navarro transmits, "Oh, well I mean. If it means getting crew, I'm sure I can make them take 45 minutes. Only for you."

16:45 #$#hjelp

16:45 [General Communication] Noah Navarro transmits, "Ok I'm in."

16:48 #$#hjelp

16:52 #$#hjelp

16:55 #$#hjelp

16:59 #$#hjelp

17:02 #$#hjelp

17:05 From a thick white leather utility belt with several loops on it, you hear a red flight control scanner announce, "Flight control in Outreach, there's been an attack in the sector."

17:06 #$#hjelp

17:09 #$#hjelp

17:13 #$#hjelp

17:13 [General Communication] Noah Navarro transmits, "Joseph is running advanced."

17:13 [General Communication] Noah Navarro screams, "WHO'S IN?"

17:13 #$#soundpack social | scream | male

17:13 [General Communication] Cody Williams transmits, "Sure thing."

17:16 #$#hjelp

17:20 #$#hjelp

17:23 #$#hjelp

17:27 #$#hjelp

17:30 #$#hjelp

17:34 #$#hjelp

17:37 #$#hjelp

17:41 #$#hjelp

17:44 #$#hjelp

17:48 #$#hjelp

17:51 #$#hjelp

17:55 #$#hjelp

17:58 #$#hjelp

18:02 #$#hjelp

18:05 #$#hjelp

18:09 #$#hjelp

18:12 #$#hjelp

18:16 #$#hjelp

18:19 #$#hjelp

18:23 #$#hjelp

18:26 #$#hjelp

18:30 #$#hjelp

18:33 #$#hjelp

18:34 [Tradesman Market] Anton Navarro has lowered the price of his sale from 320,000,000.00 credits to 315,000,000.00 credits per certificate.

18:37 #$#hjelp

18:40 #$#hjelp

18:44 #$#hjelp

18:47 #$#hjelp

18:51 #$#hjelp

18:54 #$#hjelp

18:58 #$#hjelp

19:01 #$#hjelp

19:05 #$#hjelp

19:08 #$#hjelp

19:12 #$#hjelp

19:13 A message board reader beeps quietly, indicating to you that there is a new message in General / General. It was posted by Raj Sanders with the subject "Re: To jason harkness".

19:13 A message board reader beeps quietly, indicating to you that there is a new message in General / General. It was posted by Noah Navarro with the subject "Re: To jason harkness".

19:15 A message board reader beeps quietly, indicating to you that there is a new message in General / General. It was posted by Raj Sanders with the subject "Re: To jason harkness".

19:15 #$#hjelp

19:17 A message board reader beeps quietly, indicating to you that there is a new message in General / General. It was posted by David Sisco with the subject "Re: To jason harkness".

19:19 #$#hjelp

19:22 #$#hjelp

19:23 A message board reader beeps quietly, indicating to you that there is a new message in General / General. It was posted by Emily Mcmanomy with the subject "Re: To jason harkness".

19:25 A message board reader beeps quietly, indicating to you that there is a new message in General / General. It was posted by David Sisco with the subject "Re: To jason harkness".

19:25 A message board reader beeps quietly, indicating to you that there is a new message in General / General. It was posted by Emily Mcmanomy with the subject "Re: To jason harkness".

19:26 #$#hjelp

19:29 #$#hjelp

19:30 A message board reader beeps quietly, indicating to you that there is a new message in General / General. It was posted by Raj Sanders with the subject "Re: To jason harkness".

19:33 #$#hjelp

19:36 #$#hjelp

19:40 #$#hjelp

19:43 #$#hjelp

19:47 #$#hjelp

19:50 #$#hjelp

19:54 #$#hjelp

19:54 From a thick white leather utility belt with several loops on it, you hear a red flight control scanner announce, "Zander to Bellerophon flight control, we're reading shots fired by a Commonwealth starship at an AIE starship!"

19:55 From a thick white leather utility belt with several loops on it, you hear a red flight control scanner announce, "Flight control in Bellerophon, an AIE starship has fired on a Commonwealth starship."

19:56 From a thick white leather utility belt with several loops on it, you hear a red flight control scanner announce, "Flight control in Bellerophon, we're reading shots fired by a Commonwealth starship at a Hale starship!"

19:56 From a thick white leather utility belt with several loops on it, you hear a red flight control scanner announce, "Flight control in Bellerophon, we're detecting shots fired on a Commonwealth starship by a Hale starship."

19:56 From a thick white leather utility belt with several loops on it, you hear a red flight control scanner announce, "Zander to Bellerophon flight control, a Commonwealth starship is firing at an AIE starship."

19:57 From a thick white leather utility belt with several loops on it, you hear a red flight control scanner announce, "Flight control in Bellerophon, we're detecting shots fired on an AIE starship by a Hale starship."

19:57 #$#hjelp

19:57 [General Communication] Anton Navarro transmits, "Help help help. My hull is at 3 percent."

19:59 From a thick white leather utility belt with several loops on it, you hear a red flight control scanner announce, "Zander to Bellerophon flight control, we're reading shots fired by an AIE starship at a Commonwealth starship!"

20:00 From a thick white leather utility belt with several loops on it, you hear a red flight control scanner announce, "Flight control in Bellerophon, we're detecting shots fired on an AIE starship by a Commonwealth starship."

20:01 #$#hjelp

20:03 [Short-range Communication] Anton Navarro transmits, "Aaron Blade."

20:04 [Short-range Communication] Aaron Blade transmits, "My love."

20:04 #$#hjelp

20:05 [General Communication] Anton Navarro transmits, "Hmm, let's see now. 9 spots."

20:05 [General Communication] Joseph Navarro transmits, "Me."

20:05 [General Communication] Aaron Blade transmits, "Me."

20:05 [General Communication] Anton Navarro transmits, "7."

20:06 [General Communication] Michael Calaway transmits, "Only if I get engineering!"

20:06 [Private | Auction Service] Auction Service transmits, "A new item is up for bid: A sleek silver gadget case (g26). Bids will start at 20,000,000.00 credits and the auction will end in 2 days. Good luck!"

20:07 [General Communication] Anton Navarro transmits, "Eng has to contribute 9 times the mission bounty."

20:07 [General Communication] Michael Calaway transmits, "I'm up sided down, so that 9 is a 6, ok."

20:07 [General Communication] Anton Navarro transmits, "6 spots."

20:08 [General Communication] Michael Calaway transmits, "Oh and look, 6 spots, I'm just that cool."

20:08 #$#hjelp

20:11 #$#hjelp

20:15 #$#hjelp

20:18 [General Communication] Sarah Lyras transmits, "Aree aanyoone doiing any miissiioons of aanyy kiind??"

20:18 [General Communication] Joseph Navarro transmits, "Not with your drunk self they aren't."

20:18 #$#hjelp

20:19 [General Communication] Sarah Lyras transmits, "Ok then."

20:20 [General Communication] Sarah Lyras transmits, "Well then, II wiill do soomethiing eelsee."

20:22 #$#hjelp

20:25 #$#hjelp

20:29 #$#hjelp

20:32 #$#hjelp

20:36 #$#hjelp

20:39 #$#hjelp

20:43 #$#hjelp

20:46 #$#hjelp

20:50 #$#hjelp

20:53 #$#hjelp

20:57 #$#hjelp

21:00 #$#hjelp

21:04 #$#hjelp

21:07 #$#hjelp

21:11 #$#hjelp

21:14 #$#hjelp

21:18 #$#hjelp

21:21 #$#hjelp

21:25 #$#hjelp

21:28 #$#hjelp

21:32 #$#hjelp

21:35 #$#hjelp

21:39 #$#hjelp

21:42 #$#hjelp

21:45 A message board reader beeps quietly, indicating to you that there is a new message in General / Trading. It was posted by Olivia Cantrell with the subject "looking for a regan lookiing princess forcefield".

21:46 #$#hjelp

21:47 A message board reader beeps quietly, indicating to you that there is a new message in General / Trading. It was posted by Carrie Reid with the subject "Re: looking for a regan lookiing princess forcefield".

21:48 A message board reader beeps quietly, indicating to you that there is a new message in General / Trading. It was posted by Olivia Cantrell with the subject "Re: looking for a regan lookiing princess forcefield".

21:49 #$#hjelp

21:53 #$#hjelp

21:56 #$#hjelp

22:00 #$#hjelp

22:03 [General Communication] Cria Blur transmits, "9 spots."

22:03 #$#hjelp

22:03 [General Communication] Anton Navarro transmits, "8."

22:03 [General Communication] Leeann Blade transmits, "Me."

22:04 [General Communication] Cria Blur transmits, "7!"

22:04 [General Communication] Sylvia Marsali transmits, "Me."

22:04 [General Communication] Cria Blur transmits, "6."

22:05 [General Communication] Cria Blur transmits, "6 spots, difs."

22:06 [General Communication] Cria Blur transmits, "5 spots."

22:07 #$#hjelp

22:07 [General Communication] Cria Blur transmits, "Oh well! Maybe lader."

22:10 A message board reader beeps quietly, indicating to you that there is a new message in General / General. It was posted by David Sisco with the subject "Re: To jason harkness".

22:10 #$#hjelp

22:14 #$#hjelp

22:17 #$#hjelp

22:21 #$#hjelp

22:24 #$#hjelp

22:28 #$#hjelp

22:29 [General Communication] Anton Navarro transmits, "9 spots. Difs."

22:30 [General Communication] Leeann Blade transmits, "Me."

22:30 [General Communication] Michael Calaway transmits, "Airlock."

22:30 [General Communication] Anton Navarro transmits, "7 spots."

22:31 #$#hjelp

22:35 #$#hjelp

22:37 [Short-range Communication] Gabriel Brennar yowls.

22:37 #$#soundpack social | yowls | male

22:37 [Short-range Communication] Aaron Blade transmits, "Hello sir."

22:38 [Short-range Communication] Gabriel Brennar transmits, "Anton previously Yobi. Link?"

22:38 #$#hjelp

22:38 [Short-range Communication] Anton Navarro whines.

22:38 #$#soundpack social | whines | male

22:42 #$#hjelp

22:45 #$#hjelp

22:49 #$#hjelp

22:52 #$#hjelp

22:56 #$#hjelp

22:58 [Short-range Communication] Alycen Hunter transmits, "Disgusting man."

22:58 [Short-range Communication] Gabriel Brennar yowls.

22:58 #$#soundpack social | yowls | male

22:58 From a thick white leather utility belt with several loops on it, you hear a red flight control scanner announce, "Malacre to Miriani flight control, we're reading shots fired by a Commonwealth starship at an AIE starship!"

22:59 #$#hjelp

23:03 #$#hjelp

23:06 #$#hjelp

23:08 A message board reader beeps quietly, indicating to you that there is a new message in General / Trading. It was posted by Michael Calaway with the subject "scanners".

23:10 #$#hjelp

23:11 A message board reader beeps quietly, indicating to you that there is a new message in General / General. It was posted by Fawkes Fogwell with the subject "Proposal From The Commonwealth".

23:13 #$#hjelp

23:17 #$#hjelp

23:20 #$#hjelp

23:21 A message board reader beeps quietly, indicating to you that there is a new message in General / General. It was posted by Emily Mcmanomy with the subject "Re: Proposal From The Commonwealth".

23:22 A message board reader beeps quietly, indicating to you that there is a new message in General / General. It was posted by Luisa Alvarez with the subject "Re: Proposal From The Commonwealth".

23:24 #$#hjelp

23:26 [Short-range Communication] Ariela Brennar transmits, "Hey come back."

23:27 [Short-range Communication] Ariela Brennar transmits, "Lost buddy?"

23:27 [Short-range Communication] Gabriel Brennar transmits, "Please don't launch in my sector."

23:27 #$#hjelp

23:27 [Short-range Communication] Anton Navarro transmits, "Quiet, or you'll all not be able to launch."

23:28 [Short-range Communication] Gabriel Brennar transmits, "Please don't threaten me over my short range."

23:28 [Short-range Communication] Ariela Brennar transmits, "Shut up you fat hippo."

23:28 A message board reader beeps quietly, indicating to you that there is a new message in General / General. It was posted by Fawkes Fogwell with the subject "Re: Proposal From The Commonwealth".

23:31 A message board reader beeps quietly, indicating to you that there is a new message in General / General. It was posted by Andreas Fierro with the subject "Re: Proposal From The Commonwealth".

23:31 #$#hjelp

23:32 A message board reader beeps quietly, indicating to you that there is a new message in General / General. It was posted by Emily Mcmanomy with the subject "Re: Proposal From The Commonwealth".

23:34 #$#hjelp

23:35 [General Communication] Anton Navarro transmits, "9 spots, difs."

23:35 [General Communication] Leeann Blade transmits, "Me."

23:35 [General Communication] Anton Navarro transmits, "8 spots."

23:36 [General Communication] Andreas Fierro transmits, "Me."

23:36 [General Communication] Anton Navarro transmits, "7 spots."

23:36 [General Communication] Anton Navarro transmits, "7 spots. Charming difs."

23:36 [General Communication] Ariela Brennar transmits, "Count 2 of us here."

23:36 [General Communication] Anton Navarro transmits, "5 spots."

23:37 [General Communication] Amy Draksen transmits, "Engineer?"

23:37 [General Communication] Anton Navarro transmits, "Sure. 4 spots."

23:38 #$#hjelp

23:40 [General Communication] Anton Navarro transmits, "4 spots."

23:41 #$#hjelp

23:45 #$#hjelp

23:46 [General Communication] Anton Navarro transmits, "Difs off."

23:48 #$#hjelp

23:52 #$#hjelp

23:55 #$#hjelp

23:59 #$#hjelp

