00:03 #$#hjelp

00:06 #$#hjelp

00:10 #$#hjelp

00:13 #$#hjelp

00:17 #$#hjelp

00:20 #$#hjelp

00:24 #$#hjelp

00:27 #$#hjelp

00:31 #$#hjelp

00:34 #$#hjelp

00:38 #$#hjelp

00:41 #$#hjelp

00:45 #$#hjelp

00:48 #$#hjelp

00:52 #$#hjelp

00:55 #$#hjelp

00:59 #$#hjelp

01:02 #$#hjelp

01:05 A message board reader beeps quietly, indicating to you that there is a new message in General / Bounties. It was posted by Commonwealth of Free Spirits with the subject "Bounty for the ten-person battlecruiser "Scheherazade"".

01:06 #$#hjelp

01:09 #$#hjelp

01:13 #$#hjelp

01:16 #$#hjelp

01:20 #$#hjelp

01:23 #$#hjelp

01:27 #$#hjelp

01:30 #$#hjelp

01:33 From a thick white leather utility belt with several loops on it, you hear a red flight control scanner announce, "Empanda Station to Miriani flight control, we're seeing some combat activity up there."

01:34 #$#hjelp

01:34 From a thick white leather utility belt with several loops on it, you hear a red flight control scanner announce, "Flight control in Miriani, a Commonwealth starship is under attack by a Commonwealth starship!"

01:35 From a thick white leather utility belt with several loops on it, you hear a red flight control scanner announce, "Flight control in Miriani, a Commonwealth starship is firing at a Commonwealth starship."

01:37 #$#hjelp

01:38 From a thick white leather utility belt with several loops on it, you hear a red flight control scanner announce, "Malacre to Miriani flight control, somebody's firing EM weapons up there!"

01:41 #$#hjelp

01:43 From a thick white leather utility belt with several loops on it, you hear a red flight control scanner announce, "Pax (AIE Docking Station) to Miriani flight control, we're detecting shots fired on a Commonwealth starship by a Commonwealth starship."

01:43 From a thick white leather utility belt with several loops on it, you hear a red flight control scanner announce, "Flight control in Miriani, we're reading an explosion. Looks like a Commonwealth starship just got destroyed."

01:44 #$#hjelp

01:48 #$#hjelp

01:51 #$#hjelp

01:55 #$#hjelp

01:55 From a thick white leather utility belt with several loops on it, you hear a red flight control scanner announce, "Cheropovets Industrial Complex Construction Site to Outreach flight control, there's a combat situation up there."

01:58 #$#hjelp

02:02 #$#hjelp

02:05 #$#hjelp

02:09 #$#hjelp

02:12 #$#hjelp

02:16 #$#hjelp

02:19 #$#hjelp

02:23 #$#hjelp

02:26 #$#hjelp

02:30 #$#hjelp

02:33 #$#hjelp

02:37 #$#hjelp

02:40 #$#hjelp

02:44 #$#hjelp

02:47 #$#hjelp

02:51 #$#hjelp

02:54 #$#hjelp

02:58 #$#hjelp

03:01 #$#hjelp

03:05 #$#hjelp

03:07 [Tradesman Market] Jessie Vargus has commenced a sale. She is selling one tradesman item certificate for 305,000,000.00 credits.

03:08 #$#hjelp

03:10 [Tradesman Market] Tiberius Black has bought one tradesman certificate from Jessie Vargus.

03:10 [Tradesman Market] Jessie Vargus's sale has completed.

03:10 [Tradesman Market] Erik Yobi has commenced a sale. He is selling one tradesman item certificate for 300,000,000.00 credits.

03:12 #$#hjelp

03:15 #$#hjelp

03:19 #$#hjelp

03:22 #$#hjelp

03:24 [Private | Cria Blur] Cria Blur transmits, "woo hoo you back"

03:25 [Newbie] Daryk Karlsen: Is there a command to list ships in the sector besides starmap?

03:25 [Newbie] Cria Blur: Focus.

03:25 [Newbie] Tiberius Black: Tag.

03:25 [Newbie] Daryk Karlsen: Anything that's not a menu? Like just a list of ships?

03:25 [Newbie] Daryk Karlsen: With coordinates?

03:26 [Newbie] Cria Blur: Focus bro.

03:26 [Newbie] Anny Rain: Yes,focus can see.

03:26 #$#hjelp

03:26 [Newbie] Cara West: Something like a rundown, only thing close is the starmap.

03:26 [Newbie] Daryk Karlsen: Alright. Thanks.

03:29 #$#hjelp

03:33 #$#hjelp

03:36 #$#hjelp

03:40 #$#hjelp

03:43 #$#hjelp

03:47 #$#hjelp

03:50 #$#hjelp

03:54 #$#hjelp

03:57 #$#hjelp

04:01 #$#hjelp

04:04 #$#hjelp

04:05 [General Communication] Cria Blur transmits, "Yeah, congratulations."

04:08 #$#hjelp

04:11 #$#hjelp

04:13 [General Communication] Jessica Marin transmits, "Anyone up for mods?"

04:14 [General Communication] Daryk Karlsen transmits, "Yes."

04:14 [General Communication] Jessica Marin transmits, "4 spots for mods."

04:15 #$#hjelp

04:15 [General Communication] Jessica Marin transmits, "Sorry. Ok, maybe I'll try a little later."

04:18 #$#hjelp

04:22 #$#hjelp

04:25 #$#hjelp

04:29 #$#hjelp

04:32 #$#hjelp

04:36 #$#hjelp

04:39 #$#hjelp

04:43 #$#hjelp

04:46 #$#hjelp

04:50 #$#hjelp

04:53 #$#hjelp

04:53 [Newbie] David Arther: Where can fined info about diving.

04:57 #$#hjelp

05:00 #$#hjelp

05:04 #$#hjelp

05:07 #$#hjelp

05:11 #$#hjelp

05:14 #$#hjelp

05:18 #$#hjelp

05:21 #$#hjelp

05:25 #$#hjelp

05:28 #$#hjelp

05:32 #$#hjelp

05:35 #$#hjelp

05:39 #$#hjelp

05:42 #$#hjelp

05:46 #$#hjelp

05:49 #$#hjelp

05:53 #$#hjelp

05:56 #$#hjelp

06:00 #$#hjelp

06:03 #$#hjelp

06:07 #$#hjelp

06:10 #$#hjelp

06:12 #$#soundpack environment station | safe | light

06:12 [Apartment 25490; Bedroom] (lying on a rosewood king pillowtop bed)
You see a cozy little bedroom with carpet floors and drywall walls. The walls are painted white. The walls are covered in pastel wallpaper. You see a poster of a vast green field of clover with a large cloud of yellow and orange monarch butterflies floating above it and an enormous flower-shaped mirror in a smooth ivory frame carved with roses hanging on the wall.
You see an antique teak nightstand with a neon purple lily scented candle sitting on top of it, a wicker dresser, an antique teak chest, a fluffy blue cat, a tall rosewood entertainment center with several shelves surrounding a large central video screen, and a rosewood king pillowtop bed here.
You see Kitty Mars (lying on a rosewood king pillowtop bed) here, sleeping.
You can go northwest, north, and east.

06:12 You lean in toward Kitty Mars and gently kiss her lips.

06:12 #$#soundpack social | kiss | male

06:16 #$#hjelp

06:19 #$#hjelp

06:23 #$#hjelp

06:24 [General Communication] Michael Calaway transmits, "4 spots mods."

06:24 [General Communication] Olivia Cantrell transmits, "I'm in."

06:24 [General Communication] Michael Calaway transmits, "Anymore?"

06:26 #$#hjelp

06:30 #$#hjelp

06:31 A message board reader beeps quietly, indicating to you that there is a new message in OOC / Suggestions/Ideas. It was posted by Ryan Salvatore with the subject "Asteroid hauling kits, and the undertaking they have been put through!".

06:33 #$#hjelp

06:34 [Tradesman Market] Alycen Hunter has bought one tradesman certificate from Erik Yobi.

06:34 [Tradesman Market] Erik Yobi's sale has completed.

06:37 #$#hjelp

06:40 #$#hjelp

06:44 #$#hjelp

06:47 #$#hjelp

06:51 #$#hjelp

06:54 #$#hjelp

06:58 #$#hjelp

07:01 #$#hjelp

07:05 #$#hjelp

07:08 #$#hjelp

07:12 #$#hjelp

07:15 #$#hjelp

07:19 #$#hjelp

07:22 #$#hjelp

07:26 #$#hjelp

07:29 #$#hjelp

07:33 #$#hjelp

07:36 #$#hjelp

07:40 #$#hjelp

07:43 #$#hjelp

07:47 #$#hjelp

07:50 #$#hjelp

07:54 #$#hjelp

07:57 #$#hjelp

08:01 #$#hjelp

08:04 #$#hjelp

08:08 #$#hjelp

08:11 #$#hjelp

08:15 #$#hjelp

08:18 #$#hjelp

08:22 #$#hjelp

08:25 #$#hjelp

08:29 #$#hjelp

08:32 #$#hjelp

08:36 #$#hjelp

08:39 #$#hjelp

08:43 #$#hjelp

08:46 #$#hjelp

08:50 #$#hjelp

08:53 #$#hjelp

08:57 #$#hjelp

09:00 #$#hjelp

09:04 #$#hjelp

09:07 #$#hjelp

09:11 #$#hjelp

09:14 #$#hjelp

09:18 #$#hjelp

09:21 #$#hjelp

09:25 #$#hjelp

09:28 #$#hjelp

09:32 #$#hjelp

09:35 #$#hjelp

09:39 #$#hjelp

09:42 #$#hjelp

09:46 #$#hjelp

09:49 #$#hjelp

09:53 #$#hjelp

09:56 #$#hjelp

10:00 #$#hjelp

10:03 #$#hjelp

10:07 #$#hjelp

10:10 #$#hjelp

10:14 #$#hjelp

10:17 From a thick white leather utility belt with several loops on it, you hear a red flight control scanner announce, "Flight control in Intrepid, somebody's shooting at something out there."

10:17 #$#hjelp

10:21 #$#hjelp

10:24 #$#hjelp

10:28 #$#hjelp

10:31 [General Communication] Anton Navarro transmits, "Bzzr's?"

10:31 [General Communication] Amy Draksen transmits, "Could be talked into one."

10:31 [General Communication] Anton Navarro transmits, "1 more and I'll go."

10:31 #$#hjelp

10:35 #$#hjelp

10:36 [General Communication] Anton Navarro transmits, "Bzzr's? You've got the time it takes jessie var goose to get here to join. Beta."

10:38 #$#hjelp

10:42 #$#hjelp

10:45 #$#hjelp

10:49 #$#hjelp

10:52 #$#hjelp

10:56 #$#hjelp

10:59 #$#hjelp

11:03 #$#hjelp

11:06 [General Communication] Anton Navarro transmits, "2 spots mods."

11:06 [General Communication] Ariela Marin transmits, "Me."

11:06 [General Communication] Joseph Navarro transmits, "Me."

11:06 [General Communication] Anton Navarro transmits, "1 spot."

11:06 [General Communication] Anton Navarro transmits, "Full."

11:06 #$#hjelp

11:07 From a thick white leather utility belt with several loops on it, you hear a red flight control scanner announce, "Rolukssica to Bellerophon flight control, there's a combat situation up there."

11:07 [General Communication] Amy Draksen transmits, "Delta."

11:07 [General Communication] Anny Rain transmits, "Any missions?"

11:08 [General Communication] Amy Draksen transmits, "Full currently."

11:08 [General Communication] Anny Rain transmits, "Ohh."

11:10 #$#hjelp

11:13 #$#hjelp

11:17 #$#hjelp

11:20 #$#hjelp

11:24 #$#hjelp

11:27 #$#hjelp

11:31 #$#hjelp

11:34 #$#hjelp

11:38 #$#hjelp

11:41 #$#hjelp

11:45 #$#hjelp

11:48 #$#hjelp

11:52 #$#hjelp

11:55 #$#hjelp

11:59 #$#hjelp

12:02 #$#hjelp

12:06 #$#hjelp

12:09 #$#hjelp

12:13 #$#hjelp

12:16 #$#hjelp

12:19 [General Communication] Joseph Navarro transmits, "7 spots advanceds."

12:20 [General Communication] Anny Rain transmits, "Me."

12:20 [General Communication] Joseph Navarro transmits, "5."

12:20 #$#hjelp

12:20 [Tradesman Market] Luke Levine has lowered the price of his sale from 315,000,000.00 credits to 300,000,000.00 credits per certificate.

12:23 #$#hjelp

12:27 #$#hjelp

12:30 #$#hjelp

12:34 #$#hjelp

12:37 #$#hjelp

12:41 #$#hjelp

12:44 #$#hjelp

12:48 #$#hjelp

12:51 #$#hjelp

12:55 #$#hjelp

12:58 #$#hjelp

13:02 #$#hjelp

13:05 #$#hjelp

13:07 [AIE | Channel 1] Ariela Marin transmits, "Betsy?"

13:09 #$#hjelp

13:12 #$#hjelp

13:16 #$#hjelp

13:19 #$#hjelp

13:23 #$#hjelp

13:26 #$#hjelp

13:30 #$#hjelp

13:33 #$#hjelp

13:37 #$#hjelp

13:40 #$#hjelp

13:44 #$#hjelp

13:47 #$#hjelp

13:51 #$#hjelp

13:54 #$#hjelp

13:58 #$#hjelp

14:01 #$#hjelp

14:05 #$#hjelp

14:08 #$#hjelp

14:12 #$#hjelp

14:15 #$#hjelp

14:19 #$#hjelp

14:22 #$#hjelp

14:26 #$#hjelp

14:29 #$#hjelp

14:33 #$#hjelp

14:36 #$#hjelp

14:40 #$#hjelp

14:43 #$#hjelp

14:47 #$#hjelp

14:50 #$#hjelp

14:54 #$#hjelp

14:57 #$#hjelp

15:01 #$#hjelp

15:04 #$#hjelp

15:08 #$#hjelp

15:11 #$#hjelp

15:15 #$#hjelp

15:18 #$#hjelp

15:22 #$#hjelp

15:25 #$#hjelp

15:29 #$#hjelp

15:29 #$#soundpack environment station | safe | light

15:29 [Apartment 25490; Bedroom] (lying on a rosewood king pillowtop bed)
You see a cozy little bedroom with carpet floors and drywall walls. The walls are painted white. The walls are covered in pastel wallpaper. You see a poster of a vast green field of clover with a large cloud of yellow and orange monarch butterflies floating above it and an enormous flower-shaped mirror in a smooth ivory frame carved with roses hanging on the wall.
You see an antique teak nightstand with a neon purple lily scented candle sitting on top of it, a wicker dresser, an antique teak chest, a fluffy blue cat, a tall rosewood entertainment center with several shelves surrounding a large central video screen, and a rosewood king pillowtop bed here.
You see Kitty Mars (lying on a rosewood king pillowtop bed) here, sleeping.
You can go northwest, north, and east.

15:29 There are 32 players connected, 12 of whom have been active recently:

15:29 Sonya Mau (A) [N]
*Julius Backster (A)
Noah Navarro (A)
Betsy Rutledge (A)
Sherrilyn Sefdon (A)
Kylar Knight (A)
Tibo Beauchene (A)
Gabriel Marin (A)
^Brice Garrison (A)
Erik Yobi (A)
Ryan Salvatore (A)
Stanton Sefdon (A)
Adolin Shard (A)
Aaron Blade (C)
Jeremiah Mason (C)
Lili Shannon (C)
Abigail Starns (C)
Anton Navarro (C)
Chailyn Mason (C)
Calyssa Calaway (C)
^Emily Mcmanomy (C)
Andreas Fierro (C)
Fawkes Fogwell (C)
Moiraine Soto (C)
Lia Daniels (C)
^Alexander Artorius (C)
Kendall Gideon (H)
Cria Blur (H)
Joseph Navarro (H)
^Alexander Martellato (H)
Will Carter (H)
Anthony Danilov (H)

* - Out of communications range.  ^ - Out of local space.

15:30 [TSS] Tibo Beauchene transmits, "Hello."

15:33 #$#hjelp

15:37 #$#hjelp

15:40 #$#hjelp

15:44 #$#hjelp

15:47 #$#hjelp

15:51 #$#hjelp

15:52 [General Communication] Daryk Karlsen transmits, "Anyone looking for gunners or engeneers?"

15:54 #$#hjelp

15:58 #$#hjelp

16:01 #$#hjelp

16:05 #$#hjelp

16:08 #$#hjelp

16:09 From a thick white leather utility belt with several loops on it, you hear a red flight control scanner announce, "Flight control in Bellerophon, I'm showing a disruption in my controls. It must be an EM weapon."

16:12 #$#hjelp

16:12 [General Communication] David Arther transmits, "Spots for gunship diffs."

16:13 [General Communication] Daryk Karlsen transmits, "Interested."

16:13 [General Communication] Sonya Mau transmits, "I'm also interested."

16:14 [General Communication] David Arther transmits, "4 more."

16:14 [General Communication] David Arther transmits, "3 now."

16:15 [General Communication] David Arther transmits, "3 spots gunship diffs."

16:15 #$#hjelp

16:15 [General Communication] Daryk Karlsen transmits, "Which bay?"

16:16 [General Communication] David Arther transmits, "2 spots for gunship diffs."

16:19 #$#hjelp

16:19 [General Communication] David Arther transmits, "2 sptos."

16:19 [General Communication] David Arther transmits, "Spots."

16:19 [General Communication] Michael Calaway transmits, "For?"

16:19 [General Communication] David Arther transmits, "Gunship diffs."

16:19 [General Communication] Michael Calaway transmits, "I'll go."

16:19 [General Communication] David Arther transmits, "1."

16:20 [General Communication] David Arther transmits, "Gamma."

16:22 [General Communication] David Arther transmits, "1 spot gunship diffs."

16:22 #$#hjelp

16:26 #$#hjelp

16:26 [General Communication] David Arther transmits, "Last call 1 spot for gunship diffs."

16:29 #$#hjelp

16:31 [General Communication] Cria Blur transmits, "Me."

16:32 [General Communication] Cria Blur transmits, "A bit late I guess good luck!"

16:33 #$#hjelp

16:36 From a thick white leather utility belt with several loops on it, you hear a red flight control scanner announce, "Flight control in Bellerophon, a ship is firing weapons here."

16:36 #$#hjelp

16:40 #$#hjelp

16:43 #$#hjelp

16:47 #$#hjelp

16:50 #$#hjelp

16:54 #$#hjelp

16:57 #$#hjelp

16:58 [General Communication] Renee Chance transmits, "Any missions?"

16:58 [General Communication] Joseph Navarro transmits, "Mods, but full."

17:01 #$#hjelp

17:02 From a thick white leather utility belt with several loops on it, you hear a red flight control scanner announce, "Flight control in Bellerophon, we're getting all kinds of funny readings up here. I'm guessing EM fire is being exchanged."

17:02 From a thick white leather utility belt with several loops on it, you hear a red flight control scanner announce, "Rolukssica to Bellerophon flight control, a Hale starship is firing at a Commonwealth starship."

17:02 From a thick white leather utility belt with several loops on it, you hear a red flight control scanner announce, "Flight control in Bellerophon, we're reading shots fired by a Commonwealth starship at a Hale starship!"

17:04 #$#hjelp

17:06 [Private | Doraleigh Soto] Doraleigh Soto roars.

17:06 #$#soundpack social | roars | female

17:08 #$#hjelp

17:11 #$#hjelp

17:13 From a thick white leather utility belt with several loops on it, you hear a red flight control scanner announce, "Flight control in Miriani, we detect shots fired! Repeat, shots fired!"

17:15 #$#hjelp

17:18 #$#hjelp

17:22 #$#hjelp

17:25 #$#hjelp

17:29 #$#hjelp

17:32 #$#hjelp

17:35 [General Communication] Joseph Navarro transmits, "3 spots mods? Maybe?"

17:35 [General Communication] Leeann Blade transmits, "Me."

17:35 [General Communication] Joseph Navarro transmits, "2 spots mods."

17:36 #$#hjelp

17:36 [General Communication] Joseph Navarro transmits, "2 spots mods!"

17:36 [General Communication] Joseph Navarro transmits, "One more for me to go undercrewed."

17:39 #$#hjelp

17:43 #$#hjelp

17:46 #$#hjelp

17:50 #$#hjelp

17:51 [General Communication] Joseph Navarro transmits, "One spot mods."

17:51 [General Communication] Cria Blur transmits, "Eng?"

17:51 [General Communication] David Sisco transmits, "Me."

17:52 [General Communication] Joseph Navarro transmits, "Not eng."

17:52 [General Communication] David Sisco transmits, "I can gun?"

17:52 [General Communication] David Sisco transmits, "What bay?"

17:52 [General Communication] Joseph Navarro transmits, "Landing now."

17:53 [General Communication] Joseph Navarro transmits, "Delta."

17:53 [General Communication] David Sisco transmits, "Okay."

17:53 #$#hjelp

17:57 #$#hjelp

18:00 #$#hjelp

18:04 #$#hjelp

18:07 #$#hjelp

18:11 #$#hjelp

18:14 #$#hjelp

18:18 #$#hjelp

18:21 #$#hjelp

18:25 #$#hjelp

18:28 #$#hjelp

18:32 #$#hjelp

18:35 #$#hjelp

18:39 #$#hjelp

18:42 #$#hjelp

18:46 #$#hjelp

18:49 #$#hjelp

18:53 #$#hjelp

18:56 #$#hjelp

19:00 #$#hjelp

19:03 #$#hjelp

19:07 #$#hjelp

19:10 #$#hjelp

19:14 #$#hjelp

19:16 [General Communication] Michael Calaway transmits, "Mods, 4 spots?"

19:16 [General Communication] Leeann Blade transmits, "Me."

19:16 [General Communication] Michael Calaway transmits, "3."

19:16 [General Communication] Michael Calaway transmits, "2."

19:17 [General Communication] Michael Calaway transmits, "Hide your ships Commonwealth, I'm about to steal a robo."

19:17 [General Communication] Michael Calaway transmits, "Oops, slipped out."

19:17 [General Communication] Michael Calaway transmits, "2 spots!"

19:17 #$#hjelp

19:18 [General Communication] Michael Calaway transmits, "1 spot."

19:20 [General Communication] Abigail Starns sings, "Ralph 1 spot."

19:20 #$#soundpack social | sing | female

19:20 From a thick white leather utility belt with several loops on it, you hear a red flight control scanner announce, "Zander to Bellerophon flight control, a Hale starship has fired on a Commonwealth starship."

19:21 #$#hjelp

19:21 [General Communication] Michael Calaway transmits, "Gamma."

19:21 [General Communication] Abigail Starns transmits, "See you there Ralfy!"

19:24 [General Communication] Michael Calaway transmits, "1 spot mods."

19:24 [General Communication] Abigail Starns transmits while sniffling rapidly, "Ralph, I don't see you."

19:24 #$#soundpack social | sniffle | female

19:24 #$#hjelp

19:28 #$#hjelp

19:31 #$#hjelp

19:35 #$#hjelp

19:36 [General Communication] Michael Calaway transmits, "1 spot mods?"

19:38 #$#hjelp

19:42 #$#hjelp

19:45 #$#hjelp

19:47 [General Communication] Cria Blur transmits, "Any spot?"

19:48 [General Communication] Calyssa Calaway transmits, "A gunning spot."

19:48 [General Communication] Michael Calaway transmits, "After this."

19:48 [General Communication] Cria Blur transmits, "How about this let me use my senti that way I can gunn and fly."

19:48 [General Communication] Cria Blur transmits, "Evry one agrees."

19:48 [General Communication] Calyssa Calaway transmits, "Uh no?"

19:49 [General Communication] Calyssa Calaway transmits, "You can't just take michael's crew."

19:49 [General Communication] Cria Blur transmits, "Ah yo uare michael?"

19:49 #$#hjelp

19:49 [General Communication] Cria Blur transmits, "Let him talk gir."

19:49 [General Communication] Calyssa Calaway transmits, "When he's done flying he will."

19:49 [General Communication] Aaron Blade snickers.

19:49 #$#soundpack social | snicker | male

19:52 [General Communication] Michael Calaway transmits, "So what's this about stealing my lovely crew?"

19:52 [General Communication] Cria Blur transmits, "I don't steal I only asked."

19:52 #$#hjelp

19:53 [General Communication] Cria Blur transmits, "Iff you don't want then that's fine I can gunn too!"

19:53 [General Communication] Michael Calaway transmits, "I prefer to run since I'm in it for the money!"

19:54 [General Communication] Michael Calaway transmits, "Beta is the bay then."

19:56 #$#hjelp

19:56 [General Communication] Anton Navarro transmits, "9 spots, difs."

19:56 [General Communication] Cria Blur cheers.

19:56 #$#soundpack social | cheers | male

19:56 [General Communication] Cria Blur transmits, "Me."

19:56 [General Communication] Abigail Starns transmits, "Me!"

19:56 [General Communication] Anton Navarro transmits, "7."

19:57 [General Communication] Leeann Blade transmits, "Me."

19:57 [General Communication] Michael Calaway transmits, "Well looks like difs!"

19:57 [General Communication] Anton Navarro transmits, "Jumping in to sector 12."

19:57 [General Communication] Michael Calaway transmits, "I'll finish my mod while you get crew."

19:57 [General Communication] Abigail Starns transmits, "Don't trip."

19:58 [General Communication] Anton Navarro transmits, "Alpha."

19:59 [General Communication] Raj Sanders transmits, "Can I come?"

19:59 #$#hjelp

20:03 #$#hjelp

20:06 #$#hjelp

20:06 [General Communication] Anton Navarro transmits, "Beta for difs."

20:06 [General Communication] Michael Calaway transmits, "Coming now!"

20:06 [General Communication] Cody Williams transmits, "On the way."

20:09 [General Communication] Anton Navarro transmits, "Beta."

20:10 #$#hjelp

20:13 #$#hjelp

20:17 #$#hjelp

20:20 #$#hjelp

20:24 #$#hjelp

20:27 #$#hjelp

20:31 #$#hjelp

20:34 #$#hjelp

20:38 #$#hjelp

20:41 #$#hjelp

20:45 #$#hjelp

20:48 #$#hjelp

20:50 [General Communication] Anton Navarro transmits, "2 spots, difs."

20:51 [General Communication] Anton Navarro transmits, "1 spot."

20:52 [General Communication] Anton Navarro transmits, "2 spots."

20:52 #$#hjelp

20:52 [General Communication] Sonya Mau transmits, "I'm interested."

20:53 [General Communication] Anton Navarro transmits, "Delta."

20:53 [General Communication] Anton Navarro transmits, "1 spot."

20:53 [General Communication] Sonya Mau transmits, "I'll be there in a sec I'm in 13."

20:54 [General Communication] Daryk Karlsen transmits, "Any spots left?"

20:54 [General Communication] Anton Navarro transmits, "Yes, it's yours."

20:55 [General Communication] Anton Navarro transmits, "Delta Derrick."

20:55 #$#hjelp

20:59 #$#hjelp

21:00 From a thick white leather utility belt with several loops on it, you hear a red flight control scanner announce, "Flight control in Outreach, we detect shots fired!"

21:02 #$#hjelp

21:06 #$#hjelp

21:09 #$#hjelp

21:13 #$#hjelp

21:16 #$#hjelp

21:20 #$#hjelp

21:21 [General Communication] Anton Navarro transmits, "1 spot. Diffs."

21:21 [General Communication] Anton Navarro transmits, "1 spot."

21:23 #$#hjelp

21:27 #$#hjelp

21:27 [General Communication] Anton Navarro transmits, "1 spot."

21:28 From a thick white leather utility belt with several loops on it, you hear a red flight control scanner announce, "Yantai Shipyards Construction Site to Outreach flight control, weapons have been discharged up there!"

21:29 [General Communication] Anton Navarro transmits, "2 spots."

21:30 #$#hjelp

21:34 #$#hjelp

21:34 [General Communication] Anton Navarro transmits, "2 or 1 spot difs."

21:37 #$#hjelp

21:41 #$#hjelp

21:44 #$#hjelp

21:48 #$#hjelp

21:51 #$#hjelp

21:53 [General Communication] Joseph Navarro transmits, "One spot mods."

21:54 [General Communication] Joseph Navarro transmits, "One spot mods."

21:55 #$#hjelp

21:58 #$#hjelp

22:02 #$#hjelp

22:05 #$#hjelp

22:09 #$#hjelp

22:12 #$#hjelp

22:16 #$#hjelp

22:19 #$#hjelp

22:23 #$#hjelp

22:26 #$#hjelp

22:30 #$#hjelp

22:33 #$#hjelp

22:37 #$#hjelp

22:40 #$#hjelp

22:42 [General Communication] Anton Navarro transmits, "10 spots. Advanced."

22:44 #$#hjelp

22:47 #$#hjelp

22:51 #$#hjelp

22:54 #$#hjelp

22:58 #$#hjelp

23:01 #$#hjelp

23:04 From a thick white leather utility belt with several loops on it, you hear a red flight control scanner announce, "Flight control in Bellerophon, somebody's shooting out there."

23:05 #$#hjelp

23:08 #$#hjelp

23:09 [Short-range Communication] Joseph Navarro transmits, "With help, you too, can overcome this addiction."

23:09 [Short-range Communication] Cody Williams laughs.

23:09 #$#soundpack social | laugh | male

23:10 [Short-range Communication] Cody Williams transmits, "My fave is the one on HG, that has the lolies."

23:12 #$#hjelp

23:15 #$#hjelp

23:17 [General Communication] Anton Navarro screams, "ENG."

23:17 #$#soundpack social | scream | male

23:17 [General Communication] Anton Navarro transmits, "10 spots. Eng?"

23:18 [General Communication] Gabriel Marin transmits, "Is mods available?"

23:18 [General Communication] Anton Navarro transmits, "Sure."

23:18 [General Communication] Anton Navarro transmits, "Alpha for eng."

23:18 [General Communication] Gabriel Marin transmits, "I'm here."

23:18 [General Communication] Joseph Navarro transmits, "Me."

23:18 A message board reader beeps quietly, indicating to you that there is a new message in General / Trading. It was posted by Emily Mcmanomy with the subject "selling a hovering chair".

23:18 [General Communication] Jessica Marin transmits, "Here."

23:18 [General Communication] Anton Navarro transmits, "Alpha Joseph, eng for you too."

23:18 [General Communication] Anton Navarro transmits, "Jessica, Alpha, easy eng."

23:19 #$#hjelp

23:19 [General Communication] Anton Navarro transmits, "Anymore spots for eng?"

23:20 [General Communication] Anton Navarro transmits, "Wow."

23:22 From a thick white leather utility belt with several loops on it, you hear a red flight control scanner announce, "Flight control in Strages, we detect forty-six Ontanka starships inbound!"

23:22 [General Communication] Cria Blur transmits an exciting burst of static.

23:22 [General Communication] Anton Navarro transmits, "Alpha."

23:22 [General Communication] Gabriel Marin transmits, "Eng?"

23:22 [General Communication] Joseph Navarro transmits, "No I want eng."

23:22 #$#hjelp

23:22 [General Communication] Anton Navarro transmits, "Alpha for invasion."

23:24 [General Communication] Anton Navarro transmits, "1 spot."

23:24 [General Communication] Anton Navarro transmits, "Full."

23:26 #$#hjelp

23:29 Announcement: A reminder that when you give tradesman items to people, you may wish to transfer them. Otherwise, when you retrieve your tradesman items, any items you've given to other people without transferring will come back to you and cause the poor, unfortunate people to be confused.

23:29 From a thick white leather utility belt with several loops on it, you hear a red flight control scanner announce, "Flight control in Strages, there's a combat situation up there."

23:29 #$#hjelp

23:30 From a thick white leather utility belt with several loops on it, you hear a red flight control scanner announce, "Griswold to Strages flight control, ugh, that is disgusting! The sector is filling with all sorts of random body parts! I think we're going to need a crew to come out here and... oh, right. Praelor starship destroyed."

23:31 From a thick white leather utility belt with several loops on it, you hear a red flight control scanner announce, "Griswold to Strages flight control, a Commonwealth starship has fired on an Ontanka starship."

23:32 From a thick white leather utility belt with several loops on it, you hear a red flight control scanner announce, "Griswold to Strages flight control, another Praelor starship has been exterminated. This isn't war, it's pest control!"

23:32 From a thick white leather utility belt with several loops on it, you hear a red flight control scanner announce, "Preplanus to Strages flight control, another Praelor bites the dust."

23:33 #$#hjelp

23:33 From a thick white leather utility belt with several loops on it, you hear a red flight control scanner announce, "Preplanus to Strages flight control, a Praelor starship has just been destroyed."

23:33 From a thick white leather utility belt with several loops on it, you hear a red flight control scanner announce, "Griswold to Strages flight control, we're seeing some combat activity up there."

23:34 From a thick white leather utility belt with several loops on it, you hear a red flight control scanner announce, "Flight control in Strages, ugh, that is disgusting! The sector is filling with all sorts of random body parts! I think we're going to need a crew to come out here and... oh, right. Praelor starship destroyed."

23:35 From a thick white leather utility belt with several loops on it, you hear a red flight control scanner announce, "Flight control in Strages, we're detecting shots fired on an Ontanka starship by a Commonwealth starship."

23:35 From a thick white leather utility belt with several loops on it, you hear a red flight control scanner announce, "Flight control in Strages, ohhh say can you seeee! That a Praelor just diiiiied."

23:36 From a thick white leather utility belt with several loops on it, you hear a red flight control scanner announce, "Griswold to Strages flight control, did you see that?! Nice shot! That Praelor is down for the count."

23:36 From a thick white leather utility belt with several loops on it, you hear a red flight control scanner announce, "Griswold to Strages flight control, somebody just got destroyed out there. Judging by the floating entrails, I'm guessing it wasn't one of ours..."

23:36 #$#hjelp

23:37 From a thick white leather utility belt with several loops on it, you hear a red flight control scanner announce, "Preplanus to Strages flight control, another Praelor starship has been exterminated. This isn't war, it's pest control!"

23:38 From a thick white leather utility belt with several loops on it, you hear a red flight control scanner announce, "Griswold to Strages flight control, somebody's shooting out there."

23:38 From a thick white leather utility belt with several loops on it, you hear a red flight control scanner announce, "Flight control in Strages, reporting that all Praelor do not go to heaven. Especially not the one that just got destroyed."

23:38 From a thick white leather utility belt with several loops on it, you hear a red flight control scanner announce, "Preplanus to Strages flight control, a Commonwealth starship is firing at a Hale starship."

23:40 #$#hjelp

23:40 From a thick white leather utility belt with several loops on it, you hear a red flight control scanner announce, "Griswold to Strages flight control, we're reading an explosion. Those Praelor sure know how to die!"

23:41 From a thick white leather utility belt with several loops on it, you hear a red flight control scanner announce, "Griswold to Strages flight control, we're seeing some combat activity up there."

23:41 [General Communication] Chet Daniels transmits, "Let me know if anybody needs a gunner."

23:41 From a thick white leather utility belt with several loops on it, you hear a red flight control scanner announce, "Flight control in Strages, we have a joke for you. Why did the Praelor cross alliance space? To die."

23:41 From a thick white leather utility belt with several loops on it, you hear a red flight control scanner announce, "Flight control in Strages, ohhh say can you seeee! That a Praelor just diiiiied."

23:42 From a thick white leather utility belt with several loops on it, you hear a red flight control scanner announce, "Preplanus to Strages flight control, we're reading a rather violent explosion along with high concentrations of organic debris. Looks like a Praelor starship just had an aneurism."

23:42 From a thick white leather utility belt with several loops on it, you hear a red flight control scanner announce, "Griswold to Strages flight control, we're reading an explosion. Those Praelor sure know how to die!"

23:43 From a thick white leather utility belt with several loops on it, you hear a red flight control scanner announce, "Preplanus to Strages flight control, we detect shots fired!"

23:43 #$#hjelp

23:44 From a thick white leather utility belt with several loops on it, you hear a red flight control scanner announce, "Preplanus to Strages flight control, we have a joke for you. Why did the Praelor cross alliance space? To die."

23:45 From a thick white leather utility belt with several loops on it, you hear a red flight control scanner announce, "Griswold to Strages flight control, we're detecting weapon signatures out there."

23:46 From a thick white leather utility belt with several loops on it, you hear a red flight control scanner announce, "Griswold to Strages flight control, another Praelor bites the dust."

23:47 From a thick white leather utility belt with several loops on it, you hear a red flight control scanner announce, "Flight control in Strages, a Commonwealth starship has fired on an Ontanka starship."

23:47 #$#hjelp

23:47 From a thick white leather utility belt with several loops on it, you hear a red flight control scanner announce, "Flight control in Strages, ugh, that is disgusting! The sector is filling with all sorts of random body parts! I think we're going to need a crew to come out here and... oh, right. Praelor starship destroyed."

23:48 From a thick white leather utility belt with several loops on it, you hear a red flight control scanner announce, "Griswold to Strages flight control, a starship just got destroyed. Ugh, is that splatter? That's not human at all..."

23:48 From a thick white leather utility belt with several loops on it, you hear a red flight control scanner announce, "Preplanus to Strages flight control, we're being invaded by Praelor spleens. Er, Praelor starship destroyed."

23:49 From a thick white leather utility belt with several loops on it, you hear a red flight control scanner announce, "Preplanus to Strages flight control, a Commonwealth starship is firing at an Ontanka starship."

23:49 From a thick white leather utility belt with several loops on it, you hear a red flight control scanner announce, "Flight control in Strages, thar she blows! One Praelor down, nine trillion to go..."

23:49 From a thick white leather utility belt with several loops on it, you hear a red flight control scanner announce, "Griswold to Strages flight control, orbital satellites are confirming the destruction of a Praelor starship. Too many of those things and flight control operators are superfluous..."

23:50 #$#hjelp

23:51 From a thick white leather utility belt with several loops on it, you hear a red flight control scanner announce, "Flight control in Strages, an Ontanka starship is under attack by a Commonwealth starship!"

23:51 From a thick white leather utility belt with several loops on it, you hear a red flight control scanner announce, "Griswold to Strages flight control, just pushed my starmap button and see one less Praelor starship flying around. I need a raise."

23:53 From a thick white leather utility belt with several loops on it, you hear a red flight control scanner announce, "Flight control in Strages, an Ontanka starship is under attack by a Commonwealth starship!"

23:54 #$#hjelp

23:54 From a thick white leather utility belt with several loops on it, you hear a red flight control scanner announce, "Flight control in Strages, we're reading a Praelor explosion. We like to assume that alliance pilots are responsible and would just like to say that there is no force in the entire galaxy that can stand up against our alliances and that I feel so much pr-- wait, what do you mean I'm not supposed to hold the channel open for personal tangents? I'm just trying to inspire the troops... fine! I'll cease transmission!"

23:55 From a thick white leather utility belt with several loops on it, you hear a red flight control scanner announce, "Flight control in Strages, we're seeing some combat activity up there."

23:56 From a thick white leather utility belt with several loops on it, you hear a red flight control scanner announce, "Preplanus to Strages flight control, we're reading a rather violent explosion along with high concentrations of organic debris. Looks like a Praelor starship just had an aneurism."

23:56 From a thick white leather utility belt with several loops on it, you hear a red flight control scanner announce, "Flight control in Strages, we're reading a Praelor explosion. We like to assume that alliance pilots are responsible and would just like to say that there is no force in the entire galaxy that can stand up against our alliances and that I feel so much pr-- wait, what do you mean I'm not supposed to hold the channel open for personal tangents? I'm just trying to inspire the troops... fine! I'll cease transmission!"

23:57 From a thick white leather utility belt with several loops on it, you hear a red flight control scanner announce, "Preplanus to Strages flight control, somebody's shooting out there."

23:57 From a thick white leather utility belt with several loops on it, you hear a red flight control scanner announce, "Flight control in Strages, a blue exclamation mark just disappeared from my starmap. A Praelor starship has died."

23:57 #$#hjelp

23:58 From a thick white leather utility belt with several loops on it, you hear a red flight control scanner announce, "Preplanus to Strages flight control, I've been told that I should be more serious, so I am here to factually report that a Praelor starship has been critically damaged and has suffered a catastrophic outer hull breach, resulting in a fatal destruction event. End report."

23:59 From a thick white leather utility belt with several loops on it, you hear a red flight control scanner announce, "Preplanus to Strages flight control, an Ontanka starship is under attack by a Commonwealth starship!"

23:59 From a thick white leather utility belt with several loops on it, you hear a red flight control scanner announce, "Flight control in Strages, a starship just got destroyed. Ugh, is that splatter? That's not human at all..."

23:59 From a thick white leather utility belt with several loops on it, you hear a red flight control scanner announce, "Griswold to Strages flight control, biological indicators down here must be on the fritz. They seem to think that Praelor debris from that ship that just blew is still alive."

