00:00 #$#soundpack environment station | safe | light

00:00 [Apartment 25490; Bedroom] (lying on a rosewood king pillowtop bed)
You see a cozy little bedroom with carpet floors and drywall walls. The walls are painted white. The walls are covered in pastel wallpaper. You see a poster of a vast green field of clover with a large cloud of yellow and orange monarch butterflies floating above it and an enormous flower-shaped mirror in a smooth ivory frame carved with roses hanging on the wall.
You see an antique teak nightstand with a neon purple lily scented candle sitting on top of it, a wicker dresser, an antique teak chest, a fluffy blue cat, a tall rosewood entertainment center with several shelves surrounding a large central video screen, and a rosewood king pillowtop bed here.
You see Kitty Mars (dozing) (lying on a rosewood king pillowtop bed) here.
You can go northwest, north, and east.

00:00 [1] General

00:00 [2] Chatter
[3] Organization
[4] Private
[5] Alliance
[6] Newbie
[7] Tss (Channel 107.9)

Enter your selection:
[Type a line of input or `@abort' to abort the command.]

00:00 Last recorded transmissions for the private communication channel:

00:00    (05/18/2363 9:21 a.m.) [Private | Alayna Cantrell] Alayna Cantrell transmits, "stand by"
   (05/18/2363 9:23 a.m.) [Private | Alayna Cantrell] Alayna Cantrell transmits, "we might be doing advanceds actually. that ok?"
   (05/18/2363 9:23 a.m.) [Private | Alayna Cantrell] Alayna Cantrell transmits, "ok"
   (05/18/2363 9:50 a.m.) [Private | Joseph Navarro] Joseph Navarro transmits, "You still want in? A spot opened up."
   (05/18/2363 3:18 p.m.) [Private | Joseph Navarro] Joseph Navarro transmits, "Would be up for advanceds?"
   (05/18/2363 6:59 p.m.) [Private | Auction Service] Auction Service transmits, "A new item is up for bid: A hovercycle (z57). Bids will start at 1,000,000.00 credits and the auction will end in 1 day. Good luck!"
   (9:40 a.m.) [Private | Joseph Navarro] Joseph Navarro transmits, "Advanceds?"
   (3:49 p.m.) [Private | Lili Shannon] Lili Shannon transmits, "We can be friends."
   (3:50 p.m.) [Private | Lili Shannon] Lili Shannon transmits, "ok"
   (3:50 p.m.) [Private | Lili Shannon] Lili Shannon transmits, "I'm with david anyway"
Done.

00:00 There are 53 players connected, 40 of whom have been active recently:

00:00 Zoey Azhaani (A)
^Dorion Hunter (A)
Jason Harkness (A)
Allon Martellato (A)
Tibo Beauchene (A)
Elena Ryden (A)
^Olivia Cantrell (A)
Kylar Knight (A)
Lilly Oneel (A)
Beatrice McPhee (A)
Ariela Brennar (A)
Rothque Torraske (A)
^Alycen Hunter (A)
Leeann Blade (A)
^Brice Garrison (A)
Stanton Sefdon (A)
Ryan Salvatore (A)
Kitty Mars (A)
Josh Westen (A)
^Erik Yobi (A)
Adolin Shard (A)
Cassie Knight (C)
^Derrick Blade (C)
^Jessie Vargus (C)
Juliette Blackthorn (C)
Jeremiah Mason (C)
Aaron Blade (C)
Katherine Sanders (C)
^Hector Salvatore (C)
^Diana West (C)
Emily Mcmanomy (C)
Carmen Pasquale (C)
Steven McManomy (C)
Calyssa Calaway (C)
Abigail Starns (C)
^Doraleigh Soto (C)
Raj Sanders (C)
^Cara West (C)
Chailyn Mason (C)
Gage Vieraah (C)
Fawkes Fogwell (C)
Andreas Fierro (C)
Julian Lennox (H)
Sylvia Marsali (H)
Harley Richardson (H) [N]
Marielle Minnillo (H)
Michael Calaway (H)
Mathias Graham (H)
Alexander Martellato (H)
Audry Graham (H)
Cody Williams (H)
Joseph Navarro (H)
Will Carter (H)

^ - Out of local space.

00:01 [Private | Abigail Starns] You transmit, "Hi"

00:01 [Private | Abigail Starns] Abigail Starns transmits an exciting burst of static.

00:01 [Private | Abigail Starns] Abigail Starns transmits, "what's cookin?"

00:02 A compact gold Lore computer beeps quietly, indicating that its TransLink tracking functionality has been activated.

00:04 #$#hjelp

00:07 (Empanda Station; Observation Center) The eight-person gunship "Schnee" has jumped into the sector.

00:07 (Empanda Station; Observation Center) The eight-person gunship "Schnee" has left the sector.

00:08 #$#hjelp

00:11 #$#hjelp

00:15 #$#hjelp

00:18 #$#hjelp

00:22 #$#hjelp

00:25 #$#hjelp

00:29 #$#hjelp

00:32 #$#hjelp

00:33 [General Communication] Noah Navarro transmits, "8 spots advanced."

00:33 [General Communication] Beatrice McPhee transmits, "I will go."

00:33 [General Communication] Noah Navarro transmits, "7."

00:33 [General Communication] Allon Martellato transmits, "I will after this solo mod."

00:33 [General Communication] Joseph Navarro cheers.

00:33 #$#soundpack social | cheers | male

00:33 [General Communication] Noah Navarro transmits, "6."

00:34 [General Communication] Olivia Cantrell transmits, "Any spots?"

00:35 [General Communication] Olivia Cantrell transmits, "I'll go."

00:36 #$#hjelp

00:38 [General Communication] Noah Navarro transmits, "5 spots."

00:39 #$#hjelp

00:40 [Private | Joseph Navarro] Joseph Navarro transmits, "Advanceds?"

00:42 (Empanda Station; Observation Center) The one-person expediter "Fast1" has jumped into the sector.

00:42 (Empanda Station; Observation Center) The one-person expediter "Fast1" has left the sector.

00:42 [Private | Joseph Navarro] You transmit, "Sorry, can't at the moment. Perhaps in a little bit."

00:42 [General Communication] Allon Martellato transmits, "How many spots left now?"

00:42 [General Communication] Noah Navarro transmits, "4."

00:42 [General Communication] Noah Navarro transmits, "Counting you."

00:42 [Private | Joseph Navarro] Joseph Navarro transmits, "No worries."

00:43 [General Communication] Sylvia Marsali transmits, "I can come if you wish."

00:43 [General Communication] Noah Navarro transmits, "3."

00:43 [General Communication] Noah Navarro screams, "BETA."

00:43 #$#soundpack social | scream | male

00:44 [General Communication] Sylvia Marsali transmits, "Thank you."

00:44 [General Communication] Gabriel Brennar transmits, "Thank you."

00:45 #$#hjelp

00:47 [General Communication] Noah Navarro transmits, "I still have spots for advanced!"

00:48 [General Communication] Sylvia Marsali transmits, "Noah, you passed me."

00:48 [General Communication] Noah Navarro transmits, "Yeah, just enter."

00:48 [General Communication] Noah Navarro transmits, "It's unlocked."

00:49 #$#hjelp

00:49 [General Communication] Beatrice McPhee transmits, "What bay and ship, sory?"

00:49 [General Communication] Noah Navarro transmits, "Beta, Undying."

00:50 [General Communication] Olivia Cantrell transmits, "Need anymore for advanced?"

00:51 [General Communication] Joseph Navarro transmits, "We've been waiting for you this whole time."

00:51 [General Communication] Noah Navarro transmits, "Yes, I was counting you."

00:51 [General Communication] Allon Martellato transmits, "As I understand it, he did just say four spots."

00:51 [General Communication] Olivia Cantrell transmits, "Alright. Coming."

00:51 [General Communication] Allon Martellato transmits, "Or... That, my old ears are going."

00:51 [General Communication] Noah Navarro transmits, "3 spots now."

00:52 #$#hjelp

00:53 [General Communication] Olivia Cantrell transmits, "Coming in a fighter from 13. Will take a sec but I'm on the way."

00:56 #$#hjelp

00:59 #$#hjelp

01:03 #$#hjelp

01:05 [General Communication] Noah Navarro transmits, "Can I get just one person?"

01:06 [General Communication] Michael Calaway transmits, "I've finished my staring why not."

01:06 [General Communication] Noah Navarro cheers.

01:06 #$#soundpack social | cheer | male

01:06 [General Communication] Renee Chance cheers.

01:06 #$#soundpack social | cheers | female

01:06 [General Communication] Joseph Navarro cheers.

01:06 #$#soundpack social | cheers | male

01:06 [General Communication] Michael Calaway transmits, "Where's the bay, I promis to not delay!"

01:06 [General Communication] Noah Navarro transmits, "Beta."

01:06 #$#hjelp

01:10 #$#hjelp

01:13 #$#hjelp

01:17 #$#hjelp

01:20 #$#hjelp

01:24 #$#hjelp

01:27 #$#hjelp

01:30 (Empanda Station; Observation Center) The eight-person gunship "Schnee" has jumped into the sector.

01:31 (Empanda Station; Observation Center) The eight-person gunship "Schnee" has landed on the planet Miriani.

01:31 [General Communication] Noah Navarro transmits, "Could I get 2 for advanced?"

01:31 #$#hjelp

01:31 [General Communication] Allon Martellato transmits, "Make that three more."

01:31 [General Communication] Michael Calaway whines.

01:31 #$#soundpack social | whine | male

01:31 [Newbie] Fawkes Fogwell: How can you add biometric locks in a house?

01:32 [Newbie] Michael Calaway: Bioadd direction I think.

01:32 [General Communication] Allon Martellato groans.
#$#soundpack social | groan | male

01:32 [Newbie] Ryan Salvatore: If the house is already created, you have to assist.

01:32 [Newbie] Fawkes Fogwell: Michael was right, thank you.

01:32 [Newbie] Ryan Salvatore: Oh, yeah bioadd direction. Sorry, I thought you meant the ENTER ones.

01:33 [Newbie] Noah Navarro: You can build those without assisting too, DIG ENTER to <room>.

01:33 [Newbie] Michael Calaway: Yeah and then add the lock I think.

01:34 [Newbie] Michael Calaway: Oh sorry they are added when you dig enter.

01:34 (Empanda Station; Observation Center) The one-person expediter "Fast1" has jumped into the sector.

01:34 (Empanda Station; Observation Center) The one-person expediter "Fast1" has left the sector.

01:34 #$#hjelp

01:34 (Empanda Station; Observation Center) The eight-person gunship "Schnee" has launched from Miriani.

01:35 (Empanda Station; Observation Center) The eight-person gunship "Schnee" has left the sector.

01:38 #$#hjelp

01:41 #$#hjelp

01:45 #$#hjelp

01:48 #$#hjelp

01:52 #$#hjelp

01:55 #$#hjelp

01:55 (Empanda Station; Observation Center) The four-person roborant "Destruccion Aprovechado" has jumped into the sector.

01:56 (Empanda Station; Observation Center) The four-person roborant "Destruccion Aprovechado" has landed on the planet Miriani.

01:59 #$#hjelp

01:59 (Empanda Station; Observation Center) The eight-person gunship "Schnee" has jumped into the sector.

01:59 (Empanda Station; Observation Center) The eight-person gunship "Schnee" has left the sector.

02:02 #$#hjelp

02:03 (Empanda Station; Observation Center) The eight-person gunship "Schnee" has jumped into the sector.

02:03 (Empanda Station; Observation Center) The eight-person gunship "Schnee" has left the sector.

02:06 #$#hjelp

02:09 #$#hjelp

02:11 (Empanda Station; Observation Center) The ten-person battlecruiser "Renegade" has jumped into the sector.

02:11 (Empanda Station; Observation Center) The ten-person battlecruiser "Renegade" has initiated an intrasector subwarp.

02:11 (Empanda Station; Observation Center) The ten-person battlecruiser "Renegade" has landed on the planet Miriani.

02:13 #$#hjelp

02:14 (Empanda Station; Observation Center) The ten-person battlecruiser "Renegade" has launched from Miriani.

02:14 (Empanda Station; Observation Center) The ten-person battlecruiser "Renegade" has left the sector.

02:16 #$#hjelp

02:20 #$#hjelp

02:20 (Empanda Station; Observation Center) The one-person expediter "Emerald" has jumped into the sector.

02:21 (Empanda Station; Observation Center) The one-person expediter "Emerald" has initiated an intrasector subwarp.

02:21 (Empanda Station; Observation Center) The one-person expediter "Emerald" has docked with Empanda Station.

02:23 #$#hjelp

02:25 [Private | Doraleigh Soto] Doraleigh Soto transmits, "how are things back in localsland?"

02:26 (Empanda Station; Observation Center) The one-person expediter "Fast1" has jumped into the sector.

02:27 (Empanda Station; Observation Center) The one-person expediter "Fast1" has initiated an intrasector subwarp.

02:27 #$#hjelp

02:27 (Empanda Station; Observation Center) The one-person expediter "Fast1" has docked with Empanda Station.

02:27 [Private | Doraleigh Soto] You transmit, "Hey, not bad. How are things with you?"

02:28 [Private | Doraleigh Soto] Doraleigh Soto transmits, "great! Killing praelor, salvaging artis, scanning planets, the usual"

02:28 [Private | Doraleigh Soto] You transmit, "Fun fu. I love being out of locals!"

02:29 [Private | Doraleigh Soto] You transmit, "Erm, fun fun."

02:29 [Private | Doraleigh Soto] Doraleigh Soto transmits, "I agree, it's very peaceful out here!"

02:32 [Private | Doraleigh Soto] You transmit, "Yeah, it is. Especially that I'm not there to stare and harass you."

02:32 [Private | Doraleigh Soto] You chuckle.

02:33 (Empanda Station; Observation Center) The four-person roborant "Destruccion Aprovechado" has launched from Miriani.

02:33 (Empanda Station; Observation Center) The four-person roborant "Destruccion Aprovechado" has left the sector.

02:35 (Empanda Station; Observation Center) The ten-person battlecruiser "Palace of Shadow" has jumped into the sector.

02:35 (Empanda Station; Observation Center) The ten-person battlecruiser "Palace of Shadow" has landed on the planet Miriani.

02:35 #$#hjelp

02:39 #$#hjelp

02:42 #$#hjelp

02:44 (Empanda Station; Observation Center) The one-person expediter "Blue Ajility" has undocked from Empanda Station.

02:44 (Empanda Station; Observation Center) The one-person expediter "Blue Ajility" has left the sector.

02:46 (Empanda Station; Observation Center) The one-person expediter "Emerald" has undocked from Empanda Station.

02:46 #$#hjelp

02:46 (Empanda Station; Observation Center) The one-person expediter "Emerald" has left the sector.

02:49 #$#hjelp

02:53 #$#hjelp

02:56 #$#hjelp

02:59 [Newbie] Allen Robinson: Are their any activities that offer .01 points?

02:59 [Newbie] Allen Robinson: Actually, sorry--.001 points.

02:59 [Newbie] Olivia Cantrell: Salvaging perhaps?

02:59 [Newbie] Cara West: You don't need to have the exact points. So you need 100 points, you can get the thing with 100.10 or 105.70 etc.

03:00 [Newbie] Cara West: But yeah salvage a piece of debris or 2.

03:00 #$#hjelp

03:02 [Newbie] Allen Robinson: I'm curious, do you ever encounter Praelor Friziti when OOLS?

03:03 [Newbie] Cara West: No.

03:03 [Newbie] Allen Robinson: Hmmm, I wonder why that is.

03:03 [Newbie] Zoey Azhaani: They're only in that second easy mission.

03:03 [Newbie] Allen Robinson: Which isn't that easy, from what I've heard.

03:03 #$#hjelp

03:04 [Newbie] Ryan Salvatore: Most likely because they don't attack, so it would be pointless.

03:07 #$#hjelp

03:10 #$#hjelp

03:13 [General Communication] Gage Vieraah transmits, "Mods anyone?"

03:13 [General Communication] David Arther transmits, "Me."

03:13 [General Communication] Joseph Navarro transmits, "Me."

03:13 [General Communication] Marielle Minnillo transmits, "Sure."

03:14 [General Communication] Gage Vieraah transmits, "Go to the planet."

03:14 #$#hjelp

03:14 [General Communication] Gage Vieraah transmits, "Or moon."

03:15 [General Communication] Gage Vieraah transmits, "Garage."

03:15 [General Communication] Anny Rain transmits, "Mission?"

03:16 [General Communication] Gage Vieraah transmits, "Yeah, I need 1 spot I think."

03:16 [General Communication] Anny Rain transmits, "I can join."

03:16 [General Communication] Gage Vieraah transmits, "Garage and I should be full."

03:17 #$#hjelp

03:18 [General Communication] Gage Vieraah transmits, "Hello eta on people?"

03:18 [General Communication] Olivia Cantrell transmits, "I'll go."

03:18 [General Communication] Gage Vieraah transmits, "I already have people."

03:18 [General Communication] Olivia Cantrell transmits, "Oh alright."

03:21 #$#hjelp

03:22 [General Communication] Gage Vieraah transmits, "Okay I need one more."

03:23 [General Communication] Gage Vieraah transmits, "So person who offered before a spot has opened up."

03:24 [Newbie] Brianna West: How long does food last in a refrigerator?

03:24 [Newbie] Michael Calaway: 30 days.

03:24 [Newbie] Gage Vieraah: Unless it's left open I think.

03:24 #$#hjelp

03:28 #$#hjelp

03:29 [General Communication] Gage Vieraah transmits, "1 spot mods, come on."

03:30 [General Communication] Olivia Cantrell transmits, "II'll go."

03:30 [General Communication] Gage Vieraah transmits, "Garage."

03:31 #$#hjelp

03:34 [TSS] Scott Franklin sings.

03:34 #$#soundpack social | sings | male

03:35 #$#hjelp

03:38 #$#hjelp

03:42 #$#hjelp

03:42 (Empanda Station; Observation Center) The five-person transverser "Estimesta" has jumped into the sector.

03:42 (Empanda Station; Observation Center) The five-person transverser "Estimesta" has initiated an intrasector wavewarp.

03:43 (Empanda Station; Observation Center) The five-person transverser "Estimesta" has landed on the planet Miriani.

03:45 #$#hjelp

03:49 #$#hjelp

03:52 #$#hjelp

03:56 #$#hjelp

03:59 #$#hjelp

04:03 #$#hjelp

04:06 [General Communication] Joseph Navarro transmits, "Could I possibly get a mod crew?"

04:06 [General Communication] Emily Mcmanomy transmits, "Eng."

04:06 #$#hjelp

04:10 #$#hjelp

04:13 #$#hjelp

04:17 #$#hjelp

04:20 #$#hjelp

04:23 (Empanda Station; Observation Center) The four-person roborant "Twist of Fate" has jumped into the sector.

04:24 (Empanda Station; Observation Center) The four-person roborant "Twist of Fate" has initiated an intrasector subwarp.

04:24 (Empanda Station; Observation Center) The four-person roborant "Twist of Fate" has docked with Empanda Station.

04:24 #$#hjelp

04:27 (Empanda Station; Observation Center) The five-person transverser "Remnants" has jumped into the sector.

04:27 (Empanda Station; Observation Center) The five-person transverser "Remnants" has initiated an intrasector subwarp.

04:27 #$#hjelp

04:28 (Empanda Station; Observation Center) The five-person transverser "Remnants" has landed on the planet Miriani.

04:31 #$#hjelp

04:33 (Empanda Station; Observation Center) The five-person transverser "Remnants" has launched from Miriani.

04:33 (Empanda Station; Observation Center) The five-person transverser "Remnants" has left the sector.

04:34 #$#hjelp

04:37 (Empanda Station; Observation Center) The three-person voyager "Light Artillery" has undocked from Empanda Station.

04:38 (Empanda Station; Observation Center) The three-person voyager "Light Artillery" has left the sector.

04:38 #$#hjelp

04:41 #$#hjelp

04:45 (Empanda Station; Observation Center) The three-person voyager "Light Artillery" has jumped into the sector.

04:45 #$#hjelp

04:46 (Empanda Station; Observation Center) The three-person voyager "Light Artillery" has docked with Empanda Station.

04:47 (Empanda Station; Observation Center) The four-person roborant "Twist of Fate" has undocked from Empanda Station.

04:47 (Empanda Station; Observation Center) The four-person roborant "Twist of Fate" has left the sector.

04:48 [TSS] Scott Franklin sings.

04:48 #$#soundpack social | sings | male

04:48 #$#hjelp

04:49 (Empanda Station; Observation Center) The one-person expediter "Fast1" has undocked from Empanda Station.

04:49 (Empanda Station; Observation Center) The one-person expediter "Fast1" has left the sector.

04:52 #$#hjelp

04:55 #$#hjelp

04:59 #$#hjelp

05:02 #$#hjelp

05:05 A message board reader beeps quietly, indicating to you that there is a new message in General / Trading. It was posted by Gabriel Brennar with the subject "Vanguard for Sale".

05:06 #$#hjelp

05:07 (Empanda Station; Observation Center) The eight-person gunship "8 Times Unlucky" has jumped into the sector.

05:07 (Empanda Station; Observation Center) The eight-person gunship "8 Times Unlucky" has initiated an intrasector subwarp.

05:07 (Empanda Station; Observation Center) The eight-person gunship "8 Times Unlucky" has docked with Empanda Station.

05:09 #$#hjelp

05:13 #$#hjelp

05:16 #$#hjelp

05:17 #$#soundpack environment station | safe | light

05:17 [Apartment 25490; Bedroom] (lying on a rosewood king pillowtop bed)
You see a cozy little bedroom with carpet floors and drywall walls. The walls are painted white. The walls are covered in pastel wallpaper. You see a poster of a vast green field of clover with a large cloud of yellow and orange monarch butterflies floating above it and an enormous flower-shaped mirror in a smooth ivory frame carved with roses hanging on the wall.
You see an antique teak nightstand with a neon purple lily scented candle sitting on top of it, a wicker dresser, an antique teak chest, a fluffy blue cat, a tall rosewood entertainment center with several shelves surrounding a large central video screen, and a rosewood king pillowtop bed here.
You see Kitty Mars (dozing) (lying on a rosewood king pillowtop bed) here.
You can go northwest, north, and east.

05:20 #$#hjelp

05:21 (Empanda Station; Observation Center) The ten-person battlecruiser "Immortal Salvation" has jumped into the sector.

05:21 (Empanda Station; Observation Center) The ten-person battlecruiser "Immortal Salvation" has initiated an intrasector subwarp.

05:21 (Empanda Station; Observation Center) The ten-person battlecruiser "Immortal Salvation" has landed on the planet Miriani.

05:24 #$#hjelp

05:27 #$#hjelp

05:31 #$#hjelp

05:32 A message board reader beeps quietly, indicating to you that there is a new message in General / Name Changes. It was posted by Pilot Registration Office with the subject "Lydia Martellato is now Lydia Fiorino".

05:34 #$#hjelp

05:38 #$#hjelp

05:41 #$#hjelp

05:45 [AIE | Channel 1] Tibo Beauchene transmits, "See you all later."

05:45 (Empanda Station; Observation Center) The four-person roborant "Arcus Sagittas" has jumped into the sector.

05:45 (Empanda Station; Observation Center) The four-person roborant "Arcus Sagittas" has initiated an intrasector subwarp.

05:46 (Empanda Station; Observation Center) The four-person roborant "Arcus Sagittas" has docked with Pax (Neutral Docking Station).

05:47 There are 36 players connected, 17 of whom have been active recently:

05:47 Beatrice McPhee (A)
^Olivia Cantrell (A)
Elena Ryden (A)
Ariela Brennar (A)
^Aria Hunter (A)
Sherrilyn Sefdon (A)
Tristina Cantrell (A)
^Alycen Hunter (A)
Noah Navarro (A)
Gabriel Brennar (A)
Tibo Beauchene (A)
Rothque Torraske (A)
^Brice Garrison (A)
Ryan Salvatore (A)
Kitty Mars (A)
Josh Westen (A)
^Erik Yobi (A)
Adolin Shard (A)
Tiberius Black (C)
Allen Robinson (C)
Lia Daniels (C)
Gage Vieraah (C)
^Diana West (C)
^Derrick Blade (C)
Jeremiah Mason (C)
Calyssa Calaway (C)
Chailyn Mason (C)
Fawkes Fogwell (C)
Andreas Fierro (C)
*Salazar Clayton (H)
Michael Calaway (H)
^Scott Franklin (H)
Alexander Martellato (H)
Cody Williams (H)
Joseph Navarro (H)
Will Carter (H)

* - Out of communications range.  ^ - Out of local space.

05:47 [TSS] Tibo Beauchene transmits, "Night all."

05:47 [TSS] Michael Calaway transmits, "Night tibo."

05:48 [TSS] Scott Franklin bellows.

05:48 #$#soundpack social | bellows | male

05:48 [TSS] Scott Franklin transmits, "Night, sir."

05:48 [Private | Auction Service] Auction Service transmits, "A new item is up for bid: A small promiscuous monkey (y44). Bids will start at 25,000,000.00 credits and the auction will end in 3 days. Good luck!"

05:51 (Empanda Station; Observation Center) The four-person roborant "Arcus Sagittas" has undocked from Pax (Neutral Docking Station).

05:51 #$#hjelp

05:51 (Empanda Station; Observation Center) The four-person roborant "Arcus Sagittas" has left the sector.

05:54 #$#hjelp

05:57 A message board reader beeps quietly, indicating to you that there is a new message in OOC / Suggestions/Ideas. It was posted by Ryan Salvatore with the subject "Re: Spellchecker and Punctuation".

05:58 #$#hjelp

06:01 #$#hjelp

06:04 Kitty Mars snuggles up to you.

06:04 #$#soundpack social | snuggle | female

06:05 #$#hjelp

06:08 [General Communication] David Arther transmits, "Any missions?"

06:08 #$#hjelp

06:12 #$#hjelp

06:15 #$#hjelp

06:18 [Newbie] A holographic representation of Beatrice McPhee: What is the Raw Materials Marketplace Node, as it relates to the room types in the building sim?

06:19 #$#hjelp

06:22 #$#hjelp

06:22 [General Communication] Ariela Brennar transmits, "Spots for mods."

06:22 [General Communication] David Arther transmits, "I will join."

06:22 [General Communication] Ariela Brennar transmits, "4."

06:24 [General Communication] Ariela Brennar transmits, "3."

06:26 #$#hjelp

06:27 (Empanda Station; Observation Center) The eight-person gunship "Donuts" has jumped into the sector.

06:27 A message board reader beeps quietly, indicating to you that there is a new message in OOC / Suggestions/Ideas. It was posted by Beatrice McPhee with the subject "talking on comms in sims".

06:28 (Empanda Station; Observation Center) The eight-person gunship "Donuts" has landed on the moon Marilan.

06:29 (Empanda Station; Observation Center) The eight-person gunship "Donuts" has launched from Marilan.

06:29 #$#hjelp

06:30 (Empanda Station; Observation Center) The eight-person gunship "Donuts" has landed on the planet Miriani.

06:33 #$#hjelp

06:35 (Empanda Station; Observation Center) The five-person transverser "Estimesta" has launched from Miriani.

06:35 (Empanda Station; Observation Center) The five-person transverser "Estimesta" has left the sector.

06:36 #$#hjelp

06:40 #$#hjelp

06:43 #$#hjelp

06:47 #$#hjelp

06:50 #$#hjelp

06:54 #$#hjelp

06:57 #$#hjelp

06:57 [Tradesman Market] Drew Berry has lowered the price of his sale from 340,000,000.00 credits to 319,000,000.00 credits per certificate.

06:58 (Empanda Station; Observation Center) The eight-person gunship "Donuts" has launched from Miriani.

06:59 (Empanda Station; Observation Center) The eight-person gunship "Donuts" has left the sector.

07:01 #$#hjelp

07:04 #$#hjelp

07:08 #$#hjelp

07:11 #$#hjelp

07:15 #$#hjelp

07:18 #$#hjelp

07:22 #$#hjelp

07:25 #$#hjelp

07:29 #$#hjelp

07:32 #$#hjelp

07:36 #$#hjelp

07:39 #$#hjelp

07:43 #$#hjelp

07:46 #$#hjelp

07:50 #$#hjelp

07:53 #$#hjelp

07:57 #$#hjelp

08:00 #$#hjelp

08:04 #$#hjelp

08:07 #$#hjelp

08:11 #$#hjelp

08:14 #$#hjelp

08:18 #$#hjelp

08:21 #$#hjelp

08:25 #$#hjelp

08:28 #$#hjelp

08:32 #$#hjelp

08:35 #$#hjelp

08:39 #$#hjelp

08:42 #$#hjelp

08:46 #$#hjelp

08:49 #$#hjelp

08:53 #$#hjelp

08:53 (Empanda Station; Observation Center) The one-person expediter "Glitter Kisses" has undocked from Empanda Station.

08:53 (Empanda Station; Observation Center) The one-person expediter "Glitter Kisses" has left the sector.

08:56 #$#hjelp

08:58 (Empanda Station; Observation Center) The one-person expediter "Glitter Kisses" has jumped into the sector.

08:58 (Empanda Station; Observation Center) The one-person expediter "Glitter Kisses" has initiated an intrasector subwarp.

08:58 (Empanda Station; Observation Center) The one-person expediter "Glitter Kisses" has docked with Empanda Station.

09:00 #$#hjelp

09:03 #$#hjelp

09:07 #$#hjelp

09:10 #$#hjelp

09:14 #$#hjelp

09:17 #$#hjelp

09:21 #$#hjelp

09:24 #$#hjelp

09:28 #$#hjelp

09:31 #$#hjelp

09:35 #$#hjelp

09:38 #$#hjelp

09:42 #$#hjelp

09:45 #$#hjelp

09:49 #$#hjelp

09:52 #$#hjelp

09:56 #$#hjelp

09:59 #$#hjelp

10:03 #$#hjelp

10:06 #$#hjelp

10:10 #$#hjelp

10:13 #$#hjelp

10:17 #$#hjelp

10:20 #$#hjelp

10:24 #$#hjelp

10:27 #$#hjelp

10:31 #$#hjelp

10:34 #$#hjelp

10:38 #$#hjelp

10:41 #$#hjelp

10:45 #$#hjelp

10:47 (Empanda Station; Observation Center) The one-person expediter "Warp Factory" has undocked from Empanda Station.

10:47 (Empanda Station; Observation Center) The one-person expediter "Warp Factory" has docked with Pax (Neutral Docking Station).

10:48 #$#hjelp

10:49 [Private | Auction Service] Auction Service transmits, "A new item is up for bid: A black metallic device (c71). Bids will start at 49999995.00 credits and the auction will end in 7 days. Good luck!"

10:50 [Private | Auction Service] Auction Service transmits, "A new item is up for bid: A strange metallic device (f82). Bids will start at 49999995.00 credits and the auction will end in 7 days. Good luck!"

10:52 #$#hjelp

10:55 #$#hjelp

10:59 #$#hjelp

11:02 #$#hjelp

11:06 #$#hjelp

11:09 #$#hjelp

11:13 #$#hjelp

11:16 #$#hjelp

11:20 #$#hjelp

11:23 #$#hjelp

11:27 #$#hjelp

11:30 #$#hjelp

11:34 #$#hjelp

11:37 #$#hjelp

11:41 #$#hjelp

11:44 #$#hjelp

11:48 #$#hjelp

11:51 #$#hjelp

11:55 #$#hjelp

11:58 #$#hjelp

12:02 #$#hjelp

12:05 #$#hjelp

12:09 #$#hjelp

12:12 #$#hjelp

12:16 #$#hjelp

12:19 #$#hjelp

12:23 #$#hjelp

12:24 From a thick white leather utility belt with several loops on it, you hear a red flight control scanner announce, "Flight control in Pegasus, an AIE starship is firing at a Hale starship."

12:26 #$#hjelp

12:30 #$#hjelp

12:33 #$#hjelp

12:35 (Empanda Station; Observation Center) The two-person asteroid hauler "Hauling The Rocks" has exited from Jumpgate to Central Jumpgate Hub.

12:36 (Empanda Station; Observation Center) The two-person asteroid hauler "Hauling The Rocks" has landed on the planet Miriani.

12:37 #$#hjelp

12:40 #$#hjelp

12:44 #$#hjelp

12:47 #$#hjelp

12:51 #$#hjelp

12:54 #$#hjelp

12:58 #$#hjelp

13:01 #$#hjelp

13:05 #$#hjelp

13:08 #$#hjelp

13:12 #$#hjelp

13:15 #$#hjelp

13:19 #$#hjelp

13:22 #$#hjelp

13:26 #$#hjelp

13:29 #$#hjelp

13:33 #$#hjelp

13:36 #$#hjelp

13:40 #$#hjelp

13:43 #$#hjelp

13:47 #$#hjelp

13:50 #$#hjelp

13:51 (Empanda Station; Observation Center) The three-person heliogaster "Vulture" has jumped into the sector.

13:51 (Empanda Station; Observation Center) The three-person heliogaster "Vulture" has docked with Pax (Neutral Docking Station).

13:53 [Private | Auction Service] Auction Service transmits, "A new item is up for bid: A hovercycle (b12). Bids will start at 25,000,000.00 credits and the auction will end in 6 days. Good luck!"

13:54 #$#hjelp

13:54 (Empanda Station; Observation Center) The three-person heliogaster "Vulture" has undocked from Pax (Neutral Docking Station).

13:54 (Empanda Station; Observation Center) The three-person heliogaster "Vulture" has left the sector.

13:57 #$#hjelp

13:59 (Empanda Station; Observation Center) The one-person expediter "Dragon Flame" has jumped into the sector.

14:00 (Empanda Station; Observation Center) The one-person expediter "Dragon Flame" has docked with Pax (Neutral Docking Station).

14:01 #$#hjelp

14:02 (Empanda Station; Observation Center) The one-person expediter "Dragon Flame" has undocked from Pax (Neutral Docking Station).

14:02 (Empanda Station; Observation Center) The one-person expediter "Dragon Flame" has left the sector.

14:04 #$#hjelp

14:08 #$#hjelp

14:11 #$#hjelp

14:15 #$#hjelp

14:18 #$#hjelp

14:20 (Empanda Station; Observation Center) The one-person expediter "Happy Idiot" has undocked from Empanda Station.

14:21 (Empanda Station; Observation Center) The one-person expediter "Happy Idiot" has left the sector.

14:22 #$#hjelp

14:24 [General Communication] David Arther transmits, "Any missions?"

14:24 [General Communication] Claudia Light transmits, "I thing no."

14:24 [General Communication] Joseph Navarro transmits, "I could run some, if I got enough crew?"

14:25 [General Communication] Claudia Light transmits, "I will go."

14:25 [General Communication] David Arther transmits, "Am one of those enough crew."

14:25 [General Communication] Joseph Navarro transmits, "Ok, we'd need at least 2 more for undercrewed mods."

14:25 #$#hjelp

14:26 [Private | Joseph Navarro] Joseph Navarro transmits, "Mods?"

14:26 [General Communication] Joseph Navarro transmits, "2 spots now."

14:26 [General Communication] Joseph Navarro transmits, "One without eng."

14:27 [General Communication] Juliette Blackthorn transmits, "Me."

14:27 [General Communication] Joseph Navarro transmits, "Nice."

14:27 [General Communication] Joseph Navarro transmits, "One more, if possible?"

14:28 [General Communication] Joseph Navarro transmits, "Beta."

14:28 [General Communication] Joseph Navarro transmits, "Full."

14:29 #$#hjelp

14:29 From a thick white leather utility belt with several loops on it, you hear a red flight control scanner announce, "Rolukssica to Bellerophon flight control, we're reading weapon fire."

14:32 #$#hjelp

14:34 A message board reader beeps quietly, indicating to you that there is a new message in General / General. It was posted by Lili Shannon with the subject "Re: To jason".

14:36 #$#hjelp

14:36 A message board reader beeps quietly, indicating to you that there is a new message in General / General. It was posted by Raj Sanders with the subject "Re: To jason".

14:39 #$#hjelp

14:42 [General Communication] Joseph Navarro transmits, "One spot mods."

14:43 #$#hjelp

14:46 #$#hjelp

14:50 #$#hjelp

14:52 (Empanda Station; Observation Center) The three-person freighter "Uvce" has jumped into the sector.

14:53 (Empanda Station; Observation Center) The three-person freighter "Uvce" has docked with Pax (Neutral Docking Station).

14:53 #$#hjelp

14:56 (Empanda Station; Observation Center) The two-person asteroid hauler "Hauling The Rocks" has launched from Miriani.

14:57 #$#hjelp

14:57 (Empanda Station; Observation Center) The two-person asteroid hauler "Hauling The Rocks" has entered Jumpgate to Central Jumpgate Hub.

14:57 (Empanda Station; Observation Center) The three-person freighter "Uvce" has undocked from Pax (Neutral Docking Station).

14:58 (Empanda Station; Observation Center) The three-person freighter "Uvce" has left the sector.

15:00 #$#hjelp

15:04 #$#hjelp

15:06 [General Communication] Joseph Navarro transmits, "2 spots mods?"

15:06 [General Communication] Emily Mcmanomy transmits, "Eng."

15:07 [General Communication] Joseph Navarro transmits, "One more?"

15:07 #$#hjelp

15:10 [General Communication] Emily Mcmanomy transmits, "What bay."

15:10 [General Communication] Joseph Navarro transmits, "We couldn't get a last one, sorry."

15:10 [General Communication] Emily Mcmanomy transmits, "Ok."

15:10 [General Communication] Joseph Navarro coughs and transmits, "We just went through the gate in a robo."

15:10 #$#soundpack social | cough | male

15:11 [General Communication] Emily Mcmanomy whines.

15:11 #$#soundpack social | whine | female

15:11 #$#hjelp

15:14 #$#hjelp

15:18 #$#hjelp

15:21 #$#hjelp

15:22 [General Communication] Joseph Navarro transmits, "Fawkes, Emily, you guys still up for mods?"

15:22 [General Communication] Emily Mcmanomy transmits, "Yes."

15:22 [General Communication] Emily Mcmanomy transmits, "Me."

15:23 [General Communication] Joseph Navarro transmits, "Gamma."

15:24 [General Communication] Emily Mcmanomy transmits, "Here."

15:25 #$#hjelp

15:28 #$#hjelp

15:32 #$#hjelp

15:35 #$#hjelp

15:39 #$#hjelp

15:42 #$#hjelp

15:43 (Empanda Station; Observation Center) The one-person expediter "Dragon Heart" has jumped into the sector.

15:44 (Empanda Station; Observation Center) The one-person expediter "Dragon Heart" has initiated an intrasector subwarp.

15:44 (Empanda Station; Observation Center) The one-person expediter "Dragon Heart" has landed on the planet Miriani.

15:44 (Empanda Station; Observation Center) The five-person transverser "Estimesta" has jumped into the sector.

15:45 (Empanda Station; Observation Center) The five-person transverser "Estimesta" has landed on the planet Miriani.

15:46 #$#hjelp

15:46 (Empanda Station; Observation Center) The one-person expediter "Dragon Heart" has launched from Miriani.

15:47 (Empanda Station; Observation Center) The one-person expediter "Dragon Heart" has left the sector.

15:49 (Empanda Station; Observation Center) The one-person expediter "Dragon Heart" has jumped into the sector.

15:49 (Empanda Station; Observation Center) The one-person expediter "Dragon Heart" has initiated an intrasector subwarp.

15:49 #$#hjelp

15:49 (Empanda Station; Observation Center) The one-person expediter "Dragon Heart" has landed on the planet Miriani.

15:53 #$#hjelp

15:54 (Empanda Station; Observation Center) The one-person expediter "Happy Idiot" has jumped into the sector.

15:54 (Empanda Station; Observation Center) The one-person expediter "Happy Idiot" has initiated an intrasector subwarp.

15:54 (Empanda Station; Observation Center) The one-person expediter "Happy Idiot" has docked with Empanda Station.

15:56 #$#hjelp

16:00 #$#hjelp

16:03 #$#hjelp

16:07 #$#hjelp

16:10 #$#hjelp

16:14 #$#hjelp

16:17 #$#hjelp

16:18 [Short-range Communication] David Arther transmits, "Howdie."

16:19 [Short-range Communication] Emily Mcmanomy transmits, "Hey there."

16:21 #$#hjelp

16:24 (Empanda Station; Observation Center) The two-person asteroid hauler "The Rock of Ages" has exited from Jumpgate to Central Jumpgate Hub.

16:24 [General Communication] Joseph Navarro transmits, "Noah is running advanceds. 8 spots."

16:24 #$#hjelp

16:27 (Empanda Station; Observation Center) The two-person asteroid hauler "The Rock of Ages" has docked with Pax (Neutral Docking Station).

16:27 (Empanda Station; Observation Center) The two-person asteroid hauler "Hauling The Rocks" has exited from Jumpgate to Central Jumpgate Hub.

16:28 #$#hjelp

16:29 [Short-range Communication] David Arther transmits, "I brake it."

16:29 [Short-range Communication] David Arther transmits, "With mistake."

16:29 [Short-range Communication] Emily Mcmanomy transmits, "What is wrong."

16:29 (Empanda Station; Observation Center) The two-person asteroid hauler "Hauling The Rocks" has landed on the planet Miriani.

16:30 [Private | Auction Service] Auction Service transmits, "A new item is up for bid: A small teacup chihuahua (y93). Bids will start at 3,000,000.00 credits and the auction will end in 2 days. Good luck!"

16:31 #$#hjelp

16:32 (Empanda Station; Observation Center) The two-person asteroid hauler "The Rock of Ages" has undocked from Pax (Neutral Docking Station).

16:33 (Empanda Station; Observation Center) The two-person asteroid hauler "The Rock of Ages" has entered Jumpgate to Central Jumpgate Hub.

16:35 (Empanda Station; Observation Center) The two-person asteroid hauler "Hauling The Rocks" has launched from Miriani.

16:35 #$#hjelp

16:35 (Empanda Station; Observation Center) The three-person heliogaster "Pell-Mell" has jumped into the sector.

16:36 (Empanda Station; Observation Center) The three-person heliogaster "Pell-Mell" has landed on the moon Marilan.

16:37 (Empanda Station; Observation Center) The three-person heliogaster "Pell-Mell" has launched from Marilan.

16:37 (Empanda Station; Observation Center) The two-person asteroid hauler "Hauling The Rocks" has entered Jumpgate to Central Jumpgate Hub.

16:37 (Empanda Station; Observation Center) The three-person heliogaster "Pell-Mell" has left the sector.

16:37 [Tradesman Market] Carrie Reid has bought one tradesman certificate from Drew Berry.

16:38 #$#hjelp

16:42 #$#hjelp

16:42 (Empanda Station; Observation Center) The eight-person gunship "Octagun" has jumped into the sector.

16:42 (Empanda Station; Observation Center) The three-person freighter "Immense Suspense" has undocked from Empanda Station.

16:42 (Empanda Station; Observation Center) The eight-person gunship "Octagun" has initiated an intrasector subwarp.

16:42 (Empanda Station; Observation Center) The three-person freighter "Immense Suspense" has left the sector.

16:43 (Empanda Station; Observation Center) The eight-person gunship "Octagun" has docked with Pax (Neutral Docking Station).

16:45 (Empanda Station; Observation Center) The two-person asteroid hauler "Hauling The Rocks" has exited from Jumpgate to Central Jumpgate Hub.

16:45 #$#hjelp

16:46 (Empanda Station; Observation Center) The two-person asteroid hauler "Hauling The Rocks" has landed on the planet Miriani.

16:48 (Empanda Station; Observation Center) The ten-person battlecruiser "Scheherazade" has jumped into the sector.

16:49 (Empanda Station; Observation Center) The two-person asteroid hauler "Hauling The Rocks" has launched from Miriani.

16:49 #$#hjelp

16:49 (Empanda Station; Observation Center) The ten-person battlecruiser "Scheherazade" has docked with Pax (Neutral Docking Station).

16:50 (Empanda Station; Observation Center) The two-person asteroid hauler "Hauling The Rocks" has left the sector.

16:52 (Empanda Station; Observation Center) The one-person expediter "Blue Ajility" has jumped into the sector.

16:52 #$#hjelp

16:53 (Empanda Station; Observation Center) The one-person expediter "Blue Ajility" has docked with Pax (Neutral Docking Station).

16:54 [TSS] Scott Franklin sings.

16:54 #$#soundpack social | sings | male

16:56 #$#hjelp

16:59 #$#hjelp

17:01 (Empanda Station; Observation Center) The two-person asteroid hauler "Hauling The Rocks" has jumped into the sector.

17:02 (Empanda Station; Observation Center) The two-person asteroid hauler "Hauling The Rocks" has landed on the planet Miriani.

17:02 (Empanda Station; Observation Center) The two-person asteroid hauler "Hauling The Rocks" has launched from Miriani.

17:03 #$#hjelp

17:04 (Empanda Station; Observation Center) The two-person asteroid hauler "Hauling The Rocks" has left the sector.

17:06 #$#hjelp

17:08 (Empanda Station; Observation Center) The one-person expediter "Blue Ajility" has undocked from Pax (Neutral Docking Station).

17:08 (Empanda Station; Observation Center) The one-person expediter "Blue Ajility" has left the sector.

17:09 (Empanda Station; Observation Center) The one-person expediter "Dragon Heart" has launched from Miriani.

17:10 #$#hjelp

17:10 (Empanda Station; Observation Center) The one-person expediter "Dragon Heart" has docked with Pax (Neutral Docking Station).

17:12 (Empanda Station; Observation Center) The one-person expediter "Dragon Heart" has undocked from Pax (Neutral Docking Station).

17:12 (Empanda Station; Observation Center) The one-person expediter "Dragon Heart" has initiated an intrasector subwarp.

17:13 (Empanda Station; Observation Center) The one-person expediter "Dragon Heart" has landed on the planet Miriani.

17:13 #$#hjelp

17:17 #$#hjelp

17:17 (Empanda Station; Observation Center) The computer reports that an asteroid has entered sensor range.

17:18 (Empanda Station; Observation Center) The ten-person battlecruiser "Scheherazade" has undocked from Pax (Neutral Docking Station).

17:18 (Empanda Station; Observation Center) The ten-person battlecruiser "Scheherazade" has initiated an intrasector subwarp.

17:19 (Empanda Station; Observation Center) The ten-person battlecruiser "Scheherazade" has landed on an asteroid.

17:19 (Empanda Station; Observation Center) The one-person expediter "Dragon Heart" has launched from Miriani.

17:19 (Empanda Station; Observation Center) The one-person expediter "Dragon Heart" has left the sector.

17:20 #$#hjelp

17:20 (Empanda Station; Observation Center) The four-person roborant "Twist of Fate" has jumped into the sector.

17:22 (Empanda Station; Observation Center) The four-person roborant "Twist of Fate" has docked with Pax (Neutral Docking Station).

17:24 #$#hjelp

17:25 (Empanda Station; Observation Center) An asteroid has been hauled to Malacre.

17:27 #$#hjelp

17:29 (Empanda Station; Observation Center) The two-person asteroid hauler "Hauling The Rocks" has undocked from Malacre.

17:30 (Empanda Station; Observation Center) The four-person roborant "Twist of Fate" has undocked from Pax (Neutral Docking Station).

17:30 (Empanda Station; Observation Center) The two-person asteroid hauler "Hauling The Rocks" has entered Jumpgate to Central Jumpgate Hub.

17:30 (Empanda Station; Observation Center) The four-person roborant "Twist of Fate" has docked with Empanda Station.

17:31 #$#hjelp

17:34 #$#hjelp

17:35 [General Communication] David Arther transmits, "Me."

17:35 [General Communication] David Arther transmits, "Miscomm."

17:38 #$#hjelp

17:40 (Empanda Station; Observation Center) The ten-person battlecruiser "Scheherazade" has undocked from Malacre.

17:40 (Empanda Station; Observation Center) The four-person roborant "Twist of Fate" has undocked from Empanda Station.

17:40 (Empanda Station; Observation Center) The ten-person battlecruiser "Scheherazade" has left the sector.

17:41 #$#hjelp

17:41 (Empanda Station; Observation Center) The four-person roborant "Twist of Fate" has docked with Empanda Station.

17:43 (Empanda Station; Observation Center) The five-person transverser "Estimesta" has launched from Miriani.

17:44 (Empanda Station; Observation Center) The five-person transverser "Estimesta" has left the sector.

17:45 #$#hjelp

17:48 #$#hjelp

17:51 (Empanda Station; Observation Center) The four-person roborant "Twist of Fate" has undocked from Empanda Station.

17:51 (Empanda Station; Observation Center) The four-person roborant "Twist of Fate" has left the sector.

17:52 #$#hjelp

17:55 #$#hjelp

17:56 (Empanda Station; Observation Center) The four-person roborant "Twist of Fate" has jumped into the sector.

17:57 (Empanda Station; Observation Center) The one-person expediter "Dragon Wings" has jumped into the sector.

17:58 (Empanda Station; Observation Center) The one-person expediter "Dragon Wings" has docked with Pax (Neutral Docking Station).

17:59 #$#hjelp

18:01 (Empanda Station; Observation Center) The one-person expediter "Dragon Wings" has undocked from Pax (Neutral Docking Station).

18:01 (Empanda Station; Observation Center) The one-person expediter "Dragon Wings" has left the sector.

18:02 #$#hjelp

18:04 (Empanda Station; Observation Center) The four-person roborant "Twist of Fate" has left the sector.

18:06 #$#hjelp

18:08 [Private | Joseph Navarro] Joseph Navarro transmits, "Would you be interested n advances?"

18:09 #$#hjelp

18:13 #$#hjelp

18:16 #$#hjelp

18:20 #$#hjelp

18:23 (Empanda Station; Observation Center) The ten-person battlecruiser "Scheherazade" has jumped into the sector.

18:23 #$#hjelp

18:24 [General Communication] Joseph Navarro transmits, "5 spots advanceds, I think. Or something."

18:24 (Empanda Station; Observation Center) The ten-person battlecruiser "Scheherazade" has docked with Pax (Neutral Docking Station).

18:24 [General Communication] Joseph Navarro transmits, "4 more!"

18:25 [General Communication] Joseph Navarro transmits, "And we'll even go 2 undercrewed. Maybe."

18:27 #$#hjelp

18:28 [General Communication] David Arther transmits, "We are 3 here."

18:29 [General Communication] Joseph Navarro transmits, "Ok, well I was counting lili, so that leaves 2 spots."

18:29 [General Communication] David Arther transmits, "Oh am a member of her crew."

18:29 [General Communication] Joseph Navarro transmits, "Alpha, enter critical."

18:30 #$#hjelp

18:31 [General Communication] Joseph Navarro transmits, "2 spots, though we'll go undercrewed."

18:31 [General Communication] Joseph Navarro transmits, "Advanceds that is."

18:34 #$#hjelp

18:36 [General Communication] Joseph Navarro transmits, "Waiting on like.. 3 of you."

18:37 [General Communication] Joseph Navarro transmits, "It is!"

18:37 (Empanda Station; Observation Center) The ten-person battlecruiser "Scheherazade" has undocked from Pax (Neutral Docking Station).

18:37 #$#hjelp

18:37 (Empanda Station; Observation Center) The ten-person battlecruiser "Scheherazade" has left the sector.

18:39 [General Communication] Joseph Navarro transmits, "Last call, 2 spots."

18:39 [General Communication] Beatrice McPhee transmits, "For what?"

18:39 [General Communication] Joseph Navarro transmits, "Advanceds."

18:39 [General Communication] Beatrice McPhee transmits, "I will go."

18:39 [General Communication] Joseph Navarro cheers.

18:39 #$#soundpack social | cheers | male

18:40 [General Communication] Joseph Navarro transmits, "Alpha."

18:41 #$#hjelp

18:44 #$#hjelp

18:48 #$#hjelp

18:51 (Empanda Station; Observation Center) The one-person expediter "Fast1" has jumped into the sector.

18:51 (Empanda Station; Observation Center) The one-person expediter "Fast1" has initiated an intrasector subwarp.

18:51 #$#hjelp

18:51 (Empanda Station; Observation Center) The one-person expediter "Fast1" has docked with Empanda Station.

18:53 [General Communication] Joseph Navarro transmits, "One spot advanceds."

18:53 [General Communication] Renee Chance transmits, "Me."

18:53 [General Communication] Jessica Yobi transmits, "Me."

18:53 [General Communication] Jessica Yobi transmits, "Uh."

18:53 [General Communication] Joseph Navarro transmits, "Full with both of you. It works."

18:54 [General Communication] Renee Chance transmits, "Okay."

18:54 [General Communication] Joseph Navarro transmits, "Gamma."

18:55 #$#hjelp

18:55 (Empanda Station; Observation Center) The one-person expediter "Fast1" has undocked from Empanda Station.

18:55 (Empanda Station; Observation Center) The one-person expediter "Fast1" has left the sector.

18:58 #$#hjelp

19:01 (Empanda Station; Observation Center) The eight-person gunship "Schnee" has jumped into the sector.

19:02 (Empanda Station; Observation Center) The eight-person gunship "Schnee" has left the sector.

19:02 #$#hjelp

19:05 #$#hjelp

19:09 #$#hjelp

19:11 [General Communication] Joseph Navarro transmits, "2 spots advanceds."

19:12 #$#hjelp

19:13 (Empanda Station; Observation Center) The eight-person gunship "Schnee" has jumped into the sector.

19:13 [General Communication] Anton Navarro transmits, "I can go pew pew on your advanced."

19:14 [General Communication] Anton Navarro transmits, "Give me about 2 minutes, coming from a far out destination."

19:14 [General Communication] Joseph Navarro transmits, "Seems we're done."

19:14 [General Communication] Noah Navarro transmits, "I'm retrieving him."

19:14 (Empanda Station; Observation Center) The eight-person gunship "Schnee" has landed on the planet Miriani.

19:15 [General Communication] Noah Navarro transmits, "He's stuck on a roid."

19:15 [General Communication] Joseph Navarro transmits, "That's very good of you to fetch him."

19:15 [General Communication] Jessie Vargus transmits, "Any spots open?"

19:16 #$#hjelp

19:19 [General Communication] Anton Navarro transmits, "I have not 1, not 2, not 3, not 4, not 5, not 6, not 7, not 8 but 9 spots. Difficult random mission spots."

19:19 [General Communication] Joseph Navarro transmits, "Me."

19:19 [General Communication] Anton Navarro transmits, "8 spots."

19:19 [General Communication] Anton Navarro transmits, "7 spots."

19:19 [General Communication] Jessie Vargus transmits, "Me."

19:19 [General Communication] Anton Navarro transmits, "6."

19:19 #$#hjelp

19:20 [General Communication] Jessie Vargus transmits, "Come on lazy cats."

19:20 [General Communication] Anton Navarro transmits, "6 spots."

19:20 [General Communication] Beatrice McPhee transmits, "Spots for what?"

19:20 [General Communication] Anton Navarro transmits, "Difs Beat Rice."

19:21 [General Communication] Beatrice McPhee transmits, "I will go."

19:21 [General Communication] Anton Navarro transmits, "5 spots."

19:22 [General Communication] Anton Navarro transmits, "5 spots. You can pull Jessies tail. If you gun well enough."

19:23 [General Communication] Leeann Blade transmits, "Me for difs if there still room."

19:23 #$#hjelp

19:23 [General Communication] Anton Navarro transmits, "4 spots."

19:24 [General Communication] Anton Navarro transmits, "3."

19:25 [General Communication] Anton Navarro transmits, "2 spots."

19:26 [General Communication] Anton Navarro transmits, "Beta for difs."

19:26 (Empanda Station; Observation Center) The eight-person gunship "Schnee" has launched from Miriani.

19:26 #$#hjelp

19:27 [General Communication] Anton Navarro transmits, "2 spots. Difs."

19:27 (Empanda Station; Observation Center) The eight-person gunship "Schnee" has left the sector.

19:30 #$#hjelp

19:33 [General Communication] Anton Navarro transmits, "Full."

19:33 #$#hjelp

19:33 (Empanda Station; Observation Center) The ten-person battlecruiser "Oblivion" has launched from Miriani.

19:34 (Empanda Station; Observation Center) The ten-person battlecruiser "Oblivion" has left the sector.

19:37 #$#hjelp

19:40 #$#hjelp

19:41 (Empanda Station; Observation Center) The ten-person battlecruiser "Manguerra" has jumped into the sector.

19:41 (Empanda Station; Observation Center) The ten-person battlecruiser "Manguerra" has initiated an intrasector subwarp.

19:41 (Empanda Station; Observation Center) The ten-person battlecruiser "Manguerra" has docked with Pax (Neutral Docking Station).

19:44 #$#hjelp

19:47 #$#hjelp

19:49 (Empanda Station; Observation Center) The two-person asteroid hauler "Hauling The Rocks" has exited from Jumpgate to Central Jumpgate Hub.

19:50 [General Communication] Anton Navarro transmits, "1 spot."

19:50 [General Communication] Anton Navarro transmits, "Full."

19:51 #$#hjelp

19:51 (Empanda Station; Observation Center) The two-person asteroid hauler "Hauling The Rocks" has left the sector.

19:53 (Empanda Station; Observation Center) The two-person asteroid hauler "Hauling The Rocks" has jumped into the sector.

19:54 (Empanda Station; Observation Center) The two-person asteroid hauler "Hauling The Rocks" has landed on the planet Miriani.

19:54 #$#hjelp

19:58 #$#hjelp

20:01 #$#hjelp

20:05 #$#hjelp

20:08 #$#hjelp

20:09 [General Communication] Anton Navarro transmits, "2 spots."

20:10 [General Communication] Anton Navarro transmits, "Just 2 spots."

20:11 (Empanda Station; Observation Center) The two-person asteroid hauler "Hauling The Rocks" has launched from Miriani.

20:12 #$#hjelp

20:12 (Empanda Station; Observation Center) The two-person asteroid hauler "Hauling The Rocks" has left the sector.

20:12 [General Communication] Jessie Vargus transmits, "1 spot cat difs."

20:15 #$#hjelp

20:16 [General Communication] Anton Navarro transmits, "Last call. 2 spots."

20:18 (Empanda Station; Observation Center) The two-person asteroid hauler "Hauling The Rocks" has jumped into the sector.

20:19 #$#hjelp

20:19 [General Communication] Joseph Navarro transmits, "2 spots diffs!"

20:20 (Empanda Station; Observation Center) The two-person asteroid hauler "Hauling The Rocks" has landed on the planet Miriani.

20:20 (Empanda Station; Observation Center) The two-person asteroid hauler "Hauling The Rocks" has launched from Miriani.

20:21 (Empanda Station; Observation Center) The ten-person battlecruiser "Ego Te Provoco" has jumped into the sector.

20:21 (Empanda Station; Observation Center) The two-person asteroid hauler "Hauling The Rocks" has landed on the moon Marilan.

20:21 [General Communication] Anton Navarro transmits, "Final call. 2 spots difs."

20:22 (Empanda Station; Observation Center) The ten-person battlecruiser "Ego Te Provoco" has docked with Pax (Neutral Docking Station).

20:22 (Empanda Station; Observation Center) The two-person asteroid hauler "Hauling The Rocks" has launched from Marilan.

20:22 #$#hjelp

20:23 (Empanda Station; Observation Center) The two-person asteroid hauler "Hauling The Rocks" has entered Jumpgate to Central Jumpgate Hub.

20:24 [General Communication] Anton Navarro transmits, "Thank you, whoever bought my reps."

20:24 [General Communication] Noah Navarro transmits, "Welcome, friend."

20:26 #$#hjelp

20:29 #$#hjelp

20:33 #$#hjelp

20:35 (Empanda Station; Observation Center) The eight-person gunship "Octagun" has undocked from Pax (Neutral Docking Station).

20:35 (Empanda Station; Observation Center) The eight-person gunship "Octagun" has left the sector.

20:36 #$#hjelp

20:40 #$#hjelp

20:43 #$#hjelp

20:47 #$#hjelp

20:50 #$#hjelp

20:54 #$#hjelp

20:57 #$#hjelp

21:01 #$#hjelp

21:04 #$#hjelp

21:08 #$#hjelp

21:11 #$#hjelp

21:15 #$#hjelp

21:18 #$#hjelp

21:22 #$#hjelp

21:25 #$#hjelp

21:28 [TSS] Scott Franklin sings.

21:28 #$#soundpack social | sings | male

21:29 #$#hjelp

21:32 #$#hjelp

21:36 #$#hjelp

21:39 #$#hjelp

21:43 #$#hjelp

21:46 (Empanda Station; Observation Center) The ten-person battlecruiser "Oblivion" has jumped into the sector.

21:46 #$#hjelp

21:47 (Empanda Station; Observation Center) The ten-person battlecruiser "Oblivion" has landed on the planet Miriani.

21:50 #$#hjelp

21:53 #$#hjelp

21:57 #$#hjelp

22:00 #$#hjelp

22:04 #$#hjelp

22:07 #$#hjelp

22:11 #$#hjelp

22:14 #$#hjelp

22:18 #$#hjelp

22:21 #$#hjelp

22:25 #$#hjelp

22:28 #$#hjelp

22:30 (Empanda Station; Observation Center) The three-person heliogaster "Reflections In Denial" has jumped into the sector.

22:30 (Empanda Station; Observation Center) The three-person heliogaster "Reflections In Denial" has docked with Pax (Neutral Docking Station).

22:32 #$#hjelp

22:32 (Empanda Station; Observation Center) The three-person heliogaster "Reflections In Denial" has undocked from Pax (Neutral Docking Station).

22:33 (Empanda Station; Observation Center) The three-person heliogaster "Reflections In Denial" has left the sector.

22:35 (Empanda Station; Observation Center) The eight-person gunship "Octagun" has jumped into the sector.

22:35 (Empanda Station; Observation Center) The eight-person gunship "Octagun" has initiated an intrasector subwarp.

22:35 #$#hjelp

22:36 (Empanda Station; Observation Center) The eight-person gunship "Octagun" has docked with Pax (Neutral Docking Station).

22:37 (Empanda Station; Observation Center) The eight-person gunship "Octagun" has undocked from Pax (Neutral Docking Station).

22:38 (Empanda Station; Observation Center) The eight-person gunship "Octagun" has left the sector.

22:39 #$#hjelp

22:41 [General Communication] Cria Blur transmits, "5 spots?"

22:42 #$#hjelp

22:45 [General Communication] Tiberius Black transmits, "I'll take a spot."

22:45 [General Communication] Jessica Yobi transmits, "I will take 2."

22:45 [General Communication] Cria Blur transmits, "3 spots."

22:46 #$#hjelp

22:49 #$#hjelp

22:50 (Empanda Station; Observation Center) The one-person expediter "Dark Speed Rescue" has jumped into the sector.

22:50 (Empanda Station; Observation Center) The one-person expediter "Dark Speed Rescue" has initiated an intrasector subwarp.

22:51 (Empanda Station; Observation Center) The one-person expediter "Dark Speed Rescue" has docked with Empanda Station.

22:51 (Empanda Station; Observation Center) The one-person expediter "Dark Speed Rescue" has undocked from Empanda Station.

22:52 (Empanda Station; Observation Center) The one-person expediter "Dark Speed Rescue" has left the sector.

22:53 #$#hjelp

22:56 #$#hjelp

22:59 [General Communication] Noah Navarro transmits, "Spots for Bzzr."

23:00 #$#hjelp

23:01 [General Communication] Anton Navarro transmits, "Me."

23:02 (Empanda Station; Observation Center) The five-person transverser "Ascendant" has jumped into the sector.

23:02 (Empanda Station; Observation Center) The five-person transverser "Ascendant" has initiated an intrasector subwarp.

23:02 (Empanda Station; Observation Center) The five-person transverser "Ascendant" has docked with Pax (Neutral Docking Station).

23:03 (Empanda Station; Observation Center) The four-person roborant "Angel of Grace" has jumped into the sector.

23:03 #$#hjelp

23:04 (Empanda Station; Observation Center) The four-person roborant "Angel of Grace" has initiated an intrasector subwarp.

23:04 [General Communication] Anton Navarro transmits, "Bzzr's."

23:04 (Empanda Station; Observation Center) The four-person roborant "Angel of Grace" has docked with Empanda Station.

23:04 [General Communication] Anton Navarro transmits, "Alpha."

23:04 [Private | Auction Service] Auction Service transmits, "A new item is up for bid: A brown leather sheath containing a large butcher knife (v19). Bids will start at 5,000,000.00 credits and the auction will end in 2 days. Good luck!"

23:05 (Empanda Station; Observation Center) The eight-person gunship "Octagun" has jumped into the sector.

23:05 (Empanda Station; Observation Center) The four-person roborant "Angel of Grace" has undocked from Empanda Station.

23:06 (Empanda Station; Observation Center) The four-person roborant "Angel of Grace" has docked with Pax (Neutral Docking Station).

23:06 (Empanda Station; Observation Center) The eight-person gunship "Octagun" has docked with Pax (Neutral Docking Station).

23:06 (Empanda Station; Observation Center) The five-person transverser "Ascendant" has undocked from Pax (Neutral Docking Station).

23:07 (Empanda Station; Observation Center) The five-person transverser "Ascendant" has docked with Empanda Station.

23:07 #$#hjelp

23:07 [General Communication] Anton Navarro transmits, "Last call before we go. Bzzr's."

23:10 (Empanda Station; Observation Center) The four-person roborant "Angel of Grace" has undocked from Pax (Neutral Docking Station).

23:10 #$#hjelp

23:10 (Empanda Station; Observation Center) The four-person roborant "Angel of Grace" has left the sector.

23:14 #$#hjelp

23:16 (Empanda Station; Observation Center) The four-person roborant "Twist of Fate" has jumped into the sector.

23:16 (Empanda Station; Observation Center) The four-person roborant "Twist of Fate" has initiated an intrasector subwarp.

23:16 (Empanda Station; Observation Center) The four-person roborant "Twist of Fate" has docked with Empanda Station.

23:17 #$#hjelp

23:19 (Empanda Station; Observation Center) The five-person transverser "Ascendant" has undocked from Empanda Station.

23:19 (Empanda Station; Observation Center) The five-person transverser "Ascendant" has left the sector.

23:21 (Empanda Station; Observation Center) The one-person expediter "Kendra" has launched from Miriani.

23:21 #$#hjelp

23:21 (Empanda Station; Observation Center) The one-person expediter "Kendra" has initiated an intrasector subwarp.

23:21 (Empanda Station; Observation Center) The one-person expediter "Kendra" has docked with Empanda Station.

23:24 #$#hjelp

23:28 #$#hjelp

23:31 #$#hjelp

23:34 [Private | Auction Service] Auction Service transmits, "A new item is up for bid: A case of fortune cookies (p95). Bids will start at 1.00 credit and the auction will end in 15 minutes. Good luck!"

23:34 (Empanda Station; Observation Center) The four-person roborant "Twist of Fate" has undocked from Empanda Station.

23:34 You put a droid remote titled "Empanda" in a black leather briefcase.

23:38 #$#hjelp

23:39 [Private | Auction Service] Auction Service transmits, "A new item is up for bid: A bucket of thick green slop (i82). Bids will start at 1.00 credit and the auction will end in 2 minutes. Good luck!"

23:41 #$#hjelp

23:44 [Private | Auction Service] Auction Service transmits, "A new item is up for bid: A bucket of thick green slop (y85). Bids will start at 1.00 credit and the auction will end in 30 seconds. Good luck!"

23:45 #$#hjelp

23:48 #$#hjelp

23:49 [General Communication] Renee Chance transmits, "Any missions?"

23:50 [General Communication] Renee Chance transmits, "Any missions?get elise."

23:50 [General Communication] Renee Chance transmits, "Miscomm."

23:52 #$#hjelp

23:55 #$#hjelp

23:57 [General Communication] Sarah Lyras transmits, "I heard something about lore computers, where can they be baught?"

23:57 [General Communication] Kylar Knight transmits, "Pluto."

23:57 [General Communication] Aria Hunter transmits, "Pluto."

23:58 [General Communication] Kylar Knight transmits, "If you want, you can meet me there, and I'll help you get to the store."

23:59 [General Communication] Sarah Lyras transmits, "Can someone give me a lift to angelis?"

23:59 [General Communication] Abigail Masters transmits, "Where are you."

23:59 #$#hjelp

