00:00 A message board reader beeps quietly, indicating to you that there is a new message in OOC / General. It was posted by Noah Navarro with the subject "Re: What we love".

00:00 #$#hjelp

00:02 [General Communication] Anton Navarro transmits, "1 spot. Difs. Come stroke Gage's left shouter."

00:02 [General Communication] Michael Calaway transmits, "So motivating."

00:02 [General Communication] Gage Vieraah transmits, "Stroke it gud."

00:04 #$#hjelp

00:07 #$#hjelp

00:11 #$#hjelp

00:14 #$#hjelp

00:18 #$#hjelp

00:20 [Private | Auction Service] Auction Service transmits, "A new item is up for bid: A tan-and-white corgi (j17). Bids will start at 20,000,000.00 credits and the auction will end in 7 days. Good luck!"

00:21 #$#hjelp

00:25 #$#hjelp

00:28 #$#hjelp

00:32 #$#hjelp

00:33 [Newbie] Beatrice McPhee: Do new planets autogenerate?

00:33 [Newbie] Beatrice McPhee: Out of locals I mean.

00:35 #$#hjelp

00:39 #$#hjelp

00:42 #$#hjelp

00:46 #$#hjelp

00:49 #$#hjelp

00:53 #$#hjelp

00:56 #$#hjelp

01:00 #$#hjelp

01:03 #$#hjelp

01:07 #$#hjelp

01:10 #$#hjelp

01:14 #$#hjelp

01:17 [General Communication] Gage Vieraah transmits, "Mods?"

01:17 [General Communication] Cria Blur transmits an exciting burst of static.

01:17 [General Communication] Jessie Vargus transmits, "Me."

01:17 #$#hjelp

01:17 [General Communication] Gage Vieraah transmits, "3 more."

01:21 [General Communication] Gage Vieraah transmits, "Welp, so much for that."

01:21 #$#hjelp

01:24 #$#hjelp

01:28 #$#hjelp

01:31 #$#hjelp

01:35 #$#hjelp

01:35 Kitty Mars drifts off to sleep.

01:38 #$#hjelp

01:41 [General Communication] Renee Chance transmits, "Any missions?"

01:41 [General Communication] Cria Blur transmits, "Bzzrs, anyone?"

01:42 #$#hjelp

01:45 [General Communication] Cria Blur transmits, "Anyone bzzrs before I launch?"

01:45 #$#hjelp

01:49 #$#hjelp

01:52 #$#hjelp

01:56 #$#hjelp

01:59 #$#hjelp

02:03 #$#hjelp

02:06 #$#hjelp

02:10 #$#hjelp

02:13 #$#hjelp

02:17 #$#hjelp

02:20 #$#hjelp

02:24 #$#hjelp

02:27 #$#hjelp

02:31 #$#hjelp

02:34 #$#hjelp

02:38 #$#hjelp

02:41 #$#hjelp

02:45 #$#hjelp

02:48 #$#hjelp

02:52 #$#hjelp

02:52 A message board reader beeps quietly, indicating to you that there is a new message in General / Name Changes. It was posted by Pilot Registration Office with the subject "Ariela Brennar is now Ariela Marin".

02:52 A message board reader beeps quietly, indicating to you that there is a new message in General / Name Changes. It was posted by Pilot Registration Office with the subject "Gabriel Brennar is now Gabriel Marin".

02:55 #$#hjelp

02:59 #$#hjelp

03:03 #$#hjelp

03:06 #$#hjelp

03:10 #$#hjelp

03:13 #$#hjelp

03:17 #$#hjelp

03:20 #$#hjelp

03:22 [General Communication] Calyssa Calaway transmits, "Anyone want mods?"

03:22 [General Communication] Michael Calaway transmits, "No."

03:22 [General Communication] Calyssa Calaway transmits, "I need to be less broke."

03:22 [General Communication] Olivia Cantrell transmits, "I would."

03:22 [General Communication] Karen Terese transmits, "After this."

03:24 #$#hjelp

03:27 [General Communication] Lili Shannon transmits, "Can I get two spots for cruiser easies."

03:27 [General Communication] Olivia Cantrell transmits, "I'll go."

03:27 #$#hjelp

03:27 [General Communication] Lili Shannon transmits, "One."

03:28 [General Communication] Lili Shannon transmits, "One spot for cruiser easies."

03:28 [General Communication] Calyssa Calaway transmits, "I could just run mods."

03:28 [General Communication] Michael Calaway transmits, "No."

03:29 [General Communication] Lili Shannon transmits, "Do you have enough for mods?"

03:30 [General Communication] Karen Terese transmits, "If you've got room Amanda and I would go with you guys."

03:31 #$#hjelp

03:31 [General Communication] Calyssa Calaway transmits, "Sure thing will give bay in a sec."

03:31 [General Communication] Amanda Lynn cheers.

03:31 #$#soundpack social | cheers | female

03:31 [General Communication] Lili Shannon transmits, "I'm in for mods!"

03:34 [General Communication] Calyssa Calaway transmits, "Beta for mods."

03:34 #$#hjelp

03:34 [General Communication] Amanda Lynn transmits, "En route."

03:35 [General Communication] Calyssa Calaway transmits, "Need one more spot if someone isn't here."

03:36 [General Communication] Calyssa Calaway transmits, "Olivia you still coming?"

03:36 [General Communication] Calyssa Calaway transmits, "Never mind full."

03:38 #$#hjelp

03:39 From a thick white leather utility belt with several loops on it, you hear a red flight control scanner announce, "Rolukssica to Bellerophon flight control, ooh, nice shot! Er, I mean, I'm seeing some nonconventional weapon activity up here."

03:41 #$#hjelp

03:45 #$#hjelp

03:48 #$#hjelp

03:52 #$#hjelp

03:55 #$#hjelp

03:59 #$#hjelp

04:02 #$#hjelp

04:06 #$#hjelp

04:09 #$#hjelp

04:10 [General Communication] Michael Calaway transmits, "Head start, difs spots, crew?"

04:10 [General Communication] Olivia Cantrell transmits, "I'll go."

04:10 [General Communication] Renee Chance transmits, "Me."

04:10 [General Communication] Michael Calaway transmits, "Difs spots, 2!"

04:13 #$#hjelp

04:16 #$#hjelp

04:20 #$#hjelp

04:23 #$#hjelp

04:24 [General Communication] Michael Calaway transmits, "Ok counting for real since I've landed 3 spots difs."

04:25 [General Communication] Michael Calaway transmits, "3 spots difs!"

04:27 #$#hjelp

04:27 [Private | Calyssa Calaway] Calyssa Calaway transmits, "thank you for the mail"

04:28 [Private | Calyssa Calaway] Calyssa Calaway transmits, "oops mc"

04:30 [General Communication] Michael Calaway transmits, "1 spot difs?"

04:30 [General Communication] Olivia Cantrell transmits, "I'm in."

04:30 [General Communication] Michael Calaway transmits, "Beta."

04:30 #$#hjelp

04:31 [1] General

04:31 [2] Chatter
[3] Organization
[4] Private
[5] Alliance
[6] Newbie
[7] Tss (Channel 107.9)

Enter your selection:
[Type a line of input or `@abort' to abort the command.]

04:31 Last recorded transmissions for the private communication channel:
   (05/21/2363 7:09 p.m.) [Private | Auction Service] Auction Service transmits, "A new item is up for bid: A rotting bucket of thick green slop (u39). Bids will start at 100,000.00 credits and the auction will end in 1 minute. Good luck!"
   (05/21/2363 7:11 p.m.) [Private | Auction Service] Auction Service transmits, "A new item is up for bid: A rotting bucket of thick green slop (s40). Bids will start at 100,000.00 credits and the auction will end in 30 seconds. Good luck!"
   (05/21/2363 7:14 p.m.) [Private | Auction Service] Auction Service transmits, "A new item is up for bid: A rotting bucket of thick green slop (t87). Bids will start at 100,000.00 credits and the auction will end in 15 seconds. Good luck!"
   (05/21/2363 7:18 p.m.) [Private | Auction Service] Auction Service transmits, "A new item is up for bid: A rotting bucket of thick green slop (x51). Bids will start at 100,000.00 credits and the auction will end in 10 seconds. Good luck!"
   (5:00 a.m.) [Private | Abigail Starns] Abigail Starns transmits, "modds?"
   (10:09 a.m.) [Private | Joseph Navarro] Joseph Navarro transmits, "New diffs?"
   (2:07 p.m.) [Private | Auction Service] Auction Service transmits, "A new item is up for bid: A pair of black combat gloves (d42). Bids will start at 25,000,000.00 credits and the auction will end in 3 days. Good luck!"
   (5:20 p.m.) [Private | Auction Service] Auction Service transmits, "A new item is up for b
04:31 id: A tan-and-white corgi (j17). Bids will start at 20,000,000.00 credits and the auction will end in 7 days. Good luck!"
   (9:27 p.m.) [Private | Calyssa Calaway] Calyssa Calaway transmits, "thank you for the mail"
   (9:28 p.m.) [Private | Calyssa Calaway] Calyssa Calaway transmits, "oops mc"
Done.

04:32 From a thick white leather utility belt with several loops on it, you hear a red flight control scanner announce, "Flight control in Bellerophon, ooh, nice shot! Er, I mean, I'm seeing some nonconventional weapon activity up here."

04:34 [Private | Calyssa Calaway] Calyssa Calaway transmits, "hey"

04:34 [Private | Calyssa Calaway] Calyssa Calaway transmits, "arg mc"

04:35 #$#hjelp

04:38 #$#hjelp

04:42 #$#hjelp

04:45 #$#hjelp

04:49 #$#hjelp

04:52 #$#hjelp

04:56 #$#hjelp

04:57 A message board reader beeps quietly, indicating to you that there is a new message in General / Trading. It was posted by Alycen Hunter with the subject "Alien Receivers and Pieces for Sale".

04:59 #$#hjelp

05:03 #$#hjelp

05:06 From a thick white leather utility belt with several loops on it, you hear a red flight control scanner announce, "Flight control in Bellerophon, we're getting all kinds of funny readings up here. I'm guessing EM fire is being exchanged."

05:06 #$#hjelp

05:07 [General Communication] Michael Calaway transmits, "1 spot difs."

05:10 #$#hjelp

05:13 #$#hjelp

05:17 #$#hjelp

05:17 You lean in toward Kitty Mars and gently kiss her lips.

05:17 #$#soundpack social | kiss | male

05:20 You don't see that here.

05:20 #$#soundpack environment station | safe | light

05:20 [Apartment 25490; Bedroom] (lying on a rosewood king pillowtop bed)
You see a cozy little bedroom with carpet floors and drywall walls. The walls are painted white. The walls are covered in pastel wallpaper. You see a poster of a vast green field of clover with a large cloud of yellow and orange monarch butterflies floating above it and an enormous flower-shaped mirror in a smooth ivory frame carved with roses hanging on the wall.
You see an antique teak nightstand with a neon purple lily scented candle sitting on top of it, a wicker dresser, an antique teak chest, a fluffy blue cat, a tall rosewood entertainment center with several shelves surrounding a large central video screen, and a rosewood king pillowtop bed here.
You see Kitty Mars (lying on a rosewood king pillowtop bed) here, sleeping.
You can go northwest, north, and east.

05:24 #$#hjelp

05:27 #$#hjelp

05:31 #$#hjelp

05:34 #$#hjelp

05:36 A message board reader beeps quietly, indicating to you that there is a new message in OOC / Suggestions/Ideas. It was posted by Amy Draksen with the subject "It's for sale, but what is it?".

05:38 #$#hjelp

05:40 A message board reader beeps quietly, indicating to you that there is a new message in OOC / Suggestions/Ideas. It was posted by Alycen Hunter with the subject "Re: It's for sale, but what is it?".

05:41 A message board reader beeps quietly, indicating to you that there is a new message in OOC / Suggestions/Ideas. It was posted by Calyssa Calaway with the subject "Re: It's for sale, but what is it?".

05:41 #$#hjelp

05:45 #$#hjelp

05:48 #$#hjelp

05:52 #$#hjelp

05:55 #$#hjelp

05:59 #$#hjelp

06:02 #$#hjelp

06:06 #$#hjelp

06:09 #$#hjelp

06:13 #$#hjelp

06:16 #$#hjelp

06:20 #$#hjelp

06:23 #$#hjelp

06:27 #$#hjelp

06:30 #$#hjelp

06:34 #$#hjelp

06:37 #$#hjelp

06:41 #$#hjelp

06:44 #$#hjelp

06:48 #$#hjelp

06:51 #$#hjelp

06:55 #$#hjelp

06:58 #$#hjelp

07:02 #$#hjelp

07:05 #$#hjelp

07:09 #$#hjelp

07:12 #$#hjelp

07:16 #$#hjelp

07:19 #$#hjelp

07:23 #$#hjelp

07:26 #$#hjelp

07:30 #$#hjelp

07:33 #$#hjelp

07:37 #$#hjelp

07:40 #$#hjelp

07:44 #$#hjelp

07:47 #$#hjelp

07:51 #$#hjelp

07:54 #$#hjelp

07:58 #$#hjelp

08:01 #$#hjelp

08:05 #$#hjelp

08:08 #$#hjelp

08:12 #$#hjelp

08:15 #$#hjelp

08:19 #$#hjelp

08:22 #$#hjelp

08:26 #$#hjelp

08:29 #$#hjelp

08:33 #$#hjelp

08:36 #$#hjelp

08:40 #$#hjelp

08:43 #$#hjelp

08:47 #$#hjelp

08:50 #$#hjelp

08:54 #$#hjelp

08:57 #$#hjelp

09:01 #$#hjelp

09:04 #$#hjelp

09:08 #$#hjelp

09:11 #$#hjelp

09:15 #$#hjelp

09:18 #$#hjelp

09:22 #$#hjelp

09:25 #$#hjelp

09:29 #$#hjelp

09:32 #$#hjelp

09:36 #$#hjelp

09:39 #$#hjelp

09:43 #$#hjelp

09:46 A message board reader beeps quietly, indicating to you that there is a new message in General / General. It was posted by Ryan Salvatore with the subject "Re: To jason harkness".

09:46 #$#hjelp

09:50 #$#hjelp

09:53 #$#hjelp

09:57 #$#hjelp

10:00 #$#hjelp

10:04 #$#hjelp

10:07 #$#hjelp

10:11 #$#hjelp

10:14 #$#hjelp

10:18 #$#hjelp

10:21 #$#hjelp

10:25 #$#hjelp

10:28 #$#hjelp

10:32 #$#hjelp

10:35 #$#hjelp

10:39 #$#hjelp

10:42 #$#hjelp

10:46 #$#hjelp

10:49 #$#hjelp

10:53 #$#hjelp

10:56 #$#hjelp

11:00 #$#hjelp

11:03 #$#hjelp

11:07 #$#hjelp

11:10 #$#hjelp

11:14 #$#hjelp

11:17 #$#hjelp

11:21 #$#hjelp

11:24 #$#hjelp

11:28 #$#hjelp

11:31 #$#hjelp

11:35 #$#hjelp

11:38 #$#hjelp

11:42 #$#hjelp

11:45 #$#hjelp

11:49 #$#hjelp

11:52 #$#hjelp

11:56 #$#hjelp

11:59 #$#hjelp

12:03 #$#hjelp

12:06 #$#hjelp

12:10 #$#hjelp

12:13 #$#hjelp

12:17 #$#hjelp

12:20 #$#hjelp

12:22 [Private | Auction Service] Auction Service transmits, "A new item is up for bid: A delicate golden chain with a red-haired angel figurine hanging from it (n62). Bids will start at 20,000,000.00 credits and the auction will end in 3 days. Good luck!"

12:24 #$#hjelp

12:27 #$#hjelp

12:31 #$#hjelp

12:34 #$#hjelp

12:38 #$#hjelp

12:41 #$#hjelp

12:45 #$#hjelp

12:48 #$#hjelp

12:52 #$#hjelp

12:55 #$#hjelp

12:59 #$#hjelp

13:02 #$#hjelp

13:06 #$#hjelp

13:09 #$#hjelp

13:13 #$#hjelp

13:16 #$#hjelp

13:18 [Newbie] Lili Shannon: Where can I find out where to gas giant atmo salvage?

13:19 [Newbie] Doraleigh Soto: You can fly around and explore or find other people who do it and ask.

13:20 #$#hjelp

13:23 #$#hjelp

13:27 #$#hjelp

13:30 #$#hjelp

13:34 #$#hjelp

13:37 #$#hjelp

13:41 #$#hjelp

13:44 #$#hjelp

13:48 #$#hjelp

13:51 #$#hjelp

13:55 #$#hjelp

13:58 #$#hjelp

14:02 #$#hjelp

14:05 #$#hjelp

14:09 #$#hjelp

14:12 #$#hjelp

14:16 #$#hjelp

14:19 #$#hjelp

14:23 #$#hjelp

14:26 #$#hjelp

14:30 #$#hjelp

14:33 #$#hjelp

14:37 #$#hjelp

14:40 #$#hjelp

14:44 #$#hjelp

14:47 #$#hjelp

14:50 [General Communication] Gabriel Marin transmits, "Spots for anything and everything."

14:51 [General Communication] Gabriel Marin transmits, "Mods!"

14:51 [General Communication] Gabriel Marin transmits, "5 spots?"

14:51 #$#hjelp

14:52 [General Communication] Gabriel Marin transmits, "How tremendously disappointing."

14:53 [General Communication] Gabriel Marin transmits, "Bzzrs?"

14:53 [General Communication] Cria Blur transmits, "Lets go."

14:53 [General Communication] Lili Shannon transmits, "Sure."

14:54 #$#hjelp

14:55 [General Communication] Gabriel Marin transmits, "Alpha."

14:57 [General Communication] Gabriel Marin transmits, "Anyone else for Bzzrs."

14:58 #$#hjelp

14:58 [General Communication] Lili Shannon transmits, "On my way."

15:00 [General Communication] Lili Shannon transmits, "Here."

15:01 #$#hjelp

15:04 [Private | Abigail Starns] Abigail Starns transmits, "hey"

15:05 #$#hjelp

15:08 #$#hjelp

15:12 #$#hjelp

15:15 #$#hjelp

15:19 #$#hjelp

15:22 #$#hjelp

15:23 A message board reader beeps quietly, indicating to you that there is a new message in OOC / Suggestions/Ideas. It was posted by Jason Harkness with the subject "Re: It's for sale, but what is it?".

15:26 #$#hjelp

15:29 #$#hjelp

15:33 #$#hjelp

15:36 #$#hjelp

15:40 #$#hjelp

15:43 #$#hjelp

15:47 #$#hjelp

15:50 #$#hjelp

15:54 #$#hjelp

15:55 A message board reader beeps quietly, indicating to you that there is a new message in OOC / Suggestions/Ideas. It was posted by Victor with the subject "Re: It's for sale, but what is it?".

15:57 #$#hjelp

15:58 [General Communication] Joseph Navarro transmits, "Could I get people for mods?"

15:58 [General Communication] Renee Chance transmits, "Yes."

15:58 [General Communication] Joseph Navarro coughs and transmits, "4 more maybe?"

15:58 #$#soundpack social | cough | male

15:58 [General Communication] Amy Draksen transmits, "Ok."

16:00 A message board reader beeps quietly, indicating to you that there is a new message in OOC / Suggestions/Ideas. It was posted by Albori with the subject "Re: It's for sale, but what is it?".

16:00 [General Communication] Joseph Navarro transmits, "3 spots maybe?"

16:01 #$#hjelp

16:02 [General Communication] Joseph Navarro transmits, "2 spots mods."

16:04 #$#hjelp

16:06 [General Communication] Joseph Navarro transmits, "1 spot mods!"

16:08 #$#hjelp

16:08 [General Communication] Joseph Navarro transmits, "Delta for mods!"

16:11 [General Communication] Joseph Navarro transmits, "Last call, one spot."

16:11 [General Communication] Leeann Blade transmits, "Me."

16:11 [General Communication] Joseph Navarro transmits, "Nice. Delta."

16:11 #$#hjelp

16:15 #$#hjelp

16:18 #$#hjelp

16:22 #$#hjelp

16:25 #$#hjelp

16:27 [General Communication] Joseph Navarro transmits, "One spot mods."

16:27 [General Communication] Cody Williams transmits, "Mine."

16:27 [General Communication] Joseph Navarro cheers.

16:27 #$#soundpack social | cheers | male

16:28 [General Communication] Joseph Navarro transmits, "Alpha."

16:28 [General Communication] Cody Williams transmits, "On my way."

16:29 #$#hjelp

16:32 #$#hjelp

16:36 #$#hjelp

16:39 #$#hjelp

16:43 #$#hjelp

16:43 [General Communication] Joseph Navarro transmits, "One spot mods."

16:46 [General Communication] Joseph Navarro transmits, "Last call, one spot."

16:46 [General Communication] Cria Blur transmits, "Me."

16:46 [General Communication] Joseph Navarro transmits, "Oh nice."

16:46 #$#hjelp

16:47 [General Communication] Cria Blur transmits, "Bay?"

16:47 [General Communication] Joseph Navarro transmits, "Gamma."

16:47 [General Communication] Joseph Navarro transmits, "One more spot."

16:48 [General Communication] Joseph Navarro transmits, "Last call. One spot mods."

16:50 #$#hjelp

16:52 [TSS] Calyssa Calaway transmits, "New metaf time guys."

16:52 [TSS] Calyssa Calaway transmits, "59.44."

16:53 #$#hjelp

16:55 [TSS] Calyssa Calaway transmits, "Actually new metaf is 416.15."

16:57 #$#hjelp

16:57 [Frequency 107.9] Scott Franklin transmits an exciting burst of static.

16:57 [Frequency 107.9] Scott Franklin screams, "HI."

16:57 #$#soundpack social | scream | male

16:58 [General Communication] Joseph Navarro transmits, "2 spots mods."

16:59 [General Communication] Joseph Navarro transmits, "2 spots mods. One is eng."

16:59 [General Communication] Primus ElCielo transmits, "Eng me."

16:59 [General Communication] Joseph Navarro transmits, "Delta."

17:00 [General Communication] Noah Navarro transmits, "Eng."

17:00 [General Communication] Noah Navarro transmits, "Fight me for it."

17:00 [General Communication] Joseph Navarro transmits, "I like Primus better."

17:00 [General Communication] Cria Blur transmits, "Get noah!"

17:00 #$#hjelp

17:01 [General Communication] Joseph Navarro transmits, "One spot mods."

17:03 [General Communication] Joseph Navarro transmits, "One spot mods."

17:03 [General Communication] Noah Navarro transmits, "Me."

17:03 [General Communication] Joseph Navarro transmits, "No you suck."

17:03 [General Communication] Joseph Navarro screams, "ONE SPOT MODS."

17:03 #$#soundpack social | scream | male

17:03 [General Communication] Noah Navarro transmits, "Me."

17:03 [General Communication] Noah Navarro transmits, "I'll gun."

17:04 [General Communication] Joseph Navarro transmits, "No not you."

17:04 [General Communication] Joseph Navarro transmits, "Oh."

17:04 [General Communication] Joseph Navarro transmits, "Ok then."

17:04 [General Communication] Noah Navarro transmits, "Too late you said not me."

17:04 [General Communication] Noah Navarro transmits, "I'm hurt now."

17:04 #$#hjelp

17:04 [General Communication] Joseph Navarro transmits, "One spot mods."

17:05 [General Communication] Lili Shannon transmits, "Me."

17:05 [General Communication] Joseph Navarro cheers.

17:05 #$#soundpack social | cheers | male

17:05 [General Communication] Joseph Navarro transmits, "Delta."

17:07 #$#hjelp

17:11 #$#hjelp

17:14 #$#hjelp

17:18 #$#hjelp

17:21 #$#hjelp

17:25 #$#hjelp

17:28 #$#hjelp

17:32 #$#hjelp

17:33 [General Communication] Joseph Navarro transmits, "One spot mods."

17:34 [General Communication] Joseph Navarro transmits, "One spot mods."

17:35 [General Communication] Joseph Navarro transmits, "2 spots mods."

17:35 #$#hjelp

17:36 [General Communication] Joseph Navarro transmits, "2 spots mods!"

17:36 [General Communication] Calyssa Calaway transmits, "Eng?"

17:36 [General Communication] Joseph Navarro transmits, "...no."

17:37 [General Communication] Calyssa Calaway transmits, "Well figured I'd ask."

17:38 [General Communication] Joseph Navarro transmits, "They might even be the highguard courier mods, if you're into that, people! You know, old diff payout for 9 minute times!"

17:39 #$#hjelp

17:40 [General Communication] Joseph Navarro transmits, "Last call, 2 spots mods."

17:42 #$#hjelp

17:46 #$#hjelp

17:49 #$#hjelp

17:53 #$#hjelp

17:56 #$#hjelp

18:00 #$#hjelp

18:02 [Newbie] John Romally: Is there anyway to format the room description text to have spaces between paragraphs or one liners? Super difficult to read with large walls of white text.

18:03 #$#hjelp

18:07 #$#hjelp

18:08 [Newbie] Victor: Not currently, but you can color lines in the room (room title, contents, players, sleeping players, etc) so you can pick them out quicker from the other output. Check out COLOR-OPTIONS.

18:09 [Newbie] John Romally: Yeah, I found the ANSI Color command. Trying to sort everything out. I'm gonna be here for a long time. Thanks bud.

18:10 #$#hjelp

18:14 #$#hjelp

18:17 #$#hjelp

18:21 #$#hjelp

18:24 #$#hjelp

18:25 [Private | Abigail Starns] Abigail Starns transmits, "Uh, no. I'm afraid I don't understand you."

18:25 [Private | Abigail Starns] Abigail Starns transmits, "Ahaha no that's Abigail masters."

18:25 [Private | Abigail Starns] Abigail Starns transmits, "mc"

18:28 #$#hjelp

18:31 #$#hjelp

18:35 #$#hjelp

18:38 #$#hjelp

18:41 Leeann Blade has deleted her communication link with you.

18:42 #$#hjelp

18:45 #$#hjelp

18:49 #$#hjelp

18:52 #$#hjelp

18:56 #$#hjelp

18:59 #$#hjelp

19:03 #$#hjelp

19:06 #$#hjelp

19:10 #$#hjelp

19:13 #$#hjelp

19:14 [Short-range Communication] Anton Navarro transmits, "It's what you get for walking like a slag."

19:17 #$#hjelp

19:20 #$#hjelp

19:24 #$#hjelp

19:27 #$#hjelp

19:31 #$#hjelp

19:34 #$#hjelp

19:37 [Newbie] John Romally: I'm having difficulty finding the option to change the room description color. I'll look at the ANSI COLOR option again, but I don't think one is listed?

19:38 #$#hjelp

19:39 [TSS] Calyssa Calaway transmits, "Tibo you alive? Haven't heard from you for awhile."

19:39 A compact gold Lore computer beeps quietly, indicating that its TransLink tracking functionality has been activated.

19:42 #$#hjelp

19:45 [Newbie] Albori: There didn't seem to be one, but now there is! COLOR-OPTION 35. I also added ROOM-OPTION 21 for blank lines, but I may have been misunderstanding what you were asking for.

19:45 #$#hjelp

19:46 [Newbie] John Romally: I'll check them both out! Thanks! Will report back soon.

19:48 [Newbie] John Romally: Fantastic work sir. Good show! Works wonderfully! Thanks so much!

19:48 [Newbie] Albori: Most excellent! You're welcome.

19:49 #$#hjelp

19:52 #$#hjelp

19:53 [General Communication] Anton Navarro transmits, "8 spots. Difs."

19:53 [General Communication] Cria Blur transmits, "Eng."

19:54 [General Communication] Leeann Blade transmits, "Me."

19:54 [General Communication] Noah Navarro transmits, "Me."

19:56 #$#hjelp

19:59 [General Communication] Anton Navarro transmits, "Spots. Difs."

19:59 #$#hjelp

20:03 #$#hjelp

20:06 [General Communication] Renee Chance transmits, "Any missions?"

20:06 #$#hjelp

20:06 A message board reader beeps quietly, indicating to you that there is a new message in General / Trading. It was posted by Alycen Hunter with the subject "House for Sale".

20:10 #$#hjelp

20:13 #$#hjelp

20:15 [General Communication] Anton Navarro transmits, "8 spots. Difs."

20:15 [General Communication] Renee Chance transmits, "Me."

20:15 [General Communication] Jessica Yobi transmits, "Eng."

20:15 [General Communication] Anton Navarro transmits, "Difs off."

20:16 [General Communication] Jessica Yobi laughs.

20:16 #$#soundpack social | laugh | female

20:17 #$#hjelp

20:20 #$#hjelp

20:23 [Newbie] Emily Mcmanomy: Where do I go and change the name of a house.

20:24 #$#hjelp

20:27 #$#hjelp

20:28 [General Communication] Anton Navarro transmits, "Fighter mod race."

20:28 [General Communication] Joseph Navarro transmits, "I'll join if it's more than just you and me."

20:28 [General Communication] Anton Navarro transmits, "Fighter or run about race come one, come all."

20:29 [General Communication] Cria Blur transmits, "I don't got skills for doing them, maybe nexttime."

20:29 [General Communication] Noah Navarro transmits, "I heard Redgie Sandler is interested in coming."

20:29 [General Communication] Calyssa Calaway transmits, "Cally wants advance."

20:29 [General Communication] Joseph Navarro transmits, "I'd run if I could get crew. Though uh, maybe in 30 minutes."

20:29 [General Communication] Calyssa Calaway transmits, "She'll even gun or do ground."

20:29 [General Communication] Renee Chance transmits, "Renee agrees with Caly."

20:30 [General Communication] Noah Navarro transmits, "Noah will run advanced."

20:30 [General Communication] Noah Navarro transmits, "9 spots."

20:30 [General Communication] Calyssa Calaway cheers.

20:30 #$#soundpack social | cheers | female

20:30 [General Communication] Michael Calaway transmits, "I me, me and I."

20:30 [General Communication] Renee Chance transmits, "Renee."

20:30 [General Communication] Calyssa Calaway transmits, "I think your all mocking me."

20:31 #$#hjelp

20:31 [General Communication] Renee Chance transmits, "Nope. Lovingly copying you."

20:34 #$#hjelp

20:38 #$#hjelp

20:39 [General Communication] Calyssa Calaway transmits, "Do we have a bay?"

20:39 [General Communication] Joseph Navarro transmits, "I don't think he got enough crew."

20:39 [General Communication] Calyssa Calaway transmits, "Sad days."

20:41 #$#hjelp

20:44 A message board reader beeps quietly, indicating to you that there is a new message in General / Name Changes. It was posted by Pilot Registration Office with the subject "Jessica Yobi is now Jessica Marin".

20:45 #$#hjelp

20:46 [General Communication] Calyssa Calaway transmits, "Anyone want mods then?"

20:46 [General Communication] Calyssa Calaway transmits, "Need 4 spots."

20:47 [General Communication] Calyssa Calaway transmits, "Come on if we don't take out praelor this way, we will be forced to in an invasion later."

20:48 [Newbie] Beatrice McPhee: Can someone give me an example of something classified as a drink mix in the game? I know how they work in RL, but not sure if it's the same in the game.

20:48 [Newbie] Beatrice McPhee: Sorry for asking something that might be painfully obvious.

20:48 #$#hjelp

20:48 [Newbie] Jason Harkness: It's something like sugar packets, caramel, things like that. I want to say it's Fireside Retreat on Miriani has them.

20:49 [Newbie] Amy Draksen: Sounds correct.

20:49 [Newbie] Calyssa Calaway: Ah I wasn't sure of that myself.

20:49 [Newbie] Beatrice McPhee: I'll check it out. I just want to see how they work to see how best to add them to my bot.

20:49 [Newbie] Beatrice McPhee: Thanks.

20:49 [Newbie] Jason Harkness: Basically, you add it to a drink, so the drink becomes a whatever mixed with thus and such.

20:50 [Newbie] Beatrice McPhee: Hmm, thank you.

20:52 #$#hjelp

20:52 [Newbie] Beatrice McPhee: So if you have donator status, and you're working on something in the labs...if your status goes away, does your object get cleared, or will you still hae it when you are granted access to the lab again?

20:52 [Newbie] Calyssa Calaway: Nope it stays there.

20:52 [Newbie] Renee Chance: Was wondering the same thing.

20:52 [Newbie] Jason Harkness: It also works with tradesman certificates. So you can use that to submit.

20:52 [Newbie] Calyssa Calaway: Because you don't have to be a donator to use it.

20:53 [Newbie] Scott Franklin: Oh wow, interesting. Didn't know that.

20:53 [Newbie] Beatrice McPhee: Wiat, you can use your cert to submit things from the lab? And I didn't know you didn't have to be a domator to access the labs.

20:53 [Newbie] Emily Mcmanomy: Yes.

20:53 [Newbie] Emily Mcmanomy: You can have certs to.

20:54 [Newbie] Emily Mcmanomy: And even if you not a donator.

20:55 #$#hjelp

20:59 #$#hjelp

21:02 #$#hjelp

21:02 [General Communication] Calyssa Calaway transmits, "Anyone, want any missions? Mods, diffs, advance, something?"

21:03 [General Communication] Gabriel Marin transmits, "...Eng?"

21:03 [General Communication] Joseph Navarro transmits, "No I want eng."

21:03 [General Communication] Cria Blur transmits, "Eng."

21:03 [General Communication] Primus ElCielo transmits, "Cruiser diffs bro."

21:03 [General Communication] Calyssa Calaway transmits, "Ok, well, sorry I asked."

21:03 [General Communication] Calyssa Calaway transmits, "Atmo time."

21:06 #$#hjelp

21:09 [Private | Abigail Starns] Abigail Starns transmits, "hi"

21:09 [Private | Abigail Starns] Abigail Starns transmits, "modds?"

21:09 #$#hjelp

21:10 [General Communication] Calyssa Calaway transmits, "7 spots diffs."

21:10 [General Communication] Calyssa Calaway transmits, "Don't all sign up at once now."

21:10 [General Communication] Anton Navarro transmits, "Eng."

21:10 [General Communication] Noah Navarro transmits, "I can go in about 30 men or so."

21:10 [General Communication] Leeann Blade transmits, "Me after my solo."

21:11 [General Communication] Joseph Navarro transmits, "I'll fight you for eng, Anton."

21:11 [General Communication] Calyssa Calaway transmits, "Not including joseph."

21:11 [General Communication] Calyssa Calaway transmits, "We need 5 more."

21:11 [General Communication] Michael Calaway snickers.

21:11 #$#soundpack social | snicker | male

21:11 [General Communication] Primus ElCielo transmits, "I'll fight you for Anton, Joseph."

21:11 [General Communication] Renee Chance transmits, "Me."

21:11 [General Communication] Calyssa Calaway transmits, "Erm noah sorry."

21:11 [General Communication] Calyssa Calaway transmits, "All you guys sound the same to me."

21:11 [General Communication] Calyssa Calaway transmits, "4 spots now."

21:11 [General Communication] Joseph Navarro transmits, "I was about to say!"

21:12 [General Communication] Calyssa Calaway transmits, "4 spots."

21:13 #$#hjelp

21:13 A message board reader beeps quietly, indicating to you that there is a new message in OOC / Suggestions/Ideas. It was posted by Anton Navarro with the subject "Safe Atmo or not.".

21:16 #$#hjelp

21:17 [General Communication] Calyssa Calaway transmits, "4 spots still."

21:19 A message board reader beeps quietly, indicating to you that there is a new message in General / General. It was posted by Allon Martellato with the subject "Re: Proposal From The Commonwealth".

21:19 A message board reader beeps quietly, indicating to you that there is a new message in General / Trading. It was posted by Calyssa Calaway with the subject "selling a few things".

21:20 #$#hjelp

21:21 A message board reader beeps quietly, indicating to you that there is a new message in General / Trading. It was posted by Dorion Hunter with the subject "Re: selling a few things".

21:22 A message board reader beeps quietly, indicating to you that there is a new message in General / Trading. It was posted by Iris Matthews with the subject "Re: selling a few things".

21:23 #$#hjelp

21:24 A message board reader beeps quietly, indicating to you that there is a new message in OOC / Suggestions/Ideas. It was posted by Noah Navarro with the subject "Re: Safe Atmo or not.".

21:25 A message board reader beeps quietly, indicating to you that there is a new message in General / Trading. It was posted by Calyssa Calaway with the subject "Re: selling a few things".

21:26 A message board reader beeps quietly, indicating to you that there is a new message in General / Trading. It was posted by Iris Matthews with the subject "Re: selling a few things".

21:27 #$#hjelp

21:27 A message board reader beeps quietly, indicating to you that there is a new message in OOC / Suggestions/Ideas. It was posted by Will Carter with the subject "Re: Safe Atmo or not.".

21:30 #$#hjelp

21:33 A message board reader beeps quietly, indicating to you that there is a new message in OOC / Suggestions/Ideas. It was posted by Gabriel Marin with the subject "Re: Safe Atmo or not.".

21:34 #$#hjelp

21:37 #$#hjelp

21:39 [Private | Auction Service] Auction Service transmits, "A new item is up for bid: A large metallic blue egg-shaped hovercraft (q22). Bids will start at 45,000,000.00 credits and the auction will end in 1 day. Good luck!"

21:41 #$#hjelp

21:44 #$#hjelp

21:48 #$#hjelp

21:49 [General Communication] Joseph Navarro transmits, "Did any sort of missions ever get underway?"

21:49 [General Communication] Calyssa Calaway transmits, "Sadly no."

21:49 A message board reader beeps quietly, indicating to you that there is a new message in General / General. It was posted by Fawkes Fogwell with the subject "Re: Proposal From The Commonwealth".

21:49 [General Communication] Joseph Navarro transmits, "Who all would be interesting in anything? I can run depending on interest."

21:49 [General Communication] Joseph Navarro transmits, "Interested."

21:50 [General Communication] Calyssa Calaway transmits, "Mikey and I would show up for advance."

21:50 [General Communication] Jessica Marin transmits, "Advance is ok for me too."

21:51 [General Communication] Joseph Navarro transmits, "5 spots advanceds. Or maybe 6."

21:51 [General Communication] Joseph Navarro transmits, "Anyone else?"

21:51 [General Communication] Juliette Blackthorn transmits, "Me."

21:51 #$#hjelp

21:52 [General Communication] Joseph Navarro transmits, "5 or 4, still sorting out some things. I'll also go undercrewed by 2, so if I can get 3 more."

21:55 #$#hjelp

21:58 #$#hjelp

22:01 [General Communication] Joseph Navarro transmits, "Ok yeah advanceds off. Sorry guys. Crewing is like pulling teeth."

22:02 #$#hjelp

22:05 #$#hjelp

22:09 #$#hjelp

22:09 Announcement: Atmospheric salvaging has been temporarily disabled for upcoming rebalancing. It will be back soon.

22:11 [Private | Auction Service] Auction Service transmits, "A new item is up for bid: Sally the portable salon (c88). Bids will start at 5,000,000.00 credits and the auction will end in 1 day. Good luck!"

22:12 #$#hjelp

22:12 [General Communication] Cria Blur transmits, "9 spots, difs."

22:13 [General Communication] Jessica Marin transmits, "Me."

22:13 [General Communication] Cria Blur transmits, "8 more!"

22:16 #$#hjelp

22:16 [Newbie] Calyssa Calaway: Is all planitary salvaging disabled or just atmospheric?

22:16 [Newbie] Cara West: It all is.

22:17 [Newbie] Calyssa Calaway: So aquatic and gass as well?

22:18 [Newbie] Cara West: I asked that on 500 and yes all of it. And I did just say all of it in answer to your question.

22:18 [Newbie] Calyssa Calaway: Well, was just making sure since I was on my way out.

22:19 #$#hjelp

22:23 #$#hjelp

22:26 #$#hjelp

22:30 #$#hjelp

22:33 #$#hjelp

22:37 #$#hjelp

22:40 #$#hjelp

22:44 #$#hjelp

22:47 #$#hjelp

22:51 #$#hjelp

22:54 #$#hjelp

22:58 #$#hjelp

23:01 #$#hjelp

23:05 #$#hjelp

23:08 #$#hjelp

23:12 #$#hjelp

23:15 #$#hjelp

23:19 #$#hjelp

23:22 #$#hjelp

23:26 #$#hjelp

23:28 [Newbie] Beatrice McPhee: Is there a way to see what socials do without actually doing them?

23:29 [Newbie] Renee Chance: All I know is you can type @socials. Also if you're alone in your ship you can try them out. That's what I've done. Hope this helps.

23:29 #$#hjelp

23:33 #$#hjelp

23:33 A message board reader beeps quietly, indicating to you that there is a new message in OOC / Announcements. It was posted by Victor with the subject "Atmospheric Salvager Rebalancing with a Side of Cheesecake".

23:34 Announcement: Atmospheric salvaging has been reenabled, with some caveats! See board post 87455 for more information.

23:36 #$#hjelp

23:39 A message board reader beeps quietly, indicating to you that there is a new message in OOC / Gameplay Concerns. It was posted by Emily Mcmanomy with the subject "Re: Atmospheric Balancing".

23:40 #$#hjelp

23:41 A message board reader beeps quietly, indicating to you that there is a new message in OOC / Gameplay Concerns. It was posted by Cara West with the subject "Re: Atmospheric Balancing".

23:43 A message board reader beeps quietly, indicating to you that there is a new message in OOC / Gameplay Concerns. It was posted by Hector Salvatore with the subject "Re: Atmospheric Balancing".

23:43 #$#hjelp

23:44 A message board reader beeps quietly, indicating to you that there is a new message in OOC / Gameplay Concerns. It was posted by David Sisco with the subject "Re: Atmospheric Balancing".

23:47 #$#hjelp

23:50 #$#hjelp

23:52 A message board reader beeps quietly, indicating to you that there is a new message in OOC / Gameplay Concerns. It was posted by Emily Mcmanomy with the subject "Re: Atmospheric Balancing".

23:52 [Newbie] Calyssa Calaway: So since atmo salvaging has been changed, does this mean you can't land and regular atmo on an aquatic planet? Just curious how that works now.

23:54 #$#hjelp

23:57 #$#hjelp

