00:00 From a thick white leather utility belt with several loops on it, you hear a red flight control scanner announce, "Flight control in Strages, I've been told that I should be more serious, so I am here to factually report that a Praelor starship has been critically damaged and has suffered a catastrophic outer hull breach, resulting in a fatal destruction event. End report."

00:01 From a thick white leather utility belt with several loops on it, you hear a red flight control scanner announce, "Flight control in Strages, roses are red, violets are blue, a Praelor just died, you know that it's true!"

00:01 From a thick white leather utility belt with several loops on it, you hear a red flight control scanner announce, "Flight control in Strages, we're reading weapon fire."

00:01 #$#hjelp

00:01 From a thick white leather utility belt with several loops on it, you hear a red flight control scanner announce, "Griswold to Strages flight control, what do you get when you combine a laser with a Praelor? A dead Praelor."

00:02 From a thick white leather utility belt with several loops on it, you hear a red flight control scanner announce, "Flight control in Strages, biological indicators down here must be on the fritz. They seem to think that Praelor debris from that ship that just blew is still alive."

00:02 From a thick white leather utility belt with several loops on it, you hear a red flight control scanner announce, "Preplanus to Strages flight control, we're reading a rather violent explosion along with high concentrations of organic debris. Looks like a Praelor starship just had an aneurism."

00:02 From a thick white leather utility belt with several loops on it, you hear a red flight control scanner announce, "Griswold to Strages flight control, another Praelor starship has been exterminated. This isn't war, it's pest control!"

00:03 From a thick white leather utility belt with several loops on it, you hear a red flight control scanner announce, "Flight control in Strages, there's been an attack in the sector."

00:03 From a thick white leather utility belt with several loops on it, you hear a red flight control scanner announce, "Flight control in Strages, there's a dead Praelor out here. Repeat, a dead Praelor."

00:03 From a thick white leather utility belt with several loops on it, you hear a red flight control scanner announce, "Preplanus to Strages flight control, ohhh say can you seeee! That a Praelor just diiiiied."

00:03 From a thick white leather utility belt with several loops on it, you hear a red flight control scanner announce, "Griswold to Strages flight control, did you see that?! Nice shot! That Praelor is down for the count."

00:03 From a thick white leather utility belt with several loops on it, you hear a red flight control scanner announce, "Flight control in Strages, we're being invaded by Praelor spleens. Er, Praelor starship destroyed."

00:04 From a thick white leather utility belt with several loops on it, you hear a red flight control scanner announce, "Preplanus to Strages flight control, we're reading a rather violent explosion along with high concentrations of organic debris. Looks like a Praelor starship just had an aneurism."

00:04 From a thick white leather utility belt with several loops on it, you hear a red flight control scanner announce, "Flight control in Strages, the Praelor are superior in only one respect. They are better at dying."

00:04 #$#hjelp

00:05 From a thick white leather utility belt with several loops on it, you hear a red flight control scanner announce, "Flight control in Strages, reporting that all Praelor do not go to heaven. Especially not the one that just got destroyed."

00:05 From a thick white leather utility belt with several loops on it, you hear a red flight control scanner announce, "Preplanus to Strages flight control, weapons have been discharged up there!"

00:05 From a thick white leather utility belt with several loops on it, you hear a red flight control scanner announce, "Preplanus to Strages flight control, somebody just got destroyed out there. Judging by the floating entrails, I'm guessing it wasn't one of ours..."

00:05 From a thick white leather utility belt with several loops on it, you hear a red flight control scanner announce, "Flight control in Strages, we have a joke for you. Why did the Praelor cross alliance space? To die."

00:06 From a thick white leather utility belt with several loops on it, you hear a red flight control scanner announce, "Flight control in Strages, ohhh say can you seeee! That a Praelor just diiiiied."

00:06 [General Communication] Anton Navarro transmits, "34 clear."

00:07 [General Communication] Chet Daniels transmits, "All the non-FC sectors looking clear."

00:07 [General Communication] Cria Blur cheers.

00:07 #$#soundpack social | cheers | male

00:08 #$#hjelp

00:11 #$#hjelp

00:15 #$#hjelp

00:18 #$#hjelp

00:22 #$#hjelp

00:25 #$#hjelp

00:29 #$#hjelp

00:32 #$#hjelp

00:36 #$#hjelp

00:39 #$#hjelp

00:43 #$#hjelp

00:46 #$#hjelp

00:50 #$#hjelp

00:53 #$#hjelp

00:57 #$#hjelp

01:00 #$#hjelp

01:04 #$#hjelp

01:07 #$#hjelp

01:11 #$#hjelp

01:14 #$#hjelp

01:18 #$#hjelp

01:18 From a thick white leather utility belt with several loops on it, you hear a red flight control scanner announce, "Rolukssica to Bellerophon flight control, a Commonwealth starship has fired on a Hale starship."

01:19 [Short-range Communication] Anton Navarro whines.

01:19 #$#soundpack social | whines | male

01:19 [Short-range Communication] Amy Draksen yowls.

01:19 #$#soundpack social | yowl | female

01:21 [General Communication] David Sisco transmits, "Any missions?"

01:21 #$#hjelp

01:22 From a thick white leather utility belt with several loops on it, you hear a red flight control scanner announce, "Flight control in Bellerophon, we're detecting shots fired on a Hale starship by a Commonwealth starship."

01:25 #$#hjelp

01:28 #$#hjelp

01:29 From a thick white leather utility belt with several loops on it, you hear a red flight control scanner announce, "Flight control in Bellerophon, we're reading shots fired by a Commonwealth starship at a Hale starship!"

01:30 From a thick white leather utility belt with several loops on it, you hear a red flight control scanner announce, "Flight control in Bellerophon, a Commonwealth starship is under attack by a Hale starship!"

01:32 #$#hjelp

01:33 From a thick white leather utility belt with several loops on it, you hear a red flight control scanner announce, "Flight control in Bellerophon, a Hale starship is firing at a Commonwealth starship."

01:35 #$#hjelp

01:39 #$#hjelp

01:42 #$#hjelp

01:46 #$#hjelp

01:49 #$#hjelp

01:53 #$#hjelp

01:56 #$#hjelp

02:00 #$#hjelp

02:03 #$#hjelp

02:07 #$#hjelp

02:10 #$#hjelp

02:14 #$#hjelp

02:17 #$#hjelp

02:21 #$#hjelp

02:24 #$#hjelp

02:28 #$#hjelp

02:31 #$#hjelp

02:35 #$#hjelp

02:38 #$#hjelp

02:42 #$#hjelp

02:45 #$#hjelp

02:49 #$#hjelp

02:52 #$#hjelp

02:56 #$#hjelp

02:59 #$#hjelp

03:03 #$#hjelp

03:06 #$#hjelp

03:10 #$#hjelp

03:13 #$#hjelp

03:17 #$#hjelp

03:20 #$#hjelp

03:24 #$#hjelp

03:27 #$#hjelp

03:31 #$#hjelp

03:34 #$#hjelp

03:38 #$#hjelp

03:41 #$#hjelp

03:45 #$#hjelp

03:48 #$#hjelp

03:51 [General Communication] Michael Calaway transmits, "Who'd be interested in mods?"

03:51 [General Communication] Calyssa Calaway transmits, "Me."

03:51 [General Communication] Amanda Lynn transmits, "Me."

03:51 [General Communication] Michael Calaway transmits, "2 spots I think?"

03:51 [General Communication] Primus ElCielo transmits, "Eng?"

03:52 [General Communication] Michael Calaway transmits, "Called for."

03:52 [General Communication] Michael Calaway transmits, "Being faught for too."

03:52 #$#hjelp

03:52 [General Communication] Gabriel Marin screams, "L."

03:52 #$#soundpack social | scream | male

03:52 [General Communication] Gabriel Marin coughs.

03:52 #$#soundpack social | coughs | male

03:55 #$#hjelp

03:59 #$#hjelp

04:00 [General Communication] Jessica Marin transmits, "Any missions ?"

04:00 [General Communication] Michael Calaway transmits, "Yes."

04:00 [General Communication] Michael Calaway transmits, "Think with you, 1 spot!"

04:00 [General Communication] Michael Calaway transmits, "Alpha!"

04:02 #$#hjelp

04:06 #$#hjelp

04:09 #$#hjelp

04:13 #$#hjelp

04:16 #$#hjelp

04:19 [General Communication] Michael Calaway transmits, "1 spot mods."

04:20 #$#hjelp

04:21 [General Communication] Olivia Cantrell transmits, "Me."

04:22 [General Communication] Michael Calaway transmits, "Landing."

04:22 [General Communication] Michael Calaway transmits, "Gamma."

04:23 #$#hjelp

04:27 #$#hjelp

04:30 #$#hjelp

04:34 [Newbie] Daryk Karlsen: How do I switch to my apartment private garage? When I power down, I always go to public.

04:34 #$#hjelp

04:34 [Newbie] Marielle Minnillo: Garage options.

04:34 [Newbie] Ryan Salvatore: Did you finalize your apartment?

04:34 [Newbie] Daryk Karlsen: Aah. No. That would do it.

04:35 *** Disconnected ***

