00:07:15 [Notification from Space Explorers Amidst The Stars] A load of salvage has been received at League Salvage Processing Nuclear Temporary Station from the two-person medium transport "The Cat's Meow". The organization has earned 2,776,765.78 credits.

00:19:12 [Notification from Space Explorers Amidst The Stars] An asteroid has been received at League Asteroid Processing Nuclear Temporary Station from the two-person hardened asteroid hauler "Roid Seeker". The organization has earned 1,634,196.15 credits.

00:22:58 [Notification from Space Explorers Amidst The Stars] A load of salvage has been received at League Salvage Processing Nuclear Temporary Station from the two-person medium transport "The Cat's Meow". The organization has earned 1,286,621.06 credits.

00:24:49 Shasta the old big onyx soldier felo marches in from the north.

00:28:49 Shasta the old big onyx soldier felo marches out.

00:32:58 A metallic silver metachannel FTL communicator beeps insistently as it receives a new notice.

00:36:33 [Notification from Space Explorers Amidst The Stars] An asteroid has been received at League Asteroid Processing Nuclear Temporary Station from the two-person isotope "Rocka Rolla". The organization has earned 1,041,499.40 credits.

00:56:49 [AEU | 10: Conquest Status] An AEU pilot corps liaison transmits, "One performance goal down! One to go!"

01:19:36 [Notification from Space Explorers Amidst The Stars] An asteroid has been received at League Asteroid Processing Nuclear Temporary Station from the two-person isotope "Rocka Rolla". The organization has earned 1,281,526.56 credits.

01:38:48 A hairy yellow eight-legged ArachnoPal named Higgins skitters into the area.

01:39:18 A hairy yellow eight-legged ArachnoPal named Higgins's unblinking eyes stare into the middle distance.

01:49:48 A hairy yellow eight-legged ArachnoPal named Higgins jerks his limbs, springing into the air briefly.

01:55:02 [AEU | 1: Alliance Communication] Eli Grey transmits, "And now it's time for eli Grey's galactic fun Fact!"

01:55:14 [AEU | 1: Alliance Communication] Kim Saunders transmits, "Good morning Eli."

01:55:18 A hairy yellow eight-legged ArachnoPal named Higgins skitters out.

01:55:28 [AEU | 1: Alliance Communication] Eli Grey transmits, "Goodmorning Kim."

01:56:45 [Notification from Space Explorers Amidst The Stars] An asteroid has been received at League Asteroid Processing Nuclear Temporary Station from the two-person isotope "Rocka Rolla". The organization has earned 1,265,763.85 credits.

01:57:02 [AEU | 1: Alliance Communication] Kim Saunders transmits, "Well, a heads up for you Eli. The expedition is full, but if there is a no show, I might still be able to come... But you'd better not be that no show."

01:57:19 [AEU | 1: Alliance Communication] Eli Grey transmits, "I dno't plan on it."

01:57:50 [AEU | 10: Conquest Status] An AEU pilot corps liaison transmits, "We've met our first tier performance goal! Let's keep pushing for the second!"

01:59:33 [AEU | 1: Alliance Communication] Eli Grey transmits, "I've been trying to prepare a little. I still feel like there's something else I should bring, ust can't put my finger on it."

02:00:27 [AEU | 1: Alliance Communication] Kim Saunders transmits, "Well, clothes? Uh, if you want some fresh food for the first 2 days?"

02:00:31 [AEU | 1: Alliance Communication] Eli Grey transmits, "I've got some rubber gloves and goggles, a filtration mask, some sample containers... And the regular stuff of course, like my spacesuit and some clothes."

02:00:58 [AEU | 1: Alliance Communication] Kim Saunders transmits, "Wow! You sound like you are prepared."

02:15:48 A Tardick lizard named Asteria shifts and then wakes, opening its yellow eyes slowly.

02:16:18 A Tardick lizard named Asteria's spine ridges flicker blue for a brief moment.

02:29:02 [Notification from Space Explorers Amidst The Stars] A load of salvage has been received at League Salvage Processing Nuclear Temporary Station from the two-person medium transport "Madder Lake Deep". The organization has earned 1,238,588.43 credits.

02:29:18 A Tardick lizard named Asteria flicks its tongue out.

02:33:47 [Notification from Space Explorers Amidst The Stars] A load of salvage has been received at League Salvage Processing Nuclear Temporary Station from the two-person medium transport "Salvage Regent". The organization has earned 1,653,221.99 credits.

02:37:26 [Notification from Space Explorers Amidst The Stars] An asteroid has been received at League Asteroid Processing Nuclear Temporary Station from the two-person isotope "Rocka Rolla". The organization has earned 2,900,341.48 credits and 1 megacredit.

02:40:51 A Tardick lizard named Asteria flicks its tongue out.

02:51:21 A Tardick lizard named Asteria blinks its yellow eyes slowly, utterly indifferent to its surroundings.

02:57:50 [AEU | 10: Conquest Status] An AEU pilot corps liaison transmits, "Excellent work on our first performance goal! Let's go for the second!"

03:02:51 A Tardick lizard named Asteria blinks its yellow eyes slowly, utterly indifferent to its surroundings.

03:03:40 Lily Kaise stands up from a white four poster rattan bed with a heart-shaped headboard and filmy deep purple hangings with a soft periwinkle cashmere blanket, a set of lavender silk sheets, a large periwinkle bed pillow, a hand-made purple and amethyst flower quilt, and a large periwinkle bed pillow on it.

03:03:42 Lily Kaise glides out.

03:03:44 [Notification from Space Explorers Amidst The Stars] A load of salvage has been received at League Salvage Processing Nuclear Temporary Station from the two-person medium transport "Medium Slicer". The organization has earned 2,637,427.98 credits.

03:05:17 [Notification from Space Explorers Amidst The Stars] An asteroid has been received at League Asteroid Processing Nuclear Temporary Station from the two-person isotope "Rocka Rolla". The organization has earned 1,559,787.37 credits.

03:12:46 [Notification from Space Explorers Amidst The Stars] A load of salvage has been received at League Salvage Processing Nuclear Temporary Station from the two-person medium transport "Madder Lake Deep". The organization has earned 611,246.07 credits.

03:20:46 [Notification from Space Explorers Amidst The Stars] A load of salvage has been received at League Salvage Processing Nuclear Temporary Station from the two-person medium transport "Medium Slicer". The organization has earned 1,461,305.98 credits.

03:22:43 [Tactical Communication] Ted Warburton transmits, "Single pirate transport in Orion."

03:27:32 [Tactical Communication] Ted Warburton transmits, "Orion clear."

03:28:09 [Tactical Communication] Ted Warburton transmits, "Now an escort in Orion."

03:30:08 [Notification from Space Explorers Amidst The Stars] An asteroid has been received at League Asteroid Processing Nuclear Temporary Station from the two-person isotope "Rocka Rolla". The organization has earned 1,654,000.30 credits.

03:42:51 [Notification from Space Explorers Amidst The Stars] An asteroid has been received at League Asteroid Processing Nuclear Temporary Station from the two-person isotope "Rocka Rolla". The organization has earned 2,382,339.00 credits and 1 megacredit.

03:50:51 [Notification from Space Explorers Amidst The Stars] An asteroid has been received at League Asteroid Processing Nuclear Temporary Station from the two-person isotope "Rocka Rolla". The organization has earned 1,391,623.40 credits.

03:57:27 [Notification from Space Explorers Amidst The Stars] An asteroid has been received at League Asteroid Processing Nuclear Temporary Station from the two-person isotope "Rocka Rolla". The organization has earned 1,170,364.48 credits.

03:59:51 [AEU | 10: Conquest Status] An AEU pilot corps liaison transmits, "One performance goal down! One to go!"

04:06:31 [Notification from Space Explorers Amidst The Stars] An asteroid has been received at League Asteroid Processing Nuclear Temporary Station from the two-person isotope "Rocka Rolla". The organization has earned 2,483,340.00 credits and 1 megacredit.

04:12:44 [Notification from Space Explorers Amidst The Stars] The organization has received 157,038.70 EAOS credits from a toll payment to League Rift Accelerating Solar Toll Station in The Belt of Orion.

04:24:45 [Notification from Space Explorers Amidst The Stars] An asteroid has been received at League Asteroid Processing Nuclear Temporary Station from the two-person isotope "Rocka Rolla". The organization has earned 1,527,037.86 credits.

04:25:42 [Notification from Space Explorers Amidst The Stars] The organization has received 157,044.88 EAOS credits from a toll payment to League Rift Accelerating Solar Toll Station in The Belt of Orion.

04:38:58 [Notification from Space Explorers Amidst The Stars] An asteroid has been received at League Asteroid Processing Nuclear Temporary Station from the two-person hardened asteroid hauler "Blue Eagle". The organization has earned 3,464,278.11 credits.

04:40:29 [Tactical Communication] Hakeem Oiadip transmits, "Anyone interested in one beacon?"

04:40:42 [Tactical Communication] Ted Warburton transmits, "I can."

04:41:00 [Tactical Communication] Brianna O'Banyon transmits, "I can as well."

04:41:20 [Tactical Communication] Hakeem Oiadip transmits, "Chetumal, please, anyone else?"

04:46:53 [Notification from Space Explorers Amidst The Stars] An asteroid has been received at League Asteroid Processing Nuclear Temporary Station from the two-person hardened asteroid hauler "Blue Eagle". The organization has earned 3,446,595.09 credits.

04:59:22 [Notification from Space Explorers Amidst The Stars] An asteroid has been received at League Asteroid Processing Nuclear Temporary Station from the two-person hardened asteroid hauler "Blue Eagle". The organization has earned 3,205,282.24 credits.

04:59:51 [AEU | 10: Conquest Status] An AEU pilot corps liaison transmits, "Excellent work on our first performance goal! Let's go for the second!"

05:01:04 [Notification from Space Explorers Amidst The Stars] The organization has gained 4,351,851.85 credits for a submission from a battle analysis scanner on AEU Battle-Scanning Nuclear Temporary Station involving the three-person flying wing "Stormy Skies".

05:01:23 [Tactical Communication] Kim Saunders transmits, "For everyone at 285, or going there, be aware there is an IFS hanging out."

05:01:40 [Tactical Communication] Jason Rat transmits, "Would you like me to go run it off?"

05:01:52 [Tactical Communication] Kim Saunders transmits, "No need, if it causes us issue we will deal with I."

05:01:58 [Tactical Communication] Kim Saunders transmits, "It."

05:02:04 [Tactical Communication] Jason Rat transmits, "Okay."

05:08:51 Cheri-Pye the large light violet felo hums melodically to itself as it wanders in from the north.

05:12:00 [Notification from Space Explorers Amidst The Stars] An asteroid has been received at League Asteroid Processing Nuclear Temporary Station from the two-person hardened asteroid hauler "Blue Eagle". The organization has earned 937,300.18 credits.

05:12:51 Cheri-Pye the large light violet felo hums melodically to itself as it wanders out.

05:17:36 [Notification from Space Explorers Amidst The Stars] An asteroid has been received at League Asteroid Processing Nuclear Temporary Station from the two-person hardened asteroid hauler "Blue Eagle". The organization has earned 1,584,882.93 credits.

05:24:58 [Notification from Space Explorers Amidst The Stars] An asteroid has been received at League Asteroid Processing Nuclear Temporary Station from the two-person hardened asteroid hauler "Blue Eagle". The organization has earned 1,595,659.84 credits.

05:28:53 Cheri-Pye the large light violet felo hums melodically to itself as it wanders in from the north.

05:31:23 [Notification from Space Explorers Amidst The Stars] An asteroid has been received at League Asteroid Processing Nuclear Temporary Station from the two-person hardened asteroid hauler "Blue Eagle". The organization has earned 4,597,480.29 credits.

05:32:53 Cheri-Pye the large light violet felo hums melodically to itself as it wanders out.

05:37:45 [Notification from Space Explorers Amidst The Stars] An asteroid has been received at League Asteroid Processing Nuclear Temporary Station from the two-person hardened asteroid hauler "Blue Eagle". The organization has earned 1,588,479.70 credits.

05:43:30 [Notification from Space Explorers Amidst The Stars] An asteroid has been received at League Asteroid Processing Nuclear Temporary Station from the two-person hardened asteroid hauler "Blue Eagle". The organization has earned 1,969,630.80 credits.

05:50:54 [Notification from Space Explorers Amidst The Stars] An asteroid has been received at League Asteroid Processing Nuclear Temporary Station from the two-person hardened asteroid hauler "Blue Eagle". The organization has earned 1,091,685.83 credits.

05:57:01 [Notification from Space Explorers Amidst The Stars] An asteroid has been received at League Asteroid Processing Nuclear Temporary Station from the two-person hardened asteroid hauler "Blue Eagle". The organization has earned 896,111.68 credits.

05:59:54 [AEU | 10: Conquest Status] An AEU pilot corps liaison transmits, "Excellent work on our first performance goal! Let's go for the second!"

06:05:55 [Notification from Space Explorers Amidst The Stars] An asteroid has been received at League Asteroid Processing Nuclear Temporary Station from the two-person hardened asteroid hauler "Blue Eagle". The organization has earned 2,012,213.69 credits.

06:11:29 [Notification from Space Explorers Amidst The Stars] An asteroid has been received at League Asteroid Processing Nuclear Temporary Station from the two-person hardened asteroid hauler "Blue Eagle". The organization has earned 1,334,660.36 credits.

06:15:56 [Notification from Space Explorers Amidst The Stars] An asteroid has been received at League Asteroid Processing Nuclear Temporary Station from the two-person hardened asteroid hauler "Blue Eagle". The organization has earned 2,752,249.84 credits.

06:21:23 [Notification from Space Explorers Amidst The Stars] An asteroid has been received at League Asteroid Processing Nuclear Temporary Station from the two-person hardened asteroid hauler "Blue Eagle". The organization has earned 777,978.38 credits.

06:28:24 [Notification from Space Explorers Amidst The Stars] An asteroid has been received at League Asteroid Processing Nuclear Temporary Station from the two-person hardened asteroid hauler "Blue Eagle". The organization has earned 3,966,533.62 credits.

06:30:38 [AEU | 1: Alliance Communication] Constantine Stone transmits, "Hey everybody."

06:30:51 [AEU | 1: Alliance Communication] Kim Saunders transmits, "Hi there Constantine, how are you today?"

06:31:34 [AEU | 1: Alliance Communication] Constantine Stone transmits, "I'm doing pretty good, how about you?"

06:32:00 [AEU | 1: Alliance Communication] Kim Saunders transmits, "Also doing good, hauling some roids with Ali."

06:32:51 [AEU | 1: Alliance Communication] Constantine Stone transmits, "Yes!"

06:33:14 [AEU | 1: Alliance Communication] Constantine Stone transmits, "I'm poking around trying to get a basic engineering tool."

06:33:26 [AEU | 1: Alliance Communication] Kim Saunders transmits, "Hmm. Good luck with that."

06:33:38 [AEU | 1: Alliance Communication] Constantine Stone transmits, "Are they hard to come by?"

06:33:54 [Notification from Space Explorers Amidst The Stars] An asteroid has been received at League Asteroid Processing Nuclear Temporary Station from the two-person hardened asteroid hauler "Blue Eagle". The organization has earned 2,206,431.86 credits.

06:34:18 [AEU | 1: Alliance Communication] Kim Saunders transmits, "Hmm, what can I say."

06:34:25 [AEU | 1: Alliance Communication] Constantine Stone laughs.

06:34:35 [AEU | 1: Alliance Communication] Kim Saunders transmits, "Just a random general advice, talk to everyone you meet."

06:34:45 [AEU | 1: Alliance Communication] Constantine Stone transmits, "Okay."

06:39:57 [Notification from Space Explorers Amidst The Stars] An asteroid has been received at League Asteroid Processing Nuclear Temporary Station from the two-person hardened asteroid hauler "Blue Eagle". The organization has earned 2,440,434.95 credits.

06:45:35 [Notification from Space Explorers Amidst The Stars] An asteroid has been received at League Asteroid Processing Nuclear Temporary Station from the two-person hardened asteroid hauler "Blue Eagle". The organization has earned 2,201,101.08 credits.

06:50:06 [AEU | 1: Alliance Communication] Ryo Stel transmits, "Hi all."

06:50:13 [AEU | 1: Alliance Communication] Kim Saunders transmits, "Hello Ryo."

06:50:15 [AEU | 1: Alliance Communication] Constantine Stone transmits, "Hey Ryo."

06:50:52 [AEU | 1: Alliance Communication] Ryo Stel transmits, "Hi hi kim. And heya constantine."

06:53:10 [Notification from Space Explorers Amidst The Stars] An asteroid has been received at League Asteroid Processing Nuclear Temporary Station from the two-person hardened asteroid hauler "Blue Eagle". The organization has earned 1,326,620.17 credits.

06:59:30 [Notification from Space Explorers Amidst The Stars] An asteroid has been received at League Asteroid Processing Nuclear Temporary Station from the two-person hardened asteroid hauler "Blue Eagle". The organization has earned 1,209,816.49 credits.

06:59:54 [AEU | 10: Conquest Status] An AEU pilot corps liaison transmits, "We've met our first tier performance goal! Let's keep pushing for the second!"

07:02:09 Status lights blink on all around you as faint hums and beeps begin to emanate from the various starship systems.

07:02:30 You feel mild acceleration as the ship lifts off smoothly.

07:02:40 The mild vibration of acceleration eases off and is replaced by the firm pull of artificial gravity as the ship pulls into clear space.

07:02:52 You hear a sharp electronic whine as power suddenly flows into the wormhole drive.

07:02:56 The starship vibrates slightly as it nears the wormhole mouth.

07:02:58 The windows automatically dim as space outside dissolves into a bright flash of light.

07:02:59 The bright light fades and is once again replaced by the black vacuum and stars of a different sector of space.  The vibrations slowly ease off as the wormhole shrinks and disappears.

07:02:59 You hear a sharp electronic whine as power suddenly flows into the wormhole drive.

07:03:01 The starship vibrates slightly as it nears the wormhole mouth.

07:03:03 The windows automatically dim as space outside dissolves into a bright flash of light.

07:03:04 The bright light fades and is once again replaced by the black vacuum and stars of a different sector of space.  The vibrations slowly ease off as the wormhole shrinks and disappears.

07:03:16 You detect a faint rumbling as the starship begins to move through space.

07:03:30 The sound of the engines slowly fades away as the starship stops moving.

07:03:35 You feel mild acceleration as the ship descends toward a planet.

07:03:45 The mild vibration of acceleration eases off and is replaced by the firm pull of gravity as the ship touches down smoothly on the planet's ground.

07:03:48 The faint sounds and status lights of the starship's systems slowly fade away, leaving you in a dim silence.

07:03:51 The computer sounds a notification indicating that the ship has been fully charged.

07:07:34 [Notification from Space Explorers Amidst The Stars] An asteroid has been received at League Asteroid Processing Nuclear Temporary Station from the two-person hardened asteroid hauler "Blue Eagle". The organization has earned 1,750,107.51 credits.

07:14:15 [Notification from Space Explorers Amidst The Stars] An asteroid has been received at League Asteroid Processing Nuclear Temporary Station from the two-person hardened asteroid hauler "Blue Eagle". The organization has earned 1,678,122.63 credits.

07:21:40 [Notification from Space Explorers Amidst The Stars] An asteroid has been received at League Asteroid Processing Nuclear Temporary Station from the two-person hardened asteroid hauler "Blue Eagle". The organization has earned 2,902,637.01 credits.

07:27:52 [Notification from Space Explorers Amidst The Stars] An asteroid has been received at League Asteroid Processing Nuclear Temporary Station from the two-person hardened asteroid hauler "Blue Eagle". The organization has earned 1,650,436.08 credits.

07:28:49 [Notification from Space Explorers Amidst The Stars] An asteroid has been received at League Asteroid Processing Nuclear Temporary Station from the two-person hardened asteroid hauler "Not A Target Drone!". The organization has earned 1,195,203.97 credits.

07:35:49 [Notification from Space Explorers Amidst The Stars] An asteroid has been received at League Asteroid Processing Nuclear Temporary Station from the two-person hardened asteroid hauler "Blue Eagle". The organization has earned 1,455,695.55 credits.

07:37:43 [Notification from Space Explorers Amidst The Stars] An asteroid has been received at League Asteroid Processing Nuclear Temporary Station from the two-person hardened asteroid hauler "Not A Target Drone!". The organization has earned 1,289,547.12 credits.

07:42:13 [Notification from Space Explorers Amidst The Stars] An asteroid has been received at League Asteroid Processing Nuclear Temporary Station from the two-person hardened asteroid hauler "Blue Eagle". The organization has earned 1,461,424.23 credits.

07:45:45 Lily Kaise glides in from the north.

07:45:54 Lily Kaise picks up a small purple trash bin.

07:45:59 Lily Kaise puts a small purple trash bin in a lavender silk backpack embroidered with brightly hued butterflies.

07:46:41 Lily Kaise says, "Oh good."

07:46:45 Lily Kaise picks up a purple jeweled leash.

07:47:09 [Notification from Space Explorers Amidst The Stars] An asteroid has been received at League Asteroid Processing Nuclear Temporary Station from the two-person hardened asteroid hauler "Not A Target Drone!". The organization has earned 2,199,343.85 credits.

07:47:11 Lily Kaise holds your hand, taking you into her group.

07:47:14 Lily Kaise pulls you to your feet.

07:47:18 Lily Kaise picks up a white four poster rattan bed with a heart-shaped headboard and filmy deep purple hangings with a soft periwinkle cashmere blanket, a set of lavender silk sheets, a large periwinkle bed pillow, a hand-made purple and amethyst flower quilt, and a large periwinkle bed pillow on it.

07:47:21 You follow Lily Kaise out.

07:47:21 [Starship "William Dove"; Observation Deck]
You see a large round light purple and dark purple cloth rug, an antique oak table from Old Earth, a textured plasteel floor lamp with a cream shade (casting a white-colored glow), a violet leather sectional sofa, a glossy lilac ceramic felo chow bowl, a black plastic tray of spider chow, Prissy the big violet long-haired felo, and Xavier the old big silver soldier felo here.
Lily Kaise is standing here.
You can go north, east, south, west, up, and down.
Kiska the humanoid service robot clomps in after you.

07:47:27 You follow Lily Kaise north.

07:47:27 [Starship "William Dove"; Base Block]
You see a soft round ocean blue rug with a design of coral and turquoise seashells, a blueberry rattan bench with a long white and coral pink flowered cushion on it, a round white rattan dining table with a glass top, a blueberry rattan bench with a long white and coral pink flowered cushion on it, a rattan floor lamp with a coral lotus shade, a blueberry rattan pantry cabinet, a small dusky pink trash bin, a glossy azure blue ceramic felo chow bowl, a black plastic tray of spider chow, a personal hoverpallet, and Blueberry the old hefty violet feathered felo here.
Lily Kaise is standing here.
You can go north, east, south, west, up, and down.
Kiska the humanoid service robot clomps in after you.

07:47:36 Lily Kaise puts a white four poster rattan bed with a heart-shaped headboard and filmy deep purple hangings with a soft periwinkle cashmere blanket, a set of lavender silk sheets, a large periwinkle bed pillow, a hand-made purple and amethyst flower quilt, and a large periwinkle bed pillow on it on a personal hoverpallet.

07:47:44 You follow Lily Kaise north.

07:47:44 [Starship "William Dove"; Control Room]
You see a sleek metal quantum entanglement communication device, a rattan floor lamp with a light purple lotus shade (casting a white-colored glow), a wormhole drive tracer, a dark purple leather captain's chair, a large oval white and black cloth rug, a rare black EAOSian contoured couch with a hand-made white and sapphire star quilt on it, a round white rattan coffee table with a glass top, a glossy silver ceramic felo chow bowl, Purr the humanoid service robot, and a hairy yellow eight-legged ArachnoPal named Higgins here.
Lily Kaise is standing here.
You can go south and out.
Kiska the humanoid service robot clomps in after you.

07:47:53 Lily Kaise places you on a rare black EAOSian contoured couch with a hand-made white and sapphire star quilt on it.

07:47:57 Lily Kaise disbands her group.

07:47:58 Lily Kaise glides south.

07:48:40 Lily Kaise glides in from the south.

07:48:40 Magellan the arachnoid security robot skitters in after Lily Kaise.

07:48:50 Lily Kaise sits down on a rare black EAOSian contoured couch with a hand-made white and sapphire star quilt on it.

07:49:14 Lily Kaise begins leading a hairy yellow eight-legged ArachnoPal named Higgins with a purple jeweled leash.

07:50:40 Lily Kaise navigates her metallic gold touch einrophone to a text-heavy application and peers at the screen.

07:50:54 A Tardick lizard named Asteria flicks its tail.

07:51:19 [Notification from Space Explorers Amidst The Stars] An asteroid has been received at League Asteroid Processing Nuclear Temporary Station from the two-person hardened asteroid hauler "Blue Eagle". The organization has earned 3,837,326.65 credits.

07:55:44 Lily Kaise stands up from a rare black EAOSian contoured couch with a hand-made white and sapphire star quilt on it.

07:55:45 Lily Kaise glides south.

07:55:45 Magellan the arachnoid security robot skitters after Lily Kaise.

07:55:51 Lily Kaise glides in from the south.

07:55:51 Magellan the arachnoid security robot skitters in after Lily Kaise.
A personal hoverpallet floats in behind Lily Kaise.

07:55:55 Lily Kaise sits down on a rare black EAOSian contoured couch with a hand-made white and sapphire star quilt on it.

07:56:02 Lily Kaise holds your hand, taking you into her group.

07:56:08 Lily Kaise slumps in a rare black EAOSian contoured couch with a hand-made white and sapphire star quilt on it and goes to sleep.

07:56:46 [Notification from Space Explorers Amidst The Stars] An asteroid has been received at League Asteroid Processing Nuclear Temporary Station from the two-person hardened asteroid hauler "Blue Eagle". The organization has earned 1,426,290.98 credits.

07:57:00 [Notification from Space Explorers Amidst The Stars] An asteroid has been received at League Asteroid Processing Nuclear Temporary Station from the two-person hardened asteroid hauler "Not A Target Drone!". The organization has earned 1,749,773.72 credits.

08:00:54 [AEU | 10: Conquest Status] An AEU pilot corps liaison transmits, "One performance goal down! One to go!"

08:02:24 A Tardick lizard named Asteria's spine ridges flicker blue for a brief moment.

08:05:07 [Notification from Space Explorers Amidst The Stars] An asteroid has been received at League Asteroid Processing Nuclear Temporary Station from the two-person hardened asteroid hauler "Blue Eagle". The organization has earned 882,001.06 credits.

08:12:54 Shasta the old big onyx soldier felo marches in from the south.

08:16:24 A Tardick lizard named Asteria blinks its yellow eyes slowly, utterly indifferent to its surroundings.

08:16:32 [Notification from Space Explorers Amidst The Stars] An asteroid has been received at League Asteroid Processing Nuclear Temporary Station from the two-person hardened asteroid hauler "Not A Target Drone!". The organization has earned 1,524,344.91 credits.

08:16:53 Shasta the old big onyx soldier felo jumps into your lap and settles in, purring.

08:20:54 Shasta the old big onyx soldier felo curls up and closes its eyes.

08:27:25 A Tardick lizard named Asteria flicks its tongue out.

08:27:55 A hairy yellow eight-legged ArachnoPal named Higgins stirs and slowly unfolds his eight hairy legs.

08:28:55 A hairy yellow eight-legged ArachnoPal named Higgins's unblinking eyes stare into the middle distance.

08:32:30 [Notification from Space Explorers Amidst The Stars] An asteroid has been received at League Asteroid Processing Nuclear Temporary Station from the two-person hardened asteroid hauler "Not A Target Drone!". The organization has earned 1,669,423.79 credits.

