00:00 #$#hjelp

00:03 #$#hjelp

00:05 [Chatter] A Proboscis Monkey screams, "A WORD TO THE WISE AIN'T NECESSARY -- IT'S THE STUPID ONES THAT NEED THE ADVICE."

00:05 #$#soundpack social | scream | male

00:07 #$#hjelp

00:07 Miriam Valleris gets a grimace on her face.

00:08 [General Communication] Juan Rhodes transmits, "Would any missioner run a mission for me?"

00:10 #$#hjelp

00:12 [General Communication] Cria Blur transmits, "5 spots."

00:14 #$#hjelp

00:17 #$#hjelp

00:21 #$#hjelp

00:24 #$#hjelp

00:27 Miriam Valleris looks anxious.

00:28 #$#hjelp

00:30 From a thick black leather utility belt with several loops on it, you hear a blue flight control scanner announce, "Acrylon to Triskaideka flight control, we're reading weapon fire."

00:31 #$#hjelp

00:35 #$#hjelp

00:38 #$#hjelp

00:39 [Chatter] Juan Rhodes screams, "CRIA LINK."

00:39 #$#soundpack social | scream | male

00:39 [Chatter] Cria Blur transmits, "Alpha."

00:41 [Chatter] Emily Sanders transmits, "Link Juan."

00:41 [Private | Emily Sanders] You transmit, "Hi sexy"

00:41 [Private | Emily Sanders] Emily Sanders transmits, "heeelo"

00:41 [Chatter] Ethen Keller transmits, "Hi."

00:41 [Chatter] Emily Sanders transmits, "Link please."

00:42 [Chatter] Ethen Keller transmits, "What is a link."

00:42 [Chatter] Ethen Keller laughs.

00:42 #$#soundpack social | laugh | male

00:42 [Chatter] Emily Sanders transmits, "A link is to talk privately to some one."

00:42 [Chatter] Ethen Keller transmits, "Where are you."

00:43 [Chatter] Emily Sanders transmits, "On 13 on achrolon."

00:43 [Chatter] Ethen Keller transmits, "Come then."

00:43 [Chatter] Emily Sanders transmits, "I am landing."

00:44 [General Communication] Cria Blur transmits, "4 spots, mods."

00:44 #$#hjelp

00:44 [General Communication] Juan Rhodes transmits, "Count me in."

00:46 [Chatter] Emily Sanders transmits, "Mister roads can I grab a link."

00:46 [Chatter] Juan Rhodes transmits, "Sure, if you want."

00:46 [Chatter] Emily Sanders transmits, "Can you meet me on corn."

00:46 [Chatter] Emily Sanders transmits, "On 13."

00:47 Miriam Valleris gets a grimace on her face.

00:47 [Chatter] Juan Rhodes transmits, "Sure, I will be there with my cargo hauler speed."

00:48 #$#hjelp

00:49 [Chatter] Juan Rhodes transmits, "There."

00:49 [Chatter] Emily Sanders transmits, "Are you here sir."

00:49 [Chatter] Juan Rhodes transmits, "Yah."

00:51 #$#hjelp

00:55 #$#hjelp

00:58 #$#hjelp

01:02 #$#hjelp

01:05 #$#hjelp

01:07 Miriam Valleris suddenly vomits.

01:09 #$#hjelp

01:12 #$#hjelp

01:14 [General Communication] Jessica Marin transmits, "Any missions ?"

01:14 [General Communication] Jessica Marin transmits, "Anyone up for missions ?"

01:16 #$#hjelp

01:19 [General Communication] Jessica Marin transmits, "Anyone up for bzzrs ?"

01:19 #$#hjelp

01:23 #$#hjelp

01:26 #$#hjelp

01:28 [Chatter] Drew Berry groans.

01:28 #$#soundpack social | groan | male

01:30 #$#hjelp

01:33 #$#hjelp

01:37 #$#hjelp

01:39 [Chatter] Drew Berry transmits, "So how are you lovely people!"

01:39 [Chatter] Ryan Salvatore transmits, "I'm doing great!"

01:39 [Chatter] Drew Berry transmits, "These pilots are boring."

01:40 [Chatter] Jason Harkness transmits, "I'm pregnant."

01:40 #$#hjelp

01:40 [Chatter] Juan Rhodes transmits, "As a mae?"

01:41 [Chatter] Amy Draksen transmits, "With your food baby."

01:42 [Chatter] Drew Berry transmits, "Get a coat hanger."

01:42 [Chatter] Amy Draksen transmits, "All he needs is his index finger."

01:44 #$#hjelp

01:47 Miriam Valleris gets a grimace on her face.

01:47 #$#hjelp

01:51 #$#hjelp

01:54 #$#hjelp

01:58 #$#hjelp

02:01 #$#hjelp

02:05 #$#hjelp

02:07 [Tradesman Market] Randal Black's sale has expired.

02:07 Miriam Valleris suddenly looks faint.

02:08 #$#hjelp

02:12 #$#hjelp

02:15 [Chatter] A Proboscis Monkey screams, "LOVE IS RANDOM; FEAR IS INEVITABLE."

02:15 #$#soundpack social | scream | male

02:15 #$#hjelp

02:19 #$#hjelp

02:22 #$#hjelp

02:26 #$#hjelp

02:27 Miriam Valleris gets an uncomfortable look on her face.

02:29 #$#hjelp

02:33 #$#hjelp

02:36 #$#hjelp

02:40 #$#hjelp

02:43 #$#hjelp

02:45 [General Communication] Jessica Marin transmits, "Anyone up for missions ?"

02:45 [General Communication] Olivia Cantrell transmits, "I am."

02:46 [General Communication] Jessica Marin transmits, "4 spot."

02:47 [General Communication] Jessica Marin transmits, "Noone wants missions ?"

02:47 [General Communication] Jessica Marin transmits, "Ok mods is oof."

02:47 [General Communication] Jessica Marin transmits, "Off."

02:47 #$#hjelp

02:50 #$#hjelp

02:54 #$#hjelp

02:57 #$#hjelp

03:01 #$#hjelp

03:04 #$#hjelp

03:07 Miriam Valleris gets a grimace on her face.

03:08 [Chatter] Ryan Salvatore transmits, "Hi."

03:08 #$#hjelp

03:08 [Chatter] Jason Harkness belches.

03:08 #$#soundpack social | belches | male

03:08 [Chatter] Ryan Salvatore transmits, "That was sick, sir."

03:08 [Chatter] Jason Harkness transmits, "Noah made me do it."

03:09 [Chatter] Ryan Salvatore transmits, "Oh okay."

03:10 [Chatter] Jason Harkness screams, "HAYAAAW."

03:10 #$#soundpack social | scream | male

03:11 [Chatter] Marielle Minnillo yawns.

03:11 #$#soundpack social | yawn | female

03:11 #$#hjelp

03:11 [Chatter] Ryan Salvatore transmits, "Hey!"

03:13 [Chatter] Marielle Minnillo transmits, "Space looks lovely tonight. With all its emptiness..."

03:15 #$#hjelp

03:18 #$#hjelp

03:22 #$#hjelp

03:25 #$#hjelp

03:27 Miriam Valleris gets a pained look on her face.

03:29 #$#hjelp

03:32 #$#hjelp

03:36 #$#hjelp

03:39 #$#hjelp

03:43 #$#hjelp

03:46 #$#hjelp

03:50 #$#hjelp

03:53 #$#hjelp

03:57 #$#hjelp

04:00 #$#hjelp

04:04 #$#hjelp

04:07 #$#hjelp

04:11 #$#hjelp

04:14 #$#hjelp

04:18 #$#hjelp

04:21 #$#hjelp

04:25 #$#hjelp

04:26 [General Communication] Ray Ridgeway transmits, "Evening all, any missions this evening?"

04:26 [General Communication] Derrick Blade transmits, "Yep actually."

04:27 Miriam Valleris suddenly looks sick.

04:28 [Chatter] A Proboscis Monkey screams, "THERE ARE NO REGRETS IN LIFE, JUST LESSONS."

04:28 #$#soundpack social | scream | male

04:28 [Chatter] Michael Franklin transmits, "So so true!"

04:28 #$#hjelp

04:29 [Chatter] Anthony Danilov transmits, "You're my ownly regret in life ralph."

04:32 #$#hjelp

04:34 [Chatter] Michael Franklin screams, "HAYAAAAAAW!"

04:34 #$#soundpack social | scream | male

04:35 #$#hjelp

04:39 #$#hjelp

04:42 #$#hjelp

04:43 [General Communication] Derrick Blade transmits, "1 or 3 spots diffs."

04:43 [General Communication] Cria Blur transmits, "Let me eng."

04:43 [General Communication] Derrick Blade transmits, "Taken."

04:43 [General Communication] Anny Rain transmits, "Me."

04:43 [General Communication] Derrick Blade transmits, "2 more."

04:43 [General Communication] Calyssa Calaway transmits, "Sure."

04:43 [General Communication] Derrick Blade transmits, "1."

04:44 [General Communication] Calyssa Calaway transmits, "These new or old or gunship diffs."

04:44 [General Communication] Derrick Blade transmits, "Probs old for a few, as we'll have a new pilot aboard."

04:44 [General Communication] Michael Franklin transmits, "Ooo!"

04:45 [General Communication] Michael Franklin transmits, "Hey, can the puppy gun?"

04:45 [General Communication] Calyssa Calaway transmits, "Might have one more for you if you give me a sec."

04:45 [General Communication] Calyssa Calaway transmits, "Going to shake my sister."

04:46 #$#hjelp

04:47 [General Communication] Calyssa Calaway transmits, "Wich bay."

04:47 [General Communication] Derrick Blade transmits, "Delta."

04:49 #$#hjelp

04:53 #$#hjelp

04:56 #$#hjelp

05:00 #$#hjelp

05:03 #$#hjelp

05:07 Miriam Valleris's nose starts to bleed.

05:07 #$#hjelp

05:07 [Chatter] Michael Franklin screams, "HAYAAAAAAW!"

05:07 #$#soundpack social | scream | male

05:10 #$#hjelp

05:14 #$#hjelp

05:16 [Newbie] Salazar Clayton: Is there a message when stuff from excavators is dropped into the storage towers?

05:16 [Newbie] Ryan Salvatore: Not at the location of the tower, but at the location of the excavator.

05:17 [Newbie] Salazar Clayton: Ahh. Alright. Thankee.

05:17 [Newbie] Ryan Salvatore: You're welcome.

05:17 #$#hjelp

05:21 #$#hjelp

05:24 #$#hjelp

05:27 Miriam Valleris gets an uncomfortable look on her face.

05:28 [General Communication] Derrick Blade transmits, "1 spot."

05:28 #$#hjelp

05:28 [General Communication] Derrick Blade transmits, "1 spot diffs."

05:31 #$#hjelp

05:35 #$#hjelp

05:38 #$#hjelp

05:42 #$#hjelp

05:46 #$#hjelp

05:47 Miriam Valleris suddenly looks sick.

05:49 #$#hjelp

05:52 [General Communication] Calyssa Calaway transmits, "Anyone for mods?"

05:52 #$#hjelp

05:56 #$#hjelp

05:56 [Chatter] Calyssa Calaway transmits, "Hunks and hollos for sale. Hit me up if interested."

05:57 [Chatter] Cria Blur transmits, "Hitting you up."

05:57 [Chatter] Aaron Blade transmits, "How haard to we hit."

05:57 [Chatter] Calyssa Calaway transmits, "Have 20 hunks for a mill a peace."

06:00 #$#hjelp

06:03 #$#hjelp

06:07 #$#hjelp

06:07 Miriam Valleris gets a pained look on her face.

06:10 #$#hjelp

06:12 [Chatter] Nikki Bleu transmits, "Hi people."

06:12 [Chatter] Nikki Bleu transmits, "Bring me money."

06:13 [Chatter] Cria Blur transmits an exciting burst of static.

06:14 #$#hjelp

06:17 #$#hjelp

06:21 #$#hjelp

06:24 #$#hjelp

06:27 Miriam Valleris gets an uncomfortable look on her face.

06:28 #$#hjelp

06:30 [Chatter] A Proboscis Monkey screams, "WHEN YOU DO THINGS RIGHT, PEOPLE WON'T BE SURE YOU'VE DONE ANYTHING AT ALL."

06:30 #$#soundpack social | scream | male

06:31 #$#hjelp

06:35 #$#hjelp

06:38 #$#hjelp

06:42 #$#hjelp

06:45 #$#hjelp

06:47 Miriam Valleris suddenly looks sick.

06:49 #$#hjelp

06:52 #$#hjelp

06:56 #$#hjelp

06:59 #$#hjelp

07:03 #$#hjelp

07:06 #$#hjelp

07:07 Miriam Valleris gets an uncomfortable look on her face.

07:07 [Newbie] Willow Actumari: How come I can't match ferry to the ferry on Desolo anymore?

07:08 [Newbie] Willow Actumari: Oh nevermind, I fixed it.

07:10 #$#hjelp

07:13 #$#hjelp

07:17 #$#hjelp

07:20 #$#hjelp

07:24 #$#hjelp

07:27 Miriam Valleris looks anxious.

07:27 #$#hjelp

07:31 #$#hjelp

07:34 #$#hjelp

07:38 #$#hjelp

07:41 [Newbie] Salazar Clayton: Are stabilisers needed for just excavators or other buildings as well?

07:41 #$#hjelp

07:45 #$#hjelp

07:48 #$#hjelp

07:52 #$#hjelp

07:55 #$#hjelp

07:59 #$#hjelp

08:02 #$#hjelp

08:06 #$#hjelp

08:07 Miriam Valleris looks weak.

08:09 #$#hjelp

08:13 #$#hjelp

08:16 #$#hjelp

08:17 [Chatter] Nikki Bleu screams, "WAKE UP!"

08:17 #$#soundpack social | scream | female

08:18 [Chatter] Nikki Bleu screams, "WAKE THE FUDGE UP!"

08:18 #$#soundpack social | scream | female

08:18 [Chatter] Calyssa Calaway yawns.

08:18 #$#soundpack social | yawns | female

08:18 [Chatter] Nikki Bleu transmits, "Night night."

08:18 [Chatter] Nikki Bleu transmits, "We'll do it all again tomorrow."

08:18 [Chatter] Nikki Bleu transmits, "Sounds good?"

08:18 [Chatter] Calyssa Calaway transmits, "Is all this yelling necessary?"

08:18 [Chatter] Nikki Bleu transmits, "No, not .. Well, yes."

08:18 [Chatter] Nikki Bleu transmits, "Yes it is."

08:18 [Chatter] Nikki Bleu transmits, "*laughs*. Night folks."

08:19 [Chatter] Calyssa Calaway transmits, "Sleep well nikki."

08:20 #$#hjelp

08:23 #$#hjelp

08:27 #$#hjelp

08:27 Miriam Valleris gets an uncomfortable look on her face.

08:30 #$#hjelp

08:34 #$#hjelp

08:37 #$#hjelp

08:41 #$#hjelp

08:44 #$#hjelp

08:47 Miriam Valleris gets a grimace on her face.

08:48 #$#hjelp

08:48 [Newbie] Salazar Clayton: Anyone have any ideas as to why a construction facility maybe idel even though it has resources it needs and a droid assigned to it?

08:49 [Newbie] Gabriel Marin: Are your stabalizers deployed?

08:49 [Newbie] Salazar Clayton: They need to be?

08:49 [Newbie] Gabriel Marin: Yes.

08:49 [Newbie] Erik Yobi: Of course.

08:49 [Newbie] Salazar Clayton: Ahh. Ahem. I thought it wasn't to do with mining. So.

08:49 [Newbie] Salazar Clayton: Anyhow thankee.

08:51 #$#hjelp

08:53 [Chatter] A Proboscis Monkey screams, "TRY NOT. DO OR DO NOT."

08:53 #$#soundpack social | scream | male

08:55 #$#hjelp

08:58 #$#hjelp

09:02 #$#hjelp

09:05 #$#hjelp

09:07 Miriam Valleris suddenly bursts into tears.

09:09 #$#hjelp

09:12 #$#hjelp

09:16 #$#hjelp

09:19 #$#hjelp

09:23 #$#hjelp

09:26 #$#hjelp

09:27 Miriam Valleris gets a pained look on her face.

09:30 #$#hjelp

09:33 #$#hjelp

09:37 #$#hjelp

09:40 #$#hjelp

09:44 #$#hjelp

09:47 #$#hjelp

09:51 #$#hjelp

09:54 #$#hjelp

09:58 #$#hjelp

10:01 #$#hjelp

10:05 #$#hjelp

10:08 #$#hjelp

10:12 #$#hjelp

10:15 #$#hjelp

10:19 #$#hjelp

10:22 #$#hjelp

10:26 #$#hjelp

10:29 #$#hjelp

10:33 #$#hjelp

10:36 #$#hjelp

10:40 #$#hjelp

10:43 #$#hjelp

10:44 [Private | Anny Rain] Anny Rain transmits, "hi"

10:47 #$#hjelp

10:50 #$#hjelp

10:54 #$#hjelp

10:57 #$#hjelp

11:01 #$#hjelp

11:04 #$#hjelp

11:05 [Chatter] Anton Navarro sneezes.

11:05 #$#soundpack social | sneezes | male

11:05 [Chatter] Cria Blur transmits, "Bless you bitch."

11:05 [Chatter] Anton Navarro transmits, "Criosh, make me breakfast."

11:05 [Newbie] Deirdre Dawn: Is there an option to display coords as lists on starmaps (mainly atmospheric)?

11:06 [Newbie] Erik Yobi: Toggle.

11:07 Miriam Valleris's nose starts to bleed.

11:08 #$#hjelp

11:11 #$#hjelp

11:15 #$#hjelp

11:15 From a thick black leather utility belt with several loops on it, you hear a blue flight control scanner announce, "Flight control in Bellerophon, we're reading weapon fire."

11:15 [Chatter] A Proboscis Monkey screams, "YOU CAN'T VERY WELL REASON WITH SOMEONE WHEN THEIR WHOLE ARGUMENT IS THAT LOGIC DOESN'T COUNT."

11:15 #$#soundpack social | scream | male

11:16 [Chatter] Anton Navarro transmits, "Ralph, so you're saying you can't reason with a woman? I agree."

11:16 [Chatter] Deirdre Dawn transmits, "Rude."

11:16 [Chatter] Anton Navarro transmits, "Who are you?"

11:16 [Chatter] Deirdre Dawn transmits, "A woman."

11:17 [Chatter] Anton Navarro transmits, "I see."

11:18 [Chatter] Anton Navarro transmits, "Woman, do you want a link?"

11:18 #$#hjelp

11:18 [Chatter] Cria Blur transmits, "Shut up girl."

11:18 [Chatter] Anton Navarro transmits, "Criosh, be polite."

11:19 [Chatter] Cria Blur transmits, "I'm sorry then!"

11:22 #$#hjelp

11:25 #$#hjelp

11:27 Miriam Valleris suddenly vomits.

11:29 #$#hjelp

11:32 #$#hjelp

11:36 #$#hjelp

11:38 [Chatter] Juan Rhodes screams, "HI, PILOTS."

11:38 #$#soundpack social | scream | male

11:39 #$#hjelp

11:43 #$#hjelp

11:46 #$#hjelp

11:47 Miriam Valleris suddenly looks ill.

11:50 #$#hjelp

11:53 #$#hjelp

11:57 #$#hjelp

12:00 #$#hjelp

12:04 #$#hjelp

12:07 Miriam Valleris's nose starts to bleed.

12:07 #$#hjelp

12:08 [Chatter] Marcus Henderson transmits while yawning, "Morning folks."

12:08 #$#soundpack social | yawn | male

12:09 [Chatter] Erik Yobi transmits brightly, "Hey and good morning, Marcus!"

12:09 #$#soundpack social | bright | male

12:10 [Chatter] Marcus Henderson transmits, "How the hell is the bouncy yobipop?"

12:11 [Chatter] Amy Draksen yawns and transmits, "Far too awake."

12:11 #$#soundpack social | yawn | female

12:11 [Chatter] Deirdre Dawn transmits, "Erik, guess what!"

12:11 #$#hjelp

12:11 [Chatter] Deirdre Dawn transmits, "Meow!"

12:12 [Chatter] Marcus Henderson transmits, "Hi deirdre."

12:12 [Chatter] Deirdre Dawn transmits, "Heya, Marcus."

12:12 [Chatter] Marcus Henderson transmits, "How's you?"

12:12 [Chatter] Deirdre Dawn transmits, "I'm a fizzy whizzy. How about you?"

12:13 [Chatter] Marcus Henderson transmits, "Ehh. Not so much so, I'm afraid. Didn't get any sleep last night thanks to my brain being unwilling to shut up. That and nightmares. I considered trying a sleeping pill or something, but they've never worked for me before."

12:14 #$#hjelp

12:14 [Chatter] Gabriel Marin transmits, "I see the problem. You only downed one. Go for the whole bottle next time."

12:15 [Chatter] Gabriel Marin transmits, "That ought do the trick."

12:15 [Chatter] Marcus Henderson transmits, "So basically you're telling me to off myself?"

12:15 [Chatter] Gabriel Marin transmits, "Why would I ever encourage such a thing. I want you to get a good rest in. If killing yourself is the only way, who am I to stand in the way?"

12:16 [Chatter] Deirdre Dawn transmits, "I'll throw balls of fluff at you until you disappear in a massive pile of soft things."

12:17 [Chatter] Marcus Henderson transmits, "Dude .. Suggesting that I take an entire bottle of sleeping pills when we both know that doing so will kill me is pretty damn low. Just saying. I did not say I had the desire to kill myself. So far as I know I cannot even remember bringing up suicide."

12:17 [Chatter] Gabriel Marin transmits, "You mad?"

12:17 [Chatter] Marcus Henderson transmits, "Fluffy things are good."

12:17 [Chatter] Deirdre Dawn transmits, "Ugh. That's pretty gross."

12:18 #$#hjelp

12:18 [Chatter] Deirdre Dawn screams, "I SUGGEST EVERYONE HAVE A CHOCOLATE!"

12:18 #$#soundpack social | scream | female

12:18 [Chatter] Marcus Henderson transmits, "And mad? Hmm .. I wouldn't call it mad, sir. But come on. You hardly know me and you've suggested that I commit suicide. That's just sick."

12:18 [Chatter] Marcus Henderson transmits, "And chocolate is awesome."

12:18 [Chatter] Amy Draksen whimpers pitifully while transmitting, "I suggest we not scream."

12:18 #$#soundpack social | whimper | female

12:18 [Chatter] Deirdre Dawn transmits, "Sorry."

12:18 [Chatter] Deirdre Dawn transmits, "That's a fair request."

12:18 [Chatter] Amy Draksen cheers.

12:18 #$#soundpack social | cheer | female

12:18 [Chatter] Marcus Henderson transmits in a low whisper, "I suggest we all be kind."

12:18 #$#soundpack social | whisper | male

12:18 [Chatter] Gabriel Marin transmits, "Exactly. Why would I suggest for one of my friends to kill themselves? Be reasonable."

12:19 [Chatter] Deirdre Dawn transmits, "Who wants to help me eat all of this xenon."

12:19 [Chatter] Amy Draksen transmits, "The spaceport does."

12:19 [Chatter] Deirdre Dawn transmits, "Oh, yeah."

12:20 [Chatter] Gabriel Marin transmits, "I've been encouraging Amy to choke on a wish bone for years now."

12:20 [Chatter] Marcus Henderson transmits, "Gabriel, we have never met so far as I'm aware. Never even spoken. And you consider me a a friend? Um .. Okay."

12:20 [Chatter] Gabriel Marin transmits, "She still hasn't obliged."

12:20 [Chatter] Deirdre Dawn snickers.

12:20 #$#soundpack social | snickers | female

12:20 [Chatter] Gabriel Marin transmits, "I think whatever I'm saying is going right over your head."

12:20 [Chatter] Amy Draksen transmits, "I continue to exist just to spite you, Gabs."

12:20 [Chatter] Marcus Henderson transmits, "Yeah well .. I don't get what you have against me."

12:21 #$#hjelp

12:21 [Chatter] Amy Draksen transmits, "Marcus... You exist and are talking, that's enough for him."

12:21 [Chatter] Gabriel Marin transmits, "Nothing, why do you think I do?"

12:21 [Chatter] Deirdre Dawn transmits, "Nothing, dude. Gabriel has nothing against you. He was being a dick on purpose for comedic value. Correct me if I have that wrong."

12:22 [Chatter] Deirdre Dawn transmits, "As far as I understand it, seventy-five per cent of this channel is that exact thing."

12:22 [Chatter] Gabriel Marin transmits, "Is there something you're trying to tell me? Should I know you? Should I have something against you? Please let me know. My memory isn't what it use to be."

12:22 [Chatter] Amy Draksen transmits, "That's a low estimate."

12:22 [Chatter] Amy Draksen transmits, "Try like 90."

12:22 [Chatter] Marcus Henderson transmits, "Ehh. Well I'm still just waking up and I've been told to kill myself before. So yeah. I don't exactly like hearing that from someone I hardly know."

12:23 [Chatter] Marcus Henderson transmits, "I do not find it amusing."

12:23 [Chatter] Deirdre Dawn laughs and transmits, "I didn't want to generalise."
#$#soundpack social | laugh | female

12:23 [Chatter] Gabriel Marin transmits, "Oh, maybe we can get to know each other. I can tell you to kill yourself then. If it makes you more comfortable."

12:23 [Chatter] Deirdre Dawn snorts.

12:23 #$#soundpack social | snorts | female

12:23 [Chatter] Marcus Henderson transmits an exciting burst of static.

12:25 #$#hjelp

12:25 [Chatter] Gabriel Marin transmits, "I'll be loitering on Outreach. We can exchange secret, become bosom buddies, then I'll politely ask you to off yourself."

12:25 [Chatter] Gabriel Marin transmits, "Sounds good?"

12:25 [Chatter] Deirdre Dawn transmits in a harsh whisper, "BOSOM BUDDIES."

12:25 #$#soundpack social | whisper | female

12:26 [Chatter] Marcus Henderson transmits, "I appreciate the offer, but no thanks."

12:26 [Chatter] Gabriel Marin transmits, "How rude."

12:27 [Chatter] Amy Draksen transmits, "Bosom buddies sounds like people who grope each other's chests."

12:27 Miriam Valleris suddenly vomits.

12:27 [Chatter] Deirdre Dawn transmits, "Or rub chests together."

12:27 [Chatter] Deirdre Dawn transmits, "It's too early."

12:27 [Chatter] Amy Draksen transmits, "People who engage in chesticular activities together."

12:27 [Chatter] Deirdre Dawn transmits, "Promoting the interaction of the chesticular zones."

12:28 [Chatter] Amy Draksen transmits, "Seems worthy of encouragement."

12:28 #$#hjelp

12:28 [General Communication] Juan Rhodes transmits, "Any missions on?"

12:29 [Chatter] Deirdre Dawn transmits, "Sure. Post-caffeination."

12:32 #$#hjelp

12:35 #$#hjelp

12:36 [Chatter] Gabriel Marin transmits, "Ahem, who shal treat me to breakfast this fine morning?"

12:37 [Chatter] Gabriel Marin transmits, "Don't all volunteer at once."

12:39 #$#hjelp

12:42 #$#hjelp

12:46 #$#hjelp

12:47 Miriam Valleris suddenly vomits.

12:49 #$#hjelp

12:50 #$#soundpack environment starship landed | unpowered | safe | light

12:50 ["Starlight Express" Living Quarters 1] (lying on an oak wood king-size water bed with a white down coverlet and soft pillows)
You see nothing special. Beneath your feet, covering the expanse of the room, is a fluffy blue carpet. There appears to be no power in this room. The overhead lights glow faintly, hardly enough to do anything but avoid large obstacles. Looking through the window, you see the ship is at Asteroid Surface.
You see an oak wood king-size water bed with a white down coverlet and soft pillows, a small white oak wood bedside table, a high white oak wood nightstand, and a compact silver Lore computer here.
You see Miriam Valleris (dozing) (lying on an oak wood king-size water bed with a white down coverlet and soft pillows) here.
You can go southeast.

12:54 #$#hjelp

12:57 #$#hjelp

13:01 #$#hjelp

13:04 #$#hjelp

13:07 Miriam Valleris suddenly looks sick.

13:08 #$#hjelp

13:11 #$#hjelp

13:15 #$#hjelp

13:18 #$#hjelp

13:22 #$#hjelp

13:25 #$#hjelp

13:27 Miriam Valleris's nose starts to bleed.

13:29 #$#hjelp

13:32 #$#hjelp

13:36 #$#hjelp

13:37 [Chatter] A Proboscis Monkey screams, "GREATNESS INSPIRES ENVY, ENVY ENGENDERS SPITE, SPITE SPAWNS LIES."

13:37 #$#soundpack social | scream | male

13:39 #$#hjelp

13:43 #$#hjelp

13:46 #$#hjelp

13:47 Miriam Valleris suddenly vomits.

13:50 #$#hjelp

13:53 #$#hjelp

13:57 #$#hjelp

14:00 #$#hjelp

14:04 #$#hjelp

14:04 [Chatter] Gabriel Marin squeaks.

14:04 #$#soundpack social | squeaks | male

14:07 #$#hjelp

14:08 Miriam Valleris makes a selection on a compact silver Lore computer.

14:11 #$#hjelp

14:14 #$#hjelp

14:18 #$#hjelp

14:21 #$#hjelp

14:25 #$#hjelp

14:27 Miriam Valleris's nose starts to bleed.

14:28 #$#hjelp

14:32 [Chatter] Primus ElCielo moans.

14:32 #$#soundpack social | moan | male

14:32 #$#hjelp

14:32 [Chatter] Carrie Reid transmits, "You live!"

14:32 [Chatter] Amy Draksen transmits, "Are you sure, that sounded kind of zombie-like."

14:35 #$#hjelp

14:39 #$#hjelp

14:41 [Chatter] Primus ElCielo transmits, "Please don't launch in my sector."

14:41 [Chatter] Gabriel Marin transmits, "Please don't breathe in my galaxy!"

14:42 [Chatter] Primus ElCielo transmits, "Please don't speak...."

14:42 #$#hjelp

14:46 #$#hjelp

14:47 Miriam Valleris suddenly looks ill.

14:48 Miriam Valleris makes a selection on a compact silver Lore computer.

14:49 #$#hjelp

14:53 #$#hjelp

14:56 #$#hjelp

15:00 #$#hjelp

15:03 #$#hjelp

15:07 Miriam Valleris looks anxious.

15:07 #$#hjelp

15:10 #$#hjelp

15:14 #$#hjelp

15:17 #$#hjelp

15:21 #$#hjelp

15:24 #$#hjelp

15:28 #$#hjelp

15:31 #$#hjelp

15:35 #$#hjelp

15:38 #$#hjelp

15:42 #$#hjelp

15:44 [Chatter] A Proboscis Monkey screams, "SOONER OR LATER ALL WHO STAND IN MY WAY MUST FEEL THE ICY TOUCH OF DEATH!"

15:44 #$#soundpack social | scream | male

15:45 #$#hjelp

15:47 Miriam Valleris suddenly vomits.

15:49 #$#hjelp

15:52 #$#hjelp

15:56 #$#hjelp

15:59 #$#hjelp

16:03 #$#hjelp

16:06 #$#hjelp

16:07 Miriam Valleris gets an uncomfortable look on her face.

16:10 #$#hjelp

16:13 #$#hjelp

16:17 #$#hjelp

16:20 #$#hjelp

16:24 #$#hjelp

16:27 #$#hjelp

16:31 #$#hjelp

16:31 [General Communication] Joseph Navarro transmits, "Has anything of note happened in the past couple of days or so? With regards to the Praelor invasions or Kritzn operation."

16:32 [General Communication] Cara West transmits, "Last I knew was that stranded HG messenger who needed a lift."

16:32 [General Communication] Joseph Navarro transmits, "Cool."

16:34 #$#hjelp

16:36 Miriam Valleris makes a selection on a compact silver Lore computer.

16:36 Miriam Valleris makes a selection on a compact silver Lore computer.

16:36 Miriam Valleris makes a selection on a compact silver Lore computer.

16:38 #$#hjelp

16:41 #$#hjelp

16:45 #$#hjelp

16:48 #$#hjelp

16:52 #$#hjelp

16:55 #$#hjelp

16:59 #$#hjelp

17:02 #$#hjelp

17:06 #$#hjelp

17:07 Miriam Valleris suddenly bursts into tears.

17:09 #$#hjelp

17:13 #$#hjelp

17:16 #$#hjelp

17:20 #$#hjelp

17:23 #$#hjelp

17:27 Miriam Valleris suddenly looks ill.

17:27 #$#hjelp

17:27 Miriam Valleris says, "Morninng morning"

17:27 Miriam Valleris makes a selection on a compact silver Lore computer.

17:28 Miriam Valleris switches a message board reader on and peers at the screen.

17:30 #$#hjelp

17:34 [General Communication] Bradley Kind transmits, "Missions?"

17:34 #$#hjelp

17:34 [General Communication] Jessica Marin transmits, "Yes please."

17:34 [General Communication] Bradley Kind transmits, "Anyone anyone? Let's go!"

17:35 [General Communication] Harley Richardson transmits, "I need to join someone's crew so I can get my first few combat points."

17:35 [General Communication] Bradley Kind transmits, "Wonderful! 3 spots mods then."

17:35 [General Communication] Harley Richardson transmits, "Right, which bay."

17:36 [General Communication] Marcus Henderson transmits, "I'l come if I can."

17:36 [General Communication] Bradley Kind transmits, "2 spots, no bay yet."

17:36 [General Communication] Harley Richardson transmits, "I'm coming."

17:36 [General Communication] Joseph Navarro transmits, "Could I eng? I'd go if so."

17:37 [General Communication] Bradley Kind transmits, "Yep, 1 spot."

17:37 #$#hjelp

17:38 [General Communication] Bradley Kind transmits, "1 spot mods, come on bros."

17:38 [General Communication] Bradley Kind transmits, "Beta."

17:38 [General Communication] Harley Richardson transmits, "Right."

17:41 #$#hjelp

17:44 #$#hjelp

17:48 #$#hjelp

17:48 [Private | Auction Service] Auction Service transmits, "A new item is up for bid: A black lab (k13). Bids will start at 40,000,000.00 credits and the auction will end in 7 days. Good luck!"

17:51 #$#hjelp

17:55 #$#hjelp

17:56 Miriam Valleris makes a selection on a compact silver Lore computer.

17:57 [General Communication] Bradley Kind transmits, "1 spot mods."

17:57 [General Communication] Bradley Kind transmits, "1 more."

17:58 #$#hjelp

18:00 [General Communication] Bradley Kind transmits, "1 spot mods, friendlies."

18:02 #$#hjelp

18:02 [General Communication] Calyssa Calaway transmits, "Sure if ya give me a few."

18:02 [General Communication] Bradley Kind transmits, "Will do."

18:05 #$#hjelp

18:06 [Chatter] A Proboscis Monkey screams, "YOU'RE NOT ALONE, YOU KNOW. WHAT YOU WERE AND WHAT YOU ARE TO BECOME WILL ALWAYS BE WITH YOU."

18:06 #$#soundpack social | scream | male

18:07 Miriam Valleris gets an uncomfortable look on her face.

18:09 #$#hjelp

18:12 #$#hjelp

18:16 #$#hjelp

18:19 #$#hjelp

18:23 #$#hjelp

18:23 [General Communication] Bradley Kind transmits, "1 spot mods."

18:25 [General Communication] Bradley Kind transmits, "Last call, one spot."

18:26 #$#hjelp

18:27 Miriam Valleris suddenly vomits.

18:30 #$#hjelp

18:33 #$#hjelp

18:37 #$#hjelp

18:39 You lean in toward Miriam Valleris and gently kiss her lips.

18:39 #$#soundpack social | kiss | male

18:39 You say to Miriam Valleris, "Bonjour mon coeur."

18:42 [Chatter] Juan Rhodes screams, "HI!"

18:42 #$#soundpack social | scream | male

18:42 [General Communication] Jessica Marin transmits, "4 spot for mods."

18:42 [General Communication] Juan Rhodes transmits, "Aha, count me in."

18:43 [General Communication] Bradley Kind transmits, "Sure."

18:43 [General Communication] Calyssa Calaway transmits, "Eng?"

18:43 [General Communication] Jessica Marin transmits, "One?"

18:43 #$#hjelp

18:44 [General Communication] Jessica Marin transmits, "One spot for mods."

18:44 You cuddle Miriam Valleris gently.

18:44 #$#soundpack social | cuddle | male

18:46 [General Communication] Jessica Marin transmits, "Beta for mods."

18:46 [General Communication] Jessica Marin transmits, "One spot for mods."

18:46 [General Communication] Juan Rhodes transmits, "Heading."

18:46 [General Communication] Jessica Marin transmits, "Come on people. Only one spot."

18:47 [General Communication] Calyssa Calaway transmits, "Let me know when you fill and I'll head that way."

18:47 [General Communication] Lilly Chance transmits, "Mods? No thanks."

18:47 [General Communication] Calyssa Calaway transmits, "Then why say anything?"

18:48 [General Communication] Jessica Marin transmits, "Who aked you."

18:48 [General Communication] Lilly Chance transmits, "Hmm, just saying, while I'm at it, what is in sector 39?"

18:48 [General Communication] Jessica Marin transmits, "Asked."

18:48 #$#hjelp

18:48 [General Communication] Jessica Marin transmits, "We are full."

18:48 [General Communication] Jessica Marin transmits, "Beta."

18:48 [General Communication] Calyssa Calaway transmits, "On the way."

18:49 [General Communication] Lilly Chance transmits, "I'm about to find out, hopefully something good, hopefully a boxcar."

18:49 Your communicator reports that the target is unavailable. They might not be awake to hear your transmission or they may have private communications disabled.

18:50 You lean in toward Miriam Valleris and gently kiss her lips.

18:50 #$#soundpack social | kiss | male

18:51 [General Communication] Jessica Marin transmits, "One spot."

18:51 [General Communication] Juan Rhodes transmits, "Come on, fill that spot. Please!"

18:53 [General Communication] Jessica Marin transmits, "Full."

18:53 #$#hjelp

18:57 #$#hjelp

19:00 #$#hjelp

19:02 [General Communication] Dorion Hunter transmits, "Any missions going on?"

19:02 [General Communication] Jessica Marin transmits, "Yes, but full."

19:02 You wrap your arms around Miriam Valleris.

19:02 #$#soundpack social | armwrap | male

19:06 #$#hjelp

19:07 Miriam Valleris gets a pained look on her face.

19:08 [General Communication] Erik Yobi transmits, "Mods mods mods mods mods!"

19:08 [General Communication] Calyssa Calaway transmits, "Jess has a crew running."

19:08 [General Communication] Calyssa Calaway transmits, "Oh never mind."

19:09 [General Communication] Erik Yobi transmits, "Mods! Mods mods mods!"

19:09 #$#hjelp

19:09 [General Communication] Erik Yobi transmits, "4 spots!"

19:09 [General Communication] Juan Rhodes transmits, "Yea, if you're up to run, count me in, eric.I."

19:10 [General Communication] Erik Yobi transmits, "Yes yes! 3 more!"

19:10 [General Communication] Erik Yobi transmits, "2 more!"

19:10 [General Communication] Erik Yobi transmits, "2 spots for mods mods mods mods!"

19:10 [General Communication] Juan Rhodes transmits, "Where more?"

19:10 [General Communication] Erik Yobi transmits, "1 spot for mods!"

19:11 [General Communication] Calyssa Calaway transmits, "We got a bay yet yobi?"

19:11 [General Communication] Harley Richardson transmits, "Anyone doing missions."

19:11 [General Communication] Juan Rhodes transmits, "Yah, eric runs."

19:11 [General Communication] Erik Yobi transmits, "Gamma."

19:13 #$#hjelp

19:16 #$#hjelp

19:20 #$#hjelp

19:23 #$#hjelp

19:27 #$#hjelp

19:30 #$#hjelp

19:34 #$#hjelp

19:37 #$#hjelp

19:40 [General Communication] Erik Yobi transmits, "One spot mods!"

19:41 #$#hjelp

19:41 [General Communication] Calyssa Calaway transmits, "First person to take the spot gets erik's chocolate balls."

19:42 [General Communication] Bradley Kind transmits, "Me."

19:42 [General Communication] Calyssa Calaway transmits, "Your already here."

19:43 [Tradesman Market] Anton Navarro has bought one tradesman certificate from Drew Berry.

19:43 [Tradesman Market] Drew Berry's sale has completed.

19:44 #$#hjelp

19:46 You wrap your arms around Miriam Valleris.

19:46 #$#soundpack social | armwrap | male

19:47 Miriam Valleris's nose starts to bleed.

19:48 [General Communication] Erik Yobi transmits, "Last call, one spot for mods!"

19:48 [General Communication] Erik Yobi transmits, "Mods mods mods mods mods mods!"

19:48 [General Communication] Erica Payne transmits, "I'll go. Just give me a minute to get there."

19:48 [General Communication] Erik Yobi cheers.

19:48 #$#soundpack social | cheer | male

19:48 [General Communication] Erik Yobi transmits, "A minute is fine."

19:50 #$#hjelp

19:52 [General Communication] Erica Payne transmits, "Which bay?"

19:52 [General Communication] Erik Yobi transmits, "Delta."

19:52 [General Communication] Erica Payne transmits, "All right. Landing soon."

19:52 [Chatter] Anton Navarro screams, "SHUT UP."

19:52 #$#soundpack social | scream | male

19:53 [Chatter] Calyssa Calaway screams, "NEVER."

19:53 #$#soundpack social | scream | female

19:53 [General Communication] Erica Payne transmits, "I'm here."

19:53 [Chatter] Anton Navarro transmits, "Especially you, Calaway!"

19:53 [Chatter] Calyssa Calaway transmits, "No."

19:53 [Chatter] Calyssa Calaway transmits, "I don't want to."

19:53 [Chatter] Anton Navarro transmits, "Fine, I'll stab your sister and fry your husband."

19:53 [Chatter] Calyssa Calaway transmits, "Ok."

19:53 #$#hjelp

19:53 [Chatter] Calyssa Calaway transmits, "At least mikey will taste good."

19:53 [Chatter] Doraleigh Soto transmits, "He might give ya indigestion."

19:53 [Chatter] Anton Navarro transmits, "I won't be eating him. Ralph will."

19:54 [Chatter] Calyssa Calaway transmits, "Everyone stop telling me what to do."

19:54 [Chatter] Calyssa Calaway sobs.

19:54 #$#soundpack social | sobs | female

19:54 [Chatter] Doraleigh Soto transmits, "Everyone stop telling Caly what to do."

19:55 [Chatter] Aaron Blade transmits, "No."

19:55 [Chatter] Aaron Blade transmits, "More things on auction."

19:55 [Chatter] Anton Navarro transmits, "We agree young Master Blad."

19:55 [Chatter] Calyssa Calaway transmits, "Master blatter."

19:55 [General Communication] Harley Richardson transmits, "One spot."

19:56 [Chatter] Calyssa Calaway transmits, "That's what I'll call you from now on."

19:56 [General Communication] Anton Navarro transmits, "What for?"

19:56 [General Communication] Harley Richardson transmits, "Mods I think."

19:56 [General Communication] Anton Navarro transmits, "If it's for dipping my sheep, I am in."

19:56 [General Communication] Jessica Marin transmits, "No."

19:56 [General Communication] Jessica Marin transmits, "If you mean erik, so he is full."

19:56 [General Communication] Erik Yobi transmits, "I'm very full!"

19:56 [General Communication] Harley Richardson transmits, "No, I have one spot on my ship."

19:56 [General Communication] Jessica Marin laughs.

19:56 #$#soundpack social | laugh | female

19:57 [General Communication] Jessica Marin transmits, "Oh ok. Sorry."

19:57 [General Communication] Michael Calaway transmits, "Wash your ship then if it has spots, sir."

19:57 [General Communication] Carrie Reid transmits, "You in a destroyer?"

19:57 #$#hjelp

19:57 [General Communication] Harley Richardson transmits, "No, a vanguard."

19:58 [General Communication] Harley Richardson transmits, "Anyways, one spot."

20:00 [General Communication] Harley Richardson transmits, "Last call, one spot."

20:00 #$#hjelp

20:04 #$#hjelp

20:05 You lean in toward Miriam Valleris and gently kiss her lips.

20:05 #$#soundpack social | kiss | male

20:07 Miriam Valleris suddenly bursts into tears.

20:08 #$#hjelp

20:12 #$#hjelp

20:14 [General Communication] Harley Richardson transmits, "Any missions going on?"

20:15 [General Communication] Jessica Marin transmits, "Yes, but full I think."

20:15 #$#hjelp

20:16 [General Communication] Erik Yobi transmits, "1 spot mods."

20:16 [General Communication] Harley Richardson transmits, "Me!"

20:16 [General Communication] Harley Richardson transmits, "What bay."

20:16 [General Communication] Erik Yobi transmits, "One moment."

20:16 [General Communication] Erik Yobi transmits, "Alpha."

20:16 [Chatter] Anton Navarro transmits, "Erica, do you have this channel on?"

20:16 [Chatter] Erica Payne transmits, "Yes."

20:17 [General Communication] Harley Richardson transmits, "Right, on my way."

20:17 [Chatter] Anton Navarro transmits, "Get a link with Calyssa, she has a question for you."

20:17 [Chatter] Anton Navarro transmits, "I'll also grab a link, but I am currently in a fighter mod."

20:17 [Chatter] Calyssa Calaway transmits, "Anton want's to know if you like big butts and you can not lie."

20:17 [Chatter] Erica Payne transmits, "I certainly can't deny."

20:17 [Chatter] Calyssa Calaway cackles.

20:17 #$#soundpack social | cackles | female

20:19 #$#hjelp

20:20 [General Communication] Erik Yobi transmits, "Well, seems we have one more spot."

20:20 [General Communication] Erik Yobi transmits, "One spot for mods!"

20:20 You wrap your arms around Miriam Valleris.

20:20 #$#soundpack social | armwrap | male

20:21 [General Communication] Harley Richardson transmits, "Landing now."

20:21 [General Communication] Erik Yobi transmits, "Awesome."

20:21 [General Communication] Erik Yobi transmits, "We still need one more person."

20:22 [General Communication] Michael Calaway transmits, "I'l mod!"

20:22 [General Communication] Erik Yobi cheers.

20:22 #$#soundpack social | cheer | male

20:22 [General Communication] Erik Yobi transmits, "Alpha!"

20:24 #$#hjelp

20:27 #$#hjelp

20:31 #$#hjelp

20:32 [Chatter] A Proboscis Monkey screams, "TIME YOU FEEL THE SAFEST IS THE TIME OF THE GREATEST DANGER."

20:32 #$#soundpack social | scream | male

20:34 #$#hjelp

20:38 #$#hjelp

20:40 [Chatter] Anton Navarro transmits, "My computer disruptions is damaged beyond repair."

20:40 [Chatter] Leeann Blade transmits, "Poor anton pops."

20:41 [Chatter] Anton Navarro transmits, "Leeann? Do you like to."

20:41 #$#hjelp

20:45 #$#hjelp

20:47 Miriam Valleris suddenly bursts into tears.

20:48 #$#hjelp

20:52 #$#hjelp

20:53 Your communicator reports that the target is unavailable. They might not be awake to hear your transmission or they may have private communications disabled.

20:56 #$#hjelp

21:00 #$#hjelp

21:03 #$#hjelp

21:07 #$#hjelp

21:07 Miriam Valleris gets an uncomfortable look on her face.

21:10 #$#hjelp

21:14 #$#hjelp

21:17 #$#hjelp

21:21 #$#hjelp

21:24 #$#hjelp

21:27 Miriam Valleris suddenly looks sick.

21:28 #$#hjelp

21:31 #$#hjelp

21:35 #$#hjelp

21:38 #$#hjelp

21:42 #$#hjelp

21:42 [Chatter] Anton Navarro screams, "SLATTERN."

21:42 #$#soundpack social | scream | male

21:45 [Chatter] Anton Navarro transmits, "Ralph, do you like a good Slattern?"

21:45 [Chatter] A Proboscis Monkey screams, "ASK CRIA BLUR!"
#$#soundpack social | scream | male

21:45 #$#hjelp

21:47 Miriam Valleris gets an uncomfortable look on her face.

21:49 #$#hjelp

21:52 #$#hjelp

21:54 From a thick black leather utility belt with several loops on it, you hear a blue flight control scanner announce, "Flight control in Bellerophon, we detect shots fired!"

21:55 [General Communication] Anton Navarro transmits, "6 spots, difs."

21:55 [General Communication] Anton Navarro transmits, "Yes difs, I am anton."

21:55 [General Communication] Anton Navarro transmits, "Don't all rush at once."

21:56 #$#hjelp

21:56 [Chatter] Anton Navarro transmits, "I hope everyone out of local space blows up and dies very slowly, in your escape pods."

21:56 [Chatter] Calyssa Calaway transmits, "Me too."

21:56 [Chatter] Michael Calaway transmits, "Not me."

21:56 [Chatter] Gabriel Marin screams, "MAD?"

21:56 #$#soundpack social | scream | male

21:56 [Chatter] Michael Calaway transmits, "I'll be the sivle one."

21:56 [General Communication] Jessica Marin transmits, "2 here."

21:56 [General Communication] Anton Navarro transmits, "4 spots."

21:56 [General Communication] Juan Rhodes transmits, "1 here."

21:57 [General Communication] Anton Navarro transmits, "3 spots."

21:58 [Chatter] Anton Navarro transmits, "Screech."

21:58 [General Communication] Juan Rhodes transmits, "Or no, I have to put it on a delay. I need something to do. Sorry, Antony."

21:58 [Chatter] Michael Calaway transmits, "No."

21:58 [Chatter] Juan Rhodes transmits, "*squeaks*"

21:58 [General Communication] Anton Navarro transmits, "3 spots."

21:59 You lean in toward Miriam Valleris and gently kiss her lips.

21:59 #$#soundpack social | kiss | male

21:59 [General Communication] Anton Navarro transmits, "Last call, 3 spots. Wonder difs."

22:02 #$#hjelp

22:06 #$#hjelp

22:07 Miriam Valleris looks weak.

22:09 #$#hjelp

22:10 [Chatter] Anton Navarro transmits, "I gone through the gate now chunky."

22:13 #$#hjelp

22:14 [Chatter] Emily Armani transmits, "Hello all!"

22:15 [Chatter] Calyssa Calaway transmits, "Hi."

22:15 [Chatter] Michael Calaway transmits, "Bye."

22:15 [Chatter] Emily Armani transmits, "How is everyone?"

22:15 [Chatter] Calyssa Calaway transmits, "I am board."

22:15 [Chatter] Calyssa Calaway transmits, "And yourself?"

22:15 [Chatter] Emily Armani transmits, "Kinda bored myself."

22:16 [General Communication] Michael Calaway transmits, "Hi, hello, how's everyone, 4 spots mods!"

22:16 [General Communication] Emily Armani transmits, "Meeeeee."

22:16 [General Communication] Michael Calaway transmits, "3."

22:16 #$#hjelp

22:16 [General Communication] Cria Blur transmits, "Eng!"

22:16 [General Communication] Michael Calaway transmits, "Spoken for."

22:17 [General Communication] Jessica Marin transmits, "Mods mods mods."

22:17 [General Communication] Michael Calaway transmits, "2 more!"

22:18 From a thick black leather utility belt with several loops on it, you hear a blue flight control scanner announce, "Flight control in Bellerophon, an AIE starship is firing at a Commonwealth starship."

22:18 [Chatter] Anton Navarro transmits, "Make peace, not war."

22:18 [Chatter] Gabriel Marin transmits, "Commonwealth, stop provoking my AIE brothers."

22:18 [Chatter] Emily Armani transmits, "I didn't do anything!"

22:18 From a thick black leather utility belt with several loops on it, you hear a blue flight control scanner announce, "Rolukssica to Bellerophon flight control, an AIE starship has fired on an AIE starship."

22:20 #$#hjelp

22:23 #$#hjelp

22:27 #$#hjelp

22:30 #$#hjelp

22:34 #$#hjelp

22:37 #$#hjelp

22:41 #$#hjelp

22:44 #$#hjelp

22:47 Miriam Valleris suddenly looks faint.

22:48 #$#hjelp

22:48 [Chatter] A Proboscis Monkey screams, "A MAN IS NEVER MORE TRUTHFUL THAN WHEN HE ACKNOWLEDGES HIMSELF A LIAR."

22:48 #$#soundpack social | scream | male

22:51 #$#hjelp

22:55 #$#hjelp

22:58 #$#hjelp

23:02 #$#hjelp

23:05 #$#hjelp

23:07 Miriam Valleris gets a pained look on her face.

23:09 #$#hjelp

23:12 #$#hjelp

23:16 #$#hjelp

23:19 #$#hjelp

23:23 #$#hjelp

23:26 #$#hjelp

23:27 Miriam Valleris looks weak.

23:30 #$#hjelp

23:33 #$#hjelp

23:37 #$#hjelp

23:40 #$#hjelp

23:44 #$#hjelp

23:47 Miriam Valleris gets an uncomfortable look on her face.

23:47 #$#hjelp

23:49 [Chatter] Drew Berry screams, "SO."

23:49 #$#soundpack social | scream | male

23:49 [Chatter] Cria Blur transmits, "So."

23:49 [Chatter] Drew Berry screams, "UP."

23:49 #$#soundpack social | scream | male

23:49 [Chatter] Drew Berry screams, "SUP."

23:49 #$#soundpack social | scream | male

23:49 [Chatter] Juan Rhodes screams, "I AM UP."

23:49 #$#soundpack social | scream | male

23:50 [Chatter] Drew Berry transmits, "Oh babbby."

23:50 [Chatter] Juan Rhodes transmits, "Suppy Drew?"

23:50 [Chatter] Drew Berry transmits, "Not a lot. Do I know you?"

23:50 There are 53 players connected, 29 of whom have been active recently:

23:50 ^Aria Hunter (A)
Ariela Marin (A)
Rothque Torraske (A)
^Kylar Knight (A)
Cara West (A)
^Leeann Blade (A)
Juan Rhodes (A)
Josh Westen (A)
Erik Yobi (A)
Primus ElCielo (A)
Deirdre Dawn (A)
^Tristina Cantrell (A)
Sherrilyn Sefdon (A)
Gabriel Marin (A)
^Brice Garrison (A)
Ryan Salvatore (A)
Noah Navarro (A)
Drew Berry (A)
Stanton Sefdon (A)
Mortimer Weber (A)
Carlie Calaway (A)
^Tibo Beauchene (A)
Adolin Shard (A)
Emmely Tae (C)
^Martin Graham (C)
Marcus Henderson (C)
Emily Armani (C)
Emily Sanders (C)
Moiraine Soto (C)
Lia Daniels (C)
Abigail Starns (C)
Anton Navarro (C)
^Aaron Blade (C)
*Lance Martellato (C)
Carrie Reid (C)
^Michael Franklin (C)
^Rose Blade (C)
^Miriam Valleris (C)
^Derrick Blade (C)
Calyssa Calaway (C)
Michael Calaway (H)
Ivan Graham (H)
Amy Demarco (H)
Elias Santana (H)
*Scott Franklin (H)
*Alexander Martellato (H)
Alissandra Ivonov (H)
Joseph Navarro (H)
Mathias Graham (H)
^Amy Draksen (H)
Cria Blur (H)
^Rogan Steele (H)
Will Carter (H)

* - Out of communications range.  ^ - Out of local space.

23:50 [Chatter] Juan Rhodes transmits, "Nope, not yet."

23:50 [Chatter] Drew Berry transmits, "I want a link!"

23:50 [Private | Emily Sanders] You transmit, "Hi sexy"

23:51 [Chatter] Juan Rhodes transmits, "Sure, where do you want me to come?"

23:51 [Chatter] Drew Berry chuckles.

23:51 #$#soundpack social | chuckles | male

23:51 [Chatter] Aaron Blade transmits, "Kinky."

23:51 [Chatter] Drew Berry laughs.

23:51 #$#soundpack social | laugh | male

23:51 [Chatter] Juan Rhodes giggles.

23:51 #$#soundpack social | giggles | male

23:51 [Chatter] Drew Berry transmits, "Anyways, I'm on HGC, gamma."

23:51 [Chatter] Drew Berry transmits, "He's probably some fat old guy."

23:52 [Chatter] Juan Rhodes transmits, "Who is?"

23:52 [Chatter] Drew Berry transmits, "You!"

23:52 [Chatter] Drew Berry transmits, "I said probably, obviously."

23:52 [Chatter] Juan Rhodes transmits, "Dang dong, wrong!"

23:52 [Chatter] Drew Berry transmits, "Sounds exciting!"

23:53 [Chatter] Juan Rhodes transmits, "Hmm, let me land my courier ship at Io, and I will head there, it will take up to 1.5 or 2 minutes."

23:53 [Chatter] Drew Berry transmits, "I am counting!"

23:54 #$#hjelp

23:57 #$#hjelp

