00:02 #$#hjelp

00:06 #$#hjelp

00:09 #$#hjelp

00:13 #$#hjelp

00:16 #$#hjelp

00:20 #$#hjelp

00:23 #$#hjelp

00:27 #$#hjelp

00:30 #$#hjelp

00:34 #$#hjelp

00:37 #$#hjelp

00:41 #$#hjelp

00:44 #$#hjelp

00:48 #$#hjelp

00:51 #$#hjelp

00:55 #$#hjelp

00:58 #$#hjelp

01:02 #$#hjelp

01:05 #$#hjelp

01:09 #$#hjelp

01:12 #$#hjelp

01:16 #$#hjelp

01:19 #$#hjelp

01:23 #$#hjelp

01:26 #$#hjelp

01:30 #$#hjelp

01:33 #$#hjelp

01:37 #$#hjelp

01:40 #$#hjelp

01:44 #$#hjelp

01:47 #$#hjelp

01:51 #$#hjelp

01:54 #$#hjelp

01:58 #$#hjelp

02:01 #$#hjelp

02:05 #$#hjelp

02:08 #$#hjelp

02:12 #$#hjelp

02:15 #$#hjelp

02:19 #$#hjelp

02:22 #$#hjelp

02:26 #$#hjelp

02:29 #$#hjelp

02:33 #$#hjelp

02:36 #$#hjelp

02:40 #$#hjelp

02:43 #$#hjelp

02:47 #$#hjelp

02:50 #$#hjelp

02:54 #$#hjelp

02:57 #$#hjelp

03:01 #$#hjelp

03:04 #$#hjelp

03:08 #$#hjelp

03:11 #$#hjelp

03:15 #$#hjelp

03:18 #$#hjelp

03:22 #$#hjelp

03:25 #$#hjelp

03:29 #$#hjelp

03:32 #$#hjelp

03:36 #$#hjelp

03:39 #$#hjelp

03:43 #$#hjelp

03:46 #$#hjelp

03:50 #$#hjelp

03:53 #$#hjelp

03:57 #$#hjelp

04:00 #$#hjelp

04:04 #$#hjelp

04:07 #$#hjelp

04:11 #$#hjelp

04:14 #$#hjelp

04:18 #$#hjelp

04:21 #$#hjelp

04:25 #$#hjelp

04:27 [Newbie] Stan Maro: Question when reading the help file for activities it says that you recieve 50000 per unit per item, so would that be 50000 times the amount able to hold in cargo?

04:28 #$#hjelp

04:29 [Newbie] Stan Maro: For courier should have specified.

04:30 [Newbie] Amy Draksen: I'm pretty sure that is no longer exactly accurate, but when you get a courier job, cargo will be loaded in your ship. You can see how much by typing CARGO in the control room. That will tell you how many units of the item you are delivering.

04:32 [Newbie] Amy Draksen: Note that that you get paid less money for priority deliveries, but more in courier rank points. The higher rank you are, the better your ship and storage, and the more money you can make for normal deliveries, up to a certain point.

04:32 #$#hjelp

04:32 [Newbie] Stan Maro: I know that but I was talking about the payment when filled, because I did the acording to the info in the activities math and thats a ton of cash.

04:33 [Newbie] Amy Draksen: Right. That's why I said that's no longer accurate. The most you can make for one delivery is 2 million.

04:33 [Newbie] Amy Draksen: And that's at the top ranks.

04:33 [Newbie] Stan Maro: Got you, that answers my question perfectly.

04:35 #$#hjelp

04:39 #$#hjelp

04:42 #$#hjelp

04:46 #$#hjelp

04:49 #$#hjelp

04:53 #$#hjelp

04:56 #$#hjelp

05:00 #$#hjelp

05:03 #$#hjelp

05:07 #$#hjelp

05:10 #$#hjelp

05:14 #$#hjelp

05:17 #$#hjelp

05:21 #$#hjelp

05:24 #$#hjelp

05:27 [General Communication] Olivia Cantrell transmits, "Who wants mods?"

05:28 [General Communication] Olivia Cantrell transmits, "4 spots."

05:28 #$#hjelp

05:31 #$#hjelp

05:35 #$#hjelp

05:38 #$#hjelp

05:42 #$#hjelp

05:45 #$#hjelp

05:49 #$#hjelp

05:52 #$#hjelp

05:56 #$#hjelp

05:59 #$#hjelp

06:03 #$#hjelp

06:06 #$#hjelp

06:10 #$#hjelp

06:13 #$#hjelp

06:17 #$#hjelp

06:20 #$#hjelp

06:24 #$#hjelp

06:27 #$#hjelp

06:31 #$#hjelp

06:34 #$#hjelp

06:38 #$#hjelp

06:41 #$#hjelp

06:45 #$#hjelp

06:48 #$#hjelp

06:52 #$#hjelp

06:55 #$#hjelp

06:59 #$#hjelp

07:02 #$#hjelp

07:06 #$#hjelp

07:09 #$#hjelp

07:13 #$#hjelp

07:16 #$#hjelp

07:20 #$#hjelp

07:23 #$#hjelp

07:27 #$#hjelp

07:30 #$#hjelp

07:34 #$#hjelp

07:37 #$#hjelp

07:41 #$#hjelp

07:44 #$#hjelp

07:48 #$#hjelp

07:51 #$#hjelp

07:55 #$#hjelp

07:58 #$#hjelp

08:02 #$#hjelp

08:05 #$#hjelp

08:09 #$#hjelp

08:12 #$#hjelp

08:16 #$#hjelp

08:19 #$#hjelp

08:23 #$#hjelp

08:26 #$#hjelp

08:30 #$#hjelp

08:33 #$#hjelp

08:37 #$#hjelp

08:40 #$#hjelp

08:44 #$#hjelp

08:47 #$#hjelp

08:51 #$#hjelp

08:54 #$#hjelp

08:58 #$#hjelp

09:01 #$#hjelp

09:05 #$#hjelp

09:08 #$#hjelp

09:12 #$#hjelp

09:15 #$#hjelp

09:19 #$#hjelp

09:22 #$#hjelp

09:26 #$#hjelp

09:29 #$#hjelp

09:33 #$#hjelp

09:36 #$#hjelp

09:40 #$#hjelp

09:43 #$#hjelp

09:47 #$#hjelp

09:50 #$#hjelp

09:54 #$#hjelp

09:57 #$#hjelp

10:01 #$#hjelp

10:04 #$#hjelp

10:08 #$#hjelp

10:11 #$#hjelp

10:15 #$#hjelp

10:18 #$#hjelp

10:22 #$#hjelp

10:25 #$#hjelp

10:29 #$#hjelp

10:32 #$#hjelp

10:36 #$#hjelp

10:39 #$#hjelp

10:43 #$#hjelp

10:46 #$#hjelp

10:50 #$#hjelp

10:53 #$#hjelp

10:57 #$#hjelp

11:00 #$#hjelp

11:04 #$#hjelp

11:05 [Tradesman Market] Anton Navarro has lowered the price of his sale from 350,000,000.00 credits to 335,000,000.00 credits per certificate.

11:07 #$#hjelp

11:11 #$#hjelp

11:14 #$#hjelp

11:18 #$#hjelp

11:21 #$#hjelp

11:25 #$#hjelp

11:28 #$#hjelp

11:32 #$#hjelp

11:35 #$#hjelp

11:39 #$#hjelp

11:42 #$#hjelp

11:46 #$#hjelp

11:49 #$#hjelp

11:53 #$#hjelp

11:56 #$#hjelp

12:00 #$#hjelp

12:03 #$#hjelp

12:07 #$#hjelp

12:10 #$#hjelp

12:14 #$#hjelp

12:17 #$#hjelp

12:21 #$#hjelp

12:24 #$#hjelp

12:28 #$#hjelp

12:31 #$#hjelp

12:35 #$#hjelp

12:38 #$#hjelp

12:42 #$#hjelp

12:45 #$#hjelp

12:49 #$#hjelp

12:52 #$#hjelp

12:56 #$#hjelp

12:59 #$#hjelp

13:03 #$#hjelp

13:06 #$#hjelp

13:10 #$#hjelp

13:13 #$#hjelp

13:17 #$#hjelp

13:20 #$#hjelp

13:24 #$#hjelp

13:27 #$#hjelp

13:31 #$#hjelp

13:34 #$#hjelp

13:38 #$#hjelp

13:41 #$#hjelp

13:45 #$#hjelp

13:48 #$#hjelp

13:51 [General Communication] Jessica Marin transmits, "Anyone up for missions."

13:51 [General Communication] Erik Yobi cheers.

13:51 #$#soundpack social | cheer | male

13:52 #$#hjelp

13:54 [General Communication] Jessica Marin transmits, "Missions. Is off."

13:54 [General Communication] Erik Yobi cheers.

13:54 #$#soundpack social | cheer | male

13:55 #$#hjelp

13:59 #$#hjelp

14:02 #$#hjelp

14:06 #$#hjelp

14:09 #$#hjelp

14:13 #$#hjelp

14:16 #$#hjelp

14:20 #$#hjelp

14:23 #$#hjelp

14:27 #$#hjelp

14:30 #$#hjelp

14:34 #$#hjelp

14:37 #$#hjelp

14:41 #$#hjelp

14:43 You lean in toward Miriam Valleris and gently kiss her lips.

14:43 #$#soundpack social | kiss | male

14:47 #$#hjelp

14:50 #$#hjelp

14:54 #$#hjelp

14:57 #$#hjelp

15:01 #$#hjelp

15:04 #$#hjelp

15:08 #$#hjelp

15:11 #$#hjelp

15:15 #$#hjelp

15:18 #$#hjelp

15:22 #$#hjelp

15:25 #$#hjelp

15:29 #$#hjelp

15:32 #$#hjelp

15:36 #$#hjelp

15:39 #$#hjelp

15:43 #$#hjelp

15:46 #$#hjelp

15:50 #$#hjelp

15:53 #$#hjelp

15:57 #$#hjelp

16:00 #$#hjelp

16:04 #$#hjelp

16:07 #$#hjelp

16:11 #$#hjelp

16:14 #$#hjelp

16:18 #$#hjelp

16:21 #$#hjelp

16:25 #$#hjelp

16:28 #$#hjelp

16:32 #$#hjelp

16:35 #$#hjelp

16:39 #$#hjelp

16:42 #$#hjelp

16:46 #$#hjelp

16:49 #$#hjelp

16:53 #$#hjelp

16:56 #$#hjelp

17:00 #$#hjelp

17:03 #$#hjelp

17:07 #$#hjelp

17:10 #$#hjelp

17:14 #$#hjelp

17:17 #$#hjelp

17:21 #$#hjelp

17:24 #$#hjelp

17:28 #$#hjelp

17:31 #$#hjelp

17:35 #$#hjelp

17:38 #$#hjelp

17:42 #$#hjelp

17:45 #$#hjelp

17:49 #$#hjelp

17:52 #$#hjelp

17:56 #$#hjelp

17:59 #$#hjelp

18:03 #$#hjelp

18:06 #$#hjelp

18:10 #$#hjelp

18:13 #$#hjelp

18:17 #$#hjelp

18:20 #$#hjelp

18:24 #$#hjelp

18:27 #$#hjelp

18:31 #$#hjelp

18:34 #$#hjelp

18:36 From a thick black leather utility belt with several loops on it, you hear a blue flight control scanner announce, "Flight control in Shivaldi, a Hale starship is firing at a Courier starship."

18:36 From a thick black leather utility belt with several loops on it, you hear a blue flight control scanner announce, "Anaktun to Shivaldi flight control, we're reading an explosion. Looks like a Courier starship just got destroyed."

18:38 #$#hjelp

18:41 #$#hjelp

18:45 #$#hjelp

18:48 #$#hjelp

18:52 #$#hjelp

18:55 #$#hjelp

18:59 #$#hjelp

19:02 #$#hjelp

19:06 #$#hjelp

19:09 #$#hjelp

19:13 #$#hjelp

19:16 #$#hjelp

19:20 #$#hjelp

19:23 #$#hjelp

19:27 #$#hjelp

19:30 #$#hjelp

19:34 #$#hjelp

19:37 #$#hjelp

19:41 #$#hjelp

19:44 #$#hjelp

19:48 #$#hjelp

19:51 #$#hjelp

19:55 #$#hjelp

19:58 #$#hjelp

20:02 #$#hjelp

20:05 #$#hjelp

20:09 #$#hjelp

20:12 #$#hjelp

20:16 #$#hjelp

20:19 #$#hjelp

20:23 #$#hjelp

20:26 #$#hjelp

20:30 #$#hjelp

20:33 #$#hjelp

20:36 You lean in toward Miriam Valleris and gently kiss her lips.

20:36 #$#soundpack social | kiss | male

20:37 There are 40 players connected, 22 of whom have been active recently:

20:37 Noah Navarro (A)
Bridget Thompson (A)
Rothque Torraske (A)
David Arther (A)
Leeann Whitlock (A)
Dorion Hunter (A)
Jessica Marin (A)
Kitty Mars (A)
^Audry Graham (A)
Beatrice Carmichael (A)
Stanton Sefdon (A)
Erik Yobi (A)
^Tibo Beauchene (A)
Sherrilyn Sefdon (A)
Drew Berry (A)
Ashe Tesfaye (A)
Adolin Shard (A)
Chailyn Mason (C)
^Doraleigh Soto (C)
Esther Whitlock (C)
Nicole Graham (C)
Emily Sanders (C)
Lia Daniels (C)
^Brianna West (C)
*Aaron Blade (C)
^Alexander Artorius (C)
*Rose Blade (C)
Fawkes Fogwell (C)
*Derrick Blade (C)
^Mathias Graham (H)
Joseph Navarro (H)
*Michael Calaway (H)
Ivan Graham (H)
Therman Donaldson (H)
Lena Mylan (H)
*Amy Draksen (H)
Terrence Walker (H)
Will Carter (H)
Alexander Martellato (H)
Anthony Danilov (H)

* - Out of communications range.  ^ - Out of local space.

20:41 #$#hjelp

20:41 [Private | Auction Service] Auction Service transmits, "A new item is up for bid: Marina's Manor (i55). Bids will start at 2,615,000,000.00 credits and the auction will end in 7 days. Good luck!"

20:41 [Private | Auction Service] Auction Service transmits, "A new item is up for bid: Larry's Place (u75). Bids will start at 2,472,500,000.00 credits and the auction will end in 7 days. Good luck!"

20:41 [Private | Auction Service] Auction Service transmits, "A new item is up for bid: Riverside Manor (g27). Bids will start at 2,760,000,000.00 credits and the auction will end in 7 days. Good luck!"

20:41 [Private | Auction Service] Auction Service transmits, "A new item is up for bid: Whispering Woods Estate (c8). Bids will start at 2,165,000,000.00 credits and the auction will end in 7 days. Good luck!"

20:41 [Private | Auction Service] Auction Service transmits, "A new item is up for bid: Infinity's Edge (a29). Bids will start at 10,202,500,000.00 credits and the auction will end in 7 days. Good luck!"

20:44 #$#hjelp

20:48 #$#hjelp

20:51 #$#hjelp

20:55 #$#hjelp

20:58 #$#hjelp

21:02 #$#hjelp

21:05 #$#hjelp

21:09 #$#hjelp

21:12 #$#hjelp

21:16 #$#hjelp

21:19 #$#hjelp

21:23 #$#hjelp

21:26 #$#hjelp

21:30 #$#hjelp

21:33 #$#hjelp

21:37 #$#hjelp

21:40 #$#hjelp

21:44 #$#hjelp

21:47 #$#hjelp

21:51 #$#hjelp

21:54 #$#hjelp

21:58 #$#hjelp

22:01 #$#hjelp

22:05 #$#hjelp

22:08 #$#hjelp

22:08 [General Communication] Jessica Marin transmits, "Anyone up for mods?"

22:09 [General Communication] Alexander Martellato transmits, "Sure."

22:09 [General Communication] Jessica Marin transmits, "Four spots for mods."

22:10 [General Communication] Jessica Marin transmits, "Noone ?"

22:11 [General Communication] Jessica Marin transmits, "4 spots for mods."

22:12 [General Communication] Jessica Marin transmits, "Last call."

22:12 #$#hjelp

22:15 [General Communication] Jessica Marin transmits, "Mods is off for now, will try later."

22:15 #$#hjelp

22:19 #$#hjelp

22:22 #$#hjelp

22:26 #$#hjelp

22:29 #$#hjelp

22:33 #$#hjelp

22:36 #$#hjelp

22:40 #$#hjelp

22:43 #$#hjelp

22:47 #$#hjelp

22:50 #$#hjelp

22:54 #$#hjelp

22:57 #$#hjelp

23:01 #$#hjelp

23:04 #$#hjelp

23:08 #$#hjelp

23:11 #$#hjelp

23:15 #$#hjelp

23:15 [General Communication] Jessica Marin transmits, "Spots for mods."

23:18 #$#hjelp

23:22 #$#hjelp

23:25 #$#hjelp

23:29 #$#hjelp

23:32 #$#hjelp

23:36 #$#hjelp

23:39 #$#hjelp

23:43 #$#hjelp

23:43 [General Communication] Jessica Marin transmits, "Let's try again. 5 spot for mods."

23:43 [General Communication] Jake Billings transmits, "Me."

23:43 [General Communication] Therman Donaldson transmits, "Me."

23:43 [General Communication] Therman Donaldson transmits, "Will we get a crew? Say true."

23:44 [General Communication] Jessica Marin transmits, "3 spot for mods."

23:45 [General Communication] Jessica Marin transmits, "3 spots !"

23:46 #$#hjelp

23:47 [General Communication] Therman Donaldson sighs and transmits, "We sadly won't get the crew."

23:47 #$#soundpack social | sigh | male

23:48 [General Communication] Jessica Marin transmits, "Yes, I'm sorry for that. I tried in any case."

23:48 [General Communication] Jake Billings transmits, "Thank you for trying."

23:49 [General Communication] Jessica Marin transmits, "I'm sorry again. Will try later."

23:50 #$#hjelp

23:53 #$#hjelp

23:57 #$#hjelp

