00:01 #$#hjelp

00:04 #$#hjelp

00:08 #$#hjelp

00:11 #$#hjelp

00:15 #$#hjelp

00:18 #$#hjelp

00:19 [Private | Dora West] Dora West transmits, "still stuck out there eh?"

00:22 #$#hjelp

00:25 #$#hjelp

00:29 #$#hjelp

00:32 #$#hjelp

00:36 #$#hjelp

00:39 #$#hjelp

00:43 #$#hjelp

00:46 #$#hjelp

00:50 #$#hjelp

00:53 #$#hjelp

00:57 #$#hjelp

01:00 #$#hjelp

01:04 #$#hjelp

01:07 #$#hjelp

01:08 From a thick black leather utility belt with several loops on it, you hear a blue flight control scanner announce, "ITPN Remote Outpost to Adaukerisicka flight control, there's a battle going on up there!"

01:09 Your communicator reports that the target is unavailable. They might not be awake to hear your transmission or they may have private communications disabled.

01:12 #$#hjelp

01:16 #$#hjelp

01:19 #$#hjelp

01:23 #$#hjelp

01:24 There are 38 players connected, 21 of whom have been active recently:

01:24 Elena Remmen (A)
^Olivia Cantrell (A)
^Alayna Wells (A)
Michael Ambrose (A)
Aria Hunter (A)
Rothque Torraske (A)
Kitty Mars (A)
Stanton Sefdon (A)
Cara West (A)
Erik Yobi (A)
Ashe Tesfaye (A)
^Jason Harkness (A)
Noah Navarro (A)
Josh Westen (A)
^Tibo Beauchene (A)
^Brice Garrison (A)
Adolin Shard (A)
^Garth Morison (A)
Sherrilyn Sefdon (A)
Drew Berry (A)
Lia Daniels (C)
Kevin Seiden (C)
Calyssa Calaway (C)
Conor Duffy (C)
Emily Sanders (C)
Patric Avery (C)
Brianna West (C)
Rose Blade (C)
Carmen Pasquale (C)
Derrick Blade (C)
Marcelle Roche (H)
Michael Calaway (H)
Ivy Black (H)
Jim Blue (H) [N]
Lena Mylan (H)
Will Carter (H)
Alexander Martellato (H)
Anthony Danilov (H)

^ - Out of local space.

01:24 [Private | Emily Sanders] You transmit, "Hi!"

01:24 [Private | Emily Sanders] Emily Sanders transmits, "heeeyeyeyeyeyo"

01:27 #$#hjelp

01:31 #$#hjelp

01:34 #$#hjelp

01:38 #$#hjelp

01:41 #$#hjelp

01:45 #$#hjelp

01:48 #$#hjelp

01:52 #$#hjelp

01:55 #$#hjelp

01:59 #$#hjelp

02:02 #$#hjelp

02:06 #$#hjelp

02:07 [General Communication] Tiberius Black transmits, "8 spots diffs."

02:07 [General Communication] Ray Ridgeway transmits, "Me!"

02:07 [General Communication] Tiberius Black transmits, "7 spots diffs."

02:09 #$#hjelp

02:10 [General Communication] Olivia Cantrell transmits, "I'll go."

02:10 [General Communication] Tiberius Black transmits, "6 spots diffs or we can do bzzr's."

02:11 [General Communication] Tiberius Black transmits, "Beta."

02:12 [General Communication] Michael Calaway transmits, "Hmmm did I hear something about bzzrs?"

02:12 [General Communication] Tiberius Black transmits, "Yeah."

02:12 [General Communication] Michael Calaway transmits, "Count me if there's room!"

02:12 [General Communication] Tiberius Black transmits, "Ok."

02:13 [General Communication] Allon Martellato screams, "DIFS!"

02:13 #$#soundpack social | scream | male

02:13 #$#hjelp

02:13 [General Communication] Michael Calaway transmits, "Go back to sleep markoloto."

02:14 [General Communication] Allon Martellato transmits, "Shove off hathaway."

02:14 [General Communication] Allon Martellato transmits, "Are there still spots?"

02:14 [General Communication] Tiberius Black transmits, "Yeah."

02:14 [General Communication] Michael Calaway transmits, "It's not repairing the ship while we do all the hard work either."

02:15 [General Communication] Allon Martellato transmits, "I'm not alex, yo."

02:16 [General Communication] Olivia Cantrell transmits, "I love, bzzrs."

02:16 [General Communication] Tiberius Black transmits, "Beta."

02:16 #$#hjelp

02:20 #$#hjelp

02:23 #$#hjelp

02:27 #$#hjelp

02:31 #$#hjelp

02:34 #$#hjelp

02:38 #$#hjelp

02:41 #$#hjelp

02:45 #$#hjelp

02:48 #$#hjelp

02:52 #$#hjelp

02:55 #$#hjelp

02:59 #$#hjelp

03:02 #$#hjelp

03:06 #$#hjelp

03:09 #$#hjelp

03:13 #$#hjelp

03:16 #$#hjelp

03:20 #$#hjelp

03:23 #$#hjelp

03:27 #$#hjelp

03:30 #$#hjelp

03:34 #$#hjelp

03:37 #$#hjelp

03:41 #$#hjelp

03:44 #$#hjelp

03:46 A red message board reader beeps quietly, indicating to you that there is a new message in General / Trading. It was posted by Michael Calaway with the subject "gunship for sale".

03:48 #$#hjelp

03:51 #$#hjelp

03:55 #$#hjelp

03:58 #$#hjelp

04:01 [Acrylon Courier Transport] A Receptionist transmits, "Listen up, you guys. Jim Blue just joined the company. Please do your best to make him feel like part of the team. Welcome aboard, Jim!"

04:02 #$#hjelp

04:05 #$#hjelp

04:05 [Acrylon Courier Transport] Brice Garrison transmits, "Ahoy there, mate."

04:07 [Acrylon Courier Transport] Jim Blue transmits, "Hello."

04:09 #$#hjelp

04:12 #$#hjelp

04:13 [General Communication] David Arther transmits, "Any missions?"

04:13 [General Communication] Anny Rain transmits, "If have enough crew can start mods."

04:16 #$#hjelp

04:19 #$#hjelp

04:23 #$#hjelp

04:26 #$#hjelp

04:28 Emily Sanders (C) (Female) is asleep!

04:28 Anny Rain (C) (Female) is awake!

04:28 [Private | Anny Rain] You transmit, "Hi"

04:28 There are 32 players connected, 15 of whom have been active recently:

04:28 David Arther (A)
*Ariela Marin (A)
Allon Martellato (A)
Rothque Torraske (A)
Kitty Mars (A)
Stanton Sefdon (A)
Cara West (A)
Erik Yobi (A)
Ashe Tesfaye (A)
Josh Westen (A)
^Tibo Beauchene (A)
^Brice Garrison (A)
Adolin Shard (A)
^Garth Morison (A)
Sherrilyn Sefdon (A)
Drew Berry (A)
Anny Rain (C)
Renee Chance (C)
Calyssa Calaway (C)
*Jose Vaz (C)
Brianna West (C)
Rose Blade (C)
Carmen Pasquale (C)
Derrick Blade (C)
Michael Calaway (H)
*Salazar Clayton (H)
Jim Blue (H) [N]
Ivan Graham (H)
Lena Mylan (H)
Will Carter (H)
Alexander Martellato (H)
Anthony Danilov (H)

* - Out of communications range.  ^ - Out of local space.

04:28 [Private | Anny Rain] Anny Rain transmits, "hi"

04:32 #$#hjelp

04:35 #$#hjelp

04:38 [General Communication] Erik Yobi chants, "Mods! Mods! Mods! Mods!"

04:38 #$#soundpack social | chant | male

04:38 [General Communication] Michael Calaway transmits, "Oo oo."

04:38 [General Communication] Calyssa Calaway transmits, "I'll eng for mods."

04:38 [General Communication] Erik Yobi transmits, "2 more spots then!"

04:38 [General Communication] Allon Martellato transmits, "I'll go."

04:38 [General Communication] Michael Calaway roars.
#$#soundpack social | roar | male

04:39 #$#hjelp

04:39 [General Communication] Erik Yobi transmits, "We only need one more! One spot for mods!"

04:39 [General Communication] Calyssa Calaway transmits, "Did you count mikey's roar?"

04:39 [General Communication] Erik Yobi transmits, "I did!"

04:39 [General Communication] Calyssa Calaway cheers.

04:39 #$#soundpack social | cheers | female

04:40 [General Communication] Michael Calaway transmits, "I was hoping you didn't, because if you didn't we would be full now!"

04:40 [General Communication] Michael Calaway whimpers.

04:40 #$#soundpack social | whimper | male

04:40 [General Communication] Erik Yobi transmits, "Aww."

04:40 [General Communication] David Arther transmits, "Am I counted?"

04:40 [General Communication] Erik Yobi transmits, "No, but you could be!"

04:40 [General Communication] Erik Yobi transmits, "Alpha is the amazing bay then!"

04:40 [General Communication] David Arther transmits, "Count me in the party."

04:41 [General Communication] Erik Yobi cheers.

04:41 #$#soundpack social | cheer | male

04:42 #$#hjelp

04:43 [General Communication] David Arther transmits, "What bay?"

04:43 [General Communication] Erik Yobi transmits, "Alpha."

04:44 [Private | Kitty Mars] You transmit, "I'll probably end up just escaping back. I'm not sure when though."

04:45 [Private | Kitty Mars] Kitty Mars transmits, "Ok well just have to kill power without a suit on. I'll help you get your ship then if you want me to Love."

04:47 #$#hjelp

04:51 [Private | Kitty Mars] You transmit, "Perhaps we should talk before you decide to help me with that. If there is still tention between us, it could make for a very long and rather uncomfortable trip."

04:51 [Private | Kitty Mars] Kitty Mars transmits, "of course"

04:54 #$#hjelp

04:55 [Private | Kitty Mars] You transmit, "But in the meantime, until then, please know... I still... Wish the best for you. Good night and rest well."

04:55 [Private | Kitty Mars] Kitty Mars transmits, "good night"

04:59 #$#hjelp

05:02 #$#hjelp

05:06 #$#hjelp

05:09 #$#hjelp

05:13 #$#hjelp

05:16 #$#hjelp

05:20 #$#hjelp

05:23 #$#hjelp

05:27 #$#hjelp

05:30 #$#hjelp

05:34 #$#hjelp

05:37 #$#hjelp

05:41 #$#hjelp

05:44 #$#hjelp

05:48 #$#hjelp

05:51 #$#hjelp

05:55 #$#hjelp

05:58 #$#hjelp

06:02 #$#hjelp

06:05 #$#hjelp

06:09 #$#hjelp

06:12 #$#hjelp

06:16 #$#hjelp

06:19 #$#hjelp

06:23 #$#hjelp

06:26 #$#hjelp

06:30 #$#hjelp

06:33 #$#hjelp

06:37 #$#hjelp

06:37 From a thick black leather utility belt with several loops on it, you hear a blue flight control scanner announce, "Flight control in Triskaideka, we detect shots fired! Repeat, shots fired!"

06:40 #$#hjelp

06:44 #$#hjelp

06:47 #$#hjelp

06:51 #$#hjelp

06:54 #$#hjelp

06:58 #$#hjelp

07:01 #$#hjelp

07:05 #$#hjelp

07:08 #$#hjelp

07:12 #$#hjelp

07:15 #$#hjelp

07:19 #$#hjelp

07:22 #$#hjelp

07:26 #$#hjelp

07:29 #$#hjelp

07:33 #$#hjelp

07:36 #$#hjelp

07:40 #$#hjelp

07:43 #$#hjelp

07:47 #$#hjelp

07:50 #$#hjelp

07:54 #$#hjelp

07:57 #$#hjelp

08:01 #$#hjelp

08:04 #$#hjelp

08:08 #$#hjelp

08:11 #$#hjelp

08:15 #$#hjelp

08:18 #$#hjelp

08:22 #$#hjelp

08:25 #$#hjelp

08:29 #$#hjelp

08:32 #$#hjelp

08:36 #$#hjelp

08:39 #$#hjelp

08:43 #$#hjelp

08:46 #$#hjelp

08:50 #$#hjelp

08:53 #$#hjelp

08:57 #$#hjelp

09:00 #$#hjelp

09:02 From a thick black leather utility belt with several loops on it, you hear a blue flight control scanner announce, "Acrylon to Triskaideka flight control, we detect shots fired! Repeat, shots fired!"

09:04 #$#hjelp

09:07 #$#hjelp

09:11 #$#hjelp

09:14 #$#hjelp

09:18 #$#hjelp

09:21 #$#hjelp

09:25 #$#hjelp

09:28 #$#hjelp

09:32 #$#hjelp

09:35 #$#hjelp

09:39 #$#hjelp

09:42 #$#hjelp

09:46 #$#hjelp

09:49 #$#hjelp

09:53 #$#hjelp

09:56 #$#hjelp

10:00 #$#hjelp

10:03 #$#hjelp

10:07 #$#hjelp

10:10 #$#hjelp

10:14 #$#hjelp

10:17 #$#hjelp

10:21 #$#hjelp

10:24 #$#hjelp

10:28 #$#hjelp

10:31 #$#hjelp

10:35 #$#hjelp

10:38 #$#hjelp

10:42 #$#hjelp

10:45 #$#hjelp

10:49 #$#hjelp

10:52 #$#hjelp

10:56 #$#hjelp

10:59 #$#hjelp

11:03 #$#hjelp

11:06 #$#hjelp

11:10 #$#hjelp

11:10 From a thick black leather utility belt with several loops on it, you hear a blue flight control scanner announce, "Narth Polus to sector 7 flight control, we're reading an explosion. Looks like a Courier starship just got destroyed."

11:13 #$#hjelp

11:17 #$#hjelp

11:20 #$#hjelp

11:24 #$#hjelp

11:27 #$#hjelp

11:31 #$#hjelp

11:34 #$#hjelp

11:38 #$#hjelp

11:41 #$#hjelp

11:45 #$#hjelp

11:48 #$#hjelp

11:52 #$#hjelp

11:55 #$#hjelp

11:59 #$#hjelp

12:02 #$#hjelp

12:06 #$#hjelp

12:09 #$#hjelp

12:13 #$#hjelp

12:16 #$#hjelp

12:20 #$#hjelp

12:23 #$#hjelp

12:27 #$#hjelp

12:30 #$#hjelp

12:34 #$#hjelp

12:37 #$#hjelp

12:41 #$#hjelp

12:44 #$#hjelp

12:48 #$#hjelp

12:51 #$#hjelp

12:55 #$#hjelp

12:58 #$#hjelp

13:02 #$#hjelp

13:05 #$#hjelp

13:09 #$#hjelp

13:12 #$#hjelp

13:16 #$#hjelp

13:19 #$#hjelp

13:23 #$#hjelp

13:26 #$#hjelp

13:30 #$#hjelp

13:33 #$#hjelp

13:37 #$#hjelp

13:40 #$#hjelp

13:44 #$#hjelp

13:47 #$#hjelp

13:51 #$#hjelp

13:54 #$#hjelp

13:58 #$#hjelp

14:01 #$#hjelp

14:05 #$#hjelp

14:08 #$#hjelp

14:12 #$#hjelp

14:15 #$#hjelp

14:19 #$#hjelp

14:22 #$#hjelp

14:26 #$#hjelp

14:29 #$#hjelp

14:33 #$#hjelp

14:36 #$#hjelp

14:40 #$#hjelp

14:43 #$#hjelp

14:47 #$#hjelp

14:50 #$#hjelp

14:53 From a thick black leather utility belt with several loops on it, you hear a blue flight control scanner announce, "Zander to Bellerophon flight control, weapons have been discharged up there!"

14:54 #$#hjelp

14:57 #$#hjelp

14:59 From a thick black leather utility belt with several loops on it, you hear a blue flight control scanner announce, "Flight control in Miriani, weapons have been discharged up there!"

15:01 #$#hjelp

15:02 From a thick black leather utility belt with several loops on it, you hear a blue flight control scanner announce, "Flight control in Miriani, we detect shots fired! Repeat, shots fired!"

15:04 #$#hjelp

15:08 #$#hjelp

15:11 #$#hjelp

15:15 #$#hjelp

15:18 #$#hjelp

15:22 #$#hjelp

15:25 #$#hjelp

15:29 #$#hjelp

15:32 #$#hjelp

15:36 #$#hjelp

15:39 #$#hjelp

15:43 #$#hjelp

15:46 #$#hjelp

15:50 #$#hjelp

15:52 A red message board reader beeps quietly, indicating to you that there is a new message in General / Trading. It was posted by Michael Calaway with the subject "Re: gunship for sale".

15:53 #$#hjelp

15:57 #$#hjelp

16:00 #$#hjelp

16:04 #$#hjelp

16:07 #$#hjelp

16:11 #$#hjelp

16:14 #$#hjelp

16:18 #$#hjelp

16:21 #$#hjelp

16:25 #$#hjelp

16:28 #$#hjelp

16:32 #$#hjelp

16:35 #$#hjelp

16:39 #$#hjelp

16:42 #$#hjelp

16:46 #$#hjelp

16:49 #$#hjelp

16:53 #$#hjelp

16:56 #$#hjelp

17:00 #$#hjelp

17:03 #$#hjelp

17:07 #$#hjelp

17:10 #$#hjelp

17:14 #$#hjelp

17:17 #$#hjelp

17:21 #$#hjelp

17:24 #$#hjelp

17:25 [Private | Emily Sanders] Emily Sanders transmits, "hello"

17:28 #$#hjelp

17:31 #$#hjelp

17:35 #$#hjelp

17:36 [General Communication] Michael Calaway transmits, "Mods!"

17:36 [General Communication] Tiberius Black transmits, "Yeah."

17:36 [General Communication] Michael Calaway transmits, "4 spots then."

17:37 [General Communication] Ray Ridgeway transmits, "I'll go!"

17:38 #$#hjelp

17:39 [General Communication] Michael Calaway transmits, "Oh 3!"

17:39 [General Communication] Michael Calaway transmits, "Unless someone has a rowboat?"

17:40 [General Communication] Alexander Martellato transmits, "Eng."

17:40 [General Communication] Michael Calaway transmits, "Sure, 2 spots then!"

17:42 #$#hjelp

17:45 #$#hjelp

17:47 [General Communication] Tiberius Black transmits, "2 spots mods."

17:48 [General Communication] Ray Ridgeway cheers.

17:48 #$#soundpack social | cheers | male

17:49 #$#hjelp

17:50 [General Communication] Tiberius Black transmits, "Lets switch to bzzr's then, I'm down to fly."

17:50 [General Communication] Michael Calaway transmits, "Sure I need 5 though."

17:51 [General Communication] Tiberius Black transmits, "4 is enough."

17:51 [General Communication] Michael Calaway snickers.

17:51 #$#soundpack social | snicker | male

17:51 [General Communication] Michael Calaway transmits, "5 minutes I meant."

17:51 [General Communication] Tiberius Black transmits, "Oh you need five minutes? Haha."

17:52 [General Communication] Tiberius Black transmits, "Delta."

17:52 #$#hjelp

17:56 #$#hjelp

17:59 #$#hjelp

18:03 #$#hjelp

18:06 #$#hjelp

18:09 [General Communication] Michael Calaway transmits, "Sorry my 5 minutes took 10!"

18:10 [General Communication] Tiberius Black transmits, "All good."

18:10 #$#hjelp

18:10 [General Communication] Michael Calaway transmits, "We still on for missions?"

18:10 [General Communication] Tiberius Black transmits, "Who did we have?"

18:10 [General Communication] Michael Calaway transmits, "Me you ray and hmm."

18:10 [General Communication] Michael Calaway transmits, "Alexander but think he wanted eng."

18:10 [General Communication] Tiberius Black transmits, "Ok."

18:11 [General Communication] Calyssa Calaway transmits, "Oops I need to borrow ray for a few. He's buying my ships."

18:13 [General Communication] Tiberius Black transmits, "I will try later out of time."

18:13 #$#hjelp

18:17 #$#hjelp

18:20 #$#hjelp

18:24 #$#hjelp

18:27 #$#hjelp

18:30 [General Communication] Michael Calaway transmits, "I'll try this again, mods!"

18:30 [General Communication] Alexander Martellato transmits, "Eng."

18:31 #$#hjelp

18:34 #$#hjelp

18:38 #$#hjelp

18:41 #$#hjelp

18:45 #$#hjelp

18:48 #$#hjelp

18:52 #$#hjelp

18:55 #$#hjelp

18:59 #$#hjelp

19:02 #$#hjelp

19:06 #$#hjelp

19:09 #$#hjelp

19:13 #$#hjelp

19:16 #$#hjelp

19:20 #$#hjelp

19:23 #$#hjelp

19:27 #$#hjelp

19:30 #$#hjelp

19:34 #$#hjelp

19:37 #$#hjelp

19:41 #$#hjelp

19:44 #$#hjelp

19:48 #$#hjelp

19:51 #$#hjelp

19:55 #$#hjelp

19:58 #$#hjelp

20:02 #$#hjelp

20:05 #$#hjelp

20:09 #$#hjelp

20:12 #$#hjelp

20:16 #$#hjelp

20:19 #$#hjelp

20:23 #$#hjelp

20:26 #$#hjelp

20:30 #$#hjelp

20:33 #$#hjelp

20:37 #$#hjelp

20:40 #$#hjelp

20:41 [Private | Auction Service] Auction Service transmits, "A new item is up for bid: Marina's Manor (h57). Bids will start at 2,615,000,000.00 credits and the auction will end in 7 days. Good luck!"

20:41 [Private | Auction Service] Auction Service transmits, "A new item is up for bid: Larry's Place (o70). Bids will start at 2,472,500,000.00 credits and the auction will end in 7 days. Good luck!"

20:41 [Private | Auction Service] Auction Service transmits, "A new item is up for bid: Riverside Manor (c41). Bids will start at 2,760,000,000.00 credits and the auction will end in 7 days. Good luck!"

20:41 [Private | Auction Service] Auction Service transmits, "A new item is up for bid: Whispering Woods Estate (a55). Bids will start at 2,165,000,000.00 credits and the auction will end in 7 days. Good luck!"

20:41 [Private | Auction Service] Auction Service transmits, "A new item is up for bid: Infinity's Edge (q14). Bids will start at 10,202,500,000.00 credits and the auction will end in 7 days. Good luck!"

20:44 #$#hjelp

20:47 #$#hjelp

20:51 #$#hjelp

20:54 #$#hjelp

20:58 #$#hjelp

21:01 #$#hjelp

21:05 #$#hjelp

21:08 #$#hjelp

21:12 #$#hjelp

21:15 #$#hjelp

21:19 #$#hjelp

21:22 #$#hjelp

21:26 #$#hjelp

21:29 #$#hjelp

21:33 #$#hjelp

21:33 [General Communication] Michael Calaway transmits, "4 spots mods, gunning!"

21:34 [General Communication] Michael Calaway transmits, "3 spots!"

21:35 [General Communication] Hunter Trask transmits, "Sure."

21:35 [General Communication] Michael Calaway transmits, "2 now!"

21:36 #$#hjelp

21:40 #$#hjelp

21:43 #$#hjelp

21:44 [General Communication] Jake Billings transmits, "Me if its not too late."

21:44 [General Communication] Michael Calaway transmits, "1 spot then!"

21:45 [General Communication] Michael Calaway transmits, "And full !"

21:46 [General Communication] Michael Calaway transmits, "Alpha!"

21:47 #$#hjelp

21:50 #$#hjelp

21:54 #$#hjelp

21:57 #$#hjelp

22:01 #$#hjelp

22:04 #$#hjelp

22:08 #$#hjelp

22:11 #$#hjelp

22:15 [General Communication] Michael Calaway transmits, "1 spot mods!"

22:15 #$#hjelp

22:18 [General Communication] Calyssa Calaway transmits, "One spot mods."

22:18 #$#hjelp

22:22 #$#hjelp

22:25 #$#hjelp

22:29 #$#hjelp

22:31 [General Communication] Michael Calaway transmits, "1 spot mods?"

22:32 #$#hjelp

22:36 #$#hjelp

22:39 #$#hjelp

22:43 #$#hjelp

22:46 #$#hjelp

22:50 #$#hjelp

22:53 #$#hjelp

22:57 #$#hjelp

23:00 #$#hjelp

23:04 #$#hjelp

23:07 #$#hjelp

23:11 #$#hjelp

23:14 #$#hjelp

23:18 #$#hjelp

23:21 #$#hjelp

23:25 #$#hjelp

23:28 #$#hjelp

23:32 #$#hjelp

23:35 #$#hjelp

23:39 #$#hjelp

23:42 #$#hjelp

23:46 #$#hjelp

23:49 #$#hjelp

23:53 #$#hjelp

23:56 #$#hjelp

