00:02 #$#hjelp

00:04 From a thick black leather utility belt with several loops on it, you hear a blue flight control scanner announce, "Rolukssica to Bellerophon flight control, a Hale starship is firing at a Commonwealth starship."

00:05 [General Communication] Dora West transmits, "Alpha."

00:05 [General Communication] Allon Martellato transmits, "What's alpha, mods?"

00:05 [General Communication] Dora West transmits, "Yes."

00:05 #$#hjelp

00:09 #$#hjelp

00:12 #$#hjelp

00:16 #$#hjelp

00:19 #$#hjelp

00:23 #$#hjelp

00:23 [General Communication] Michael Calaway transmits, "1 spot mods?"

00:26 #$#hjelp

00:30 #$#hjelp

00:33 #$#hjelp

00:37 #$#hjelp

00:40 [General Communication] Amy Draksen transmits, "One spot mods."

00:40 #$#hjelp

00:41 [General Communication] Amy Draksen transmits, "Full."

00:44 #$#hjelp

00:47 #$#hjelp

00:51 #$#hjelp

00:54 #$#hjelp

00:54 [General Communication] Amy Draksen transmits, "One spot."

00:55 [General Communication] Michael Calaway transmits, "Eng?"

00:55 Invalid channel.

00:55 I don't understand that.

00:55 [General Communication] Amy Draksen transmits, "Hush you."

00:55 [1] General

00:55 [2] Chatter
[3] Organization
[4] Private
[5] Alliance
[6] Newbie

Enter your selection:
[Type a line of input or `@abort' to abort the command.]

00:55 Last recorded transmissions for the private communication channel:

00:55    (09/27/2363 9:51 p.m.) [Private | Emily Sanders] Emily Sanders yawns.
   (09/27/2363 9:51 p.m.) [Private | Emily Sanders] Emily Sanders transmits, "got to 93"
   (09/27/2363 9:51 p.m.) [Private | Emily Sanders] Emily Sanders transmits, "lo"
   (09/27/2363 9:51 p.m.) [Private | Emily Sanders] Emily Sanders transmits, "li"
   (09/27/2363 9:52 p.m.) [Private | Emily Sanders] Emily Sanders transmits, "going to bed lol"
   (09/27/2363 9:52 p.m.) [Private | Emily Sanders] Emily Sanders transmits, "you to"
   (09/28/2363 9:08 a.m.) [Private | Emily Sanders] Emily Sanders transmits, "heey"
   (09/28/2363 1:41 p.m.) [Private | Auction Service] Auction Service transmits, "A new item is up for bid: Wolf's Haven (h18). Bids will start at 2,375,000,000.00 credits and the auction will end in 7 days. Good luck!"
   (09/29/2363 7:23 p.m.) [Private | Emily Sanders] Emily Sanders transmits, "where is silistia"
   (12:21 a.m.) [Private | Emily Sanders] Emily Sanders transmits, "hello"
Done.

00:55 [General Communication] Amy Draksen transmits, "One spot, going once."

00:56 [General Communication] Amy Draksen transmits, "Sold to no one."

00:56 [General Communication] Aria Hunter transmits, "Poor unwanted little spot."

00:58 #$#hjelp

01:02 #$#hjelp

01:05 #$#hjelp

01:09 #$#hjelp

01:12 #$#hjelp

01:16 #$#hjelp

01:19 #$#hjelp

01:23 #$#hjelp

01:26 #$#hjelp

01:30 #$#hjelp

01:33 #$#hjelp

01:37 #$#hjelp

01:40 #$#hjelp

01:43 A red message board reader beeps quietly, indicating to you that there is a new message in AIE / General. It was posted by Michael Ambrose with the subject "new to AIE".

01:44 You make a selection on a high-capacity transparent Lore computer.

01:44 LoreTech Personal Lore Computer - [Lore Tracker]

Via the TransLink network, the LoreTech device "Kitty" reports current location pinpointed at Pinnacle.

01:44 You make a selection on a high-capacity transparent Lore computer.

01:44 LoreTech Personal Lore Computer - [Lore Tracker]

[1] View allowed trackers
[2] Add new Lore ID to allowed trackers
[3] Remove Lore ID from allowed trackers
[4] Track
[5] View Track History
[6] Cancel

Enter your selection:
[Type a line of input or `@abort' to abort the command.]

01:44 Last 10 trackers:

01:44    (08/13/2363 10:17 a.m.) Kitty
   (08/14/2363 6:53 p.m.) emily122
   (08/14/2363 6:53 p.m.) emily122
   (08/17/2363 7:34 p.m.) emily322
   (08/17/2363 7:39 p.m.) emily322
   (08/17/2363 9:30 p.m.) emily322
   (08/27/2363 4:53 p.m.) emily322
   (09/05/2363 12:17 a.m.) Kitty
   (09/08/2363 2:31 a.m.) Kitty
   (09/18/2363 6:47 a.m.) miriam
Done.

01:47 #$#hjelp

01:51 #$#hjelp

01:54 #$#hjelp

01:56 [Newbie] Bridget Thompson: How do you request a cert.

01:57 [Newbie] Michael Calaway: @request-cert.

01:58 #$#hjelp

02:01 #$#hjelp

02:05 #$#hjelp

02:06 A red message board reader beeps quietly, indicating to you that there is a new message in General / Name Changes. It was posted by Starship Registration Office with the subject ""Zippaddie" is now "Zippady"".

02:08 #$#hjelp

02:12 #$#hjelp

02:15 #$#hjelp

02:19 #$#hjelp

02:22 #$#hjelp

02:26 #$#hjelp

02:29 #$#hjelp

02:33 #$#hjelp

02:36 #$#hjelp

02:40 #$#hjelp

02:43 #$#hjelp

02:47 #$#hjelp

02:50 #$#hjelp

02:51 A red message board reader beeps quietly, indicating to you that there is a new message in General / General. It was posted by Fawkes Fogwell with the subject "Insanity Welcoming Home Old & New Members".

02:54 #$#hjelp

02:57 #$#hjelp

03:01 #$#hjelp

03:04 #$#hjelp

03:08 #$#hjelp

03:11 #$#hjelp

03:14 From a thick black leather utility belt with several loops on it, you hear a blue flight control scanner announce, "Empanda Station to Miriani flight control, we're detecting shots fired on a Commonwealth starship by a Commonwealth starship."

03:15 #$#hjelp

03:18 #$#hjelp

03:22 #$#hjelp

03:25 #$#hjelp

03:29 #$#hjelp

03:32 From a thick black leather utility belt with several loops on it, you hear a blue flight control scanner announce, "Miriani to sector 15 flight control, a Commonwealth starship is under attack by a Commonwealth starship!"

03:32 #$#hjelp

03:32 From a thick black leather utility belt with several loops on it, you hear a blue flight control scanner announce, "Pax (Commonwealth Docking Station) to Miriani flight control, we're reading an explosion. Looks like a Commonwealth starship just got destroyed."

03:36 #$#hjelp

03:39 [General Communication] Tiberius Black transmits, "Missions?"

03:39 [General Communication] Chet Daniels transmits, "I'd go."

03:39 #$#hjelp

03:40 [General Communication] Tiberius Black transmits, "7 spots diffs."

03:41 [General Communication] Tiberius Black transmits, "Or mods if I can get three more."

03:42 [General Communication] Tiberius Black transmits, "3 spots mods."

03:43 A red message board reader beeps quietly, indicating to you that there is a new message in General / General. It was posted by Allon Martellato with the subject "Re: Insanity Welcoming Home Old & New Members".

03:43 #$#hjelp

03:46 #$#hjelp

03:50 #$#hjelp

03:53 #$#hjelp

03:57 #$#hjelp

04:00 #$#hjelp

04:01 A red message board reader beeps quietly, indicating to you that there is a new message in General / General. It was posted by Fawkes Fogwell with the subject "Re: Insanity Welcoming Home Old & New Members".

04:04 #$#hjelp

04:07 #$#hjelp

04:10 From a thick black leather utility belt with several loops on it, you hear a blue flight control scanner announce, "Keyton to Triskaideka flight control, we're detecting shots fired on a Commonwealth starship by a Commonwealth starship."

04:11 #$#hjelp

04:14 #$#hjelp

04:18 #$#hjelp

04:21 #$#hjelp

04:25 #$#hjelp

04:28 #$#hjelp

04:31 A red message board reader beeps quietly, indicating to you that there is a new message in General / General. It was posted by Emily Sanders with the subject "Re: Insanity Welcoming Home Old & New Members".

04:32 #$#hjelp

04:35 #$#hjelp

04:39 #$#hjelp

04:42 #$#hjelp

04:46 #$#hjelp

04:49 #$#hjelp

04:53 #$#hjelp

04:56 #$#hjelp

05:00 #$#hjelp

05:03 #$#hjelp

05:03 [General Communication] Olivia Cantrell transmits, "4 spots mods?"

05:04 [General Communication] Tiberius Black transmits, "Got two."

05:04 [General Communication] Olivia Cantrell transmits, "2 more?"

05:04 [General Communication] Olivia Cantrell transmits, "Or 1."

05:04 [General Communication] Ray Ridgeway transmits, "Me."

05:07 #$#hjelp

05:07 [General Communication] Dora West transmits, "Bay?"

05:07 [General Communication] Anny Rain transmits, "Beta."

05:10 #$#hjelp

05:14 #$#hjelp

05:17 #$#hjelp

05:21 #$#hjelp

05:24 #$#hjelp

05:28 #$#hjelp

05:31 #$#hjelp

05:35 #$#hjelp

05:38 #$#hjelp

05:42 #$#hjelp

05:45 #$#hjelp

05:49 #$#hjelp

05:52 #$#hjelp

05:56 #$#hjelp

05:59 #$#hjelp

06:03 #$#hjelp

06:06 #$#hjelp

06:07 [Private | Auction Service] Auction Service transmits, "Three security drones and three medical drones are up for auction. Transmit LIST for a full listing of auction IDs."

06:10 #$#hjelp

06:13 #$#hjelp

06:17 #$#hjelp

06:20 #$#hjelp

06:24 #$#hjelp

06:27 #$#hjelp

06:31 #$#hjelp

06:34 #$#hjelp

06:38 #$#hjelp

06:41 #$#hjelp

06:45 #$#hjelp

06:48 #$#hjelp

06:52 #$#hjelp

06:55 #$#hjelp

06:59 #$#hjelp

07:02 #$#hjelp

07:06 #$#hjelp

07:09 #$#hjelp

07:13 #$#hjelp

07:16 #$#hjelp

07:20 #$#hjelp

07:23 #$#hjelp

07:27 #$#hjelp

07:30 #$#hjelp

07:34 #$#hjelp

07:37 #$#hjelp

07:41 #$#hjelp

07:44 #$#hjelp

07:48 #$#hjelp

07:51 #$#hjelp

07:55 #$#hjelp

07:58 #$#hjelp

08:02 #$#hjelp

08:05 #$#hjelp

08:09 #$#hjelp

08:12 #$#hjelp

08:16 #$#hjelp

08:19 #$#hjelp

08:23 #$#hjelp

08:26 #$#hjelp

08:30 #$#hjelp

08:33 #$#hjelp

08:35 [Private | Anny Rain] Anny Rain transmits, "hi"

08:35 [Private | Anny Rain] You transmit, "Hi!"

08:36 You make a selection on a high-capacity transparent Lore computer.

08:36 LoreTech Personal Lore Computer - [Lore Tracker]

Via the TransLink network, the LoreTech device "Kitty" reports current location pinpointed at Pinnacle.

08:37 You see no "lily miriam" here.

08:37 #$#soundpack environment starship landed | unpowered | safe | light

08:37 ["Starlight Express" Living Quarters 1] (lying on an oak wood king-size water bed with a white down coverlet and soft pillows)
You see nothing special. Beneath your feet, covering the expanse of the room, is a fluffy blue carpet. There appears to be no power in this room. The overhead lights glow faintly, hardly enough to do anything but avoid large obstacles. Looking through the window, you see the ship is at Asteroid Surface.
You see an oak wood king-size water bed with a white down coverlet and soft pillows, a small white oak wood bedside table, a high white oak wood nightstand, and a compact silver Lore computer here.
You see Miriam Valleris (lying on an oak wood king-size water bed with a white down coverlet and soft pillows) here, sleeping.
You can go southeast.

08:37 You lean in toward Miriam Valleris and gently kiss her lips.

08:37 #$#soundpack social | kiss | male

08:40 #$#hjelp

08:40 [Private | Anny Rain] You transmit, "How are you doing?"

08:41 [Private | Anny Rain] Anny Rain transmits, "not bad"

08:41 [Private | Anny Rain] Anny Rain transmits, "hauling"

08:41 [Private | Anny Rain] You transmit, "Very cool"

08:44 #$#hjelp

08:48 #$#hjelp

08:51 #$#hjelp

08:55 #$#hjelp

08:58 #$#hjelp

09:02 #$#hjelp

09:05 #$#hjelp

09:09 #$#hjelp

09:12 #$#hjelp

09:15 [Tradesman Market] Luke Selby has lowered the price of his sale from 300,000,000.00 credits to 275,000,000.00 credits per certificate.

09:16 #$#hjelp

09:19 #$#hjelp

09:23 #$#hjelp

09:24 A red message board reader beeps quietly, indicating to you that there is a new message in General / Trading. It was posted by Luke Selby with the subject "Destroyer For Sale".

09:26 #$#hjelp

09:30 #$#hjelp

09:33 #$#hjelp

09:37 #$#hjelp

09:40 #$#hjelp

09:44 #$#hjelp

09:47 #$#hjelp

09:51 #$#hjelp

09:54 #$#hjelp

09:58 #$#hjelp

10:01 #$#hjelp

10:05 #$#hjelp

10:08 #$#hjelp

10:12 #$#hjelp

10:15 #$#hjelp

10:19 #$#hjelp

10:22 #$#hjelp

10:26 #$#hjelp

10:29 #$#hjelp

10:33 #$#hjelp

10:36 #$#hjelp

10:40 #$#hjelp

10:42 [Newbie] Alayna Cantrell: How doI purge the regulator in diving?

10:43 #$#hjelp

10:46 [Newbie] Alayna Cantrell: Never mind, figured it out.

10:47 #$#hjelp

10:50 [General Communication] Erik Yobi transmits, "Mods mods mods mods!"

10:50 [General Communication] Olivia Cantrell transmits, "I am so in."

10:50 #$#hjelp

10:54 #$#hjelp

10:57 #$#hjelp

11:01 #$#hjelp

11:04 #$#hjelp

11:08 #$#hjelp

11:11 #$#hjelp

11:15 #$#hjelp

11:18 #$#hjelp

11:22 #$#hjelp

11:25 #$#hjelp

11:29 #$#hjelp

11:32 #$#hjelp

11:36 #$#hjelp

11:39 #$#hjelp

11:43 #$#hjelp

11:46 #$#hjelp

11:50 #$#hjelp

11:53 #$#hjelp

11:57 #$#hjelp

12:00 #$#hjelp

12:04 #$#hjelp

12:07 #$#hjelp

12:11 #$#hjelp

12:14 #$#hjelp

12:18 #$#hjelp

12:21 #$#hjelp

12:25 #$#hjelp

12:28 #$#hjelp

12:32 #$#hjelp

12:35 #$#hjelp

12:39 #$#hjelp

12:42 #$#hjelp

12:46 #$#hjelp

12:49 #$#hjelp

12:53 #$#hjelp

12:56 #$#hjelp

13:00 #$#hjelp

13:03 #$#hjelp

13:07 #$#hjelp

13:10 #$#hjelp

13:14 #$#hjelp

13:17 #$#hjelp

13:21 #$#hjelp

13:24 #$#hjelp

13:28 #$#hjelp

13:31 #$#hjelp

13:35 #$#hjelp

13:38 #$#hjelp

13:42 #$#hjelp

13:45 #$#hjelp

13:49 #$#hjelp

13:52 #$#hjelp

13:53 From a thick black leather utility belt with several loops on it, you hear a blue flight control scanner announce, "Flight control in Outreach, somebody's firing EM weapons up there!"

13:56 #$#hjelp

13:59 #$#hjelp

14:03 #$#hjelp

14:06 #$#hjelp

14:10 #$#hjelp

14:13 #$#hjelp

14:17 #$#hjelp

14:20 #$#hjelp

14:24 #$#hjelp

14:27 #$#hjelp

14:31 #$#hjelp

14:34 #$#hjelp

14:38 #$#hjelp

14:41 #$#hjelp

14:45 #$#hjelp

14:48 #$#hjelp

14:52 #$#hjelp

14:55 #$#hjelp

14:59 #$#hjelp

15:02 #$#hjelp

15:06 #$#hjelp

15:09 #$#hjelp

15:13 #$#hjelp

15:16 #$#hjelp

15:20 #$#hjelp

15:23 #$#hjelp

15:27 #$#hjelp

15:30 #$#hjelp

15:34 #$#hjelp

15:37 #$#hjelp

15:41 #$#hjelp

15:44 #$#hjelp

15:48 #$#hjelp

15:51 #$#hjelp

15:55 #$#hjelp

15:58 #$#hjelp

16:02 #$#hjelp

16:05 #$#hjelp

16:09 #$#hjelp

16:11 #$#soundpack environment starship landed | unpowered | safe | light

16:11 ["Starlight Express" Living Quarters 1] (lying on an oak wood king-size water bed with a white down coverlet and soft pillows)
You see nothing special. Beneath your feet, covering the expanse of the room, is a fluffy blue carpet. There appears to be no power in this room. The overhead lights glow faintly, hardly enough to do anything but avoid large obstacles. Looking through the window, you see the ship is at Asteroid Surface.
You see an oak wood king-size water bed with a white down coverlet and soft pillows, a small white oak wood bedside table, a high white oak wood nightstand, and a compact silver Lore computer here.
You see Miriam Valleris (lying on an oak wood king-size water bed with a white down coverlet and soft pillows) here, sleeping.
You can go southeast.

16:15 #$#hjelp

16:18 #$#hjelp

16:22 #$#hjelp

16:25 #$#hjelp

16:29 #$#hjelp

16:32 #$#hjelp

16:35 [General Communication] Erik Yobi transmits, "Mods mods mods mods!"

16:35 [General Communication] Jake Billings transmits, "Me me me me me."

16:35 [General Communication] Erik Yobi transmits, "4 spots!"

16:35 [General Communication] Alexander Martellato transmits, "If you can get the crew, I'm in."

16:35 [General Communication] Chet Daniels transmits, "I'll mod."

16:35 [General Communication] Erik Yobi transmits, "Then we only need 2 more!"

16:36 #$#hjelp

16:36 [General Communication] Erik Yobi transmits, "2 spots for mods!"

16:36 [General Communication] Chet Daniels transmits, "I'm working on training this chimp I got. I can let him work a room."

16:36 [General Communication] Erik Yobi cheers.

16:36 #$#soundpack social | cheer | male

16:38 [General Communication] Erik Yobi transmits, "Full. And alpha is the bay."

16:38 [General Communication] Jake Billings cheers.

16:38 #$#soundpack social | cheers | male

16:39 #$#hjelp

16:41 [General Communication] Erik Yobi transmits, "Jake, what's your ETA?"

16:41 [General Communication] Jake Billings transmits, "Landing now."

16:42 [General Communication] Erik Yobi transmits, "Well, also I guess one spot if anyone wants it."

16:42 [General Communication] Erik Yobi transmits, "Last call before we go undercrewed... One spots!"

16:42 [General Communication] Erik Yobi transmits, "One spot, too."

16:43 [General Communication] Erik Yobi transmits, "One spot! Mods mods mods mods!"

16:43 #$#hjelp

16:43 [General Communication] Jessie Vargus transmits, "Please mods with this cat."

16:46 #$#hjelp

16:50 #$#hjelp

16:53 #$#hjelp

16:53 [General Communication] Erik Yobi transmits, "1 spot for mods!"

16:55 [General Communication] Erik Yobi transmits, "One spot for mods! Mods mods mods mods!"

16:55 [General Communication] Jessie Vargus transmits, "There are cats on the mods."

16:57 #$#hjelp

17:00 #$#hjelp

17:04 #$#hjelp

17:05 [General Communication] Erik Yobi transmits, "1 spot for mods!"

17:05 [General Communication] Aniya Spark transmits, "Me."

17:05 [General Communication] Erik Yobi cheers.

17:05 #$#soundpack social | cheer | male

17:05 [General Communication] Erik Yobi transmits, "Another spot for mods!"

17:05 [General Communication] Jake Billings giggles.

17:05 #$#soundpack social | giggles | male

17:06 [General Communication] Erik Yobi transmits, "Delta for mods!"

17:07 #$#hjelp

17:09 [General Communication] Erik Yobi transmits, "Last call, one spot mods!"

17:11 #$#hjelp

17:14 #$#hjelp

17:18 #$#hjelp

17:21 #$#hjelp

17:24 [General Communication] Erik Yobi transmits, "2 spots for mods!"

17:25 [General Communication] Erik Yobi transmits, "2 spots for mods mods mods mods!"

17:25 #$#hjelp

17:28 #$#hjelp

17:32 #$#hjelp

17:35 #$#hjelp

17:39 #$#hjelp

17:42 #$#hjelp

17:46 #$#hjelp

17:49 #$#hjelp

17:53 #$#hjelp

17:56 #$#hjelp

18:00 #$#hjelp

18:03 #$#hjelp

18:07 #$#hjelp

18:10 #$#hjelp

18:14 #$#hjelp

18:17 #$#hjelp

18:21 #$#hjelp

18:24 #$#hjelp

18:28 #$#hjelp

18:31 #$#hjelp

18:35 #$#hjelp

18:38 #$#hjelp

18:42 #$#hjelp

18:45 #$#hjelp

18:49 #$#hjelp

18:52 #$#hjelp

18:56 #$#hjelp

18:59 #$#hjelp

19:03 #$#hjelp

19:06 #$#hjelp

19:10 #$#hjelp

19:13 #$#hjelp

19:17 #$#hjelp

19:20 #$#hjelp

19:24 #$#hjelp

19:27 #$#hjelp

19:31 #$#hjelp

19:34 #$#hjelp

19:38 #$#hjelp

19:41 #$#hjelp

19:45 #$#hjelp

19:48 #$#hjelp

19:52 #$#hjelp

19:55 #$#hjelp

19:59 #$#hjelp

20:02 [Private | Auction Service] Auction Service transmits, "A new item is up for bid: A gadget bot in the form of a realistic-looking unicorn (p14). Bids will start at 100,000,000.00 credits and the auction will end in 3 days. Good luck!"

20:02 #$#hjelp

20:03 [Private | Auction Service] Auction Service transmits, "A new item is up for bid: A pair of dark polarized sunglasses with lapis-flecked silver frames (d25). Bids will start at 50,000,000.00 credits and the auction will end in 3 days. Good luck!"

20:06 #$#hjelp

20:09 #$#hjelp

20:13 #$#hjelp

20:16 #$#hjelp

20:20 #$#hjelp

20:23 #$#hjelp

20:27 #$#hjelp

20:30 #$#hjelp

20:34 #$#hjelp

20:37 #$#hjelp

20:39 From a thick black leather utility belt with several loops on it, you hear a blue flight control scanner announce, "Pax (Commonwealth Docking Station) to Miriani flight control, an automated laser turret has fired on a Commonwealth starship!"

20:41 #$#hjelp

20:43 From a thick black leather utility belt with several loops on it, you hear a blue flight control scanner announce, "Flight control in Miriani, shots have been fired!"

20:44 From a thick black leather utility belt with several loops on it, you hear a blue flight control scanner announce, "Flight control in Miriani, a Commonwealth starship has fired on a Commonwealth starship."

20:44 #$#hjelp

20:48 #$#hjelp

20:51 #$#hjelp

20:55 #$#hjelp

20:58 #$#hjelp

21:02 #$#hjelp

21:05 #$#hjelp

21:09 #$#hjelp

21:12 #$#hjelp

21:16 #$#hjelp

21:19 #$#hjelp

21:21 From a thick black leather utility belt with several loops on it, you hear a blue flight control scanner announce, "Pax (Hale Docking Station) to Miriani flight control, an automated laser turret has fired on an AIE starship."

21:21 From a thick black leather utility belt with several loops on it, you hear a blue flight control scanner announce, "Flight control in Miriani, we're reading an explosion. Looks like an AIE starship just got destroyed."

21:23 #$#hjelp

21:26 #$#hjelp

21:30 #$#hjelp

21:33 #$#hjelp

21:37 #$#hjelp

21:40 #$#hjelp

21:41 From a thick black leather utility belt with several loops on it, you hear a blue flight control scanner announce, "Pax (Neutral Docking Station) to Miriani flight control, an automated laser turret has attacked a Hale starship!"

21:44 #$#hjelp

21:47 #$#hjelp

21:51 #$#hjelp

21:54 #$#hjelp

21:58 #$#hjelp

22:01 #$#hjelp

22:05 #$#hjelp

22:08 #$#hjelp

22:12 #$#hjelp

22:15 #$#hjelp

22:19 #$#hjelp

22:22 #$#hjelp

22:26 #$#hjelp

22:29 #$#hjelp

22:33 #$#hjelp

22:36 #$#hjelp

22:40 #$#hjelp

22:43 #$#hjelp

22:47 #$#hjelp

22:48 From a thick black leather utility belt with several loops on it, you hear a blue flight control scanner announce, "Pax (AIE Docking Station) to Miriani flight control, an automated laser turret has fired on an AIE starship!"

22:50 #$#hjelp

22:54 #$#hjelp

22:57 From a thick black leather utility belt with several loops on it, you hear a blue flight control scanner announce, "Empanda Station to Miriani flight control, an automated laser turret has attacked an AIE starship!"

22:57 #$#hjelp

23:01 #$#hjelp

23:04 #$#hjelp

23:08 #$#hjelp

23:11 [Tradesman Market] Tiberius Black has commenced a sale. He is selling one tradesman item certificate for 300,000,000.00 credits.

23:11 #$#hjelp

23:12 From a thick black leather utility belt with several loops on it, you hear a blue flight control scanner announce, "Malacre to Miriani flight control, an automated laser turret has attacked an AIE starship!"

23:13 [General Communication] Tiberius Black transmits, "Sexy turrets in 15."

23:13 [General Communication] Calyssa Calaway transmits, "Pew pew."

23:13 [General Communication] Hunter Trask transmits, "Blockades too."

23:13 [General Communication] Beatrice Carmichael transmits, "How bothersome."

23:14 [General Communication] Hunter Trask transmits, "One shot from one of those turrets took my sensors to 36. Those things pack a punch."

23:15 #$#hjelp

23:16 From a thick black leather utility belt with several loops on it, you hear a blue flight control scanner announce, "Flight control in Miriani, an automated laser turret has attacked a Hale starship!"

23:18 #$#hjelp

23:22 #$#hjelp

23:25 #$#hjelp

23:29 #$#hjelp

23:32 #$#hjelp

23:36 #$#hjelp

23:39 #$#hjelp

23:43 #$#hjelp

23:46 #$#hjelp

23:50 #$#hjelp

23:53 #$#hjelp

23:57 #$#hjelp

