00:00 #$#hjelp

00:04 #$#hjelp

00:07 #$#hjelp

00:11 #$#hjelp

00:14 #$#hjelp

00:18 #$#hjelp

00:21 #$#hjelp

00:25 #$#hjelp

00:28 #$#hjelp

00:32 #$#hjelp

00:35 #$#hjelp

00:39 #$#hjelp

00:42 #$#hjelp

00:46 #$#hjelp

00:49 #$#hjelp

00:53 #$#hjelp

00:56 #$#hjelp

01:00 #$#hjelp

01:03 #$#hjelp

01:07 #$#hjelp

01:10 #$#hjelp

01:14 #$#hjelp

01:14 [General Communication] Jake Billings transmits, "Anyone want mods?"

01:17 #$#hjelp

01:21 #$#hjelp

01:24 #$#hjelp

01:28 #$#hjelp

01:31 #$#hjelp

01:35 #$#hjelp

01:35 [General Communication] Tibo Beauchene transmits, "Any missions going on?"

01:36 [General Communication] Jake Billings transmits, "I can run if theres a crew."

01:38 A high-capacity transparent Lore computer beeps quietly, indicating that its TransLink tracking functionality has been activated.

01:38 You make a selection on a high-capacity transparent Lore computer.

01:38 LoreTech Personal Lore Computer - [Lore Tracker]

[1] View allowed trackers
[2] Add new Lore ID to allowed trackers
[3] Remove Lore ID from allowed trackers
[4] Track
[5] View/Set Custom Tracking String
[6] View Track History
[7] Cancel

Enter your selection:
[Type a line of input or `@abort' to abort the command.]

01:38 Last 10 trackers:

01:38    (10/19/2363 5:19 a.m.) Kitty
   (10/19/2363 6:22 p.m.) Kitty
   (10/19/2363 7:51 p.m.) Kitty
   (10/19/2363 7:52 p.m.) tibo
   (10/20/2363 3:21 p.m.) Kitty
   (10/23/2363 5:05 a.m.) Kitty
   (10/24/2363 6:04 p.m.) Kitty
   (10/24/2363 8:01 p.m.) emily322
   (10/24/2363 9:13 p.m.) emily322
   (6:38 p.m.) Kitty
Done.

01:38 [Private | Kitty Mars] You transmit, "Hi love."

01:38 [Private | Kitty Mars] You transmit, "Guess no missions so I'll just head back home soon."

01:38 [Private | Kitty Mars] Kitty Mars transmits, "Hi don't want to interrupt you from your missions there. See you later i hope?"

01:39 [Private | Kitty Mars] Kitty Mars transmits, "ok then"

01:39 You push a small lever away from you, activating the ship's systems.

01:39 You notice a faint hum begin to emanate from nowhere in particular as the starship's systems begin to power up.
You hear a loud clang as robotic arms seize the ship and transport it to the landing pad.
A gentle computerized voice announces, "The one-person expediter "Dolphin" has been cleared for relocation to Docking Bay Alpha."

01:39 You're already sitting down.

01:39 The computer announces, "The subwarp drive has completed its charging cycle."

01:39 Your chair doesn't have a seatbelt.

01:39 You stand up.

01:39 You sit down on a black suede captain's chair.

01:39 You pull a series of straps around yourself and securely buckle yourself into your seat.

01:39 You notify flight control of your desire to launch.

01:39 A voice comes over the speaker and says, "Dolphin, you have clearance to launch. Good luck and come back to us safe."

01:39 The sound of the relativity drive echoes through the room as it propels the ship towards space.
The computer announces, "Two planets have been detected in the sector."

01:39 The ship is already moving.

01:39 The sounds of the relativity drive calm as the starship completes its final maneuver into space.

01:39 You hear a low rumbling sound as the wormhole drive opens a wormhole.

01:39 The starship vibrates violently as it nears the wormhole's event horizon.

01:39 A bright flash of blue light floods the room as the starship travels through the wormhole.

01:40 The computer announces, "A planet and three space stations have been detected in the sector."

01:40 The bright light vanishes as the starship emerges at the other side of the wormhole.

01:40 You hear a low rumbling sound as the wormhole drive opens a wormhole.

01:40 The starship vibrates violently as it nears the wormhole's event horizon.

01:40 A bright flash of blue light floods the room as the starship travels through the wormhole.

01:40 The computer announces, "Two planets and two space stations have been detected in the sector."

01:40 The bright light vanishes as the starship emerges at the other side of the wormhole.

01:40 I don't understand that.

01:40 The computer announces, "Subwarp drive locked on coordinates 7, 7, 6."

01:40 You hear a deep hum as the starship begins an intrasector subwarp.

01:40 The starship begins vibrating violently as the hum picks up in intensity.

01:40 The vibration diminishes as the starship completes its subwarp.

01:40 The ship is as close to those coordinates as autopilot can take it.

01:40 You notify flight control of your desire to dock.

01:40 A voice comes over the speaker and says, "Hello, Dolphin. We read your AIE transponder. You are cleared to dock at this privately owned and operated space station."

01:40 You feel mild acceleration as the ship moves toward a space station.

01:40 The mild vibration of acceleration eases off and is replaced by the firm pull of the space station's local artificial gravity.

01:40 You pull a small lever toward yourself, deactivating the ship's systems.

01:40 You suddenly become aware of a decrease in noise as the ship's systems shut down, leaving you in complete silence.
[1] Private Garage
[2] Public Garage

Enter your selection:
[Type a line of input or `@abort' to abort the command.]

01:40 You hear a loud clang as robotic arms seize the ship and transport it to the garage.

01:40 You release the buckle of your seatbelt, causing it to retract back into the chair.

01:41 You stand up.

01:41 #$#soundpack environment starship landed | unpowered | safe | light | indoors

01:41 ["Dolphin" Airlock] (indoors)
You see a black leather recliner and an internal stun turret here.
You can go enter and out.

01:41 You stride out of the ship.

01:41 #$#soundpack environment station | safe | light | indoors
[Pinnacle; Private Garage] (indoors)
You see a group of unpowered ships here.
You can go out.

01:41 #$#soundpack environment station | safe | light | indoors

01:41 [Pinnacle; Atrium] (indoors)
You see a floral sofa, a floral rocking chair, a musical marble fountain with tiny silver and gold fish swimming in its water, Purrr the droid, and Jenaia the droid here.
You can go northwest, northeast, and south.

01:41 #$#soundpack environment station | safe | light | indoors

01:41 [Pinnacle; Corridor Alpha] (indoors)
You can go northwest and southeast.

01:41 #$#soundpack environment station | safe | light | indoors

01:41 [Pinnacle; Corridor Alpha] (indoors)
You can go northwest and southeast.

01:41 #$#soundpack environment station | safe | light | indoors

01:41 [Pinnacle; Corridor Alpha] (indoors)
You can go north and southeast.

01:41 The door to the master suite is closed.

01:41 You step up to a wall mounted keypad.

01:41 [Type a line of input or `@abort' to abort the command.]

01:41 You press a few keys on a keypad.

01:41 The door to the master suite to the north slides open with a hiss.

01:41 #$#soundpack environment station | safe | light | indoors

01:41 [Pinnacle; Master Suite Living Room] (indoors)
You see two peach glass end tables, a wicker sectional sofa, a glass coffee table with an emerald green spring rain scented candle sitting on top of it, a peach suede love seat, a wicker rocking chair, a transparent architectural design simulator, a tall rosewood entertainment center with several shelves surrounding a large central video screen, a compact bright red cooler with zip up compartments along the sides, Maggie the bot, and a medium sandstone fireplace with a tile harth and a cedar mantel here.
You see Kitty Mars (sitting on a wicker sectional sofa) here.
You can go northwest, northeast, and south.

01:41 The door to the master suite to the south slides closed with a hiss.

01:41 You sit down on a wicker sectional sofa.

01:41 You wrap your arms around Kitty Mars.

01:41 #$#soundpack social | armwrap | male

01:41 You lean in toward Kitty Mars and gently kiss her lips.

01:41 #$#soundpack social | kiss | male

01:41 You say to Kitty Mars, "Hi love."

01:44 You squeeze Kitty Mars affectionately.

01:44 #$#soundpack social | squeeze | male

01:45 Kitty Mars wraps her arms around you.

01:45 #$#soundpack social | armwrap | female

01:45 Kitty Mars leans in toward you and gently kisses your lips.

01:45 #$#soundpack social | kiss | female

01:45 Kitty Mars asks you, "hey how was your day?"

01:46 You say to Kitty Mars, "It was actually kind of a lazy day. Only did one mod before people had to take a break."

01:46 Kitty Mars says, "aww"

01:46 Kitty Mars says, "that happens"

01:46 You nod.

01:46 #$#soundpack social | nod | male

01:47 You say, "It does. They'll be more missions some other day"

01:47 You smile.

01:47 #$#soundpack social | smile | male

01:47 Kitty Mars smiles at you.

01:47 #$#soundpack social | smile | female

01:48 You gently caress Kitty Mars.

01:48 #$#soundpack social | caress | male

01:49 Kitty Mars gently caresses you.

01:49 #$#soundpack social | caress | female

01:51 #$#hjelp

01:55 #$#hjelp

01:57 You lean in toward Kitty Mars and gently kiss her lips.

01:57 #$#soundpack social | kiss | male

02:01 #$#hjelp

02:04 #$#hjelp

02:08 #$#hjelp

02:11 #$#hjelp

02:15 #$#hjelp

02:18 #$#hjelp

02:20 Kitty Mars cuddles you gently.

02:20 #$#soundpack social | cuddle | female

02:20 Kitty Mars leans in toward you and gently kisses your lips.

02:20 #$#soundpack social | kiss | female

02:22 #$#hjelp

02:25 #$#hjelp

02:29 #$#hjelp

02:32 #$#hjelp

02:36 #$#hjelp

02:39 #$#hjelp

02:41 Kitty Mars cuddles you gently.

02:41 #$#soundpack social | cuddle | female

02:41 Kitty Mars leans in toward you and gently kisses your lips.

02:41 #$#soundpack social | kiss | female

02:42 You lean in toward Kitty Mars and gently kiss her lips.

02:42 #$#soundpack social | kiss | male

02:42 You cuddle Kitty Mars gently.

02:42 #$#soundpack social | cuddle | male

02:46 #$#hjelp

02:49 #$#hjelp

02:53 #$#hjelp

02:56 #$#hjelp

02:59 Kitty Mars wraps her arms around you.

02:59 #$#soundpack social | armwrap | female

02:59 You wrap your arms around Kitty Mars.

02:59 #$#soundpack social | armwrap | male

02:59 You gently kiss Kitty Mars's neck.

02:59 #$#soundpack social | kiss | male

03:00 [AIE | Channel 1] Matt Valentino transmits, "What are we doing pilots?"

03:00 [AIE | Channel 1] Tibo Beauchene transmits, "1 Being lazy."

03:01 [AIE | Channel 1] Matt Valentino transmits, "Good man."

03:01 [AIE | Channel 1] Eric Tamlyn transmits, "Trying to get the points to get rid of this cacto hauler."

03:01 [AIE | Channel 1] Eric Tamlyn transmits, "Cargo ahem."

03:01 [AIE | Channel 1] Matt Valentino transmits, "What are you doing to get rid of it?"

03:01 [AIE | Channel 1] Eric Tamlyn transmits, "Just getting debris for now. I don't have the points for a freighter yet."

03:02 [AIE | Channel 1] Matt Valentino transmits, "Have you asked someone to take you hauling?"

03:02 [AIE | Channel 1] Eric Tamlyn transmits, "Not yet."

03:03 [AIE | Channel 1] Matt Valentino transmits, "Might be a faster process."

03:04 [General Communication] Marielle Minnillo transmits, "Anybody running missions?"

03:04 #$#hjelp

03:04 [General Communication] Eric Tamlyn transmits, "I wish."

03:04 You lean in toward Kitty Mars and gently kiss her lips.

03:04 #$#soundpack social | kiss | male

03:04 Kitty Mars leans in toward you and gently kisses your lips.

03:04 #$#soundpack social | kiss | female

03:05 You exclaim to Kitty Mars, "I'm so happy to see you and spend some time with you!"

03:05 Kitty Mars beams happily at you.

03:05 #$#soundpack social | beam | female

03:05 Kitty Mars stands up.

03:05 Kitty Mars glides northwest.

03:05 [General Communication] Matt Valentino transmits, "The mission to live my darling, the mission to live."

03:06 Kitty Mars glides in from the northwest.

03:06 Kitty Mars puts a dark purple plate on a peach glass end table.

03:06 Kitty Mars puts a dark purple plate on a peach glass end table.

03:06 Kitty Mars opens a compact bright red cooler with zip up compartments along the sides.

03:06 Kitty Mars removes a large container of chicken pot pie from a compact bright red cooler with zip up compartments along the sides.

03:07 Kitty Mars gets some chicken pot pie from a large container of chicken pot pie.

03:07 Kitty Mars puts a large container of chicken pot pie on a peach glass end table.

03:07 Kitty Mars removes a white plate from a peach glass end table.

03:07 Kitty Mars puts a white plate on a peach glass end table.

03:07 Kitty Mars removes a dark purple plate from a peach glass end table.

03:07 Kitty Mars puts some chicken pot pie on a dark purple plate.

03:08 Kitty Mars gives you a dark purple plate containing some chicken pot pie.

03:08 You grin at Kitty Mars.

03:08 #$#soundpack social | grin | male

03:08 You say, "Thanks"

03:08 I don't understand that.

03:08 You lift some chicken pot pie to your mouth and take a bite.

03:08 Kitty Mars says, "i hope you like that"

03:08 You lift some chicken pot pie to your mouth and take a bite.

03:08 Kitty Mars laughs.

03:08 #$#soundpack social | laugh | female

03:08 You exclaim, "I do!"

03:08 Kitty Mars removes a dark purple plate from a peach glass end table.

03:08 You lift some chicken pot pie to your mouth and take a bite.

03:08 You lift some chicken pot pie to your mouth and take a bite.

03:08 Kitty Mars gets some chicken pot pie from a large container of chicken pot pie.

03:08 You lift some chicken pot pie to your mouth and take a bite.

03:08 You lift some chicken pot pie to your mouth and take a bite.

03:08 Kitty Mars puts some chicken pot pie on a dark purple plate.

03:08 You lift some chicken pot pie to your mouth and take a bite.

03:08 You lift some chicken pot pie to your mouth and take a bite.

03:08 You seem to have finished a dark purple plate containing some chicken pot pie and are left with a dark purple plate.

03:08 Kitty Mars removes a large container of chicken pot pie from a peach glass end table.

03:08 Kitty Mars puts a large container of chicken pot pie in a compact bright red cooler with zip up compartments along the sides.

03:09 Kitty Mars removes a black and silver bowl containing a large bowl of honeydew melon cantaloupe and watermelon topped with granola from a compact bright red cooler with zip up compartments along the sides.

03:09 Kitty Mars gives you a black and silver bowl containing a large bowl of honeydew melon cantaloupe and watermelon topped with granola.

03:09 For a top, you are wearing a celestial blue cotton polo with thin white stripes. For a bottom, you are wearing a pair of blue jeans with the letter S stitched onto the back pocket in black thread over a pair of white cotton tapered boxers. You are wearing a pair of brown leather tennis shoes over a pair of white cotton athletic socks on your feet. You are wearing a thick black leather utility belt with several loops on it around your waist. You are also wearing a red communicator, a silver metafrequency lapel pin, a thick gold band set with a chunky emerald stone, a heavy titanium pocket watch with the image of an eagle etched onto its surface, a high-capacity transparent Lore computer, a black leather briefcase, a thin red leather messenger bag, an asteroid hauling kit, a red spacesuit navigational computer, and a red spacesuit jet.

03:09 You are carrying a black and silver bowl containing a large bowl of honeydew melon cantaloupe and watermelon topped with granola in your left hand and a dark purple plate in your right hand.

03:09 Kitty Mars says, "try to save the bowl Love"

03:09 You grin.

03:09 #$#soundpack social | grin | male

03:09 You say, "ok"

03:09 You put a dark purple plate on a peach glass end table.

03:09 Kitty Mars grins.

03:09 #$#soundpack social | grin | female

03:09 Kitty Mars removes a black and silver bowl containing a large bowl of honeydew melon cantaloupe and watermelon topped with granola from a compact bright red cooler with zip up compartments along the sides.

03:09 You lift a large bowl of honeydew melon cantaloupe and watermelon topped with granola to your mouth and take a bite.

03:10 You lift a large bowl of honeydew melon cantaloupe and watermelon topped with granola to your mouth and take a bite.

03:10 You lift a large bowl of honeydew melon cantaloupe and watermelon topped with granola to your mouth and take a bite.

03:10 Kitty Mars closes a compact bright red cooler with zip up compartments along the sides.

03:10 You lift a large bowl of honeydew melon cantaloupe and watermelon topped with granola to your mouth and take a bite.

03:10 You lift a large bowl of honeydew melon cantaloupe and watermelon topped with granola to your mouth and take a bite.

03:10 You lift a large bowl of honeydew melon cantaloupe and watermelon topped with granola to your mouth and take a bite.

03:10 You lift a large bowl of honeydew melon cantaloupe and watermelon topped with granola to your mouth and take a bite.

03:10 You lift a large bowl of honeydew melon cantaloupe and watermelon topped with granola to your mouth and take a bite.

03:10 You lift a large bowl of honeydew melon cantaloupe and watermelon topped with granola to your mouth and take a bite.

03:10 You lift a large bowl of honeydew melon cantaloupe and watermelon topped with granola to your mouth and take a bite.

03:10 You seem to have finished a black and silver bowl containing a large bowl of honeydew melon cantaloupe and watermelon topped with granola and are left with a black and silver bowl.

03:10 You stand up.

03:10 #$#soundpack environment station | safe | light | indoors

03:10 [Pinnacle; Master Suite Kitchen] (indoors)
You see a stainless steel refrigerator, two marble counters, two beach kitchen cabinets, a stainless steel kitchen sink, four white wicker kitchen chairs, a white glass kitchen table, a large white freezer, a transparent trash can, a tall robotic butler, and a finch-patterned refrigerator here.
You can go north and southeast.

03:10 The water is not running in a stainless steel kitchen sink.

03:10 You turn a stainless steel kitchen sink on.

03:10 You begin to wash a black and silver bowl in a stainless steel kitchen sink.

03:10 (3 seconds roundtime.)

03:10 You finish washing a black and silver bowl in a stainless steel kitchen sink.

03:10 You put a black and silver bowl on a beach kitchen cabinet.

03:11 You turn a stainless steel kitchen sink off.

03:11 #$#soundpack environment station | safe | light | indoors

03:11 [Pinnacle; Master Suite Living Room] (indoors)
You see two peach glass end tables, a wicker sectional sofa, a glass coffee table with an emerald green spring rain scented candle sitting on top of it, a peach suede love seat, a wicker rocking chair, a transparent architectural design simulator, a tall rosewood entertainment center with several shelves surrounding a large central video screen, a compact bright red cooler with zip up compartments along the sides, Maggie the bot, and a medium sandstone fireplace with a tile harth and a cedar mantel here.
You see Kitty Mars here.
You can go northwest, northeast, and south.

03:11 You sit down on a wicker sectional sofa.

03:11 A peach glass end table

03:11 You see nothing special.
You see a tight-fitting floral beaded halter top with dragonflies embroidered along the bottom, a hot pink embroidered bra, a pair of white capris, a pair of hot pink satin bikini underwear, an empty white calico cat-shaped vase, two empty cat-shaped glasses, a white plate, and a dark purple plate on it.

03:11 You remove a dark purple plate from a peach glass end table.

03:11 You should stand up first.

03:11 You stand up.

03:11 Kitty Mars glides northwest.

03:11 #$#soundpack environment station | safe | light | indoors

03:11 [Pinnacle; Master Suite Kitchen] (indoors)
You see a stainless steel refrigerator, two marble counters, two beach kitchen cabinets, a stainless steel kitchen sink, four white wicker kitchen chairs, a white glass kitchen table, a large white freezer, a transparent trash can, a tall robotic butler, and a finch-patterned refrigerator here.
You see Kitty Mars here.
You can go north and southeast.

03:11 The water is not running in a stainless steel kitchen sink.

03:11 Kitty Mars turns a stainless steel kitchen sink on.

03:11 You begin to wash a dark purple plate in a stainless steel kitchen sink.

03:11 (3 seconds roundtime.)

03:11 Kitty Mars begins to wash a black and silver bowl in a stainless steel kitchen sink.

03:11 You finish washing a dark purple plate in a stainless steel kitchen sink.

03:11 Kitty Mars finishes washing a black and silver bowl in a stainless steel kitchen sink.

03:11 You put a dark purple plate on a beach kitchen cabinet.

03:12 Kitty Mars begins to wash a dark purple plate in a stainless steel kitchen sink.

03:12 #$#soundpack environment station | safe | light | indoors

03:12 [Pinnacle; Master Suite Living Room] (indoors)
You see two peach glass end tables, a wicker sectional sofa, a glass coffee table with an emerald green spring rain scented candle sitting on top of it, a peach suede love seat, a wicker rocking chair, a transparent architectural design simulator, a tall rosewood entertainment center with several shelves surrounding a large central video screen, a compact bright red cooler with zip up compartments along the sides, Maggie the bot, and a medium sandstone fireplace with a tile harth and a cedar mantel here.
You can go northwest, northeast, and south.

03:12 You sit down on a wicker sectional sofa.

03:13 Kitty Mars glides in from the northwest.

03:13 Kitty Mars sits down on a wicker sectional sofa.

03:13 You wrap your arms around Kitty Mars.

03:13 #$#soundpack social | armwrap | male

03:14 Kitty Mars orders a white calico cat-shaped vase filled with Iced Green Peach Tea from Maggie the bot.

03:14 Kitty Mars says to you, "you can get your own drink since i don't know what you'd prefer"

03:14 Kitty Mars grins at you.

03:14 #$#soundpack social | grin | female

03:15 Kitty Mars wraps her arms around you.

03:15 #$#soundpack social | armwrap | female

03:16 You grin.

03:16 #$#soundpack social | grin | male

03:16 I don't understand that.

03:16 Available nutri-paste: 781
Choose:
Breakfast
[1] French Toast
[2] Pancakes
[3] Eggs
[4] Bacon and egg Sandwich
[5] Biscuits and Gravy
[6] Toasted English Muffins with Butter and jam
[7] Sausage egg and cheese biscuit
[8] Canadian bacon egg and cheese english muffin
[9] Toast
[10] Breakfast potatoes
[11] Grits
[12] Belgium Waffles
[13] Bacon
[14] Sausage
[15] Breakfast Burrito
[16] Omelette
[17] Bagel
[18] Breakfast Pastries
[19] Hot Cereal
[20] Cereal With Milk
Lunch
[21] Deli Sandwiches
[22] Burger
[23] Barbecue Rib Sandwich
[24] BLT
[25] Grilled Cheese
[26] Sloppy Joe
[27] Fries
[28] Salad
[29] Loaded Potato Skins
[30] Grinder
[31] Chicken Nuggets with Barbecue Sauce
[32] Quiche
[33] Nachos
[34] Appitizers
[35] Corndog
[36] Hot Dog
[37] Soup
[38] Pizza Rolls
[39] Chips
[40] Muffin
[41] Yogurt
[42] Popcorn
Dinner
[43] Honey Baked Ham With Pineapples and Raisins
[44] Thanksgiving Turkey with Gravy
[45] Baked cornish hen with gravy and stuffing
[46] Meatloaf with gravy
[47] Salisbury steak with gravy
[48] Beef stew with cornbread
[49] Pot Roast with gravy
[50] New York Strip Steak
[51] T-Bone Steak
[52] Veal Medallions and wild rice
[53] Pork Chops
[54] Enchiladas
[55] Tacos
[56] Taquitos
[57] Other Ethnic
[58] Veggies
[59] Potatos
[60] Herb Grilled Fish Filet
[61] Shrimp
[62] Seafood Platter
[63] Fried Chicken
[64] Country Fried Chicken Steak
[65] BBQ chicken
[66] Popcorn Chicken
[67] Chicken Strips
[68] Pot Pie
[69] Orange or Teriyaki Chicken with White Rice
[70] Barbecue Pork
[71] Lasagna
[72] Spaghetti and Meatballs
[73] Other Italian
[74] Pizza
[75] Garlic Bread
[76] Breadsticks
[77] Dinner Roll
Desserts
[78] Cake
[79] Cupcake
[80] Pudding
[81] Roasted Marshmallow
[82] Maple Sugar Bun
[83] Cinnamon Roll
[84] Mud Pie
[85] Pretzel with Sugar and Cinnamon
[86] Funnel Cake
[87] Ice Cream
[88] Rice Crispy Treat
[89] Brownie
[90] Flan
[91] Pie
[92] Doughnut
[93] Ice Cream Sundae
[94] Candy Apple
[95] Cookie
Candy
[96] Twizzlers
[97] Candy Cane
[98] Santa Clause Chocolate Bar
[99] Chocolate Bar
[100] Candy Corn
[101] Gummy Bears
[102] M&Ms
[103] Crunch Bar
[104] Chocolate Kisses
[105] Peanut Butter Cups
[106] Kit Kat Bar
[107] Snickers Bar
[108] Almond Joy
[109] Dinner Mints
[110] Peppermints
[111] Butterscotch kisses
Baby Food
[112] Water
[113] Milk
[114] Juice
[115] Baby Cereal
[116] Formula
[117] Baby Food
Drinks
[118] Water
[119] Milk
[120] Hot Chocolate
[121] Juice and smoothies
[122] Soda
[123] Milkshake
[124] Coffees and Hot Teas
[125] Chilled Drinks
[126] Wine
[127] Rum Drinks
[128] Double Shots
[129] Beer by the Pint
[130] Tequila Drinks
[131] Eggnog
Special Occasions
[132] Wedding Cake
[133] Birthday Cake
[134] Easter Bunny Cake
[135] Holiday Cookie Platter

Enter your selection:
[Type a line of input or `@abort' to abor
03:16 t the command.]

03:16 That item (Coffees and Hot Teas) comes in a variety of options. Please choose one:

03:16 [1] Deep Space Java
[2] Hazelnut Cream
[3] Amaretto
[4] Irish Cream
[5] Dark Chocolate Almond
[6] Dark Chocolate Truffle
[7] Black Tea
[8] Green Tea
[9] Earl Grey tea
[10] Chai Tea
[11] Spiced Tea
[12] Peppermint
[13] Camomile

Enter your selection or enter @abort to not order this item.

03:17 >> Command Aborted <<

03:17 Available nutri-paste: 781
Choose:
Breakfast
[1] French Toast
[2] Pancakes
[3] Eggs
[4] Bacon and egg Sandwich
[5] Biscuits and Gravy
[6] Toasted English Muffins with Butter and jam
[7] Sausage egg and cheese biscuit
[8] Canadian bacon egg and cheese english muffin
[9] Toast
[10] Breakfast potatoes
[11] Grits
[12] Belgium Waffles
[13] Bacon
[14] Sausage
[15] Breakfast Burrito
[16] Omelette
[17] Bagel
[18] Breakfast Pastries
[19] Hot Cereal
[20] Cereal With Milk
Lunch
[21] Deli Sandwiches
[22] Burger
[23] Barbecue Rib Sandwich
[24] BLT
[25] Grilled Cheese
[26] Sloppy Joe
[27] Fries
[28] Salad
[29] Loaded Potato Skins
[30] Grinder
[31] Chicken Nuggets with Barbecue Sauce
[32] Quiche
[33] Nachos
[34] Appitizers
[35] Corndog
[36] Hot Dog
[37] Soup
[38] Pizza Rolls
[39] Chips
[40] Muffin
[41] Yogurt
[42] Popcorn
Dinner
[43] Honey Baked Ham With Pineapples and Raisins
[44] Thanksgiving Turkey with Gravy
[45] Baked cornish hen with gravy and stuffing
[46] Meatloaf with gravy
[47] Salisbury steak with gravy
[48] Beef stew with cornbread
[49] Pot Roast with gravy
[50] New York Strip Steak
[51] T-Bone Steak
[52] Veal Medallions and wild rice
[53] Pork Chops
[54] Enchiladas
[55] Tacos
[56] Taquitos
[57] Other Ethnic
[58] Veggies
[59] Potatos
[60] Herb Grilled Fish Filet
[61] Shrimp
[62] Seafood Platter
[63] Fried Chicken
[64] Country Fried Chicken Steak
[65] BBQ chicken
[66] Popcorn Chicken
[67] Chicken Strips
[68] Pot Pie
[69] Orange or Teriyaki Chicken with White Rice
[70] Barbecue Pork
[71] Lasagna
[72] Spaghetti and Meatballs
[73] Other Italian
[74] Pizza
[75] Garlic Bread
[76] Breadsticks
[77] Dinner Roll
Desserts
[78] Cake
[79] Cupcake
[80] Pudding
[81] Roasted Marshmallow
[82] Maple Sugar Bun
[83] Cinnamon Roll
[84] Mud Pie
[85] Pretzel with Sugar and Cinnamon
[86] Funnel Cake
[87] Ice Cream
[88] Rice Crispy Treat
[89] Brownie
[90] Flan
[91] Pie
[92] Doughnut
[93] Ice Cream Sundae
[94] Candy Apple
[95] Cookie
Candy
[96] Twizzlers
[97] Candy Cane
[98] Santa Clause Chocolate Bar
[99] Chocolate Bar
[100] Candy Corn
[101] Gummy Bears
[102] M&Ms
[103] Crunch Bar
[104] Chocolate Kisses
[105] Peanut Butter Cups
[106] Kit Kat Bar
[107] Snickers Bar
[108] Almond Joy
[109] Dinner Mints
[110] Peppermints
[111] Butterscotch kisses
Baby Food
[112] Water
[113] Milk
[114] Juice
[115] Baby Cereal
[116] Formula
[117] Baby Food
Drinks
[118] Water
[119] Milk
[120] Hot Chocolate
[121] Juice and smoothies
[122] Soda
[123] Milkshake
[124] Coffees and Hot Teas
[125] Chilled Drinks
[126] Wine
[127] Rum Drinks
[128] Double Shots
[129] Beer by the Pint
[130] Tequila Drinks
[131] Eggnog
Special Occasions
[132] Wedding Cake
[133] Birthday Cake
[134] Easter Bunny Cake
[135] Holiday Cookie Platter

Enter your selection:
[Type a line of input or `@abort' to abor
03:17 t the command.]

03:17 That item (Hot Chocolate) comes in a variety of options. Please choose one:

03:17 [1] whipped cream
[2] marshmallows

Enter your selection or enter @abort to not order this item.

03:17 You order a mug of hot chocolate with whipped cream on top from Maggie the bot.

03:17 You take a sip from a mug of hot chocolate with whipped cream on top.

03:18 You take a sip from a mug of hot chocolate with whipped cream on top.

03:18 You take a sip from a mug of hot chocolate with whipped cream on top.

03:18 You take a sip from a mug of hot chocolate with whipped cream on top.

03:18 You take a sip from a mug of hot chocolate with whipped cream on top.

03:19 You take a sip from a mug of hot chocolate with whipped cream on top.

03:22 #$#hjelp

03:25 You take a sip from a mug of hot chocolate with whipped cream on top.

03:25 You take a sip from a mug of hot chocolate with whipped cream on top.

03:25 You take a sip from a mug of hot chocolate with whipped cream on top.

03:25 You seem to have emptied a mug of hot chocolate with whipped cream on top and are left with an empty mug.

03:28 For a top, you are wearing a celestial blue cotton polo with thin white stripes. For a bottom, you are wearing a pair of blue jeans with the letter S stitched onto the back pocket in black thread over a pair of white cotton tapered boxers. You are wearing a pair of brown leather tennis shoes over a pair of white cotton athletic socks on your feet. You are wearing a thick black leather utility belt with several loops on it around your waist. You are also wearing a red communicator, a silver metafrequency lapel pin, a thick gold band set with a chunky emerald stone, a heavy titanium pocket watch with the image of an eagle etched onto its surface, a high-capacity transparent Lore computer, a black leather briefcase, a thin red leather messenger bag, an asteroid hauling kit, a red spacesuit navigational computer, and a red spacesuit jet.

03:28 You are carrying an empty mug in your right hand.

03:28 You stand up.

03:28 #$#soundpack environment station | safe | light | indoors

03:28 [Pinnacle; Master Suite Kitchen] (indoors)
You see a stainless steel refrigerator, two marble counters, two beach kitchen cabinets, a stainless steel kitchen sink, four white wicker kitchen chairs, a white glass kitchen table, a large white freezer, a transparent trash can, a tall robotic butler, and a finch-patterned refrigerator here.
You can go north and southeast.

03:28 You put an empty mug in a transparent trash can.

03:28 #$#soundpack environment station | safe | light | indoors

03:28 [Pinnacle; Master Suite Living Room] (indoors)
You see two peach glass end tables, a wicker sectional sofa, a glass coffee table with an emerald green spring rain scented candle sitting on top of it, a peach suede love seat, a wicker rocking chair, a transparent architectural design simulator, a tall rosewood entertainment center with several shelves surrounding a large central video screen, a compact bright red cooler with zip up compartments along the sides, Maggie the bot, and a medium sandstone fireplace with a tile harth and a cedar mantel here.
You see Kitty Mars (staring into space) (sitting on a wicker sectional sofa) here.
You can go northwest, northeast, and south.

03:28 You sit down on a wicker sectional sofa.

03:31 You cuddle Kitty Mars gently.

03:31 #$#soundpack social | cuddle | male

03:33 Kitty Mars stands up.

03:33 Kitty Mars glides northwest.

03:33 Kitty Mars glides in from the northwest.

03:33 Kitty Mars sits down on a wicker sectional sofa.

03:33 Kitty Mars cuddles you gently.

03:33 #$#soundpack social | cuddle | female

03:34 #$#hjelp

03:36 You gently caress Kitty Mars.

03:36 #$#soundpack social | caress | male

03:36 I don't understand that.

03:36 You stroke Kitty Mars lovingly.

03:36 #$#soundpack social | stroke | male

03:40 #$#hjelp

03:43 #$#hjelp

03:45 You gently kiss Kitty Mars's neck.

03:45 #$#soundpack social | kiss | male

03:47 Kitty Mars wraps her arms around you.

03:47 #$#soundpack social | armwrap | female

03:48 #$#hjelp

03:48 You gently kiss Kitty Mars's lips.

03:48 #$#soundpack social | kiss | male

03:52 #$#hjelp

03:55 #$#hjelp

03:59 #$#hjelp

04:00 [General Communication] Cria Stroup transmits, "4 spots for mods."

04:01 [General Communication] Aaliyah Morales transmits, "Okay."

04:01 [General Communication] Matt Valentino transmits, "You are flying mods?"

04:02 [General Communication] Cria Stroup transmits, "Yes for frigate."

04:02 [General Communication] Matt Valentino transmits, "Okay, I'll engineer."

04:02 [General Communication] Aaliyah Morales transmits, "Bay?"

04:02 [General Communication] Noah Navarro transmits, "Me."

04:02 #$#hjelp

04:02 [General Communication] Cria Stroup transmits, "1 spots for mods."

04:03 You lean in toward Kitty Mars and gently kiss her lips.

04:03 #$#soundpack social | kiss | male

04:03 [General Communication] Alycen Hunter transmits, "Me."

04:03 Kitty Mars leans in toward you and gently kisses your lips.

04:03 #$#soundpack social | kiss | female

04:03 [General Communication] Noah Navarro transmits, "Oh nevermind I'm not going chap."

04:03 You grin at Kitty Mars.

04:03 #$#soundpack social | grin | male

04:03 Kitty Mars wraps her arms around you.

04:03 #$#soundpack social | armwrap | female

04:03 You wrap your arms around Kitty Mars.

04:03 #$#soundpack social | armwrap | male

04:03 Kitty Mars says, "wish it wasn't so late ... or we could have gone but not now."

04:04 You say, "Yeah I know."

04:04 Kitty Mars squeezes you affectionately.

04:04 #$#soundpack social | squeeze | female

04:04 You squeeze Kitty Mars affectionately.

04:04 #$#soundpack social | squeeze | male

04:04 [General Communication] Cria Stroup transmits, "1 spot for mods."

04:04 [General Communication] Matt Valentino transmits, "What bay guy?"

04:05 [General Communication] Martin Graham transmits, "Mpeer o."

04:05 [General Communication] Martin Graham transmits, "Me."

04:05 [General Communication] Matt Valentino screams, "WHAT BAY GUY?"

04:05 #$#soundpack social | scream | male

04:06 [General Communication] Noah Navarro transmits, "Please don't scream on my comms."

04:06 [General Communication] Matt Valentino transmits, "Be glad that's all I do on this com."

04:06 [General Communication] Matt Valentino transmits, "Next time I'll play with myself on it."

04:06 [General Communication] Matt Valentino transmits, "Found a frigate. Is this yours?"

04:07 [General Communication] Aaliyah Morales transmits, "I found one tooo."

04:07 [General Communication] Matt Valentino transmits, "Magical something."

04:07 [General Communication] Calyssa Calaway transmits, "That's mine."

04:07 [General Communication] Matt Valentino transmits, "Oh, sorry for banging on it."

04:07 [General Communication] Aaliyah Morales transmits, "I didn't even know people used frigates these days."

04:07 [General Communication] Calyssa Calaway transmits, "That must not have felt good."

04:07 #$#hjelp

04:07 [General Communication] Matt Valentino transmits, "Fight quite nice actually."

04:07 [General Communication] Allon Martellato transmits, "They do. No idea why."

04:08 [General Communication] Matt Valentino transmits, "Felt."

04:08 [General Communication] Matt Valentino transmits, "Why not?"

04:08 You gently caress Kitty Mars.

04:08 #$#soundpack social | caress | male

04:08 Kitty Mars cuddles you gently.

04:08 #$#soundpack social | cuddle | female

04:08 Kitty Mars leans in toward you and gently kisses your lips.

04:08 #$#soundpack social | kiss | female

04:08 Kitty Mars asks you, "want to go lie down?"

04:09 You say, "Sure."

04:09 You stand up.

04:10 You lean in toward Kitty Mars and gently kiss her lips.

04:10 #$#soundpack social | kiss | male

04:10 You cuddle Kitty Mars gently.

04:10 #$#soundpack social | cuddle | male

04:10 #$#soundpack environment station | safe | light | indoors

04:10 [Pinnacle; Master Bedroom] (indoors)
You see a teak king bed with floral-patterned sheets and a ivory coverlet, a teak chest, a cream rocking chair, a lavender teakwood bedside table, a teak dresser, a bright periwinkle wicker cradle, a polished white wooden entertainment center with several shelves surrounding a large central video screen, and a translucent architectural design simulator here.
You can go northwest and southwest.

04:10 [General Communication] Aaliyah Morales transmits, "I found the frigate!"

04:10 You remove a droid remote titled "jenaia" from a black leather briefcase.

04:10 [General Communication] Matt Valentino transmits, "Where?"

04:10 Kitty Mars glides in from the southwest.

04:10 Kitty Mars glides northwest.

04:10 [General Communication] Matt Valentino transmits, "He tricking us."

04:10 [General Communication] Aaliyah Morales transmits, "On beta."

04:10 You gently slide a droid remote titled "jenaia" into a slot on the side of a polished white wooden entertainment center with several shelves surrounding a large central video screen. With a soft click, the remote snaps into place and the screen is filled with a live broadcast of Atrium.

04:10 You remove a black suitcase from a black leather briefcase.

04:10 You open a black suitcase.

04:10 You remove a pair of brown leather tennis shoes.

04:10 [General Communication] Katherine Patterson transmits, "Are you full?"

04:11 You don't have "suoes".

04:11 You gently place a pair of brown leather tennis shoes in a black suitcase.

04:11 You remove a pair of white cotton athletic socks.

04:11 You gently place a pair of white cotton athletic socks in a black suitcase.

04:11 You remove a pair of blue jeans with the letter S stitched onto the back pocket in black thread.

04:11 You gently place a pair of blue jeans with the letter S stitched onto the back pocket in black thread in a black suitcase.

04:11 You remove a pair of white cotton tapered boxers.

04:11 You gently place a pair of white cotton tapered boxers in a black suitcase.

04:11 You remove a celestial blue cotton polo with thin white stripes.

04:11 You gently place a celestial blue cotton polo with thin white stripes in a black suitcase.

04:11 You close a black suitcase.

04:11 You put a black suitcase in a black leather briefcase.

04:11 You lie down on a teak king bed with floral-patterned sheets and a ivory coverlet.

04:11 Kitty Mars glides in from the northwest.

04:11 Kitty Mars lies down on a teak king bed with floral-patterned sheets and a ivory coverlet.

04:11 You cuddle Kitty Mars gently.

04:11 #$#soundpack social | cuddle | male

04:11 You snuggle up to Kitty Mars.

04:11 #$#soundpack social | snuggle | male

04:11 Kitty Mars cuddles you gently.

04:11 #$#soundpack social | cuddle | female

04:11 [General Communication] Katherine Patterson transmits, "Do you have a spot open?"

04:12 You wrap your arms around Kitty Mars.

04:12 #$#soundpack social | armwrap | male

04:12 Kitty Mars wraps her arms around you.

04:12 #$#soundpack social | armwrap | female

04:13 Tibo Beauchene rubs your back and waist

04:13 #$#soundpack emote | male | Tibo Beauchene rubs your back and waist

04:13 Kitty Mars wraps her arms around you.

04:13 #$#soundpack social | armwrap | female

04:14 You gently kiss Kitty Mars's neck and chest.

04:14 #$#soundpack social | kiss | male

04:15 [General Communication] Matt Valentino transmits, "Marten, put your gun way, like today."

04:15 [General Communication] Matt Valentino transmits, "If you steal that starship I'll beat your head in."

04:15 Martin Graham (C) (Male) is awake!

04:16 [General Communication] Amy Draksen transmits, "If it's a mission ship, which it sounds like it is, I'll stomp your ass while Matt busts your head."

04:17 [General Communication] Matt Valentino transmits, "Cria, do not take that guy on your ship."

04:17 [General Communication] Kitty Mars transmits, "I'll stalk you like the wild Kitty I can be if you steal ships that are going to are engaging in or anything related to missioning."

04:17 [General Communication] Matt Valentino transmits, "One spot free since Marten is a dick head."

04:17 [General Communication] Olivia Cantrell transmits, "I got an idea/ I got a gunship if anyone wants to fly it for diffs."

04:17 You grin at Kitty Mars.

04:17 #$#soundpack social | grin | male

04:17 Kitty Mars grins at you.

04:17 #$#soundpack social | grin | female

04:17 Kitty Mars says, "just sometimes the threat is enough"

04:18 [General Communication] Calyssa Calaway transmits, "He is known for trying to steel mission ships."

04:18 You say, "YEah, well. He jsut got threatened by three people."

04:18 [General Communication] Katherine Patterson transmits, "There should be a policy against that."

04:18 [General Communication] Calyssa Calaway transmits, "I had worned alli to keep an eye on him during that mission. Looks like he didn't even get that far."

04:18 [General Communication] Olivia Cantrell transmits, "Martin is?"

04:18 [General Communication] Calyssa Calaway transmits, "Yes."

04:18 [General Communication] Martin Graham giggles.

04:18 #$#soundpack social | giggles | male

04:18 [General Communication] Olivia Cantrell transmits, "I'll keep an eye out."

04:18 [General Communication] Martin Graham transmits, "I won't guys don't worry."

04:18 [General Communication] Olivia Cantrell transmits, "I don't see anything funny in this mister."

04:18 [General Communication] Calyssa Calaway transmits, "Martin no one trusts your dumb ass."

04:19 [General Communication] Martin Graham transmits, "Well don't trust then."

04:19 Kitty Mars says, "well at least i know to not turn my back on him nor allow him to ever board one of my ships"

04:19 Kitty Mars leans in toward you and gently kisses your lips.

04:19 #$#soundpack social | kiss | female

04:19 You say, "Yeah"

04:19 You lean in toward Kitty Mars and gently kiss her lips.

04:19 #$#soundpack social | kiss | male

04:19 You say, "He won't be allowed on any of my ships either."

04:19 Kitty Mars says, "glad people are standing up to jerks like that"

04:19 You grin.

04:19 #$#soundpack social | grin | male

04:19 [General Communication] Matt Valentino transmits, "Has he been known to steal ships before?"

04:19 Kitty Mars grins at you.

04:19 #$#soundpack social | grin | female

04:19 [General Communication] Calyssa Calaway transmits, "Yes."

04:19 You say, "If I knew which ships were his, I'd say deny them from docking here."

04:19 [General Communication] Matt Valentino transmits, "Yep, find somewhere else to go Marten."

04:20 You say, "but I don't know which ships are his."

04:20 Kitty Mars says, "yeah well he better not dock here"

04:20 [General Communication] Olivia Cantrell transmits, "He's been good on mine but I think I told him if he'd take it, I'd strand him. I usually don't do that unless I have a very good reason."

04:20 [General Communication] Matt Valentino transmits, "The day of dick heads like Fawkes and company are gone."

04:20 Kitty Mars nods.

04:20 #$#soundpack social | nod | female

04:20 [General Communication] Olivia Cantrell transmits, "Good riddens."

04:20 You say, "Amen to that, Olivia."

04:21 Kitty Mars says, "i'm glad Matt is taking a stand"

04:21 You say, "me too"

04:21 You say, "Somehow, he managed to make Fawkes leave."

04:21 Kitty Mars says, "well heh matt is and can be a bad ass when he wants which is why I like him on my side"

04:21 Kitty Mars grins.

04:21 #$#soundpack social | grin | female

04:21 You grin.

04:21 #$#soundpack social | grin | male

04:21 Kitty Mars says, "and you sure want him on yours too"

04:22 You grin.

04:22 #$#soundpack social | grin | male

04:22 Kitty Mars says, "matt is really a good person but he can be a tru bad ass"

04:22 Kitty Mars laughs.

04:22 #$#soundpack social | laugh | female

04:22 You laugh.

04:22 #$#soundpack social | laugh | male

04:22 Kitty Mars says, "and his friends always help"

04:22 You grin.

04:22 #$#soundpack social | grin | male

04:22 Kitty Mars says, "wowso guess he ran Fawkes off yay"

04:22 Kitty Mars cheers!

04:23 #$#soundpack social | cheer | female

04:23 You grin.

04:23 #$#soundpack social | grin | male

04:23 You say, "Yep"

04:23 You say, "he did."

04:23 Kitty Mars says, "wow I sure wish I could have been around"

04:23 You say, "me too"

04:23 [General Communication] Alycen Hunter transmits, "Is anyone else coming on this mod?"

04:23 [General Communication] Olivia Cantrell transmits, "I can come. I'm sorry. What bay?"

04:24 You say to Kitty Mars, "Surprised you two never dated."

04:24 You grin at Kitty Mars.

04:24 #$#soundpack social | grin | male

04:24 [General Communication] Cria Stroup transmits, "Beta."

04:24 [General Communication] Olivia Cantrell transmits, "On the way."

04:26 You ask, "Or maybe you two did and I just never know?"

04:27 [Private | Matt Valentino] Matt Valentino transmits, "About?"

04:27 Kitty Mars smiles at you.

04:27 #$#soundpack social | smile | female

04:27 Kitty Mars says to you, "I believe Matt will be speaking with you soon"

04:27 You smile at Kitty Mars.
#$#soundpack social | smile | male

04:28 You say, "oh, ok"

04:28 Kitty Mars wraps her arms around you.

04:28 #$#soundpack social | armwrap | female

04:28 I don't understand that.

04:28 [Private | Matt Valentino] You transmit, "About what?"

04:28 You lean in toward Kitty Mars and gently kiss her lips.

04:28 #$#soundpack social | kiss | male

04:28 [Private | Matt Valentino] Matt Valentino transmits, "About what what?"

04:28 You say to Kitty Mars, "So I'm surprised you two never dated. "

04:28 Kitty Mars says, "naa"

04:28 [Private | Matt Valentino] You chuckle and transmit, "No idea."

04:29 [Private | Matt Valentino] You transmit, "You said said about to me randomly."

04:29 [General Communication] Cria Stroup transmits, "Matt."

04:29 [Private | Matt Valentino] You transmit, "Er, you just said about to me randomly."

04:30 You squeeze Kitty Mars affectionately.

04:30 #$#soundpack social | squeeze | male

04:30 Kitty Mars squeezes you affectionately.

04:30 #$#soundpack social | squeeze | female

04:30 You say, "Not that it's any of my business who you did or didn't date in the past."

04:30 Kitty Mars says, "nope, never have."

04:30 Kitty Mars says, "I think he is dating that amore carver woman"

04:31 You say, "Oh, maybe."

04:31 Kitty Mars says, "i happened to see them sort of meet up on Acrylon a little while ago when I was watching the landing pad which I haven't in awhile"

04:31 You say, "Ah ok"

04:32 You say, "I don't know her very well, but she seems nice."

04:32 Kitty Mars says, "they seemed to be rather friendly towards one another."

04:32 You grin at Kitty Mars.

04:32 #$#soundpack social | grin | male

04:32 Kitty Mars grins at you.

04:32 #$#soundpack social | grin | female

04:32 You say, "Yeah, you and I can somtimes be rather friendly with each other too."

04:32 You chuckle.

04:32 #$#soundpack social | chuckle | male

04:33 Kitty Mars says, "yeah Matt has generally had a girlfriend at one time or other but we've never dated."

04:33 You say, "Ah ok"

04:33 Kitty Mars chuckles at you.

04:33 #$#soundpack social | chuckle | female

04:33 Kitty Mars exclaims, "well ... I sure hope so!"

04:33 Kitty Mars grins at you.

04:33 #$#soundpack social | grin | female

04:33 You beam happily at Kitty Mars.

04:33 #$#soundpack social | beam | male

04:33 Kitty Mars beams happily at you.

04:33 #$#soundpack social | beam | female

04:33 You wrap your arms around Kitty Mars.

04:33 #$#soundpack social | armwrap | male

04:34 Kitty Mars wraps her arms around you.

04:34 #$#soundpack social | armwrap | female

04:34 Kitty Mars asks, "did matt say anything to you?"

04:35 You say, "Yeah, he said "about?" over my private channel."

04:35 You laugh.

04:35 #$#soundpack social | laugh | male

04:35 [1] General

04:35 [2] Chatter
[3] Organization
[4] Private
[5] Alliance
[6] Newbie
[7] Says

Enter your selection:
[Type a line of input or `@abort' to abort the command.]

04:35 Last recorded transmissions for the private communication channel:

04:35    (10/25/2363 8:32 p.m.) [Private | Amore Carver] Amore Carver transmits, "oh boy it's a lot of cash"
   (10/25/2363 8:34 p.m.) [Private | Amore Carver] Amore Carver laughs and transmits, "I suppose, I was awake earlier, but I just went back to sleep since nothing was going on much."
   (10/25/2363 8:36 p.m.) [Private | Amore Carver] Amore Carver laughs and transmits, "I don't know about that."
   (10/25/2363 8:43 p.m.) [Private | Amore Carver] Amore Carver transmits, "let's hope so"
   (5:18 a.m.) [Private | Amore Carver] Amore Carver transmits, "good morning, i'm doing wellthanks, and how are the charming Tibo doing?"
   (5:37 a.m.) [Private | Amore Carver] Amore Carver transmits, "that's good to hear"
   (6:38 p.m.) [Private | Kitty Mars] Kitty Mars transmits, "Hi don't want to interrupt you from your missions there. See you later i hope?"
   (6:39 p.m.) [Private | Kitty Mars] Kitty Mars transmits, "ok then"
   (9:27 p.m.) [Private | Matt Valentino] Matt Valentino transmits, "About?"
   (9:28 p.m.) [Private | Matt Valentino] Matt Valentino transmits, "About what what?"
Done.

04:36 Kitty Mars says, "oh ok"

04:36 You say, "Anyways..."

04:36 Kitty Mars says, "well probably before long if you join force, you can tag your shps and be proud"

04:36 Kitty Mars grins at you.

04:36 #$#soundpack social | grin | female

04:36 You exclaim to Kitty Mars, "I should go to sleep. Rest well and sweet dreams. I love you. And yeah, that'd be cool!"

04:37 Kitty Mars says, "it's the best organization in the universe"

04:37 You grin at Kitty Mars.

04:37 #$#soundpack social | grin | male

04:37 Kitty Mars says to you, "ok Love rest well, sweet dreams and I love you"

04:37 You lean in toward Kitty Mars and gently kiss her lips.

04:37 #$#soundpack social | kiss | male

04:38 Kitty Mars leans in toward you and gently kisses your lips.

04:38 #$#soundpack social | kiss | female

04:39 Kitty Mars says to you, "nite"

04:39 Kitty Mars squeezes you affectionately.

04:39 #$#soundpack social | squeeze | female

04:39 [Private | Matt Valentino] Matt Valentino transmits, "You are a close friend to Kitty Mars. I once ran the biggest org in the galaxy. At one time we controled everything that happen in the local sectors. We are going to be building her back up now that I am not planetside and I wanted to extend an invitation to you."

04:40 [Private | Matt Valentino] Matt Valentino transmits, "I would be more than willing to tell you more about our organization if you are interested"

04:41 #$#hjelp

04:43 [General Communication] Matt Valentino transmits, "Just a warning to Insanity pilots that your destruction comes in a little more than a week. Start gathering supplies now to stay in the comfort of your homes and ships. If you would like to surrender, you have by next Saturday to do so. If not, every pilot on this list will suffer on the behalf of Fawkes and Cria."

04:44 [General Communication] Calyssa Calaway cheers.

04:44 #$#soundpack social | cheers | female

04:44 [General Communication] Kitty Mars cheers.

04:44 #$#soundpack social | cheers | female

04:44 [General Communication] Kitty Mars transmits, "Go you matt."

04:44 #$#hjelp

04:44 [General Communication] Jessie Vargus transmits, "Isn't fawkes dead?"

04:44 [General Communication] Calyssa Calaway transmits, "Yes."

04:44 [General Communication] Jessie Vargus transmits, "I mean can't they just suffer on crias account?"

04:44 [General Communication] Olivia Cantrell transmits, "Who's running that worthless org?"

04:45 [General Communication] Tiberius Black transmits, "Matt would you like an updated list?"

04:45 [General Communication] Cria Stroup cheers.

04:45 #$#soundpack social | cheer | male

04:45 [General Communication] Matt Valentino transmits, "I believe I have an updated list, but you are more than welcome to send me one just in case it's not."

04:46 [General Communication] Tiberius Black transmits, "Well maybe you have one, just got my new one today though."

04:46 [General Communication] Jessie Vargus transmits, "Did you add yourself to the list and call it new?"

04:46 [General Communication] Jessie Vargus transmits, "Tiby."

04:48 #$#hjelp

04:51 #$#hjelp

04:52 Kitty Mars removes a pink vest with 'Force' embroidered on the left breast from a deep purple leather briefcase.

04:52 Kitty Mars pulls a pink vest with 'Force' embroidered on the left breast on over her head, where it rests comfortably on her torso.

04:52 Kitty Mars laughs.

04:52 #$#soundpack social | laugh | female

04:52 Kitty Mars says, "new nightie"

04:53 Kitty Mars removes a white vest with 'Force' embroidered on the left breast from a deep purple leather briefcase.

04:53 Kitty Mars stands up.

04:53 Kitty Mars glides northwest.

04:55 #$#hjelp

04:55 Kitty Mars glides in from the northwest.

04:56 Kitty Mars lies down on a teak king bed with floral-patterned sheets and a ivory coverlet.

04:58 #$#hjelp

05:02 #$#hjelp

05:02 [Private | Matt Valentino] Matt Valentino transmits, "If you responded I must of missed it and I'ts not in my history since others have been talking a lot in my coms."

05:05 #$#hjelp

05:08 [General Communication] Calyssa Calaway transmits, "Would anyone be interested in new diffs?"

05:09 [General Communication] Therman Donaldson transmits, "Yes."

05:09 #$#hjelp

05:09 [General Communication] Calyssa Calaway transmits, "Need 8 more spots."

05:09 [General Communication] Orelia Christelia transmits, "Yes."

05:09 [General Communication] Calyssa Calaway transmits, "7 more spots now."

05:09 [General Communication] Therman Donaldson transmits, "Lots, and lots of new diffs."

05:09 [General Communication] Allon Martellato transmits, "I want difs."

05:09 [General Communication] Calyssa Calaway transmits, "6 spots."

05:09 [General Communication] Calyssa Calaway transmits, "5 spots."

05:10 [General Communication] Calyssa Calaway transmits, "4 spots eng taken."

05:10 [General Communication] Tiberius Black transmits, "Eng."

05:10 [General Communication] Matt Valentino transmits, "Why?"

05:10 [General Communication] Matt Valentino transmits, "You know I like the engineer room."

05:10 [General Communication] Calyssa Calaway transmits, "Because amy asked for it?"

05:10 [General Communication] Matt Valentino transmits, "I must put a stop to her."

05:10 [General Communication] Calyssa Calaway transmits, "4 spots."

05:11 [General Communication] Matt Valentino transmits, "I challenge you to a show down on the Acrylon landing pad. First to walk ten paces and shoot the other wins."

05:12 [General Communication] Calyssa Calaway transmits, "No one else?"

05:12 #$#hjelp

05:12 [Private | Calyssa Calaway] Calyssa Calaway transmits, "diffs?"

05:13 [General Communication] Calyssa Calaway transmits, "3 spots."

05:13 [General Communication] Calyssa Calaway transmits, "Tib come join us."

05:14 [General Communication] Noah Navarro transmits, "Someone should run diffs."

05:14 [General Communication] Noah Navarro transmits, "Mods are so incredibly boring."

05:14 [General Communication] Allon Martellato transmits, "Someone is running difs."

05:14 [General Communication] Tiberius Black transmits, "What's the bay."

05:14 [General Communication] Noah Navarro transmits, "Me then."

05:14 [General Communication] Olivia Cantrell transmits, "I got a gunship. If people wanna fly it."

05:14 [General Communication] Calyssa Calaway transmits, "You in tib?"

05:14 [General Communication] Matt Valentino transmits, "I'll engineer on your mod."

05:14 [General Communication] Calyssa Calaway transmits, "Eng taken and one spot."

05:14 [General Communication] Olivia Cantrell transmits, "I'll go."

05:14 [General Communication] Calyssa Calaway transmits, "Olivia want in?"

05:14 [General Communication] Cody Williams transmits, "Interested in a spot."

05:15 [General Communication] Allon Martellato transmits, "Wait, is it mods or difs?"

05:15 [General Communication] Noah Navarro transmits, "Wait, are you running mods or diffs?"

05:15 [General Communication] Calyssa Calaway transmits, "Diffs."

05:15 [General Communication] Michael Calaway transmits, "Difs."

05:15 [General Communication] Therman Donaldson transmits, "She wants new diffs."

05:15 [General Communication] Olivia Cantrell transmits, "I want any kind of diff."

05:15 [General Communication] Matt Valentino transmits, "Mods."

05:15 [General Communication] Noah Navarro transmits, "If it's mods I'm out."

05:15 [General Communication] Calyssa Calaway transmits, "Its new diffs."

05:15 [General Communication] Allon Martellato transmits, "How many spots."

05:15 [General Communication] Cody Williams transmits, "Let me know when a spot opens?"

05:15 [General Communication] Calyssa Calaway transmits, "Whoever gets here first."

05:16 [General Communication] Matt Valentino transmits, "How long do new diffs typically take?"

05:16 [General Communication] Calyssa Calaway transmits, "Beta."

05:16 #$#hjelp

05:16 [General Communication] Therman Donaldson transmits, "Which bay though?"

05:16 [General Communication] Allon Martellato transmits, "Ship name?"

05:16 [General Communication] Noah Navarro transmits, "Looks like Oblivion."

05:16 [General Communication] Calyssa Calaway transmits, "Oh shit I'm in michaels ship."

05:16 [General Communication] Calyssa Calaway coughs.

05:16 #$#soundpack social | coughs | female

05:16 [General Communication] Michael Calaway snickers.

05:16 #$#soundpack social | snicker | male

05:16 [General Communication] Amy Draksen transmits, "I just tried to tell you that."

05:16 [General Communication] Amy Draksen transmits, "Are you swapping or not?"

05:16 [General Communication] Calyssa Calaway transmits, "Yes."

05:17 [General Communication] Noah Navarro whines.

05:17 #$#soundpack social | whine | male

05:17 [General Communication] Calyssa Calaway transmits, "My bad."

05:17 [General Communication] Allon Martellato transmits, "Bay?"

05:17 [General Communication] Allon Martellato transmits, "Nothing on beta."

05:17 [General Communication] Calyssa Calaway transmits, "Sec switching ships."

05:17 [General Communication] Amy Draksen transmits, "She's getting her own bc."

05:19 [General Communication] Calyssa Calaway transmits, "And the bay is."

05:19 [General Communication] Calyssa Calaway transmits, "Alpha."

05:19 #$#hjelp

05:21 [General Communication] Calyssa Calaway transmits, "Missing one person."

05:21 [General Communication] Cody Williams transmits, "Wasn't sure if I was counted, I can fill a spot if needed."

05:22 [General Communication] Calyssa Calaway transmits, "Think ray has the last spot sir."

05:22 [General Communication] Cody Williams transmits, "Copy."

05:22 [General Communication] Calyssa Calaway transmits, "Ok ray's out cody you want it?"

05:23 #$#hjelp

05:23 [General Communication] Cody Williams transmits, "Sure thing, bay again please?"

05:23 [General Communication] Calyssa Calaway transmits, "Alpha."

05:26 #$#hjelp

05:30 #$#hjelp

05:33 #$#hjelp

05:37 #$#hjelp

05:40 [General Communication] Calyssa Calaway transmits, "One spot new diffs."

05:40 [General Communication] Calyssa Calaway transmits, "Two spots."

05:40 [General Communication] Lorelyn Chandler transmits, "Me."

05:40 [General Communication] Calyssa Calaway transmits, "One spot now."

05:40 #$#hjelp

05:40 [General Communication] Calyssa Calaway transmits, "Full."

05:43 [General Communication] Calyssa Calaway transmits, "Delta is the bay."

05:44 #$#hjelp

05:47 #$#hjelp

05:51 #$#hjelp

05:54 #$#hjelp

05:58 #$#hjelp

06:01 #$#hjelp

06:02 [General Communication] Calyssa Calaway transmits, "One spot new diffs."

06:03 [General Communication] Allon Martellato transmits, "Isn't it an eng spot?"

06:03 [General Communication] Calyssa Calaway transmits, "It can be."

06:03 [General Communication] Allon Martellato transmits, "Well, where are our 'I only eng' people when we need them?"

06:05 #$#hjelp

06:06 Kitty Mars says, "ugh Ralph"

06:08 #$#hjelp

06:12 #$#hjelp

06:15 #$#hjelp

06:19 #$#hjelp

06:22 #$#hjelp

06:26 #$#hjelp

06:29 #$#hjelp

06:33 #$#hjelp

06:33 [Newbie] A holographic representation of Beatrice Carmichael: Am I missing something, or are there no way to destroy go exits yet?

06:33 [Newbie] Gabriel Marin: Demolish-go <exit name>

06:35 [Newbie] A holographic representation of Beatrice Carmichael: Much thanks.

06:36 #$#hjelp

06:40 #$#hjelp

06:43 #$#hjelp

06:47 #$#hjelp

06:50 #$#hjelp

06:54 #$#hjelp

06:57 #$#hjelp

07:01 #$#hjelp

07:04 #$#hjelp

07:08 #$#hjelp

07:11 #$#hjelp

07:12 [Newbie] Cria Stroup: Is communications working ools?

07:15 #$#hjelp

07:18 #$#hjelp

07:22 #$#hjelp

07:25 #$#hjelp

07:29 #$#hjelp

07:32 #$#hjelp

07:36 #$#hjelp

07:39 #$#hjelp

07:43 #$#hjelp

07:46 #$#hjelp

07:50 #$#hjelp

07:53 #$#hjelp

07:57 #$#hjelp

08:00 #$#hjelp

08:04 #$#hjelp

08:07 #$#hjelp

08:11 #$#hjelp

08:14 #$#hjelp

08:18 #$#hjelp

08:21 #$#hjelp

08:25 #$#hjelp

08:28 #$#hjelp

08:32 #$#hjelp

08:35 #$#hjelp

08:39 #$#hjelp

08:42 #$#hjelp

08:46 #$#hjelp

08:49 #$#hjelp

08:53 #$#hjelp

08:56 #$#hjelp

09:00 #$#hjelp

09:03 #$#hjelp

09:07 #$#hjelp

09:10 #$#hjelp

09:14 #$#hjelp

09:17 #$#hjelp

09:21 #$#hjelp

09:24 #$#hjelp

09:28 #$#hjelp

09:31 #$#hjelp

09:35 #$#hjelp

09:38 #$#hjelp

09:42 #$#hjelp

09:45 #$#hjelp

09:49 #$#hjelp

09:52 #$#hjelp

09:56 #$#hjelp

09:59 #$#hjelp

10:03 #$#hjelp

10:06 #$#hjelp

10:10 #$#hjelp

10:13 #$#hjelp

10:17 #$#hjelp

10:20 #$#hjelp

10:24 #$#hjelp

10:27 #$#hjelp

10:31 #$#hjelp

10:34 #$#hjelp

10:38 #$#hjelp

10:41 #$#hjelp

10:41 You lean in toward Kitty Mars and gently kiss her lips.

10:41 #$#soundpack social | kiss | male

10:42 You stand up.

10:42 You remove a black suitcase from a black leather briefcase.

10:42 You open a black suitcase.

10:42 #$#soundpack environment station | safe | light | indoors

10:42 [Pinnacle; Master Bedroom Dressing Room] (indoors)
You see a snow white and lavender oriental rug in the shape of a flower, a deep purple glass writing table, a lavender wicker ladder-back chair, a lavender wicker armchair, a lavender wicker trunk, a bright coral lavender wicker laundry basket, a pretty marble vanity with a little lavender padded stool, a pastel purple wicker seashell-shaped cradle with lavender kitten-patterned blankets, a white wicker wardrobe, a fuzzy suitcase, a pink suitcase, and a pair of sexy clear wedge sandals with open-toes and with little purple jewels on the straps here.
You can go southeast and west.

10:42 You remove a pair of white cotton tapered boxers from a black suitcase.

10:42 You slip your legs into a pair of white cotton tapered boxers.

10:42 You remove a pair of white cotton athletic socks from a black suitcase.

10:42 You don a pair of white cotton athletic socks.

10:42 Get what?

10:42 Get what?

10:42 You remove a pair of gray jeans with the letter S stitched onto the back pocket in black thread from a black suitcase.

10:42 You slip your legs into a pair of gray jeans with the letter S stitched onto the back pocket in black thread.

10:42 You remove a red cotton polo with thin white stripes from a black suitcase.

10:42 You slip a red cotton polo with thin white stripes over your head where it rests comfortably on your torso.

10:43 You remove a pair of brown leather tennis shoes from a black suitcase.

10:43 You slide your feet into a pair of brown leather tennis shoes.

10:43 You close a black suitcase.

10:43 You put a black suitcase in a black leather briefcase.

10:43 #$#soundpack environment station | safe | light | indoors

10:43 [Pinnacle; Master Bedroom] (indoors)
You see a teak king bed with floral-patterned sheets and a ivory coverlet, a teak chest, a cream rocking chair, a lavender teakwood bedside table, a teak dresser, a bright periwinkle wicker cradle, a polished white wooden entertainment center with several shelves surrounding a large central video screen, and a translucent architectural design simulator here.
You see Kitty Mars (dozing) (lying on a teak king bed with floral-patterned sheets and a ivory coverlet) here.
You can go northwest and southwest.

10:43 #$#soundpack environment station | safe | light | indoors

10:43 [Pinnacle; Master Suite Living Room] (indoors)
You see two peach glass end tables, a wicker sectional sofa, a glass coffee table with an emerald green spring rain scented candle sitting on top of it, a peach suede love seat, a wicker rocking chair, a transparent architectural design simulator, a tall rosewood entertainment center with several shelves surrounding a large central video screen, a compact bright red cooler with zip up compartments along the sides, Maggie the bot, and a medium sandstone fireplace with a tile harth and a cedar mantel here.
You can go northwest, northeast, and south.

10:43 You sit down on a wicker sectional sofa.

10:43 #$#soundpack environment station | safe | light | indoors

10:43 [Pinnacle; Master Suite Living Room] (indoors) (sitting on a wicker sectional sofa)
You see nothing special.
You see two peach glass end tables, a wicker sectional sofa, a glass coffee table with an emerald green spring rain scented candle sitting on top of it, a peach suede love seat, a wicker rocking chair, a transparent architectural design simulator, a tall rosewood entertainment center with several shelves surrounding a large central video screen, a compact bright red cooler with zip up compartments along the sides, Maggie the bot, and a medium sandstone fireplace with a tile harth and a cedar mantel here.
You can go northwest, northeast, and south.

10:46 #$#hjelp

10:50 #$#hjelp

10:53 #$#hjelp

10:57 #$#hjelp

11:00 #$#hjelp

11:04 #$#hjelp

11:07 #$#hjelp

11:11 #$#hjelp

11:14 #$#hjelp

11:18 #$#hjelp

11:21 #$#hjelp

11:25 #$#hjelp

11:28 #$#hjelp

11:32 #$#hjelp

11:35 #$#hjelp

11:39 #$#hjelp

11:42 #$#hjelp

11:46 #$#hjelp

11:49 #$#hjelp

11:53 #$#hjelp

11:56 [Newbie] Jake Jonson: Where can I get gold tokens for the underworld tour on venus?

11:56 #$#hjelp

12:00 #$#hjelp

12:03 #$#hjelp

12:06 [Private | Josh Westen] Josh Westen transmits, "No mate."

12:06 [Private | Josh Westen] Josh Westen transmits, "mc"

12:07 #$#hjelp

12:10 #$#hjelp

12:14 #$#hjelp

12:17 #$#hjelp

12:21 #$#hjelp

12:24 #$#hjelp

12:28 #$#hjelp

12:31 #$#hjelp

12:35 #$#hjelp

12:38 #$#hjelp

12:42 #$#hjelp

12:45 #$#hjelp

12:49 #$#hjelp

12:52 #$#hjelp

12:56 #$#hjelp

12:59 #$#hjelp

13:03 #$#hjelp

13:06 #$#hjelp

13:10 #$#hjelp

13:13 #$#hjelp

13:17 #$#hjelp

13:20 #$#hjelp

13:24 #$#hjelp

13:27 #$#hjelp

13:31 #$#hjelp

13:34 #$#hjelp

13:38 #$#hjelp

13:41 #$#hjelp

13:45 #$#hjelp

13:48 #$#hjelp

13:52 #$#hjelp

13:55 #$#hjelp

13:59 #$#hjelp

14:02 #$#hjelp

14:06 #$#hjelp

14:09 #$#hjelp

14:13 #$#hjelp

14:16 #$#hjelp

14:20 #$#hjelp

14:23 #$#hjelp

14:27 #$#hjelp

14:30 #$#hjelp

14:34 #$#hjelp

14:37 #$#hjelp

14:41 #$#hjelp

14:44 #$#hjelp

14:48 #$#hjelp

14:51 [Tradesman Market] Dora West has bought one tradesman certificate from Jake Billings.

14:51 [Tradesman Market] Jake Billings's sale has completed.

14:51 #$#hjelp

14:55 #$#hjelp

14:58 #$#hjelp

15:02 #$#hjelp

15:05 #$#hjelp

15:09 #$#hjelp

15:12 #$#hjelp

15:15 Kitty Mars glides in from the northeast.

15:15 Kitty Mars sits down on a wicker sectional sofa.

15:15 Kitty Mars wraps her arms around you.

15:15 #$#soundpack social | armwrap | female

15:15 Kitty Mars stands up.

15:16 The door to the master suite to the south slides open with a hiss.

15:16 Kitty Mars glides south.

15:16 > (Pinnacle; Atrium) Kitty Mars glides in from the northwest.

15:16 > (Pinnacle; Atrium) Kitty Mars glides northeast.

15:16 #$#hjelp

15:16 > (Pinnacle; Atrium) Kitty Mars glides in from the northeast.

15:16 > (Pinnacle; Atrium) Kitty Mars glides northwest.

15:16 Kitty Mars glides in from the south.

15:16 Kitty Mars sits down on a wicker sectional sofa.

15:16 The door to the master suite to the south slides closed with a hiss.

15:19 #$#hjelp

15:23 #$#hjelp

15:26 #$#hjelp

15:30 #$#hjelp

15:33 #$#hjelp

15:37 #$#hjelp

15:40 #$#hjelp

15:44 #$#hjelp

15:47 #$#hjelp

15:51 #$#hjelp

15:54 #$#hjelp

15:58 #$#hjelp

16:01 #$#hjelp

16:05 #$#hjelp

16:08 #$#hjelp

16:12 #$#hjelp

16:15 #$#hjelp

16:19 #$#hjelp

16:22 #$#hjelp

16:26 #$#hjelp

16:29 #$#hjelp

16:33 #$#hjelp

16:36 #$#hjelp

16:40 #$#hjelp

16:43 #$#hjelp

16:47 #$#hjelp

16:50 #$#hjelp

16:54 #$#hjelp

16:57 #$#hjelp

17:01 #$#hjelp

17:04 #$#hjelp

17:08 #$#hjelp

17:10 You lean in toward Kitty Mars and gently kiss her lips.

17:10 #$#soundpack social | kiss | male

17:10 You say to Kitty Mars, "Hi my love"

17:14 #$#hjelp

17:17 #$#hjelp

17:21 #$#hjelp

17:24 #$#hjelp

17:28 #$#hjelp

17:31 #$#hjelp

17:35 #$#hjelp

17:38 #$#hjelp

17:42 #$#hjelp

17:43 [General Communication] Cria Stroup transmits, "4 spots for mods."

17:45 #$#hjelp

17:49 #$#hjelp

17:52 #$#hjelp

17:56 #$#hjelp

17:59 #$#hjelp

18:03 #$#hjelp

18:06 #$#hjelp

18:10 #$#hjelp

18:13 #$#hjelp

18:17 #$#hjelp

18:20 A red message board reader beeps quietly, indicating to you that there is a new message in General / Name Changes. It was posted by Starship Registration Office with the subject ""Super Traveler" is now "Shardlight"".

18:20 #$#hjelp

18:24 #$#hjelp

18:27 #$#hjelp

18:31 #$#hjelp

18:34 #$#hjelp

18:38 #$#hjelp

18:41 #$#hjelp

18:43 [Newbie] Mahdi Hayder: Guys, I am new. I am in the first location where I started, but what do I do? I typed TALK REPRESENTATIVE and I got rules and I read them all. But I think that I have to buy something which I am not sure of spelling, so how do I get to buy it?

18:44 [Newbie] Amy Draksen: I'm not aware of anything you are supposed to, or even can buy in that area.

18:45 [Newbie] Cria Stroup: East, west and north.

18:45 #$#hjelp

18:46 [Newbie] Mahdi Hayder: Thanks.I find it. North and I've choosed.

18:48 #$#hjelp

18:52 #$#hjelp

18:55 #$#hjelp

18:59 #$#hjelp

19:02 #$#hjelp

19:05 [AIE | Channel 1] Matt Valentino transmits, "Hello AIE. What is going on today?"

19:05 [General Communication] Cria Stroup transmits, "4 spots for mods."

19:06 [AIE | Channel 1] Ray Ridgeway transmits, "Good day Matt. I'm not sure what else is happening, but I'm currently hauling a rock. Trying to do my part to keep bard prices from rising again."

19:06 #$#hjelp

19:06 [AIE | Channel 1] Matt Valentino transmits, "Nice, does it actually affect bard prices?"

19:07 [AIE | Channel 1] Ray Ridgeway transmits, "I'm not 100% positive, however, I do know that, as long as there are some of us hauling rocks, I haven't seen bard jump up in price recently. It may be coincidence, but either way, I try to haul a few now and again."

19:09 #$#hjelp

19:13 #$#hjelp

19:16 #$#hjelp

19:20 #$#hjelp

19:20 [General Communication] Cria Stroup transmits, "4 spots for mods."

19:20 [General Communication] Ray Ridgeway transmits, "I'll go."

19:21 [General Communication] Cria Stroup transmits, "3 spots for mods."

19:23 #$#hjelp

19:27 #$#hjelp

19:30 #$#hjelp

19:34 #$#hjelp

19:37 #$#hjelp

19:41 #$#hjelp

19:44 #$#hjelp

19:48 #$#hjelp

19:51 #$#hjelp

19:55 #$#hjelp

19:58 #$#hjelp

20:02 #$#hjelp

20:05 #$#hjelp

20:08 [AIE | Channel 1] Katherine Patterson transmits, "What's up AIE."

20:09 #$#hjelp

20:12 #$#hjelp

20:16 #$#hjelp

20:19 #$#hjelp

20:23 #$#hjelp

20:26 #$#hjelp

20:30 #$#hjelp

20:33 #$#hjelp

20:37 #$#hjelp

20:40 #$#hjelp

20:42 [General Communication] Cria Blur transmits an exciting burst of static.

20:44 #$#hjelp

20:44 [Newbie] Esther Tarson: How do I do that right again.

20:44 [Newbie] Scott Franklin: What are you trying to do?

20:44 [Newbie] Amy Draksen: Either just laughs, or *laughs*

20:45 [Newbie] Esther Tarson: Thanks.

20:47 #$#hjelp

20:51 #$#hjelp

20:54 #$#hjelp

20:56 [General Communication] Cria Blur transmits, "9 spots, lets go."

20:57 [General Communication] Naomi Grason transmits, "Sure."

20:57 [General Communication] Allon Martellato transmits, "Difs."

20:57 [General Communication] Michael Johnson transmits, "9?"

20:58 #$#hjelp

21:01 #$#hjelp

21:05 #$#hjelp

21:08 #$#hjelp

21:12 #$#hjelp

21:15 #$#hjelp

21:19 #$#hjelp

21:21 [General Communication] Tiberius Black transmits, "4 spots mods."

21:21 [General Communication] Cria Blur transmits, "Eng."

21:22 [General Communication] Tiberius Black transmits, "3 spots mods."

21:22 [General Communication] Tiberius Black transmits, "Eng taken."

21:22 #$#hjelp

21:23 [General Communication] Tiberius Black transmits, "3 spots."

21:24 [General Communication] Tiberius Black transmits, "2 spots mods."

21:26 #$#hjelp

21:28 [General Communication] Tiberius Black transmits, "2 spots moderate missions."

21:29 #$#hjelp

21:31 [General Communication] Tiberius Black transmits, "2 spots free only need one to run, anyone?"

21:33 #$#hjelp

21:33 [General Communication] Tiberius Black transmits, "I guess mods are off, I'll try again later."

21:36 #$#hjelp

21:40 #$#hjelp

21:43 #$#hjelp

21:47 #$#hjelp

21:50 #$#hjelp

21:54 #$#hjelp

21:57 #$#hjelp

22:01 #$#hjelp

22:04 #$#hjelp

22:08 #$#hjelp

22:11 #$#hjelp

22:15 #$#hjelp

22:18 #$#hjelp

22:22 #$#hjelp

22:25 #$#hjelp

22:29 #$#hjelp

22:29 > (Pinnacle; Atrium) The eight-person gunship "Black Spot" has jumped into the sector.

22:31 > (Pinnacle; Atrium) The eight-person gunship "Black Spot" has left the sector.

22:32 #$#hjelp

22:36 #$#hjelp

22:39 #$#hjelp

22:43 #$#hjelp

22:46 #$#hjelp

22:50 #$#hjelp

22:53 #$#hjelp

22:57 #$#hjelp

23:00 #$#hjelp

23:04 #$#hjelp

23:07 #$#hjelp

23:11 #$#hjelp

23:14 #$#hjelp

23:18 #$#hjelp

23:21 #$#hjelp

23:25 #$#hjelp

23:27 [General Communication] Michael Calaway transmits, "Mods anyone? Have time for 1 or 2 mabey 3."

23:28 [General Communication] Renee Chance transmits, "Possibly..."

23:28 [General Communication] Michael Calaway transmits, "Anyone else?"

23:28 #$#hjelp

23:28 [General Communication] Michael Johnson transmits, "I would want to do some mods, but."

23:30 [AIE | Channel 1] Matt Valentino transmits, "Zoey, are you wakeful?"

23:32 [AIE | Channel 1] Matt Valentino transmits, "I repeat, Zoey are you wakeful?"

23:32 #$#hjelp

23:33 [AIE | Channel 1] Ray Ridgeway transmits, "You may need to inquire over Chatter, Matt, as...I don't know about her specifically, but I've heard that many pilots, no longer keep alliance channels enabled."

23:34 [AIE | Channel 1] Matt Valentino transmits, "Thank you my friend."

23:35 #$#hjelp

23:36 [General Communication] Matt Valentino transmits, "Zoey, you're needed on Acrylon."

23:36 Kitty Mars wraps her arms around you.

23:36 #$#soundpack social | armwrap | female

23:36 [General Communication] Noah Navarro transmits, "Ok on my way."

23:37 [General Communication] Renee Chance snickers.

23:37 #$#soundpack social | snicker | female

23:37 Kitty Mars stands up.

23:37 The door to the master suite to the south slides open with a hiss.

23:37 Kitty Mars glides south.

23:37 > (Pinnacle; Atrium) Kitty Mars glides in from the northwest.

23:37 > (Pinnacle; Atrium) Kitty Mars glides northeast.

23:38 > (Pinnacle; Atrium) Kitty Mars glides in from the northeast.

23:38 > (Pinnacle; Atrium) Kitty Mars glides northwest.

23:38 Kitty Mars glides in from the south.

23:38 The door to the master suite to the south slides closed with a hiss.

23:38 Kitty Mars sits down on a wicker sectional sofa.

23:39 #$#hjelp

23:39 [General Communication] Matt Valentino transmits, "Zoey, I don't want to keep telling or asking. When you are wakeful meet me on Acrylon."

23:41 [General Communication] Renee Chance transmits, "Don't do it. He's a bastard."

23:41 [General Communication] Matt Valentino transmits, "Cute."

23:41 [General Communication] Matt Valentino transmits, "Renee, I have never done anything to you. Lets keep it that way, ok?"

23:41 [General Communication] Matt Valentino transmits, "Don't get involved with things that you really don't want any part of."

23:42 [General Communication] Renee Chance transmits, "Broadcasting your location on a public network... And yes let's keep it that way."

23:42 [General Communication] Kitty Mars transmits, "Rene please take this to chatter."

23:42 [General Communication] Matt Valentino transmits, "Do you have a problem with me broadcasting over this network?"

23:42 [Tradesman Market] Andreas Fierro has canceled his sale.

23:42 #$#hjelp

23:43 [General Communication] Renee Chance transmits, "No. Just saying it can be dangerous if you do. And I'm done anyway, Kitty."

23:43 Kitty Mars sighs deeply.

23:43 #$#soundpack social | sigh | female

23:43 [General Communication] Matt Valentino transmits, "Thank you for worrying about my safety, but I'm not too worried about pilots knowing where I am."

23:43 Kitty Mars laughs.

23:43 #$#soundpack social | laugh | female

23:45 [General Communication] Matt Valentino transmits, "And if you are worried about zoey, you have nothing to fear of. I wouldn't be telling her to meet me on Acrylon if I wanted to bring harm to her."

23:45 [General Communication] Renee Chance transmits, "Good."

23:45 [General Communication] Matt Valentino transmits, "I would appreciate if you kept your rude attitude to yourself next time, thanks. Now off to chatter if you want to talk shit."

23:45 [General Communication] Michael Johnson transmits, "Hey now."

23:46 #$#hjelp

23:46 Kitty Mars leans in toward you and gently kisses your lips.

23:46 #$#soundpack social | kiss | female

23:46 Kitty Mars exclaims to you, "of course with your approval Love only!"

23:47 Kitty Mars says, "oh dear"

23:47 Kitty Mars laughs.

23:47 #$#soundpack social | laugh | female

23:47 Kitty Mars exclaims, "oh my stars! I don't want her liking my dresses!"

23:49 Kitty Mars stands up.

23:49 Kitty Mars glides northwest.

23:49 Kitty Mars glides in from the northwest.

23:49 Kitty Mars glides northeast.

23:49 #$#hjelp

23:50 Kitty Mars glides in from the northeast.

23:50 Kitty Mars sits down on a wicker sectional sofa.

23:53 #$#hjelp

23:56 #$#hjelp

