00:00 #$#hjelp

00:01 Kitty Mars laughs.

00:01 #$#soundpack social | laugh | female

00:01 Kitty Mars says, "wow"

00:03 #$#hjelp

00:07 #$#hjelp

00:10 #$#hjelp

00:14 #$#hjelp

00:15 Kitty Mars says, "wow what an idiot"

00:16 Kitty Mars says, "matt is trying to help that idiot and dillings is twisting it"

00:16 You ask, "What?"

00:16 You lean in toward Kitty Mars and gently kiss her lips.

00:16 #$#soundpack social | kiss | male

00:16 Kitty Mars leans in toward you and gently kisses your lips.

00:16 #$#soundpack social | kiss | female

00:16 You wrap your arms around Kitty Mars.
#$#soundpack social | armwrap | male

00:16 Kitty Mars wraps her arms around you.

00:16 #$#soundpack social | armwrap | female

00:17 You say to Kitty Mars, "Hi love."

00:17 You're already watching that.

00:17 Kitty Mars says, "well matt captured zpey who was helping to steal Michael Johnson's ships and so dillings twists it and told Johnson that matt was involved but matt was out of locals when this happened."

00:18 Kitty Mars says, "zoey aztoni or however you say that wench's name"

00:18 You say, "oh"

00:18 You exclaim, "Wow!"

00:18 Kitty Mars says, "listening on chatter as it is a bit mor interesting than the per usual stupidity"

00:19 Kitty Mars laughs.

00:19 #$#soundpack social | laugh | female

00:19 You say, "Ah ok"

00:19 You laugh.

00:19 #$#soundpack social | laugh | male

00:19 Miriam Valleris (C) (Female) is asleep!

00:20 Kitty Mars exclaims, "yeah boy don't forget it!"

00:20 Kitty Mars laughs.

00:20 #$#soundpack social | laugh | female

00:20 Kitty Mars squeezes you affectionately.

00:20 #$#soundpack social | squeeze | female

00:22 #$#hjelp

00:24 You say, "Heh, I'm not listening to Chatter."

00:24 You wrap your arms around Kitty Mars.

00:24 #$#soundpack social | armwrap | male

00:24 You squeeze Kitty Mars affectionately.

00:24 #$#soundpack social | squeeze | male

00:24 Kitty Mars wraps her arms around you.

00:24 #$#soundpack social | armwrap | female

00:24 You say to Kitty Mars, "IO love you"

00:24 Kitty Mars says, "well it's quiet now so maybe somebody getting on some airlock action heh"

00:24 Kitty Mars laughs.

00:24 #$#soundpack social | laugh | female

00:25 Kitty Mars makes a selection on a high-capacity pink Lore computer.

00:26 Kitty Mars says, "matt is safe and sound and in his trannie"

00:26 Kitty Mars chuckles.

00:26 #$#soundpack social | chuckle | female

00:28 #$#hjelp

00:29 [General Communication] Cria Stroup transmits, "4 spots for mods?"

00:29 You chuckle.

00:29 #$#soundpack social | chuckle | male

00:29 You lean in toward Kitty Mars and gently kiss her lips.

00:29 #$#soundpack social | kiss | male

00:29 [General Communication] Cade Danikaar transmits, "I'm in for eng, I guess. I've been asleep forever so gunning aint a go for me."

00:29 You say to Kitty Mars, "I love you."

00:29 Kitty Mars leans in toward you and gently kisses your lips.

00:29 #$#soundpack social | kiss | female

00:29 [General Communication] Olivia Cantrell transmits, "I'll go."

00:30 [General Communication] Cria Stroup transmits, "2 spots for mods?"

00:32 [General Communication] Cade Danikaar transmits, "So... Go? No go? anyone interested?"

00:32 [General Communication] Cria Stroup transmits, "2 spots for mods?"

00:32 You say to Kitty Mars, "I love you"

00:35 [General Communication] Cria Stroup transmits, "2 spots for mods?"

00:35 [General Communication] Allon Martellato transmits, "I'd go."

00:36 [General Communication] Cria Stroup transmits, "1 spot for mods?"

00:36 #$#hjelp

00:36 [General Communication] Allon Martellato transmits, "I believe we'd need just one more."

00:38 You squeeze Kitty Mars affectionately.

00:38 #$#soundpack social | squeeze | male

00:39 Kitty Mars squeezes you affectionately.

00:39 #$#soundpack social | squeeze | female

00:40 [General Communication] Cria Stroup transmits, "1 spot for mods?"

00:40 [General Communication] Allon Martellato transmits, "Yes, please, someone fill up our crew and get me to stop crawling around in the dirt. I'm afraid it's become a bit of an adiction of mine."

00:42 #$#hjelp

00:42 [General Communication] Cade Danikaar yawns.

00:42 #$#soundpack social | yawns | male

00:43 [General Communication] Olivia Cantrell transmits, "Don't think we'll get that last spot."

00:43 You smile at Kitty Mars.

00:43 #$#soundpack social | smile | male

00:43 [General Communication] Cade Danikaar transmits, "Praelorfobia's hit the galaxy, or something."

00:43 Kitty Mars smiles at you.

00:43 #$#soundpack social | smile | female

00:44 Kitty Mars squeezes you affectionately.

00:44 #$#soundpack social | squeeze | female

00:44 You say to Kitty Mars, "I love you."

00:47 [General Communication] Therman Donaldson transmits, "Those mods still happening?"

00:47 [General Communication] Olivia Cantrell transmits, "Yep."

00:47 You lean in toward Kitty Mars and gently kiss her lips.

00:47 #$#soundpack social | kiss | male

00:47 [General Communication] Olivia Cantrell transmits, "What bay is it?"

00:47 [General Communication] Cade Danikaar transmits, "That a full crew?"

00:48 [General Communication] Olivia Cantrell transmits, "Yes."

00:48 [General Communication] Therman Donaldson transmits, "I'll go that spot is still open."

00:48 [General Communication] Allon Martellato transmits, "Me, you, therman, cade, cria... Who's the sixth?"

00:48 [General Communication] Olivia Cantrell transmits, "Me."

00:48 [General Communication] Allon Martellato transmits, "I already counted you."

00:48 [General Communication] Olivia Cantrell transmits, "Wait who is the sixth?"

00:49 [General Communication] Allon Martellato transmits, "If you filled a six spot, speak now or forever be ashamed of holding your peace at a higher level of importance than the enemy line."

00:49 [General Communication] Allon Martellato transmits, "Sincerely, the hapless hypocrite."

00:50 [General Communication] Olivia Cantrell laughs and transmits, "Oh my god."

00:50 #$#soundpack social | laugh | female

00:50 [General Communication] Cade Danikaar transmits, "Which bay?"

00:50 [General Communication] Cria Stroup transmits, "Beta."

00:50 [General Communication] Allon Martellato transmits, "Sec, wanna get my bone outa this dirt quick."

00:51 [General Communication] Olivia Cantrell transmits, "On the way."

00:51 [General Communication] Allon Martellato transmits, "Sec, wanna get my bone outa this dirt quick."

00:51 [General Communication] Allon Martellato transmits, "Miscomm."

00:51 #$#hjelp

00:53 You gently kiss Kitty Mars's neck.

00:53 #$#soundpack social | kiss | male

00:53 Kitty Mars gently kisses your neck.

00:53 #$#soundpack social | kiss | female

00:53 You say to Kitty Mars, "I love you hun.,"

00:54 Kitty Mars beams happily at you.

00:54 #$#soundpack social | beam | female

00:54 Kitty Mars says to you, "I so love you too Babe."

00:54 You beam happily at Kitty Mars.

00:54 #$#soundpack social | beam | male

00:57 #$#hjelp

00:57 [General Communication] Allon Martellato transmits, "One spot destroyer mods."

00:58 [General Communication] David Arther transmits, "Me."

00:58 [General Communication] Allon Martellato transmits, "Ok bay sec."

00:58 [General Communication] Allon Martellato transmits, "Gamma."

00:59 [General Communication] Allon Martellato transmits, "Be prepared to gun."

00:59 [General Communication] Therman Donaldson transmits, "Yes, prepare."

01:01 #$#hjelp

01:04 #$#hjelp

01:06 You wrap your arms around Kitty Mars.

01:06 #$#soundpack social | armwrap | male

01:10 #$#hjelp

01:13 #$#hjelp

01:17 #$#hjelp

01:20 #$#hjelp

01:21 I don't understand that.

01:22 You lean in toward Kitty Mars and gently kiss her lips.

01:22 #$#soundpack social | kiss | male

01:22 I don't understand that.

01:25 #$#hjelp

01:27 [General Communication] Allon Martellato transmits, "One spot mods."

01:27 [General Communication] Orelia Christelia transmits, "I'll go."

01:28 [General Communication] Allon Martellato transmits, "Okay. We'll let you know the bay when we're out."

01:28 #$#hjelp

01:30 [General Communication] Allon Martellato transmits, "One more spot, and it's eng."

01:31 [General Communication] Allon Martellato transmits, "Actually that's a lie."

01:31 [General Communication] Allon Martellato transmits, "Aurelia, bay is gamma."

01:31 [General Communication] Orelia Christelia transmits, "Ok."

01:32 #$#hjelp

01:35 > (Pinnacle; Atrium) The three-person voyager "Final Destination" has exited from Jumpgate to Central Jumpgate Hub.

01:35 #$#hjelp

01:37 > (Pinnacle; Atrium) The three-person voyager "Final Destination" has landed on the planet Desolo.

01:39 #$#hjelp

01:40 You lean in toward Kitty Mars and gently kiss her lips.

01:40 #$#soundpack social | kiss | male

01:44 #$#hjelp

01:47 #$#hjelp

01:51 #$#hjelp

01:54 #$#hjelp

01:58 #$#hjelp

02:01 #$#hjelp

02:05 #$#hjelp

02:06 You lean in toward Kitty Mars and gently kiss her lips.

02:06 #$#soundpack social | kiss | male

02:09 #$#hjelp

02:10 You squeeze Kitty Mars affectionately.

02:10 #$#soundpack social | squeeze | male

02:13 You gently kiss Kitty Mars's neck.

02:13 #$#soundpack social | kiss | male

02:16 #$#hjelp

02:19 Kitty Mars leans in toward you and gently kisses your lips.

02:19 #$#soundpack social | kiss | female
[General Communication] Calyssa Calaway transmits, "Anyone running mods?"

02:19 [General Communication] Therman Donaldson transmits, "Nope."

02:19 [General Communication] Calyssa Calaway transmits, "Anyone want missions?"

02:19 [General Communication] Michael Calaway transmits, "I'll fix your ship."

02:19 I don't understand that.

02:19 You wrap your arms around Kitty Mars.

02:19 #$#soundpack social | armwrap | male

02:19 [General Communication] Cody Williams transmits, "Sure."

02:19 [General Communication] Kitty Mars transmits, "I'll scratch you where the sun don't shine too if you pluck my shiskas."

02:20 [General Communication] Kitty Mars transmits, "Oops sorry very bad mis-communication."

02:20 You grin at Kitty Mars.

02:20 #$#soundpack social | grin | male

02:20 [General Communication] Calyssa Calaway transmits, "Ok so I have michael and cody and myself."

02:20 Kitty Mars laughs.
#$#soundpack social | laugh | female

02:20 You laugh.

02:20 #$#soundpack social | laugh | male

02:20 [General Communication] Calyssa Calaway transmits, "Sorry therman michael asked for eng."

02:20 I don't understand that.

02:20 I don't understand that.

02:20 Kitty Mars cuddles you gently.

02:20 #$#soundpack social | cuddle | female

02:20 I don't understand that.

02:20 I don't understand that.

02:20 [General Communication] Calyssa Calaway transmits, "Anyone else want missions?"

02:21 I don't understand that.

02:21 [General Communication] Therman Donaldson transmits, "Oh well."

02:21 You see no "chatter" here.

02:21 You cuddle Kitty Mars gently.

02:21 #$#soundpack social | cuddle | male

02:21 Kitty Mars says, "too lazy heh"

02:21 You laugh.

02:21 #$#soundpack social | laugh | male

02:21 Kitty Mars says, "maybe tomorrow"

02:21 You grin.

02:21 #$#soundpack social | grin | male

02:21 Kitty Mars grins at you.
#$#soundpack social | grin | female

02:21 You gently caress Kitty Mars.

02:21 #$#soundpack social | caress | male

02:21 Kitty Mars gently caresses you.

02:21 #$#soundpack social | caress | female

02:22 I don't understand that.

02:22 You unmute the chatter channel.

02:23 You gently kiss Kitty Mars's chest.

02:23 #$#soundpack social | kiss | male

02:23 Kitty Mars gently kisses your neck.

02:23 #$#soundpack social | kiss | female

02:24 [General Communication] Therman Donaldson transmits, "Ok I can gun now."

02:24 [General Communication] Therman Donaldson transmits, "Bring on the stupid bugs."

02:24 [General Communication] Calyssa Calaway transmits, "We still need two spots."

02:25 You cuddle Kitty Mars gently.

02:25 #$#soundpack social | cuddle | male

02:25 [Chatter] Therman Donaldson transmits, "Orelia wants to yank off people's legs. I am not sure who's legs she wants to rip off."

02:25 Kitty Mars cuddles you gently.

02:25 #$#soundpack social | cuddle | female

02:26 [Chatter] Cody Williams transmits, "I'm all for this."

02:26 Kitty Mars laughs.

02:26 #$#soundpack social | laugh | female

02:26 [Chatter] Orelia Christelia laughs.

02:26 #$#soundpack social | laugh | female

02:26 [Chatter] Therman Donaldson transmits, "She wants to add them to her next stew."

02:26 [Chatter] Orelia Christelia transmits, "We'll feed them to our enemies!"

02:26 [Chatter] Cody Williams cheers.

02:26 #$#soundpack social | cheer | male

02:26 [Chatter] Scott Franklin transmits, "Sounds like a fun time."

02:27 [Chatter] Cody Williams transmits, "Rip off there lims and beat them to death with them."

02:27 [Chatter] Orelia Christelia transmits, "Good, we all on board?"

02:27 [Chatter] Therman Donaldson transmits, "Feed our enemies they're own legs?"

02:27 [Chatter] Orelia Christelia transmits, "Yep."

02:27 [Chatter] Scott Franklin roars.

02:27 #$#soundpack social | roars | male

02:27 [General Communication] David Arther transmits, "Eng?"

02:27 [Chatter] Orelia Christelia transmits, "Or maybe different ones."

02:27 [Chatter] Scott Franklin transmits, "Hmm..."

02:27 [Chatter] Orelia Christelia transmits, "I don't know."

02:27 [Chatter] Therman Donaldson transmits, "Let's start the baby processing plant right now."

02:28 [Chatter] Orelia Christelia laughs.

02:28 #$#soundpack social | laugh | female

02:29 #$#hjelp

02:30 [Chatter] A Proboscis Monkey screams, "NO ONE FINDS LIFE WORTH LIVING; HE MUST MAKE IT WORTH LIVING."

02:30 #$#soundpack social | scream | male

02:30 Kitty Mars exclaims, "good grief Ralph!"

02:30 You wrap your arms around Kitty Mars.

02:30 #$#soundpack social | armwrap | male

02:31 Kitty Mars wraps her arms around you.

02:31 #$#soundpack social | armwrap | female

02:34 #$#hjelp

02:37 #$#hjelp

02:41 You gently caress Kitty Mars.

02:41 #$#soundpack social | caress | male

02:41 You stroke Kitty Mars lovingly.

02:41 #$#soundpack social | stroke | male

02:43 Kitty Mars pets you on the head reassuringly.

02:43 #$#soundpack social | pet | female

02:43 Kitty Mars laughs.

02:43 #$#soundpack social | laugh | female

02:43 Kitty Mars strokes you lovingly.

02:43 #$#soundpack social | stroke | female

02:44 #$#hjelp

02:47 You grin at Kitty Mars.

02:47 #$#soundpack social | grin | male

02:47 [Chatter] Drew Berry groans.

02:47 #$#soundpack social | groan | male

02:47 Kitty Mars grins at you.

02:47 #$#soundpack social | grin | female

02:50 #$#hjelp

02:53 > (Pinnacle; Atrium) The three-person voyager "Final Destination" has launched from Desolo.

02:53 > (Pinnacle; Atrium) The three-person voyager "Final Destination" has initiated an intrasector subwarp.

02:53 > (Pinnacle; Atrium) The three-person voyager "Final Destination" has entered Jumpgate to Central Jumpgate Hub.

02:53 #$#hjelp

02:57 [General Communication] Eric Tamlyn transmits, "Any missions running?"

02:57 [General Communication] Therman Donaldson transmits, "Nope."

02:57 #$#hjelp

03:00 #$#hjelp

03:04 #$#hjelp

03:07 #$#hjelp

03:10 Kitty Mars wraps her arms around you.

03:10 #$#soundpack social | armwrap | female

03:11 Kitty Mars makes a selection on a high-capacity pink Lore computer.

03:11 #$#hjelp

03:11 Kitty Mars says, "hmm I need that other gadget"

03:12 You ask, "What other gadget?"

03:12 You wrap your arms around Kitty Mars.

03:12 #$#soundpack social | armwrap | male

03:13 Kitty Mars asks, "the one where you can download what's on a NIRP and upload to another one?"

03:13 Kitty Mars laughs.

03:13 #$#soundpack social | laugh | female

03:13 You say, "oh, sensor profiler"

03:14 You make a selection on a high-capacity transparent Lore computer.

03:14 Item: Standard Sensor Profiler
Price: 5,000,000.00
Points: 50.0
Combat points: 0.0
Location: Edge Outpost
Store: Simon's Starship Peripherals

Item: High-capacity Sensor Profiler
Price: 15,000,000.00
Points: 50.0
Combat points: 0.0
Location: Edge Outpost
Store: Simon's Starship Peripherals

03:14 You say, "Edge outpost. YEah, Sensor profiler"

03:14 Kitty Mars says, "oh yeah that"

03:14 You grin at Kitty Mars.

03:14 #$#soundpack social | grin | male

03:14 Kitty Mars says, "I will try to get one this weekend in case we head out next weekend"

03:15 You grin.

03:15 #$#soundpack social | grin | male

03:15 You say, "They're only 15 mill"

03:15 Kitty Mars exclaims, "or if you're ready we can hit deep space sooner!"

03:15 Kitty Mars nods.

03:15 #$#soundpack social | nod | female

03:15 You say, "Probably next weekend."

03:15 There are 48 players connected, 30 of whom have been active recently:

03:15 Naomi Grason (A)
*Jason Harkness (A)
*Alayna Wells (A)
Eric Tamlyn (A)
^Garth Morison (A)
Ray Ridgeway (A)
Vikki Winters (A)
Beatrice Carmichael (A)
Matt Valentino (A)
David Arther (A)
Alycen Hunter (A)
Rothque Torraske (A)
Cria Stroup (A)
Katherine Patterson (A)
Josh Westen (A)
Noah Navarro (A)
Aaliyah Morales (A)
Allon Martellato (A)
Stanton Sefdon (A)
Ashe Tesfaye (A)
Kitty Mars (A)
^Sherrilyn Sefdon (A)
Tibo Beauchene (A)
^Brice Garrison (A)
*Erik Yobi (A)
Drew Berry (A)
Adolin Shard (A)
Carmen Duffy (C)
Conor Duffy (C)
Emily Sanders (C)
^Dora West (C)
Victor Morales (C)
Derrick Blade (C)
Calyssa Calaway (C)
*Moiraine Soto (C)
^Brianna West (C)
Cade Danikaar (H)
Orelia Christelia (H)
Will Carter (H)
Michael Calaway (H)
Randal Black (H)
^Scott Franklin (H)
Therman Donaldson (H)
Marcelle Roche (H)
Alexander Martellato (H)
Lena Mylan (H)
^Alissandra Ivonov (H)
Anthony Danilov (H)

* - Out of communications range.  ^ - Out of local space.

03:15 Kitty Mars says, "ok"

03:17 You smile at Kitty Mars.

03:17 #$#soundpack social | smile | male

03:17 You have 1,251,268,025.89 credits.

03:17 Kitty Mars smiles at you.

03:17 #$#soundpack social | smile | female

03:17 You access a silver portable point unit and note you have 5445.32 license points and 4380.03 combat points.

03:21 #$#hjelp

03:24 #$#hjelp

03:26 [General Communication] Merchant Bram Cocytus transmits, "Want a unique Halloween costume? Meet me on Acosta with a clever Halloween joke at 8:45 for your shot at one. See you then!"

03:27 [Chatter] Calyssa Calaway transmits, "Woooo."

03:28 #$#hjelp

03:28 A red message board reader beeps quietly, indicating to you that there is a new message in OOC / Suggestions/Ideas. It was posted by Therman Donaldson with the subject "Iclea dig site".

03:31 #$#hjelp

03:33 [Chatter] Merchant Bram Cocytus transmits, "In fifteen minutes, feel free to come up with a Halloween joke, and bring it to me on Acosta for a free costume!"

03:35 #$#hjelp

03:38 [Chatter] Calyssa Calaway transmits, "I looooooove punny jokes."

03:38 #$#hjelp

03:40 From a thick black leather utility belt with several loops on it, you hear a blue flight control scanner announce, "Iclea to Malta flight control, we're reading an explosion. Looks like a Commonwealth starship just got destroyed."

03:40 [Chatter] Calyssa Calaway transmits, "Who died out there."

03:41 [Chatter] Chris Valentine transmits, "Me."

03:41 You lean in toward Kitty Mars and gently kiss her lips.

03:41 #$#soundpack social | kiss | male

03:41 [Chatter] Calyssa Calaway gasps.

03:41 #$#soundpack social | gasps | female

03:41 Kitty Mars leans in toward you and gently kisses your lips.

03:41 #$#soundpack social | kiss | female

03:41 Kitty Mars wraps her arms around you.

03:41 #$#soundpack social | armwrap | female

03:41 [Chatter] Chris Valentine transmits, "It's a good day for it, anyway."

03:41 [Chatter] Matt Valentino transmits, "He obviously blew up his own ship."

03:41 You wrap your arms around Kitty Mars.

03:41 #$#soundpack social | armwrap | male

03:41 [Chatter] Chris Valentine transmits, "Yeah..."

03:41 [Chatter] Michael Calaway transmits, "If you're gonna get rid of the ship, sell it."

03:42 Kitty Mars opens a compact bright red cooler with zip up compartments along the sides.

03:42 Kitty Mars stands up.

03:42 Kitty Mars glides northwest.

03:43 [Chatter] Calyssa Calaway transmits, "Guys I think my jokes break peopple."

03:43 [Chatter] Calyssa Calaway transmits, "People."

03:43 [Chatter] Michael Calaway transmits, "There there."

03:43 Kitty Mars glides in from the northwest.

03:43 [Chatter] Calyssa Calaway transmits, "At least I get an A for effort."

03:43 Kitty Mars puts a small black plate on a peach glass end table.

03:43 Kitty Mars puts a small black plate on a peach glass end table.

03:43 Kitty Mars sits down on a wicker sectional sofa.

03:43 Kitty Mars removes a green box containing ziti with marinara sauce from a compact bright red cooler with zip up compartments along the sides.

03:43 Kitty Mars puts a green box containing ziti with marinara sauce in a compact bright red cooler with zip up compartments along the sides.

03:43 Kitty Mars removes a green box containing spiral pasta with meat sauce from a compact bright red cooler with zip up compartments along the sides.

03:44 Kitty Mars gets some spiral pasta with meat sauce from a green box containing spiral pasta with meat sauce.

03:44 [Chatter] Chris Valentine transmits, "Right, thanks."

03:44 Kitty Mars puts a green box containing spiral pasta with meat sauce on a peach glass end table.

03:44 Kitty Mars removes a white plate from a peach glass end table.

03:44 [Chatter] Scott Franklin sings.

03:44 #$#soundpack social | sings | male

03:44 Kitty Mars stands up.

03:44 Kitty Mars glides northwest.

03:44 Kitty Mars glides in from the northwest.

03:44 Kitty Mars sits down on a wicker sectional sofa.

03:44 Kitty Mars removes a small black plate from a peach glass end table.

03:44 You are carrying nothing.

03:45 Kitty Mars puts some spiral pasta with meat sauce on a small black plate.

03:45 Kitty Mars gives you a small black plate containing some spiral pasta with meat sauce.

03:45 [Newbie] Cade Danikaar: Uh... Why can't I pick my pulse emitter up?

03:45 Kitty Mars gets some spiral pasta with meat sauce from a green box containing spiral pasta with meat sauce.

03:45 Kitty Mars removes a small black plate from a peach glass end table.

03:45 Kitty Mars puts some spiral pasta with meat sauce on a small black plate.

03:45 [Chatter] Merchant Bram Cocytus transmits, "Not bad."

03:46 [Chatter] Calyssa Calaway transmits, "The pumpkins are evil this year guys."

03:46 [Chatter] Michael Calaway transmits, "Uh, I was just attacked by a pumpkins."

03:46 [Chatter] Michael Calaway transmits, "Pumpkin even."

03:46 Kitty Mars orders a white plate containing a grilled chicken taco salad from Maggie the bot.

03:46 [Newbie] Cade Danikaar: Guys, something isn't letting me pick up my pulse emitter.

03:46 Kitty Mars gives you a white plate containing a grilled chicken taco salad.

03:46 [Newbie] Calyssa Calaway: Did you type match pulse?

03:47 [Newbie] Scott Franklin: Try matching to see what you're typing is matching to what you think you're meaning.

03:47 [Newbie] Scott Franklin: Erm, that made little sense, sorry.

03:47 Kitty Mars orders a white plate containing a grilled chicken taco salad from Maggie the bot.

03:47 [Newbie] Cade Danikaar: I've been typing get emitter, and it says I don't understand you. Or somethig like that.

03:48 [Newbie] Scott Franklin: What is emitter matching to? Try typing MATCH EMITTER.

03:48 [Newbie] Cade Danikaar: I just did. Okay it's the clip, as well. How do you change that?

03:48 #$#hjelp

03:48 [Newbie] Scott Franklin: Try typing GET 2.EMITTER.

03:48 [Newbie] Cody Williams: Or get pulse.

03:48 Kitty Mars stands up.

03:48 [Chatter] Calyssa Calaway transmits, "Your all missing out."

03:48 Kitty Mars glides northwest.

03:48 [Newbie] Cody Williams: Pdraw also works.

03:49 [Chatter] Scott Franklin transmits, "On what?"

03:49 [Newbie] Cody Williams: If ti's in the clip already.

03:49 [Newbie] Cade Danikaar: I dropped it for some reason best known to myself.

03:49 [Newbie] Cody Williams: Understood.

03:49 Kitty Mars glides in from the northwest.

03:49 Kitty Mars sits down on a wicker sectional sofa.

03:50 [Chatter] Cody Williams transmits, "Do tell young calaway, what is the we all miss."

03:50 [Chatter] Calyssa Calaway transmits, "Custom costumes for a joke."

03:50 [Chatter] Calyssa Calaway transmits, "Acosta right now."

03:50 [Chatter] Rothque Torraske transmits, "I'm my own costume."

03:50 [Chatter] Cade Danikaar yawns.

03:50 #$#soundpack social | yawns | male

03:50 [Chatter] Calyssa Calaway snickers.

03:50 #$#soundpack social | snicker | female

03:50 [Chatter] Scott Franklin cackles.

03:51 #$#soundpack social | cackles | male

03:51 [General Communication] Cody Williams transmits, "5 spots mods."

03:51 [General Communication] Calyssa Calaway transmits, "I'm getting my costume."

03:51 [General Communication] Olivia Cantrell transmits, "I'll go."

03:51 #$#hjelp

03:51 [General Communication] Eric Tamlyn transmits, "On the way."

03:52 [General Communication] Olivia Cantrell transmits, "I'll get my costume first though."

03:52 [General Communication] Cody Williams transmits, "Take your time, still not enough yet at any rate."

03:53 [General Communication] Cody Williams transmits, "2 sports."

03:53 [General Communication] Cody Williams transmits, "Erm spot."

03:55 #$#hjelp

03:58 #$#hjelp

04:02 #$#hjelp

04:03 [Chatter] Jordan Everhart transmits, "Hi."

04:03 [Chatter] Jordan Everhart transmits, "How is all?"

04:04 [Chatter] Scott Franklin sings.

04:04 #$#soundpack social | sings | male

04:05 You are carrying a white plate containing a grilled chicken taco salad in your left hand and a small black plate containing some spiral pasta with meat sauce in your right hand.

04:05 You grin at Kitty Mars.

04:05 #$#soundpack social | grin | male

04:05 You say to Kitty Mars, "Thanks"

04:05 Kitty Mars smiles at you.

04:05 #$#soundpack social | smile | female

04:05 You lift a grilled chicken taco salad to your mouth and take a bite.

04:05 Kitty Mars exclaims, "sure!"

04:05 You lift a grilled chicken taco salad to your mouth and take a bite.

04:05 You lift a grilled chicken taco salad to your mouth and take a bite.

04:05 You lift a grilled chicken taco salad to your mouth and take a bite.

04:06 You lift a grilled chicken taco salad to your mouth and take a bite.

04:06 You lift a grilled chicken taco salad to your mouth and take a bite.

04:06 You lift a grilled chicken taco salad to your mouth and take a bite.

04:06 You lift a grilled chicken taco salad to your mouth and take a bite.

04:06 You seem to have finished a white plate containing a grilled chicken taco salad and are left with a white plate.

04:06 Kitty Mars orders a white calico cat-shaped vase filled with Iced Green Peach Tea from Maggie the bot.

04:06 You put a white plate on a peach glass end table.

04:06 You lift some spiral pasta with meat sauce to your mouth and take a bite.

04:06 You lift some spiral pasta with meat sauce to your mouth and take a bite.

04:06 Kitty Mars stands up.

04:06 The door to the master suite to the south slides open with a hiss.

04:06 Kitty Mars glides south.

04:06 > (Pinnacle; Atrium) Kitty Mars glides in from the northwest.

04:06 > (Pinnacle; Atrium) Kitty Mars glides northeast.

04:06 > (Pinnacle; Atrium) Kitty Mars glides in from the northeast.

04:06 > (Pinnacle; Atrium) Kitty Mars glides through the garage entrance.

04:06 You lift some spiral pasta with meat sauce to your mouth and take a bite.

04:06 You lift some spiral pasta with meat sauce to your mouth and take a bite.

04:07 You lift some spiral pasta with meat sauce to your mouth and take a bite.

04:07 You lift some spiral pasta with meat sauce to your mouth and take a bite.

04:07 You lift some spiral pasta with meat sauce to your mouth and take a bite.

04:07 You lift some spiral pasta with meat sauce to your mouth and take a bite.

04:07 You seem to have finished a small black plate containing some spiral pasta with meat sauce and are left with a small black plate.

04:07 You put a small black plate on a peach glass end table.

04:07 > (Pinnacle; Atrium) Kitty Mars glides in from out.

04:07 > (Pinnacle; Atrium) Kitty Mars glides northwest.

04:07 Kitty Mars glides in from the south.

04:08 The door to the master suite to the south slides closed with a hiss.

04:08 Kitty Mars glides northwest.

04:08 Kitty Mars glides in from the northwest.

04:08 Kitty Mars puts a white calico cat-shaped vase filled with Iced Green Peach Tea on a peach glass end table.

04:09 Kitty Mars gets a slice of mint chocolate chip ice cream cake from a mint chocolate chip ice cream cake with 'Caelum' written on top.

04:09 Kitty Mars gives you a Caelum-shaped plate containing a slice of mint chocolate chip ice cream cake.

04:09 Kitty Mars gets a slice of mint chocolate chip ice cream cake from a mint chocolate chip ice cream cake with 'Caelum' written on top.

04:09 Kitty Mars puts a Caelum-shaped plate containing a slice of mint chocolate chip ice cream cake on a peach glass end table.

04:09 Kitty Mars glides northwest.

04:09 Kitty Mars glides in from the northwest.

04:09 Kitty Mars sits down on a wicker sectional sofa.

04:10 Kitty Mars removes a white plate from a peach glass end table.

04:10 Kitty Mars stands up.

04:10 Kitty Mars glides northwest.

04:10 Kitty Mars glides in from the northwest.

04:10 Kitty Mars sits down on a wicker sectional sofa.

04:10 Kitty Mars removes a small black plate from a peach glass end table.

04:10 Kitty Mars laughs.

04:10 #$#soundpack social | laugh | female

04:10 Kitty Mars puts a small black plate on a peach glass end table.

04:10 Kitty Mars removes a small black plate from a peach glass end table.

04:10 Kitty Mars puts a small black plate on a peach glass end table.

04:10 Kitty Mars removes a Caelum-shaped plate containing a slice of mint chocolate chip ice cream cake from a peach glass end table.

04:10 #$#hjelp

04:11 Kitty Mars exclaims, "mmm this is good!"

04:11 Kitty Mars removes a white calico cat-shaped vase filled with Iced Green Peach Tea from a peach glass end table.

04:12 Kitty Mars stands up.

04:12 Kitty Mars glides northwest.

04:12 Kitty Mars glides in from the northwest.

04:12 Kitty Mars removes a small black plate from a peach glass end table.

04:12 Kitty Mars glides northwest.

04:13 Kitty Mars glides in from the northwest.

04:13 Kitty Mars glides northwest.

04:13 Kitty Mars glides in from the northwest.

04:13 Kitty Mars sits down on a wicker sectional sofa.

04:14 #$#hjelp

04:17 #$#hjelp

04:21 #$#hjelp

04:21 [Chatter] Cria Stroup transmits, "Dorion hunter?"

04:21 You are carrying a Caelum-shaped plate containing a slice of mint chocolate chip ice cream cake in your right hand.

04:21 I don't understand that.

04:21 You lean in toward Kitty Mars and gently kiss her lips.

04:21 #$#soundpack social | kiss | male

04:21 You lift a slice of mint chocolate chip ice cream cake to your mouth and take a bite.

04:22 You lift a slice of mint chocolate chip ice cream cake to your mouth and take a bite.

04:22 You lift a slice of mint chocolate chip ice cream cake to your mouth and take a bite.

04:22 You lift a slice of mint chocolate chip ice cream cake to your mouth and take a bite.

04:22 You lift a slice of mint chocolate chip ice cream cake to your mouth and take a bite.

04:22 You lift a slice of mint chocolate chip ice cream cake to your mouth and take a bite.

04:22 You lift a slice of mint chocolate chip ice cream cake to your mouth and take a bite.

04:22 You lift a slice of mint chocolate chip ice cream cake to your mouth and take a bite.

04:22 You seem to have finished a Caelum-shaped plate containing a slice of mint chocolate chip ice cream cake and are left with a Caelum-shaped plate.

04:22 You ask Kitty Mars, "Do you want to keep this plate?"

04:22 Kitty Mars shakes her head.

04:22 #$#soundpack social | headshake | female

04:22 Kitty Mars smiles.

04:22 #$#soundpack social | smile | female

04:22 You smile.

04:22 #$#soundpack social | smile | male

04:22 You stand up.

04:22 You can't go that way.

04:22 #$#soundpack environment station | safe | light | indoors

04:22 [Pinnacle; Master Suite Kitchen] (indoors)
You see a stainless steel refrigerator, two marble counters, two beach kitchen cabinets, a stainless steel kitchen sink, four white wicker kitchen chairs, a white glass kitchen table, a large white freezer, a transparent trash can, a tall robotic butler, a finch-patterned refrigerator, and a bright turquoise cooler here.
You can go north and southeast.

04:22 You put a Caelum-shaped plate in a transparent trash can.

04:22 [General Communication] Cria Stroup transmits, "Dorion hunter?"

04:22 #$#soundpack environment station | safe | light | indoors

04:22 [Pinnacle; Master Suite Living Room] (indoors)
You see two peach glass end tables, a wicker sectional sofa, a glass coffee table with an emerald green spring rain scented candle sitting on top of it, a peach suede love seat, a wicker rocking chair, a transparent architectural design simulator, a tall rosewood entertainment center with several shelves surrounding a large central video screen, a compact bright red cooler with zip up compartments along the sides, Maggie the bot, and a medium sandstone fireplace with a tile harth and a cedar mantel here.
You see Kitty Mars (sitting on a wicker sectional sofa) here.
You can go northwest, northeast, and south.

04:22 You sit down on a wicker sectional sofa.

04:23 You wrap your arms around Kitty Mars.

04:23 #$#soundpack social | armwrap | male

04:24 Kitty Mars cuddles you gently.

04:24 #$#soundpack social | cuddle | female

04:24 You cuddle Kitty Mars gently.

04:24 #$#soundpack social | cuddle | male

04:24 Kitty Mars asks you, "was dinner ok?"

04:25 You exclaim to Kitty Mars, "It was yummy! Thanks!"

04:25 Kitty Mars exclaims, "oh ok well a bit unconventional but i'm not always conventional!"

04:25 Kitty Mars grins.

04:25 #$#soundpack social | grin | female

04:25 You grin.

04:25 #$#soundpack social | grin | male

04:25 You say, "Neither am I."

04:25 Kitty Mars squeezes you affectionately.

04:25 #$#soundpack social | squeeze | female

04:28 You squeeze Kitty Mars affectionately.

04:28 #$#soundpack social | squeeze | male

04:28 Kitty Mars leans in toward you and gently kisses your lips.

04:28 #$#soundpack social | kiss | female

04:28 You lean in toward Kitty Mars and gently kiss her lips.

04:28 #$#soundpack social | kiss | male

04:30 You gently caress Kitty Mars.

04:30 #$#soundpack social | caress | male

04:33 #$#hjelp

04:34 [Chatter] Calyssa Calaway transmits, "Curse you jump gate."

04:34 [Chatter] Michael Calaway transmits, "Rude."

04:34 [Chatter] Scott Franklin transmits, "Eh?"

04:35 [Chatter] Calyssa Calaway transmits, "I want my dart."

04:37 #$#hjelp

04:37 You say to Kitty Mars, "Guess what."

04:37 Kitty Mars says to you, "no idea I'm not a very good guesser as I generally guess wrong."

04:38 [Chatter] Michael Calaway transmits, "This ship is so slow."

04:38 [Chatter] Michael Calaway groans.

04:38 #$#soundpack social | groan | male

04:38 [Chatter] Calyssa Calaway transmits, "Its your fault."

04:38 [Chatter] Scott Franklin transmits, "What are you doing?"

04:38 [Chatter] Calyssa Calaway transmits, "Go work out more."

04:38 [Chatter] Michael Calaway transmits, "Uh huh."

04:38 You say to Kitty Mars, "I love you so so so much and I'm 55 points away from qualifying for a dart."

04:38 [Chatter] Calyssa Calaway transmits, "Your slowing us down."

04:38 Kitty Mars cheers for you!

04:38 #$#soundpack social | cheer | female

04:38 Kitty Mars smiles at you.

04:38 #$#soundpack social | smile | female

04:38 You grin at Kitty Mars.

04:38 #$#soundpack social | grin | male

04:39 Kitty Mars exclaims to you, "I love you soooooo much too!"

04:39 You grin at Kitty Mars.

04:39 #$#soundpack social | grin | male

04:39 [Chatter] Kitty Mars transmits, "Heh yeah I love my dart and even with the enhancements for Slip and Subwarp it's sloooooooo."

04:39 [Chatter] Tibo Beauchene transmits, "I want to qualify for a dart."

04:40 [Chatter] Michael Calaway transmits, "I like to throw darts at things."

04:40 [Chatter] Michael Calaway transmits, "Oh wait, wrong dart."

04:40 [Chatter] Tibo Beauchene chuckles.

04:40 #$#soundpack social | chuckles | male
[Chatter] Kitty Mars laughs.
#$#soundpack social | laugh | female

04:40 [Chatter] Alexander Martellato transmits, "I like to throw darts at your face, michael."

04:40 [Chatter] Brianna West giggles.

04:40 #$#soundpack social | giggles | female

04:40 [Chatter] Kitty Mars transmits, "I really love that shp though and was a sad day when my first one got stolen but hey there's more of them out there and I got another one."

04:40 [Chatter] A Proboscis Monkey sings boisterously, "YO HO! YO HO! A PIRATE'S LIFE FOR ME!"

04:40 #$#soundpack social | sing | male

04:41 [Chatter] Tibo Beauchene transmits, "Yeah, Michael, let's see you throw that dart at something."

04:41 Kitty Mars laughs.

04:41 #$#soundpack social | laugh | female

04:41 Kitty Mars squeezes you affectionately.

04:41 #$#soundpack social | squeeze | female

04:41 You laugh.

04:41 #$#soundpack social | laugh | male

04:41 You squeeze Kitty Mars affectionately.

04:41 #$#soundpack social | squeeze | male

04:41 [Chatter] Michael Calaway transmits, "If a markoloto was near me."

04:41 [Chatter] Scott Franklin cackles.

04:41 #$#soundpack social | cackles | male

04:41 [Chatter] Kitty Mars transmits, "I just squished him."

04:41 [Chatter] Kitty Mars laughs.
#$#soundpack social | laugh | female

04:41 [Chatter] Tibo Beauchene chuckles.

04:41 #$#soundpack social | chuckles | male

04:42 [Chatter] Amy Demarco transmits, "Oo, and did he make a big splat sound?"

04:42 [Chatter] Kitty Mars transmits, "... Well ... yeah ..."

04:42 [Chatter] Amy Demarco laughs.

04:42 #$#soundpack social | laughs | female

04:42 [Chatter] Kitty Mars laughs.

04:42 #$#soundpack social | laugh | female

04:43 [Chatter] Kitty Mars transmits, "Thank the stars for air freshener ..."

04:43 Kitty Mars laughs.

04:43 #$#soundpack social | laugh | female

04:43 You laugh.

04:43 #$#soundpack social | laugh | male

04:44 You say to Kitty Mars, "And on that lovely note, let's go lie down."

04:44 Kitty Mars exclaims to you, "let's!"

04:44 Kitty Mars stands up.

04:44 Kitty Mars glides northwest.

04:44 Kitty Mars glides in from the northwest.

04:44 Kitty Mars glides northeast.

04:44 You stand up.

04:44 [Chatter] Amore Carver transmits, "Where do you buy them Kitty?"

04:44 #$#soundpack environment station | safe | light | indoors

04:44 [Pinnacle; Master Bedroom] (indoors)
You see a teak king bed with floral-patterned sheets and a ivory coverlet, a teak chest, a cream rocking chair, a lavender teakwood bedside table, a teak dresser, a bright periwinkle wicker cradle, a polished white wooden entertainment center with several shelves surrounding a large central video screen, and a translucent architectural design simulator here.
You can go northwest and southwest.

04:44 You remove a pair of brown leather tennis shoes.

04:44 You remove a black suitcase from a black leather briefcase.

04:44 You open a black suitcase.

04:45 You gently place a pair of brown leather tennis shoes in a black suitcase.

04:45 You remove a pair of gray jeans with the letter S stitched onto the back pocket in black thread.

04:45 You gently place a pair of gray jeans with the letter S stitched onto the back pocket in black thread in a black suitcase.

04:45 You remove a red cotton polo with thin white stripes.

04:45 You gently place a red cotton polo with thin white stripes in a black suitcase.

04:45 [Chatter] Kitty Mars transmits, "Mhh let's see."

04:45 You remove a pair of white cotton tapered boxers.

04:45 You gently place a pair of white cotton tapered boxers in a black suitcase.

04:45 You close a black suitcase.

04:45 You put a black suitcase in a black leather briefcase.

04:45 I don't understand that.

04:45 You close a black leather briefcase.

04:45 [Private | Amore Carver] You transmit, "Hi!"

04:45 [Private | Amore Carver] Amore Carver transmits, "hi you"

04:46 [Chatter] Kitty Mars transmits, "There's quite a selection in the shopping guide."

04:46 You lie down on a teak king bed with floral-patterned sheets and a ivory coverlet.

04:48 [Chatter] Kitty Mars transmits, "A couple of shops one is on 51 pegasi B and another onRosario."

04:48 [Chatter] Amore Carver transmits, "Thanks."

04:48 [Chatter] Kitty Mars transmits, "No problem and there's a lovely selection on the Space Staiton in 17 but I'm not sure it's public access."

04:49 [Chatter] Amore Carver transmits, "I'll check out Rosario and then go to that station, I think we can land there."

04:49 [Chatter] A Proboscis Monkey screams, "SOMETIMES, WE FOCUS SO MUCH ON THE FUTURE THAT WE IGNORE THE PRESENT."

04:49 #$#soundpack social | scream | male

04:49 #$#hjelp

04:49 [Private | Amore Carver] You transmit, "I'm going to go to sleep soon so good night and rest well when the time comes."

04:49 [Chatter] Scott Franklin transmits, "Hmm..."

04:50 [Private | Amore Carver] Amore Carver transmits, "thank you, you as well, sweet dreams"

04:50 [Private | Amore Carver] You transmit, "Thanks"

04:50 #$#soundpack environment station | safe | light | indoors

04:50 [Pinnacle; Master Bedroom] (indoors) (lying on a teak king bed with floral-patterned sheets and a ivory coverlet)
You see nothing special. You see a large oval mirror hanging on the wall.
You see a teak king bed with floral-patterned sheets and a ivory coverlet, a teak chest, a cream rocking chair, a lavender teakwood bedside table, a teak dresser, a bright periwinkle wicker cradle, a polished white wooden entertainment center with several shelves surrounding a large central video screen, and a translucent architectural design simulator here.
You can go northwest and southwest.

04:50 Kitty Mars glides in from the northwest.

04:50 Kitty Mars shakes her hands wildly in the air.

04:50 #$#soundpack social | hands | female

04:50 A polished white wooden entertainment center with several shelves surrounding a large central video screen
this polished white wooden entertainment center is designed to hold video and audio equipment and discs. In a large central square compartment, a sleek video screen has been bolted. surrounding the screen are compartments and shelves of various sizes. The bottom of the entertainment center contains small wooden doors which open to reveal sliding drawers of slots. The top of the shelving unit is flat.
The display is currently blank.
You see a droid remote titled "jenaia" inside.

04:50 Kitty Mars says, "oops"

04:50 You start watching a polished white wooden entertainment center with several shelves surrounding a large central video screen.

04:50 Kitty Mars says, "oh i have my vest on"

04:50 Kitty Mars laughs.

04:50 #$#soundpack social | laugh | female

04:50 Kitty Mars removes a lavender vest with 'Force' embroidered on the left breast.

04:51 You laugh.

04:51 #$#soundpack social | laugh | male

04:51 Kitty Mars puts a lavender vest with 'Force' embroidered on the left breast on a lavender teakwood bedside table.

04:51 Kitty Mars lies down on a teak king bed with floral-patterned sheets and a ivory coverlet.

04:51 You mute the chatter channel.

04:51 Kitty Mars starts watching a polished white wooden entertainment center with several shelves surrounding a large central video screen.

04:51 You cuddle Kitty Mars gently.

04:51 #$#soundpack social | cuddle | male

04:51 You wrap your arms around Kitty Mars.

04:51 #$#soundpack social | armwrap | male

04:51 Kitty Mars cuddles you gently.

04:51 #$#soundpack social | cuddle | female

04:51 You lean in toward Kitty Mars and gently kiss her lips.

04:51 #$#soundpack social | kiss | male

04:51 Kitty Mars leans in toward you and gently kisses your lips.

04:51 #$#soundpack social | kiss | female

04:51 You gently caress Kitty Mars.

04:51 #$#soundpack social | caress | male

04:55 #$#hjelp

04:58 Kitty Mars cuddles you gently.

04:58 #$#soundpack social | cuddle | female

04:58 #$#hjelp

04:58 Kitty Mars leans in toward you and gently kisses your lips.

04:58 #$#soundpack social | kiss | female

04:58 You lean in toward Kitty Mars and gently kiss her lips.

04:58 #$#soundpack social | kiss | male

04:58 You cuddle Kitty Mars gently.

04:58 #$#soundpack social | cuddle | male

04:59 You gently kiss Kitty Mars's chest.

04:59 #$#soundpack social | kiss | male

05:00 You gently kiss Kitty Mars's chest and tummy..

05:00 #$#soundpack social | kiss | male

05:00 [General Communication] Cody Williams transmits, "Anyone interested in missions?"

05:00 [General Communication] Ray Ridgeway transmits, "Perhaps!"

05:00 [General Communication] Amore Carver transmits, "Me."

05:01 [General Communication] Cody Williams transmits, "3 sports."

05:01 [General Communication] Cody Williams transmits, "Erm spots."

05:01 [General Communication] Calyssa Calaway transmits, "Eng."

05:01 [General Communication] Cody Williams transmits, "Yours."

05:01 [General Communication] Michael Calaway transmits, "I'll shoot things for a bit."

05:01 [General Communication] Cody Williams transmits, "One spot."

05:02 Kitty Mars asks you, "why did you discount Matt?"

05:03 You ask Kitty Mars, "What? When did I do that?"

05:03 Kitty Mars says, "when he brought up the org to you"

05:04 Kitty Mars says to you, "matt said you were being talkkative until he brought up the org"

05:05 Kitty Mars says, "I'm sure he was ready to invite you and you have to be invited and you can't just go and casually join like with other orgs"

05:05 You say to Kitty Mars, "I don't remember him bringing up the org. If I didn't reply, it's probably because I didn't hear it. "

05:06 You smile.

05:06 #$#soundpack social | smile | male

05:06 [1] General

05:06 [2] Chatter
[3] Organization
[4] Private
[5] Alliance
[6] Newbie
[7] Says

Enter your selection:
[Type a line of input or `@abort' to abort the command.]

05:06 Last recorded transmissions for the private communication channel:

05:06    (10/26/2363 9:27 p.m.) [Private | Matt Valentino] Matt Valentino transmits, "About?"
   (10/26/2363 9:28 p.m.) [Private | Matt Valentino] Matt Valentino transmits, "About what what?"
   (10/26/2363 9:39 p.m.) [Private | Matt Valentino] Matt Valentino transmits, "You are a close friend to Kitty Mars. I once ran the biggest org in the galaxy. At one time we controled everything that happen in the local sectors. We are going to be building her back up now that I am not planetside and I wanted to extend an invitation to you."
   (10/26/2363 9:40 p.m.) [Private | Matt Valentino] Matt Valentino transmits, "I would be more than willing to tell you more about our organization if you are interested"
   (10/26/2363 10:02 p.m.) [Private | Matt Valentino] Matt Valentino transmits, "If you responded I must of missed it and I'ts not in my history since others have been talking a lot in my coms."
   (10/26/2363 10:12 p.m.) [Private | Calyssa Calaway] Calyssa Calaway transmits, "diffs?"
   (5:06 a.m.) [Private | Josh Westen] Josh Westen transmits, "No mate."
   (5:06 a.m.) [Private | Josh Westen] Josh Westen transmits, "mc"
   (9:45 p.m.) [Private | Amore Carver] Amore Carver transmits, "hi you"
   (9:50 p.m.) [Private | Amore Carver] Amore Carver transmits, "thank you, you as well, sweet dreams"
Done.

05:06 [ Kitty Mars shatters immersion and says, "yeah i'm sure" ]

05:06 Kitty Mars smiles at you.

05:06 #$#soundpack social | smile | female

05:06 Kitty Mars cuddles you gently.

05:06 #$#soundpack social | cuddle | female

05:06 Kitty Mars says, "i'm sure he'll approach you again but not sure a third time."

05:07 Kitty Mars says, "we are very selective"

05:07 [ You shatter immersion and say, "Oh, I just looked back at my history on comms. Wow! I somehow missed it. I think I was asleep or something" ]

05:07 You nod to Kitty Mars.

05:07 #$#soundpack social | nod | male

05:07 [ Kitty Mars shatters immersion and says, "oops yeah makes sense" ]

05:07 Kitty Mars grins.

05:07 #$#soundpack social | grin | female

05:08 [Private | Matt Valentino] You transmit, "So sorry I didn't reply to your comms. I must have been asleep or something. I'd be very interested in talking to you about your org. I honestly did not intend to ignore you."

05:08 You grin.

05:08 #$#soundpack social | grin | male

05:09 > (Pinnacle; Atrium) The three-person freighter "El Vaco Enloquecedor" has exited from Jumpgate to Central Jumpgate Hub.

05:09 [General Communication] Ray Ridgeway transmits, "So, Cody, are those mods still a thing?"

05:09 [General Communication] Cody Williams transmits, "Needed one more spot."

05:10 Kitty Mars says to you, "one thing about Force is we are like family and very close knit. We're not like a bunch of animals like Insanity and some of the other no-name orgs out there."

05:10 [General Communication] Therman Donaldson transmits, "Fine I'll go."

05:10 You grin.

05:10 #$#soundpack social | grin | male

05:10 Kitty Mars grins at you.

05:10 #$#soundpack social | grin | female

05:10 [General Communication] Cody Williams transmits, "Bey in a sec."

05:10 [General Communication] Therman Donaldson transmits, "I am heading over."

05:10 You say, "I just contacted him on private comms again."

05:10 Kitty Mars says, "so we only invite special people. obviously significant others are generally the exception."

05:10 Kitty Mars exclaims, "ok good!"

05:10 You say, "Unfortunately, I'll have to go to sleep again soon."

05:10 You frown.

05:10 #$#soundpack social | frown | male

05:11 Kitty Mars says, "then if he invites you, then you guys will want to meet up when he can invite you in."

05:11 [Private | Matt Valentino] You transmit, "I unfortunately need to go to sleep soon."

05:11 You nod to Kitty Mars.

05:11 #$#soundpack social | nod | male

05:11 [Private | Matt Valentino] Matt Valentino transmits, "Will you be about tomorrow?"

05:11 [Private | Matt Valentino] You transmit, "Later in the day /I will be."

05:11 [Private | Matt Valentino] Matt Valentino transmits, "We'll connect"

05:11 [Private | Matt Valentino] You transmit, "Awesome."

05:12 You smile.

05:12 #$#soundpack social | smile | male

05:12 Kitty Mars smiles at you.

05:12 #$#soundpack social | smile | female

05:12 You say, "We'll connect tomorrow."

05:12 Kitty Mars exclaims, "awesome!"

05:12 You grin.

05:12 #$#soundpack social | grin | male

05:12 > (Pinnacle; Atrium) The three-person freighter "El Vaco Enloquecedor" has landed on the planet Desolo.

05:13 Kitty Mars wraps her arms around you.

05:13 #$#soundpack social | armwrap | female

05:13 Kitty Mars leans in toward you and gently kisses your lips.

05:13 #$#soundpack social | kiss | female

05:13 [General Communication] Cody Williams transmits, "Alpha."

05:13 You lean in toward Kitty Mars and gently kiss her lips.

05:13 #$#soundpack social | kiss | male

05:14 You wrap your arms around Kitty Mars.

05:14 #$#soundpack social | armwrap | male

05:14 Kitty Mars says, "going to turn channels off as they tend to wake me up during the night."

05:14 You smile at Kitty Mars.

05:14 #$#soundpack social | smile | male

05:14 You say, "ok"

05:14 Kitty Mars passionately french kisses you.

05:14 #$#soundpack social | french | female

05:14 Kitty Mars smiles.

05:14 #$#soundpack social | smile | female

05:14 You passionately french kiss Kitty Mars.

05:14 #$#soundpack social | frenchkiss | male

05:14 You beam happily at Kitty Mars.

05:14 #$#soundpack social | beam | male

05:14 Kitty Mars beams happily at you.

05:14 #$#soundpack social | beam | female

05:15 You say, "I love french kisses."

05:16 Kitty Mars grins at you.

05:16 #$#soundpack social | grin | female

05:16 Kitty Mars exclaims to you, "I love your French kisses!"

05:16 Kitty Mars cuddles you gently.

05:16 #$#soundpack social | cuddle | female

05:16 You grin at Kitty Mars.

05:16 #$#soundpack social | grin | male

05:16 Kitty Mars grins at you.

05:16 #$#soundpack social | grin | female

05:17 You cuddle Kitty Mars gently.

05:17 #$#soundpack social | cuddle | male

05:17 [General Communication] Matt Valentino screams, "I NEED TO SHOOT SOMETHING."

05:17 #$#soundpack social | scream | male

05:18 [General Communication] Matt Valentino transmits, "Give me one of them spots."

05:18 [General Communication] Therman Donaldson transmits, "Full."

05:18 [General Communication] Matt Valentino transmits, "Of shit."

05:18 [General Communication] Therman Donaldson transmits, "I do take several craps a day."

05:20 Kitty Mars wraps her arms around you.

05:20 #$#soundpack social | armwrap | female

05:20 #$#hjelp

05:22 You wrap your arms around Kitty Mars.

05:22 #$#soundpack social | armwrap | male

05:24 You gently caress Kitty Mars.

05:24 #$#soundpack social | caress | male

05:27 Kitty Mars gently caresses you.

05:27 #$#soundpack social | caress | female

05:27 You smile at Kitty Mars.

05:27 #$#soundpack social | smile | male

05:27 Kitty Mars says to you, "nite sweet man."

05:27 Kitty Mars says to you, "I so love you."

05:27 You say to Kitty Mars, "Nigh my love. Rest well and sweet dreams. I love you too."

05:27 Kitty Mars says to you, "I hope you'll rest well too and sweet dreams."

05:27 You passionately french kiss Kitty Mars.

05:27 #$#soundpack social | frenchkiss | male

05:27 Kitty Mars passionately french kisses you.
#$#soundpack social | french | female

05:27 Kitty Mars smiles at you.

05:27 #$#soundpack social | smile | female

05:28 You say to Kitty Mars, "Night."

05:28 Kitty Mars says to you, "nite"

05:28 You smile at Kitty Mars.

05:28 #$#soundpack social | smile | male

05:29 [General Communication] Cody Williams transmits, "One spot mods."

05:29 [General Communication] Naomi Grason transmits, "I'll take it."

05:29 [General Communication] Cody Williams transmits, "Stand by for bey."

05:29 [General Communication] Cody Williams transmits, "One more spot."

05:31 [General Communication] Cody Williams transmits, "One more spot."

05:31 [General Communication] Cody Williams transmits, "Delta."

05:31 #$#hjelp

05:33 [General Communication] Cody Williams transmits, "Sorry bey changed, beta\."

05:33 [General Communication] Cody Williams transmits, "One spot mods."

05:35 [Newbie] Vikki Winters: Can you still alter an apartment's room details after the design has been finalized? Like change the floor and wall color?

05:35 #$#hjelp

05:35 [Newbie] Naomi Grason: Yeah.

05:35 [Newbie] Orelia Christelia: Yes.

05:35 [Newbie] Renee Chance: Yes. Type menu.

05:36 [General Communication] Cody Williams transmits, "One last little tiny spot."

05:38 #$#hjelp

05:42 #$#hjelp

05:45 #$#hjelp

05:49 #$#hjelp

05:52 #$#hjelp

05:56 #$#hjelp

05:59 #$#hjelp

06:03 #$#hjelp

06:06 #$#hjelp

06:10 #$#hjelp

06:13 #$#hjelp

06:17 #$#hjelp

06:20 #$#hjelp

06:24 #$#hjelp

06:27 #$#hjelp

06:31 #$#hjelp

06:34 #$#hjelp

06:38 #$#hjelp

06:40 > (Pinnacle; Atrium) The three-person freighter "El Vaco Enloquecedor" has launched from Desolo.

06:41 #$#hjelp

06:42 > (Pinnacle; Atrium) The three-person freighter "El Vaco Enloquecedor" has entered Jumpgate to Central Jumpgate Hub.

06:45 #$#hjelp

06:48 #$#hjelp

06:52 #$#hjelp

06:55 #$#hjelp

06:59 #$#hjelp

07:02 #$#hjelp

07:04 > (Pinnacle; Atrium) The two-person asteroid hauler "Riddle Box" has exited from Jumpgate to Central Jumpgate Hub.

07:06 #$#hjelp

07:06 > (Pinnacle; Atrium) The two-person asteroid hauler "Riddle Box" has landed on the planet Desolo.

07:09 #$#hjelp

07:13 #$#hjelp

07:16 #$#hjelp

07:20 #$#hjelp

07:23 #$#hjelp

07:24 [General Communication] David Arther transmits, "5 spots mods."

07:25 [General Communication] David Arther transmits, "4 now."

07:27 #$#hjelp

07:29 [General Communication] David Arther transmits, "Ok will try later."

07:30 #$#hjelp

07:34 #$#hjelp

07:37 #$#hjelp

07:41 #$#hjelp

07:44 #$#hjelp

07:48 #$#hjelp

07:51 #$#hjelp

07:55 #$#hjelp

07:58 #$#hjelp

08:02 #$#hjelp

08:05 #$#hjelp

08:09 #$#hjelp

08:12 #$#hjelp

08:16 #$#hjelp

08:16 > (Pinnacle; Atrium) The two-person asteroid hauler "Riddle Box" has launched from Desolo.

08:17 > (Pinnacle; Atrium) The two-person asteroid hauler "Riddle Box" has entered Jumpgate to Central Jumpgate Hub.

08:19 #$#hjelp

08:23 #$#hjelp

08:26 #$#hjelp

08:30 #$#hjelp

08:33 #$#hjelp

08:37 #$#hjelp

08:40 #$#hjelp

08:44 #$#hjelp

08:47 #$#hjelp

08:51 #$#hjelp

08:54 #$#hjelp

08:58 #$#hjelp

09:01 #$#hjelp

09:05 #$#hjelp

09:08 #$#hjelp

09:12 #$#hjelp

09:15 #$#hjelp

09:19 #$#hjelp

09:22 #$#hjelp

09:26 #$#hjelp

09:29 #$#hjelp

09:31 [General Communication] David Arther transmits, "4 spots mods."

09:32 [General Communication] David Arther transmits, "3 spots now."

09:32 [General Communication] David Arther transmits, "Eng is opened."

09:33 #$#hjelp

09:33 [AIE | Channel 1] David Arther transmits, "Mods aie."

09:34 [General Communication] David Arther transmits, "Will try again later."

09:34 [General Communication] Harley Richardson transmits, "I didn't know there were missions on. If there was one spot, ya can count me in."

09:34 [General Communication] David Arther transmits, "2 spots."

09:35 [General Communication] Michael Johnson transmits, "I'm all for it."

09:35 [General Communication] David Arther transmits, "1 spot."

09:35 [General Communication] Harley Richardson transmits, "Did ya count me in?"

09:35 [General Communication] David Arther transmits, "Yes."

09:36 [General Communication] David Arther transmits, "Delta."

09:36 [General Communication] Harley Richardson transmits, "Coming."

09:36 #$#hjelp

09:40 #$#hjelp

09:40 [General Communication] Amore Carver transmits, "You still have a spot open?"

09:40 [General Communication] David Arther transmits, "Yes."

09:40 [General Communication] Amore Carver transmits, "Me."

09:40 [General Communication] David Arther transmits, "Delta."

09:41 [General Communication] Michael Johnson transmits, "Coming."

09:43 [General Communication] David Arther transmits, "We are wating on you."

09:43 #$#hjelp

09:43 [General Communication] Michael Johnson transmits, "Will be there in approximately 1 minute or so."

09:44 [General Communication] Michael Johnson transmits, "I wish this ship had subwarp on it."

09:47 #$#hjelp

09:50 #$#hjelp

09:54 #$#hjelp

09:57 #$#hjelp

10:01 #$#hjelp

10:04 #$#hjelp

10:08 #$#hjelp

10:11 #$#hjelp

10:15 #$#hjelp

10:18 #$#hjelp

10:22 #$#hjelp

10:25 #$#hjelp

10:29 #$#hjelp

10:32 #$#hjelp

10:36 #$#hjelp

10:39 #$#hjelp

10:42 [General Communication] David Arther transmits, "1 spot mods."

10:43 #$#hjelp

10:45 [General Communication] David Arther transmits, "1 spot mods."

10:46 #$#hjelp

10:50 #$#hjelp

10:53 #$#hjelp

10:57 #$#hjelp

10:59 [General Communication] David Arther transmits, "1 spot."

10:59 [General Communication] Michael Johnson transmits, "Is someone out?"

11:00 #$#hjelp

11:02 [General Communication] David Arther transmits, "Eng."

11:03 [General Communication] David Arther transmits, "Full."

11:04 #$#hjelp

11:07 #$#hjelp

11:11 #$#hjelp

11:14 #$#hjelp

11:18 #$#hjelp

11:21 #$#hjelp

11:25 #$#hjelp

11:28 #$#hjelp

11:32 #$#hjelp

11:35 #$#hjelp

11:39 #$#hjelp

11:42 #$#hjelp

11:46 #$#hjelp

11:49 #$#hjelp

11:53 #$#hjelp

11:56 #$#hjelp

12:00 #$#hjelp

12:03 #$#hjelp

12:07 #$#hjelp

12:10 #$#hjelp

12:14 #$#hjelp

12:17 #$#hjelp

12:21 #$#hjelp

12:24 #$#hjelp

12:28 #$#hjelp

12:31 #$#hjelp

12:35 #$#hjelp

12:38 #$#hjelp

12:42 #$#hjelp

12:45 #$#hjelp

12:49 #$#hjelp

12:52 #$#hjelp

12:56 #$#hjelp

12:59 #$#hjelp

13:03 #$#hjelp

13:06 #$#hjelp

13:10 #$#hjelp

13:13 #$#hjelp

13:17 #$#hjelp

13:20 #$#hjelp

13:24 #$#hjelp

13:27 #$#hjelp

13:31 #$#hjelp

13:34 #$#hjelp

13:38 #$#hjelp

13:41 #$#hjelp

13:45 #$#hjelp

13:48 #$#hjelp

13:52 #$#hjelp

13:55 #$#hjelp

13:59 #$#hjelp

14:02 #$#hjelp

14:06 #$#hjelp

14:09 #$#hjelp

14:13 #$#hjelp

14:16 #$#hjelp

14:20 #$#hjelp

14:23 #$#hjelp

14:27 #$#hjelp

14:30 #$#hjelp

14:34 #$#hjelp

14:34 > (Pinnacle; Atrium) The three-person freighter "El Vaco Enloquecedor" has exited from Jumpgate to Central Jumpgate Hub.

14:36 > (Pinnacle; Atrium) The three-person freighter "El Vaco Enloquecedor" has landed on the planet Desolo.

14:36 > (Pinnacle; Atrium) The three-person freighter "El Vaco Enloquecedor" has launched from Desolo.

14:37 #$#hjelp

14:38 > (Pinnacle; Atrium) The three-person freighter "El Vaco Enloquecedor" has entered Jumpgate to Central Jumpgate Hub.

14:41 #$#hjelp

14:44 #$#hjelp

14:48 #$#hjelp

14:51 #$#hjelp

14:55 #$#hjelp

14:58 #$#hjelp

15:02 #$#hjelp

15:05 #$#hjelp

15:09 #$#hjelp

15:12 #$#hjelp

15:16 #$#hjelp

15:19 #$#hjelp

15:23 #$#hjelp

15:26 #$#hjelp

15:30 #$#hjelp

15:33 #$#hjelp

15:37 #$#hjelp

15:40 #$#hjelp

15:44 #$#hjelp

15:47 #$#hjelp

15:51 #$#hjelp

15:54 #$#hjelp

15:58 #$#hjelp

16:01 #$#hjelp

16:05 #$#hjelp

16:08 #$#hjelp

16:12 #$#hjelp

16:15 #$#hjelp

16:19 #$#hjelp

16:22 #$#hjelp

16:26 > (Pinnacle; Atrium) The one-person expediter "Blue Star" has jumped into the sector.

16:26 #$#hjelp

16:26 > (Pinnacle; Atrium) The one-person expediter "Blue Star" has initiated an intrasector subwarp.

16:27 > (Pinnacle; Atrium) The one-person expediter "Blue Star" has landed on the planet Desolo.

16:29 #$#hjelp

16:33 #$#hjelp

16:36 #$#hjelp

16:40 > (Pinnacle; Atrium) The one-person expediter "Blue Star" has launched from Desolo.

16:40 #$#hjelp

16:40 > (Pinnacle; Atrium) The one-person expediter "Blue Star" has left the sector.

16:43 #$#hjelp

16:47 #$#hjelp

16:50 #$#hjelp

16:54 #$#hjelp

16:57 #$#hjelp

17:01 #$#hjelp

17:04 #$#hjelp

17:08 #$#hjelp

17:11 #$#hjelp

17:15 #$#hjelp

17:18 #$#hjelp

17:22 #$#hjelp

17:25 #$#hjelp

17:29 #$#hjelp

17:32 #$#hjelp

17:36 #$#hjelp

17:39 #$#hjelp

17:40 [General Communication] Cody Williams transmits, "5 spots."

17:40 [General Communication] Amore Carver transmits, "Me."

17:41 [General Communication] Cody Williams transmits, "4."

17:43 #$#hjelp

17:43 [Newbie] Therman Donaldson: How are the level 2, and 3 scanners figured to be balanced out? It doesn't seem to make snese that the level 2 requires 10 points, and the level 3 requires 40. How idd the balance come into play here?

17:43 [Newbie] Michael Calaway: The higher level you are, the more points you can get.

17:44 [Newbie] Therman Donaldson: Of course but, tripple the arch points for the elvel 3?

17:44 [Newbie] Cara West: Higher level digs up deeper arties.

17:44 [Newbie] Cara West: No clue how the hosts decided what points equals what, but they did.

17:45 [Newbie] Therman Donaldson: What I'm saying is not the scanners themselves but the requirements between the scanners. 1 0 points but 500 license, 2 10 arch points, 3 40, 4 60. The scanners don't seem balanced here.

17:45 [Newbie] Michael Calaway: The higher the reward the more the challenge.

17:46 [Newbie] Jason Harkness: I highly doubt this channel is supposed to be used to express what you perceive as an imbalance in game mechanics.

17:46 [Newbie] Therman Donaldson: I was asking why?

17:46 [Newbie] Alayna Wells: No one knows.

17:46 #$#hjelp

17:46 [Newbie] Cara West: This channel isn't for asking why, that's probas better on the ooc gameplay concerns board.

17:49 A red message board reader beeps quietly, indicating to you that there is a new message in OOC / Gameplay Concerns. It was posted by Therman Donaldson with the subject "Archaeology scanners".

17:50 #$#hjelp

17:51 A red message board reader beeps quietly, indicating to you that there is a new message in OOC / Gameplay Concerns. It was posted by Michael Calaway with the subject "Re: Archaeology scanners".

17:53 #$#hjelp

17:53 A red message board reader beeps quietly, indicating to you that there is a new message in OOC / Gameplay Concerns. It was posted by Therman Donaldson with the subject "Re: Archaeology scanners".

17:54 A red message board reader beeps quietly, indicating to you that there is a new message in OOC / Gameplay Concerns. It was posted by Cara West with the subject "Re: Archaeology scanners".

17:57 #$#hjelp

18:00 #$#hjelp

18:04 #$#hjelp

18:07 [Newbie] Cria Stroup: How do I fly slip drive for get Asteroid.

18:07 #$#hjelp

18:08 A red message board reader beeps quietly, indicating to you that there is a new message in OOC / Gameplay Concerns. It was posted by Therman Donaldson with the subject "Re: Archaeology scanners".

18:11 #$#hjelp

18:14 #$#hjelp

18:18 #$#hjelp

18:21 #$#hjelp

18:25 #$#hjelp

18:25 [1] General

18:25 [2] Chatter
[3] Organization
[4] Private
[5] Alliance
[6] Newbie
[7] Says

Enter your selection:
[Type a line of input or `@abort' to abort the command.]

18:25 Last recorded transmissions for the private communication channel:

18:25    (10/26/2363 9:39 p.m.) [Private | Matt Valentino] Matt Valentino transmits, "You are a close friend to Kitty Mars. I once ran the biggest org in the galaxy. At one time we controled everything that happen in the local sectors. We are going to be building her back up now that I am not planetside and I wanted to extend an invitation to you."
   (10/26/2363 9:40 p.m.) [Private | Matt Valentino] Matt Valentino transmits, "I would be more than willing to tell you more about our organization if you are interested"
   (10/26/2363 10:02 p.m.) [Private | Matt Valentino] Matt Valentino transmits, "If you responded I must of missed it and I'ts not in my history since others have been talking a lot in my coms."
   (10/26/2363 10:12 p.m.) [Private | Calyssa Calaway] Calyssa Calaway transmits, "diffs?"
   (10/27/2363 5:06 a.m.) [Private | Josh Westen] Josh Westen transmits, "No mate."
   (10/27/2363 5:06 a.m.) [Private | Josh Westen] Josh Westen transmits, "mc"
   (10/27/2363 9:45 p.m.) [Private | Amore Carver] Amore Carver transmits, "hi you"
   (10/27/2363 9:50 p.m.) [Private | Amore Carver] Amore Carver transmits, "thank you, you as well, sweet dreams"
   (10/27/2363 10:11 p.m.) [Private | Matt Valentino] Matt Valentino transmits, "Will you be about tomorrow?"
   (10/27/2363 10:11 p.m.) [Private | Matt Valentino] Matt Valentino transmits, "We'll connect"
Done.

18:25 #$#soundpack environment station | safe | light | indoors
[Pinnacle; Master Bedroom] (indoors) (lying on a teak king bed with floral-patterned sheets and a ivory coverlet)
You see nothing special. You see a large oval mirror hanging on the wall.
You see a teak king bed with floral-patterned sheets and a ivory coverlet, a teak chest, a cream rocking chair, a lavender teakwood bedside table, a teak dresser, a bright periwinkle wicker cradle, a polished white wooden entertainment center with several shelves surrounding a large central video screen, and a translucent architectural design simulator here.
You see Kitty Mars (dozing) (lying on a teak king bed with floral-patterned sheets and a ivory coverlet) here.
You can go northwest and southwest.

18:28 > (Pinnacle; Atrium) The three-person voyager "Final Destination" has exited from Jumpgate to Central Jumpgate Hub.

18:28 #$#hjelp

18:29 > (Pinnacle; Atrium) The three-person voyager "Final Destination" has landed on the planet Desolo.

18:32 #$#hjelp

18:35 #$#hjelp

18:39 #$#hjelp

18:40 > (Pinnacle; Atrium) The three-person voyager "Final Destination" has launched from Desolo.

18:41 > (Pinnacle; Atrium) The three-person voyager "Final Destination" has initiated an intrasector subwarp.

18:41 > (Pinnacle; Atrium) The three-person voyager "Final Destination" has entered Jumpgate to Central Jumpgate Hub.

18:42 #$#hjelp

18:46 #$#hjelp

18:49 #$#hjelp

18:53 #$#hjelp

18:56 #$#hjelp

19:00 #$#hjelp

19:03 #$#hjelp

19:05 A red message board reader beeps quietly, indicating to you that there is a new message in OOC / Gameplay Concerns. It was posted by Jason Harkness with the subject "Re: Archaeology scanners".

19:07 A red message board reader beeps quietly, indicating to you that there is a new message in OOC / Gameplay Concerns. It was posted by Bert Edson with the subject "Re: Archaeology scanners".

19:07 #$#hjelp

19:10 #$#hjelp

19:12 A red message board reader beeps quietly, indicating to you that there is a new message in OOC / Gameplay Concerns. It was posted by Michael Calaway with the subject "Re: Archaeology scanners".

19:14 #$#hjelp

19:17 #$#hjelp

19:21 #$#hjelp

19:24 #$#hjelp

19:28 #$#hjelp

19:31 #$#hjelp

19:35 #$#hjelp

19:38 #$#hjelp

19:40 > (Pinnacle; Atrium) The ten-person battlecruiser "Creature" has jumped into the sector.

19:41 > (Pinnacle; Atrium) The ten-person battlecruiser "Creature" has initiated an intrasector subwarp.

19:41 > (Pinnacle; Atrium) The ten-person battlecruiser "Creature" has landed on the planet Desolo.

19:42 #$#hjelp

19:44 Kitty Mars stands up.

19:45 Kitty Mars glides northwest.

19:45 > (Pinnacle; Atrium) The ten-person battlecruiser "Creature" has launched from Desolo.

19:45 #$#hjelp

19:46 > (Pinnacle; Atrium) The ten-person battlecruiser "Creature" has entered Jumpgate to Central Jumpgate Hub.

19:47 Kitty Mars glides in from the northwest.

19:47 Kitty Mars glides southwest.

19:47 > (Pinnacle; Atrium) Kitty Mars glides in from the northwest.

19:48 [General Communication] Cody Williams transmits, "5 spots mods."

19:48 > (Pinnacle; Atrium) Kitty Mars sits down on a floral sofa.

19:48 > (Pinnacle; Atrium) Kitty Mars stands up.

19:48 > (Pinnacle; Atrium) Kitty Mars glides northeast.

19:48 > (Pinnacle; Atrium) Kitty Mars glides in from the northeast.

19:48 > (Pinnacle; Atrium) Kitty Mars glides northwest.

19:49 #$#hjelp

19:52 #$#hjelp

19:54 > (Pinnacle; Atrium) The ten-person battlecruiser "Creature" has exited from Jumpgate to Central Jumpgate Hub.

19:54 > (Pinnacle; Atrium) The ten-person battlecruiser "Creature" has initiated an intrasector subwarp.

19:55 > (Pinnacle; Atrium) The ten-person battlecruiser "Creature" has landed on the planet Desolo.

19:56 #$#hjelp

19:59 #$#hjelp

20:03 #$#hjelp

20:06 #$#hjelp

20:10 #$#hjelp

20:13 #$#hjelp

20:17 #$#hjelp

20:20 > (Pinnacle; Atrium) The ten-person battlecruiser "Creature" has launched from Desolo.

20:20 > (Pinnacle; Atrium) The ten-person battlecruiser "Creature" has left the sector.

20:20 #$#hjelp

20:24 #$#hjelp

20:27 #$#hjelp

20:31 #$#hjelp

20:33 [General Communication] Cody Williams transmits, "Missions anyone."

20:33 [General Communication] Calyssa Calaway transmits, "I can eng for you."

20:33 [General Communication] Cody Williams transmits, "Sure thing."

20:34 #$#hjelp

20:36 [General Communication] Cody Williams transmits, "3 spots mods."

20:38 #$#hjelp

20:39 [General Communication] Cody Williams transmits, "Last call, 3 spots."

20:41 #$#hjelp

20:45 #$#hjelp

20:48 #$#hjelp

20:52 #$#hjelp

20:55 #$#hjelp

20:56 > (Pinnacle; Atrium) The ten-person battlecruiser "Executioner's Assault" has jumped into the sector.

20:57 > (Pinnacle; Atrium) The ten-person battlecruiser "Executioner's Assault" has initiated an intrasector subwarp.

20:57 > (Pinnacle; Atrium) The ten-person battlecruiser "Executioner's Assault" has landed on the planet Desolo.

20:59 #$#hjelp

21:02 #$#hjelp

21:06 #$#hjelp

21:09 #$#hjelp

21:10 > (Pinnacle; Atrium) The eight-person gunship "Black Spot" has exited from Jumpgate to Central Jumpgate Hub.

21:11 > (Pinnacle; Atrium) The ten-person battlecruiser "Executioner's Assault" has launched from Desolo.

21:11 > (Pinnacle; Atrium) Via general sector communication, Executioner's Assault transmits greetings.

21:11 > (Pinnacle; Atrium) The ten-person battlecruiser "Executioner's Assault" has left the sector.

21:11 > (Pinnacle; Atrium) Via general sector communication, Black Spot transmits greetings.

21:12 > (Pinnacle; Atrium) The eight-person gunship "Black Spot" has launched a video probe.

21:13 > (Pinnacle; Atrium) The eight-person gunship "Black Spot" has left the sector.

21:13 #$#hjelp

21:16 #$#hjelp

21:20 #$#hjelp

21:23 #$#hjelp

21:27 #$#hjelp

21:30 #$#hjelp

21:34 #$#hjelp

21:36 [General Communication] Calyssa Calaway transmits, "Beta cria."

21:36 [General Communication] Calyssa Calaway transmits, "Erm miscomm."

21:36 [General Communication] Therman Donaldson transmits, "Rude."

21:37 #$#hjelp

21:41 #$#hjelp

21:44 #$#hjelp

21:48 #$#hjelp

21:50 [General Communication] Jessica Marin transmits, "Anyone up for mods ?"

21:51 #$#hjelp

21:55 #$#hjelp

21:58 #$#hjelp

22:02 #$#hjelp

22:05 #$#hjelp

22:09 #$#hjelp

22:12 #$#hjelp

22:15 From a thick black leather utility belt with several loops on it, you hear a blue flight control scanner announce, "Flight control in Miriani, we're getting all kinds of funny readings up here. I'm guessing EM fire is being exchanged."

22:16 #$#hjelp

22:19 #$#hjelp

22:23 #$#hjelp

22:25 [General Communication] Jessica Marin transmits, "5 spot for mods."

22:25 [General Communication] Jessica Marin transmits, "4 spot."

22:26 [General Communication] Jessica Marin transmits, "Noone ?"

22:26 [General Communication] Jessica Marin transmits, "No ok. Mods is off then."

22:26 #$#hjelp

22:30 #$#hjelp

22:33 #$#hjelp

22:37 #$#hjelp

22:41 #$#hjelp

22:41 [AIE | Channel 1] Cria Stroup transmits, "Can you picking up me please."

22:42 A red message board reader beeps quietly, indicating to you that there is a new message in General / Name Changes. It was posted by Pilot Registration Office with the subject "Katherine Patterson is now Katherine Black".

22:44 #$#hjelp

22:48 #$#hjelp

22:50 [AIE | Channel 1] Cria Stroup transmits, "Help help."

22:50 [AIE | Channel 1] Cria Stroup transmits, "Help help."

22:50 [AIE | Channel 1] Cria Stroup transmits, "Help help."

22:50 [AIE | Channel 1] Cria Stroup transmits, "Help help."

22:51 #$#hjelp

22:51 [AIE | Channel 1] Allon Martellato transmits, "Uh, dude, it sounds like you kind of got yourself into that mess."

22:51 [AIE | Channel 1] Stanton Sefdon transmits, "Who put you on omega in the first place?"

22:52 [AIE | Channel 1] Allon Martellato transmits, "Apparently he was there because he attempted to steal a missioning sihp when a guy was helping him out."

22:52 [AIE | Channel 1] Allon Martellato coughs and transmits, "Mission ship."

22:52 #$#soundpack social | cough | male

22:52 [AIE | Channel 1] Stanton Sefdon transmits, "Smooth."

22:52 [AIE | Channel 1] Beatrice Carmichael transmits, "What happened?"

22:52 [AIE | Channel 1] Cria Stroup transmits, "Can you picking up me please."

22:53 [AIE | Channel 1] Allon Martellato transmits, "The story I heard is that he flew the ship somewhere else when the guy went to grab a mission."

22:53 [AIE | Channel 1] Beatrice Carmichael transmits, "Oh dear."

22:53 [AIE | Channel 1] Stanton Sefdon transmits, "Who's ship was it?"

22:53 [AIE | Channel 1] Allon Martellato transmits, "Ray Ridgeway."

22:53 [AIE | Channel 1] Allon Martellato transmits, "Maybe he can way in and verify this."

22:53 [AIE | Channel 1] Allon Martellato coughs and transmits, "Weigh in."

22:53 #$#soundpack social | cough | male

22:53 [AIE | Channel 1] Allon Martellato transmits, "Jesus I can't talk today."

22:55 #$#hjelp

22:55 [AIE | Channel 1] Allon Martellato transmits, "Maybe you had better serve your time out without a fuss, Stroup."

22:55 [AIE | Channel 1] Allon Martellato transmits, "Just my suggestion."

22:55 [AIE | Channel 1] Drew Berry transmits, "Just don't strip!"

22:55 [AIE | Channel 1] Ray Ridgeway transmits, "So what the intentions were here, I can not say, but what happened is as follows. We had been running easies in my vanguard. Landed on rolu, and I mentioned that I needed to stare for a moment. I returned, and asked if we wanted more missions. He nodded, so I then left to go assign a mission to the ship. When I returned, the vessle was no longer there. I later located and retrieved it, several sectors away landed on empanda station."

22:56 [AIE | Channel 1] Beatrice Carmichael transmits, "I don't think he menat any malice...at the same time, it's a pity what the piloting academy are iving us now for graduates."

22:56 [AIE | Channel 1] Beatrice Carmichael transmits, "Giving rather."

22:56 [AIE | Channel 1] Vikki Winters transmits, "Agreed. A real pity."

22:57 [AIE | Channel 1] Drew Berry transmits, "I'm not sure Cria could do to much malicious, but nonetheless, whatever makes you lovely people happy."

22:57 [AIE | Channel 1] Allon Martellato transmits, "Any compitent pirate would have had accomplices. Either that, or he at least wouldn't have landed the ship on empanda, where anyone could have gotten it."

22:57 [General Communication] Calyssa Calaway transmits, "Anyone running ods?"

22:57 [General Communication] Calyssa Calaway transmits, "Mods."

22:57 [General Communication] Calyssa Calaway transmits, "Anyone want mods?"

22:57 [General Communication] Therman Donaldson transmits, "Nope."

22:57 [General Communication] Jessica Marin transmits, "I want."

22:57 [AIE | Channel 1] Beatrice Carmichael transmits, "I don't think he knew what he was doing."

22:57 [AIE | Channel 1] Allon Martellato transmits, "My theory is that he changed his mind and wanted to go back to his apartment, forgetting he was in someone else's ship. That's just a theory though."

22:58 [General Communication] Calyssa Calaway transmits, "Need 4 spots then."

22:58 #$#hjelp

22:58 [AIE | Channel 1] Cria Stroup transmits, "Yes."

22:59 [AIE | Channel 1] Allon Martellato transmits, "How long have you been there anyway, Cria?"

23:00 [General Communication] Jessica Marin transmits, "I tried to run mods, but there was no crew."

23:01 [General Communication] Michael Calaway transmits, "Uh hi, did I hear mods?"

23:02 #$#hjelp

23:02 [General Communication] Cody Williams transmits, "5 spots."

23:02 [General Communication] Calyssa Calaway transmits, "Hey I was running."

23:02 [General Communication] Michael Calaway transmits, "I think calyssa was trying to run."

23:02 [General Communication] Calyssa Calaway giggles.

23:02 #$#soundpack social | giggles | female

23:02 [General Communication] Cody Williams transmits, "O, my bad, just woke up."

23:02 [General Communication] Calyssa Calaway transmits, "Wanna join cody?"

23:02 [General Communication] Cody Williams transmits, "I would be honored."

23:02 [General Communication] Calyssa Calaway transmits, "Sweet."

23:02 [General Communication] Calyssa Calaway transmits, "Need two spots."

23:05 #$#hjelp

23:06 [AIE | Channel 1] Cria Stroup transmits, "Ray I went my apartment, forgetting I was in someone your ship."

23:07 [AIE | Channel 1] Cara West transmits, "How. Do you forget that you're in someone elses ship..."

23:07 [AIE | Channel 1] Aria Hunter transmits, "Easily."

23:07 [AIE | Channel 1] Ray Ridgeway transmits, "Ok, well, as previously said, apology accepted. Just be more careful next time."

23:07 [AIE | Channel 1] Cria Stroup transmits, "Aria?"

23:08 [AIE | Channel 1] Aria Hunter transmits, "Hm?"

23:08 [AIE | Channel 1] Cria Stroup transmits, "Aria link?"

23:08 [General Communication] Jessica Marin transmits, "Then is it mods or not?"

23:08 [General Communication] Calyssa Calaway transmits, "Couldn't get enough."

23:08 [General Communication] Calyssa Calaway transmits, "Needed two spots."

23:08 [General Communication] Michael Calaway transmits, "Make everyone gun and just need one."

23:09 #$#hjelp

23:09 [General Communication] Calyssa Calaway laughs.

23:09 #$#soundpack social | laugh | female

23:09 [AIE | Channel 1] Aria Hunter transmits, "Sure, where?"

23:09 [AIE | Channel 1] Allon Martellato transmits, "I think he's still on omega. I can drop him off wherever you're at if you guys want."

23:10 [AIE | Channel 1] Cria Stroup transmits, "Omega."

23:10 [AIE | Channel 1] Aria Hunter transmits, "We're on a roid. Is he going to be unstranded since it was a confusion and not deliberate?"

23:10 [AIE | Channel 1] Allon Martellato transmits, "I'm unstranding him."

23:11 [AIE | Channel 1] Aria Hunter transmits, "Where ever he wants to be dropped off then we can meet."

23:12 [AIE | Channel 1] Allon Martellato transmits, "Dropping him on rolu."

23:12 #$#hjelp

23:13 [AIE | Channel 1] Allon Martellato transmits, "He's... On rolu somewhere."

23:13 [General Communication] Cody Williams transmits, "I'd double if needed."

23:14 [General Communication] Jessica Marin transmits, "What about bzzrs then ?"

23:14 [General Communication] Cody Williams transmits, "Oooo, there's an idea."

23:14 [General Communication] Calyssa Calaway transmits, "I could run those sure."

23:14 [General Communication] Michael Calaway transmits, "Fine with me."

23:15 [AIE | Channel 1] Aria Hunter transmits, "I'm on beta when ever your ready."

23:15 [General Communication] Cody Williams transmits, "I got spoyald with new diffs."

23:15 [General Communication] Michael Calaway transmits, "Or caly could dust off her roe boat."

23:15 [General Communication] Cody Williams transmits, "Oooo."

23:15 [General Communication] Calyssa Calaway transmits, "Let's do bzzrs."

23:15 [General Communication] Cody Williams transmits, "Just need the bay."

23:15 [General Communication] Calyssa Calaway transmits, "One sec."

23:16 #$#hjelp

23:16 [AIE | Channel 1] Cria Stroup transmits, "Here."

23:17 [General Communication] Calyssa Calaway transmits, "Gamma."

23:19 [General Communication] Calyssa Calaway transmits, "Waiting on a michael."

23:19 #$#hjelp

23:19 [General Communication] Michael Calaway transmits, "Oh."

23:19 [General Communication] Calyssa Calaway transmits, "Anyone else for bzzrs."

23:20 [General Communication] Lorelyn Chandler transmits, "Don't know how."

23:20 [General Communication] Calyssa Calaway transmits, "You have to be able to do a solo easy."

23:20 [General Communication] Michael Calaway transmits, "Easy launch little fighter, shoot at other praelor little fighters don't die."

23:20 [General Communication] Lorelyn Chandler transmits, "Still need to learn how to fly in a mission, so no solos yet."

23:21 [General Communication] Cody Williams transmits, "This is something you must learn."

23:23 #$#hjelp

23:26 #$#hjelp

23:30 #$#hjelp

23:33 #$#hjelp

23:35 > (Pinnacle; Atrium) Kitty Mars glides in from the northwest.

23:35 > (Pinnacle; Atrium) Kitty Mars glides through the garage entrance.

23:35 > (Pinnacle; Atrium) The one-person expediter "Saving Myself" has undocked from Pinnacle.

23:36 > (Pinnacle; Atrium) The one-person expediter "Saving Myself" has left the sector.

23:37 #$#hjelp

23:40 You have been assigned as a caretaker for Paradise.

23:40 #$#hjelp

23:44 #$#hjelp

23:47 #$#hjelp

23:51 #$#hjelp

23:52 [General Communication] Calyssa Calaway transmits, "Anyone want new diffs?"

23:52 [General Communication] Cria Blur transmits, "Can do eng."

23:52 [General Communication] Lorelyn Chandler transmits, "Sure."

23:52 [General Communication] Calyssa Calaway transmits, "You good to run the box then?"

23:53 [General Communication] Cria Blur transmits, "Not sure, maybe!"

23:53 [General Communication] Calyssa Calaway transmits, "Well if you run the box you can have eng, otherwise I'll need a different eng."

23:54 #$#hjelp

23:54 [General Communication] Calyssa Calaway transmits, "No one really?"

23:55 > (Pinnacle; Atrium) The one-person expediter "Saving Myself" has jumped into the sector.

23:55 > (Pinnacle; Atrium) The one-person expediter "Saving Myself" has initiated an intrasector subwarp.

23:56 > (Pinnacle; Atrium) The one-person expediter "Saving Myself" has docked with Pinnacle.

23:57 > (Pinnacle; Atrium) Kitty Mars glides in from out.

23:57 > (Pinnacle; Atrium) Kitty Mars glides northwest.

23:57 Kitty Mars glides in from the southwest.

23:57 Kitty Mars glides northwest.

23:57 Kitty Mars glides in from the northwest.

23:57 Kitty Mars glides southwest.

23:58 #$#hjelp

23:58 Kitty Mars glides in from the southwest.

23:58 [General Communication] Calyssa Calaway transmits, "Spots still. Last chance."

23:58 Kitty Mars removes a small flat data disc entitled "Kitty's Blueprint Draft" from a deep purple leather briefcase.

23:58 Kitty Mars slides a small flat data disc entitled "Kitty's Blueprint Draft" into a translucent architectural design simulator.

23:58 A translucent architectural design simulator emits a soft whir as the disc is automatically read.

23:58 A translucent architectural design simulator emits a low humming sound as the disc spins up.

23:58 [||||||||||||                                                ]  20.0% importing from disc.

23:58 [||||||||||||||||||||||||||||||||||||||||||||||||||||||||||||]  100.0% importing from disc.

23:58 A translucent architectural design simulator pings and flashes across the screen: "Import complete."

23:59 Kitty Mars presses 'eject' on a translucent architectural design simulator.

23:59 A small flat data disc entitled "Kitty's Blueprint Draft" slides from a slot on the front of a translucent architectural design simulator.

23:59 Kitty Mars glides southwest.

